[2026-03-30T02:32:07.002+0000] {taskinstance.py:1979} INFO - Dependencies all met for dep_context=non-requeueable deps ti=<TaskInstance: karaoke_pipeline.ingestion_pyodbc manual__2026-03-30T02:10:01.859128+00:00 [queued]>
[2026-03-30T02:32:07.009+0000] {taskinstance.py:1979} INFO - Dependencies all met for dep_context=requeueable deps ti=<TaskInstance: karaoke_pipeline.ingestion_pyodbc manual__2026-03-30T02:10:01.859128+00:00 [queued]>
[2026-03-30T02:32:07.009+0000] {taskinstance.py:2193} INFO - Starting attempt 4 of 5
[2026-03-30T02:32:07.019+0000] {taskinstance.py:2217} INFO - Executing <Task(BashOperator): ingestion_pyodbc> on 2026-03-30 02:10:01.859128+00:00
[2026-03-30T02:32:07.022+0000] {standard_task_runner.py:60} INFO - Started process 389 to run task
[2026-03-30T02:32:07.025+0000] {standard_task_runner.py:87} INFO - Running: ['***', 'tasks', 'run', 'karaoke_pipeline', 'ingestion_pyodbc', 'manual__2026-03-30T02:10:01.859128+00:00', '--job-id', '11', '--raw', '--subdir', 'DAGS_FOLDER/karaoke_pipeline.py', '--cfg-path', '/tmp/tmp_4h3ay0s']
[2026-03-30T02:32:07.027+0000] {standard_task_runner.py:88} INFO - Job 11: Subtask ingestion_pyodbc
[2026-03-30T02:32:07.077+0000] {task_command.py:423} INFO - Running <TaskInstance: karaoke_pipeline.ingestion_pyodbc manual__2026-03-30T02:10:01.859128+00:00 [running]> on host 22130d062f92
[2026-03-30T02:32:07.133+0000] {taskinstance.py:2513} INFO - Exporting env vars: AIRFLOW_CTX_DAG_OWNER='karaoke_team' AIRFLOW_CTX_DAG_ID='karaoke_pipeline' AIRFLOW_CTX_TASK_ID='ingestion_pyodbc' AIRFLOW_CTX_EXECUTION_DATE='2026-03-30T02:10:01.859128+00:00' AIRFLOW_CTX_TRY_NUMBER='4' AIRFLOW_CTX_DAG_RUN_ID='manual__2026-03-30T02:10:01.859128+00:00'
[2026-03-30T02:32:07.134+0000] {subprocess.py:63} INFO - Tmp dir root location: /tmp
[2026-03-30T02:32:07.134+0000] {subprocess.py:75} INFO - Running command: ['/usr/bin/bash', '-c', 'cd /opt/***/karaoke/ingestion && python el.py']
[2026-03-30T02:32:07.142+0000] {subprocess.py:86} INFO - Output:
[2026-03-30T02:32:07.835+0000] {subprocess.py:93} INFO - 2026-03-30 02:32:07,835 - INFO - --- Starting Free-Tier Compatible Pipeline ---
[2026-03-30T02:32:11.491+0000] {subprocess.py:93} INFO - 2026-03-30 02:32:11,491 - INFO - Incremental Load: Fetching dbo.HoaDon_ChiTietHangHoa where created_date > '2116-01-02 08:11:52.000'
[2026-03-30T02:32:11.528+0000] {subprocess.py:93} INFO - 2026-03-30 02:32:11,528 - ERROR - Failed to process raw_hoadon_chitiethanghoa: ('08001', '[08001] [Microsoft][ODBC Driver 18 for SQL Server]SSL Provider: [error:0A00014D:SSL routines::legacy sigalg disallowed or unsupported] (-1) (SQLDriverConnect)')
[2026-03-30T02:32:11.529+0000] {subprocess.py:93} INFO - Traceback (most recent call last):
[2026-03-30T02:32:11.530+0000] {subprocess.py:93} INFO -   File "/opt/***/karaoke/ingestion/el.py", line 175, in <module>
[2026-03-30T02:32:11.531+0000] {subprocess.py:93} INFO -     main()
[2026-03-30T02:32:11.532+0000] {subprocess.py:93} INFO -   File "/opt/***/karaoke/ingestion/el.py", line 172, in main
[2026-03-30T02:32:11.533+0000] {subprocess.py:93} INFO -     process_table(bigquery_client, table_config)
[2026-03-30T02:32:11.534+0000] {subprocess.py:93} INFO -   File "/opt/***/karaoke/ingestion/el.py", line 114, in process_table
[2026-03-30T02:32:11.535+0000] {subprocess.py:93} INFO -     with pyodbc.connect(conn_str, autocommit=True) as conn:
[2026-03-30T02:32:11.536+0000] {subprocess.py:93} INFO -          ^^^^^^^^^^^^^^^^^^^^^^^^^^^^^^^^^^^^^^^^^
[2026-03-30T02:32:11.536+0000] {subprocess.py:93} INFO - pyodbc.OperationalError: ('08001', '[08001] [Microsoft][ODBC Driver 18 for SQL Server]SSL Provider: [error:0A00014D:SSL routines::legacy sigalg disallowed or unsupported] (-1) (SQLDriverConnect)')
[2026-03-30T02:32:11.749+0000] {subprocess.py:97} INFO - Command exited with return code 1
[2026-03-30T02:32:11.759+0000] {taskinstance.py:2731} ERROR - Task failed with exception
Traceback (most recent call last):
  File "/home/airflow/.local/lib/python3.11/site-packages/airflow/models/taskinstance.py", line 444, in _execute_task
    result = _execute_callable(context=context, **execute_callable_kwargs)
             ^^^^^^^^^^^^^^^^^^^^^^^^^^^^^^^^^^^^^^^^^^^^^^^^^^^^^^^^^^^^^
  File "/home/airflow/.local/lib/python3.11/site-packages/airflow/models/taskinstance.py", line 414, in _execute_callable
    return execute_callable(context=context, **execute_callable_kwargs)
           ^^^^^^^^^^^^^^^^^^^^^^^^^^^^^^^^^^^^^^^^^^^^^^^^^^^^^^^^^^^^
  File "/home/airflow/.local/lib/python3.11/site-packages/airflow/operators/bash.py", line 212, in execute
    raise AirflowException(
airflow.exceptions.AirflowException: Bash command failed. The command returned a non-zero exit code 1.
[2026-03-30T02:32:11.762+0000] {taskinstance.py:1149} INFO - Marking task as UP_FOR_RETRY. dag_id=karaoke_pipeline, task_id=ingestion_pyodbc, execution_date=20260330T021001, start_date=20260330T023207, end_date=20260330T023211
[2026-03-30T02:32:11.778+0000] {standard_task_runner.py:107} ERROR - Failed to execute job 11 for task ingestion_pyodbc (Bash command failed. The command returned a non-zero exit code 1.; 389)
[2026-03-30T02:32:11.821+0000] {local_task_job_runner.py:234} INFO - Task exited with return code 1
[2026-03-30T02:32:11.836+0000] {taskinstance.py:3312} INFO - 0 downstream tasks scheduled from follow-on schedule check
