[2026-03-30T02:30:23.390+0000] {taskinstance.py:1979} INFO - Dependencies all met for dep_context=non-requeueable deps ti=<TaskInstance: karaoke_pipeline.ingestion_pyodbc manual__2026-03-30T02:10:01.859128+00:00 [queued]>
[2026-03-30T02:30:23.395+0000] {taskinstance.py:1979} INFO - Dependencies all met for dep_context=requeueable deps ti=<TaskInstance: karaoke_pipeline.ingestion_pyodbc manual__2026-03-30T02:10:01.859128+00:00 [queued]>
[2026-03-30T02:30:23.395+0000] {taskinstance.py:2193} INFO - Starting attempt 3 of 3
[2026-03-30T02:30:23.402+0000] {taskinstance.py:2217} INFO - Executing <Task(BashOperator): ingestion_pyodbc> on 2026-03-30 02:10:01.859128+00:00
[2026-03-30T02:30:23.406+0000] {standard_task_runner.py:60} INFO - Started process 330 to run task
[2026-03-30T02:30:23.408+0000] {standard_task_runner.py:87} INFO - Running: ['***', 'tasks', 'run', 'karaoke_pipeline', 'ingestion_pyodbc', 'manual__2026-03-30T02:10:01.859128+00:00', '--job-id', '10', '--raw', '--subdir', 'DAGS_FOLDER/karaoke_pipeline.py', '--cfg-path', '/tmp/tmpvvxfd0n3']
[2026-03-30T02:30:23.410+0000] {standard_task_runner.py:88} INFO - Job 10: Subtask ingestion_pyodbc
[2026-03-30T02:30:23.461+0000] {task_command.py:423} INFO - Running <TaskInstance: karaoke_pipeline.ingestion_pyodbc manual__2026-03-30T02:10:01.859128+00:00 [running]> on host 22130d062f92
[2026-03-30T02:30:23.513+0000] {taskinstance.py:2513} INFO - Exporting env vars: AIRFLOW_CTX_DAG_OWNER='karaoke_team' AIRFLOW_CTX_DAG_ID='karaoke_pipeline' AIRFLOW_CTX_TASK_ID='ingestion_pyodbc' AIRFLOW_CTX_EXECUTION_DATE='2026-03-30T02:10:01.859128+00:00' AIRFLOW_CTX_TRY_NUMBER='3' AIRFLOW_CTX_DAG_RUN_ID='manual__2026-03-30T02:10:01.859128+00:00'
[2026-03-30T02:30:23.514+0000] {subprocess.py:63} INFO - Tmp dir root location: /tmp
[2026-03-30T02:30:23.515+0000] {subprocess.py:75} INFO - Running command: ['/usr/bin/bash', '-c', 'cd /opt/***/karaoke/ingestion && python el.py']
[2026-03-30T02:30:23.522+0000] {subprocess.py:86} INFO - Output:
[2026-03-30T02:30:24.197+0000] {subprocess.py:93} INFO - 2026-03-30 02:30:24,197 - INFO - --- Starting Free-Tier Compatible Pipeline ---
[2026-03-30T02:30:24.198+0000] {subprocess.py:93} INFO - Traceback (most recent call last):
[2026-03-30T02:30:24.198+0000] {subprocess.py:93} INFO -   File "/opt/***/karaoke/ingestion/el.py", line 171, in <module>
[2026-03-30T02:30:24.200+0000] {subprocess.py:93} INFO -     main()
[2026-03-30T02:30:24.200+0000] {subprocess.py:93} INFO -   File "/opt/***/karaoke/ingestion/el.py", line 163, in main
[2026-03-30T02:30:24.201+0000] {subprocess.py:93} INFO -     bigquery_client = bigquery.Client(project=GCP_PROJECT_ID)
[2026-03-30T02:30:24.201+0000] {subprocess.py:93} INFO -                       ^^^^^^^^^^^^^^^^^^^^^^^^^^^^^^^^^^^^^^^
[2026-03-30T02:30:24.201+0000] {subprocess.py:93} INFO -   File "/home/***/.local/lib/python3.11/site-packages/google/cloud/bigquery/client.py", line 241, in __init__
[2026-03-30T02:30:24.202+0000] {subprocess.py:93} INFO -     super(Client, self).__init__(
[2026-03-30T02:30:24.202+0000] {subprocess.py:93} INFO -   File "/home/***/.local/lib/python3.11/site-packages/google/cloud/client/__init__.py", line 321, in __init__
[2026-03-30T02:30:24.202+0000] {subprocess.py:93} INFO -     Client.__init__(
[2026-03-30T02:30:24.202+0000] {subprocess.py:93} INFO -   File "/home/***/.local/lib/python3.11/site-packages/google/cloud/client/__init__.py", line 178, in __init__
[2026-03-30T02:30:24.203+0000] {subprocess.py:93} INFO -     credentials, _ = google.auth.default(scopes=scopes)
[2026-03-30T02:30:24.203+0000] {subprocess.py:93} INFO -                      ^^^^^^^^^^^^^^^^^^^^^^^^^^^^^^^^^^
[2026-03-30T02:30:24.203+0000] {subprocess.py:93} INFO -   File "/home/***/.local/lib/python3.11/site-packages/google/auth/_default.py", line 718, in default
[2026-03-30T02:30:24.204+0000] {subprocess.py:93} INFO -     credentials, project_id = checker()
[2026-03-30T02:30:24.204+0000] {subprocess.py:93} INFO -                               ^^^^^^^^^
[2026-03-30T02:30:24.204+0000] {subprocess.py:93} INFO -   File "/home/***/.local/lib/python3.11/site-packages/google/auth/_default.py", line 711, in <lambda>
[2026-03-30T02:30:24.204+0000] {subprocess.py:93} INFO -     lambda: _get_explicit_environ_credentials(quota_project_id=quota_project_id),
[2026-03-30T02:30:24.205+0000] {subprocess.py:93} INFO -             ^^^^^^^^^^^^^^^^^^^^^^^^^^^^^^^^^^^^^^^^^^^^^^^^^^^^^^^^^^^^^^^^^^^^
[2026-03-30T02:30:24.205+0000] {subprocess.py:93} INFO -   File "/home/***/.local/lib/python3.11/site-packages/google/auth/_default.py", line 353, in _get_explicit_environ_credentials
[2026-03-30T02:30:24.205+0000] {subprocess.py:93} INFO -     credentials, project_id = load_credentials_from_file(
[2026-03-30T02:30:24.206+0000] {subprocess.py:93} INFO -                               ^^^^^^^^^^^^^^^^^^^^^^^^^^^
[2026-03-30T02:30:24.206+0000] {subprocess.py:93} INFO -   File "/home/***/.local/lib/python3.11/site-packages/google/auth/_default.py", line 179, in load_credentials_from_file
[2026-03-30T02:30:24.206+0000] {subprocess.py:93} INFO -     raise exceptions.DefaultCredentialsError(
[2026-03-30T02:30:24.207+0000] {subprocess.py:93} INFO - google.auth.exceptions.DefaultCredentialsError: File C:\Users\huytaq\Downloads\karaoke_datapipeline\credentials.jsonAIRFLOW_UID=50000 was not found.
[2026-03-30T02:30:24.298+0000] {subprocess.py:97} INFO - Command exited with return code 1
[2026-03-30T02:30:24.305+0000] {taskinstance.py:2731} ERROR - Task failed with exception
Traceback (most recent call last):
  File "/home/airflow/.local/lib/python3.11/site-packages/airflow/models/taskinstance.py", line 444, in _execute_task
    result = _execute_callable(context=context, **execute_callable_kwargs)
             ^^^^^^^^^^^^^^^^^^^^^^^^^^^^^^^^^^^^^^^^^^^^^^^^^^^^^^^^^^^^^
  File "/home/airflow/.local/lib/python3.11/site-packages/airflow/models/taskinstance.py", line 414, in _execute_callable
    return execute_callable(context=context, **execute_callable_kwargs)
           ^^^^^^^^^^^^^^^^^^^^^^^^^^^^^^^^^^^^^^^^^^^^^^^^^^^^^^^^^^^^
  File "/home/airflow/.local/lib/python3.11/site-packages/airflow/operators/bash.py", line 212, in execute
    raise AirflowException(
airflow.exceptions.AirflowException: Bash command failed. The command returned a non-zero exit code 1.
[2026-03-30T02:30:24.307+0000] {taskinstance.py:1149} INFO - Marking task as FAILED. dag_id=karaoke_pipeline, task_id=ingestion_pyodbc, execution_date=20260330T021001, start_date=20260330T023023, end_date=20260330T023024
[2026-03-30T02:30:24.317+0000] {standard_task_runner.py:107} ERROR - Failed to execute job 10 for task ingestion_pyodbc (Bash command failed. The command returned a non-zero exit code 1.; 330)
[2026-03-30T02:30:24.343+0000] {local_task_job_runner.py:234} INFO - Task exited with return code 1
[2026-03-30T02:30:24.358+0000] {taskinstance.py:3312} INFO - 0 downstream tasks scheduled from follow-on schedule check
