[2026-03-27T10:15:04.095+0000] {processor.py:161} INFO - Started process (PID=52) to work on /home/airflow/.local/lib/python3.8/site-packages/airflow/example_dags/example_branch_python_dop_operator_3.py
[2026-03-27T10:15:04.097+0000] {processor.py:830} INFO - Processing file /home/airflow/.local/lib/python3.8/site-packages/airflow/example_dags/example_branch_python_dop_operator_3.py for tasks to queue
[2026-03-27T10:15:04.099+0000] {logging_mixin.py:188} INFO - [2026-03-27T10:15:04.099+0000] {dagbag.py:540} INFO - Filling up the DagBag from /home/airflow/.local/lib/python3.8/site-packages/airflow/example_dags/example_branch_python_dop_operator_3.py
[2026-03-27T10:15:04.111+0000] {processor.py:840} INFO - DAG(s) 'example_branch_dop_operator_v3' retrieved from /home/airflow/.local/lib/python3.8/site-packages/airflow/example_dags/example_branch_python_dop_operator_3.py
[2026-03-27T10:15:04.134+0000] {logging_mixin.py:188} INFO - [2026-03-27T10:15:04.134+0000] {dag.py:3047} INFO - Sync 1 DAGs
[2026-03-27T10:15:04.165+0000] {logging_mixin.py:188} INFO - [2026-03-27T10:15:04.164+0000] {dag.py:3834} INFO - Setting next_dagrun for example_branch_dop_operator_v3 to 2026-03-27 10:14:00+00:00, run_after=2026-03-27 10:15:00+00:00
[2026-03-27T10:15:04.189+0000] {processor.py:183} INFO - Processing /home/airflow/.local/lib/python3.8/site-packages/airflow/example_dags/example_branch_python_dop_operator_3.py took 0.097 seconds
[2026-03-27T10:15:34.943+0000] {processor.py:161} INFO - Started process (PID=108) to work on /home/airflow/.local/lib/python3.8/site-packages/airflow/example_dags/example_branch_python_dop_operator_3.py
[2026-03-27T10:15:34.944+0000] {processor.py:830} INFO - Processing file /home/airflow/.local/lib/python3.8/site-packages/airflow/example_dags/example_branch_python_dop_operator_3.py for tasks to queue
[2026-03-27T10:15:34.946+0000] {logging_mixin.py:188} INFO - [2026-03-27T10:15:34.946+0000] {dagbag.py:540} INFO - Filling up the DagBag from /home/airflow/.local/lib/python3.8/site-packages/airflow/example_dags/example_branch_python_dop_operator_3.py
[2026-03-27T10:15:34.954+0000] {processor.py:840} INFO - DAG(s) 'example_branch_dop_operator_v3' retrieved from /home/airflow/.local/lib/python3.8/site-packages/airflow/example_dags/example_branch_python_dop_operator_3.py
[2026-03-27T10:15:35.031+0000] {logging_mixin.py:188} INFO - [2026-03-27T10:15:35.030+0000] {dag.py:3047} INFO - Sync 1 DAGs
[2026-03-27T10:15:35.055+0000] {logging_mixin.py:188} INFO - [2026-03-27T10:15:35.055+0000] {dag.py:3834} INFO - Setting next_dagrun for example_branch_dop_operator_v3 to 2026-03-27 10:14:00+00:00, run_after=2026-03-27 10:15:00+00:00
[2026-03-27T10:15:35.076+0000] {processor.py:183} INFO - Processing /home/airflow/.local/lib/python3.8/site-packages/airflow/example_dags/example_branch_python_dop_operator_3.py took 0.137 seconds
[2026-03-27T10:16:05.469+0000] {processor.py:161} INFO - Started process (PID=164) to work on /home/airflow/.local/lib/python3.8/site-packages/airflow/example_dags/example_branch_python_dop_operator_3.py
[2026-03-27T10:16:05.470+0000] {processor.py:830} INFO - Processing file /home/airflow/.local/lib/python3.8/site-packages/airflow/example_dags/example_branch_python_dop_operator_3.py for tasks to queue
[2026-03-27T10:16:05.471+0000] {logging_mixin.py:188} INFO - [2026-03-27T10:16:05.471+0000] {dagbag.py:540} INFO - Filling up the DagBag from /home/airflow/.local/lib/python3.8/site-packages/airflow/example_dags/example_branch_python_dop_operator_3.py
[2026-03-27T10:16:05.478+0000] {processor.py:840} INFO - DAG(s) 'example_branch_dop_operator_v3' retrieved from /home/airflow/.local/lib/python3.8/site-packages/airflow/example_dags/example_branch_python_dop_operator_3.py
[2026-03-27T10:16:05.493+0000] {logging_mixin.py:188} INFO - [2026-03-27T10:16:05.493+0000] {dag.py:3047} INFO - Sync 1 DAGs
[2026-03-27T10:16:05.510+0000] {logging_mixin.py:188} INFO - [2026-03-27T10:16:05.510+0000] {dag.py:3834} INFO - Setting next_dagrun for example_branch_dop_operator_v3 to 2026-03-27 10:15:00+00:00, run_after=2026-03-27 10:16:00+00:00
[2026-03-27T10:16:05.523+0000] {processor.py:183} INFO - Processing /home/airflow/.local/lib/python3.8/site-packages/airflow/example_dags/example_branch_python_dop_operator_3.py took 0.057 seconds
[2026-03-27T10:16:36.000+0000] {processor.py:161} INFO - Started process (PID=220) to work on /home/airflow/.local/lib/python3.8/site-packages/airflow/example_dags/example_branch_python_dop_operator_3.py
[2026-03-27T10:16:36.001+0000] {processor.py:830} INFO - Processing file /home/airflow/.local/lib/python3.8/site-packages/airflow/example_dags/example_branch_python_dop_operator_3.py for tasks to queue
[2026-03-27T10:16:36.003+0000] {logging_mixin.py:188} INFO - [2026-03-27T10:16:36.003+0000] {dagbag.py:540} INFO - Filling up the DagBag from /home/airflow/.local/lib/python3.8/site-packages/airflow/example_dags/example_branch_python_dop_operator_3.py
[2026-03-27T10:16:36.010+0000] {processor.py:840} INFO - DAG(s) 'example_branch_dop_operator_v3' retrieved from /home/airflow/.local/lib/python3.8/site-packages/airflow/example_dags/example_branch_python_dop_operator_3.py
[2026-03-27T10:16:36.029+0000] {logging_mixin.py:188} INFO - [2026-03-27T10:16:36.028+0000] {dag.py:3047} INFO - Sync 1 DAGs
[2026-03-27T10:16:36.050+0000] {logging_mixin.py:188} INFO - [2026-03-27T10:16:36.049+0000] {dag.py:3834} INFO - Setting next_dagrun for example_branch_dop_operator_v3 to 2026-03-27 10:15:00+00:00, run_after=2026-03-27 10:16:00+00:00
[2026-03-27T10:16:36.065+0000] {processor.py:183} INFO - Processing /home/airflow/.local/lib/python3.8/site-packages/airflow/example_dags/example_branch_python_dop_operator_3.py took 0.069 seconds
[2026-03-27T10:17:06.566+0000] {processor.py:161} INFO - Started process (PID=276) to work on /home/airflow/.local/lib/python3.8/site-packages/airflow/example_dags/example_branch_python_dop_operator_3.py
[2026-03-27T10:17:06.567+0000] {processor.py:830} INFO - Processing file /home/airflow/.local/lib/python3.8/site-packages/airflow/example_dags/example_branch_python_dop_operator_3.py for tasks to queue
[2026-03-27T10:17:06.569+0000] {logging_mixin.py:188} INFO - [2026-03-27T10:17:06.569+0000] {dagbag.py:540} INFO - Filling up the DagBag from /home/airflow/.local/lib/python3.8/site-packages/airflow/example_dags/example_branch_python_dop_operator_3.py
[2026-03-27T10:17:06.578+0000] {processor.py:840} INFO - DAG(s) 'example_branch_dop_operator_v3' retrieved from /home/airflow/.local/lib/python3.8/site-packages/airflow/example_dags/example_branch_python_dop_operator_3.py
[2026-03-27T10:17:06.596+0000] {logging_mixin.py:188} INFO - [2026-03-27T10:17:06.596+0000] {dag.py:3047} INFO - Sync 1 DAGs
[2026-03-27T10:17:06.617+0000] {logging_mixin.py:188} INFO - [2026-03-27T10:17:06.616+0000] {dag.py:3834} INFO - Setting next_dagrun for example_branch_dop_operator_v3 to 2026-03-27 10:16:00+00:00, run_after=2026-03-27 10:17:00+00:00
[2026-03-27T10:17:06.633+0000] {processor.py:183} INFO - Processing /home/airflow/.local/lib/python3.8/site-packages/airflow/example_dags/example_branch_python_dop_operator_3.py took 0.071 seconds
[2026-03-27T10:17:37.280+0000] {processor.py:161} INFO - Started process (PID=332) to work on /home/airflow/.local/lib/python3.8/site-packages/airflow/example_dags/example_branch_python_dop_operator_3.py
[2026-03-27T10:17:37.281+0000] {processor.py:830} INFO - Processing file /home/airflow/.local/lib/python3.8/site-packages/airflow/example_dags/example_branch_python_dop_operator_3.py for tasks to queue
[2026-03-27T10:17:37.283+0000] {logging_mixin.py:188} INFO - [2026-03-27T10:17:37.283+0000] {dagbag.py:540} INFO - Filling up the DagBag from /home/airflow/.local/lib/python3.8/site-packages/airflow/example_dags/example_branch_python_dop_operator_3.py
[2026-03-27T10:17:37.290+0000] {processor.py:840} INFO - DAG(s) 'example_branch_dop_operator_v3' retrieved from /home/airflow/.local/lib/python3.8/site-packages/airflow/example_dags/example_branch_python_dop_operator_3.py
[2026-03-27T10:17:37.306+0000] {logging_mixin.py:188} INFO - [2026-03-27T10:17:37.306+0000] {dag.py:3047} INFO - Sync 1 DAGs
[2026-03-27T10:17:37.324+0000] {logging_mixin.py:188} INFO - [2026-03-27T10:17:37.324+0000] {dag.py:3834} INFO - Setting next_dagrun for example_branch_dop_operator_v3 to 2026-03-27 10:16:00+00:00, run_after=2026-03-27 10:17:00+00:00
[2026-03-27T10:17:37.341+0000] {processor.py:183} INFO - Processing /home/airflow/.local/lib/python3.8/site-packages/airflow/example_dags/example_branch_python_dop_operator_3.py took 0.065 seconds
[2026-03-27T10:18:07.735+0000] {processor.py:161} INFO - Started process (PID=388) to work on /home/airflow/.local/lib/python3.8/site-packages/airflow/example_dags/example_branch_python_dop_operator_3.py
[2026-03-27T10:18:07.736+0000] {processor.py:830} INFO - Processing file /home/airflow/.local/lib/python3.8/site-packages/airflow/example_dags/example_branch_python_dop_operator_3.py for tasks to queue
[2026-03-27T10:18:07.738+0000] {logging_mixin.py:188} INFO - [2026-03-27T10:18:07.738+0000] {dagbag.py:540} INFO - Filling up the DagBag from /home/airflow/.local/lib/python3.8/site-packages/airflow/example_dags/example_branch_python_dop_operator_3.py
[2026-03-27T10:18:07.748+0000] {processor.py:840} INFO - DAG(s) 'example_branch_dop_operator_v3' retrieved from /home/airflow/.local/lib/python3.8/site-packages/airflow/example_dags/example_branch_python_dop_operator_3.py
[2026-03-27T10:18:07.769+0000] {logging_mixin.py:188} INFO - [2026-03-27T10:18:07.769+0000] {dag.py:3047} INFO - Sync 1 DAGs
[2026-03-27T10:18:07.788+0000] {logging_mixin.py:188} INFO - [2026-03-27T10:18:07.788+0000] {dag.py:3834} INFO - Setting next_dagrun for example_branch_dop_operator_v3 to 2026-03-27 10:17:00+00:00, run_after=2026-03-27 10:18:00+00:00
[2026-03-27T10:18:07.803+0000] {processor.py:183} INFO - Processing /home/airflow/.local/lib/python3.8/site-packages/airflow/example_dags/example_branch_python_dop_operator_3.py took 0.072 seconds
[2026-03-27T10:18:37.867+0000] {processor.py:161} INFO - Started process (PID=444) to work on /home/airflow/.local/lib/python3.8/site-packages/airflow/example_dags/example_branch_python_dop_operator_3.py
[2026-03-27T10:18:37.868+0000] {processor.py:830} INFO - Processing file /home/airflow/.local/lib/python3.8/site-packages/airflow/example_dags/example_branch_python_dop_operator_3.py for tasks to queue
[2026-03-27T10:18:37.869+0000] {logging_mixin.py:188} INFO - [2026-03-27T10:18:37.869+0000] {dagbag.py:540} INFO - Filling up the DagBag from /home/airflow/.local/lib/python3.8/site-packages/airflow/example_dags/example_branch_python_dop_operator_3.py
[2026-03-27T10:18:37.876+0000] {processor.py:840} INFO - DAG(s) 'example_branch_dop_operator_v3' retrieved from /home/airflow/.local/lib/python3.8/site-packages/airflow/example_dags/example_branch_python_dop_operator_3.py
[2026-03-27T10:18:37.891+0000] {logging_mixin.py:188} INFO - [2026-03-27T10:18:37.891+0000] {dag.py:3047} INFO - Sync 1 DAGs
[2026-03-27T10:18:37.910+0000] {logging_mixin.py:188} INFO - [2026-03-27T10:18:37.910+0000] {dag.py:3834} INFO - Setting next_dagrun for example_branch_dop_operator_v3 to 2026-03-27 10:17:00+00:00, run_after=2026-03-27 10:18:00+00:00
[2026-03-27T10:18:37.924+0000] {processor.py:183} INFO - Processing /home/airflow/.local/lib/python3.8/site-packages/airflow/example_dags/example_branch_python_dop_operator_3.py took 0.061 seconds
[2026-03-27T10:19:08.136+0000] {processor.py:161} INFO - Started process (PID=500) to work on /home/airflow/.local/lib/python3.8/site-packages/airflow/example_dags/example_branch_python_dop_operator_3.py
[2026-03-27T10:19:08.138+0000] {processor.py:830} INFO - Processing file /home/airflow/.local/lib/python3.8/site-packages/airflow/example_dags/example_branch_python_dop_operator_3.py for tasks to queue
[2026-03-27T10:19:08.141+0000] {logging_mixin.py:188} INFO - [2026-03-27T10:19:08.140+0000] {dagbag.py:540} INFO - Filling up the DagBag from /home/airflow/.local/lib/python3.8/site-packages/airflow/example_dags/example_branch_python_dop_operator_3.py
[2026-03-27T10:19:08.156+0000] {processor.py:840} INFO - DAG(s) 'example_branch_dop_operator_v3' retrieved from /home/airflow/.local/lib/python3.8/site-packages/airflow/example_dags/example_branch_python_dop_operator_3.py
[2026-03-27T10:19:08.202+0000] {logging_mixin.py:188} INFO - [2026-03-27T10:19:08.201+0000] {dag.py:3047} INFO - Sync 1 DAGs
[2026-03-27T10:19:08.243+0000] {logging_mixin.py:188} INFO - [2026-03-27T10:19:08.243+0000] {dag.py:3834} INFO - Setting next_dagrun for example_branch_dop_operator_v3 to 2026-03-27 10:18:00+00:00, run_after=2026-03-27 10:19:00+00:00
[2026-03-27T10:19:08.271+0000] {processor.py:183} INFO - Processing /home/airflow/.local/lib/python3.8/site-packages/airflow/example_dags/example_branch_python_dop_operator_3.py took 0.141 seconds
[2026-03-27T10:19:38.356+0000] {processor.py:161} INFO - Started process (PID=556) to work on /home/airflow/.local/lib/python3.8/site-packages/airflow/example_dags/example_branch_python_dop_operator_3.py
[2026-03-27T10:19:38.357+0000] {processor.py:830} INFO - Processing file /home/airflow/.local/lib/python3.8/site-packages/airflow/example_dags/example_branch_python_dop_operator_3.py for tasks to queue
[2026-03-27T10:19:38.358+0000] {logging_mixin.py:188} INFO - [2026-03-27T10:19:38.358+0000] {dagbag.py:540} INFO - Filling up the DagBag from /home/airflow/.local/lib/python3.8/site-packages/airflow/example_dags/example_branch_python_dop_operator_3.py
[2026-03-27T10:19:38.365+0000] {processor.py:840} INFO - DAG(s) 'example_branch_dop_operator_v3' retrieved from /home/airflow/.local/lib/python3.8/site-packages/airflow/example_dags/example_branch_python_dop_operator_3.py
[2026-03-27T10:19:38.382+0000] {logging_mixin.py:188} INFO - [2026-03-27T10:19:38.381+0000] {dag.py:3047} INFO - Sync 1 DAGs
[2026-03-27T10:19:38.398+0000] {logging_mixin.py:188} INFO - [2026-03-27T10:19:38.398+0000] {dag.py:3834} INFO - Setting next_dagrun for example_branch_dop_operator_v3 to 2026-03-27 10:18:00+00:00, run_after=2026-03-27 10:19:00+00:00
[2026-03-27T10:19:38.411+0000] {processor.py:183} INFO - Processing /home/airflow/.local/lib/python3.8/site-packages/airflow/example_dags/example_branch_python_dop_operator_3.py took 0.059 seconds
[2026-03-27T10:20:09.026+0000] {processor.py:161} INFO - Started process (PID=618) to work on /home/airflow/.local/lib/python3.8/site-packages/airflow/example_dags/example_branch_python_dop_operator_3.py
[2026-03-27T10:20:09.027+0000] {processor.py:830} INFO - Processing file /home/airflow/.local/lib/python3.8/site-packages/airflow/example_dags/example_branch_python_dop_operator_3.py for tasks to queue
[2026-03-27T10:20:09.029+0000] {logging_mixin.py:188} INFO - [2026-03-27T10:20:09.029+0000] {dagbag.py:540} INFO - Filling up the DagBag from /home/airflow/.local/lib/python3.8/site-packages/airflow/example_dags/example_branch_python_dop_operator_3.py
[2026-03-27T10:20:09.037+0000] {processor.py:840} INFO - DAG(s) 'example_branch_dop_operator_v3' retrieved from /home/airflow/.local/lib/python3.8/site-packages/airflow/example_dags/example_branch_python_dop_operator_3.py
[2026-03-27T10:20:09.056+0000] {logging_mixin.py:188} INFO - [2026-03-27T10:20:09.055+0000] {dag.py:3047} INFO - Sync 1 DAGs
[2026-03-27T10:20:09.077+0000] {logging_mixin.py:188} INFO - [2026-03-27T10:20:09.077+0000] {dag.py:3834} INFO - Setting next_dagrun for example_branch_dop_operator_v3 to 2026-03-27 10:19:00+00:00, run_after=2026-03-27 10:20:00+00:00
[2026-03-27T10:20:09.098+0000] {processor.py:183} INFO - Processing /home/airflow/.local/lib/python3.8/site-packages/airflow/example_dags/example_branch_python_dop_operator_3.py took 0.075 seconds
