[2026-03-27T10:15:06.724+0000] {processor.py:161} INFO - Started process (PID=94) to work on /home/airflow/.local/lib/python3.8/site-packages/airflow/example_dags/example_datasets.py
[2026-03-27T10:15:06.725+0000] {processor.py:830} INFO - Processing file /home/airflow/.local/lib/python3.8/site-packages/airflow/example_dags/example_datasets.py for tasks to queue
[2026-03-27T10:15:06.727+0000] {logging_mixin.py:188} INFO - [2026-03-27T10:15:06.727+0000] {dagbag.py:540} INFO - Filling up the DagBag from /home/airflow/.local/lib/python3.8/site-packages/airflow/example_dags/example_datasets.py
[2026-03-27T10:15:06.739+0000] {processor.py:840} INFO - DAG(s) 'dataset_consumes_1', 'dataset_consumes_unknown_never_scheduled', 'dataset_consumes_1_never_scheduled', 'dataset_produces_2', 'dataset_produces_1', 'dataset_consumes_1_and_2' retrieved from /home/airflow/.local/lib/python3.8/site-packages/airflow/example_dags/example_datasets.py
[2026-03-27T10:15:06.756+0000] {logging_mixin.py:188} INFO - [2026-03-27T10:15:06.756+0000] {dag.py:3047} INFO - Sync 6 DAGs
[2026-03-27T10:15:06.785+0000] {logging_mixin.py:188} INFO - [2026-03-27T10:15:06.785+0000] {dag.py:3834} INFO - Setting next_dagrun for dataset_consumes_1 to None, run_after=None
[2026-03-27T10:15:06.789+0000] {logging_mixin.py:188} INFO - [2026-03-27T10:15:06.789+0000] {dag.py:3834} INFO - Setting next_dagrun for dataset_consumes_1_and_2 to None, run_after=None
[2026-03-27T10:15:06.791+0000] {logging_mixin.py:188} INFO - [2026-03-27T10:15:06.791+0000] {dag.py:3834} INFO - Setting next_dagrun for dataset_consumes_1_never_scheduled to None, run_after=None
[2026-03-27T10:15:06.793+0000] {logging_mixin.py:188} INFO - [2026-03-27T10:15:06.792+0000] {dag.py:3834} INFO - Setting next_dagrun for dataset_consumes_unknown_never_scheduled to None, run_after=None
[2026-03-27T10:15:06.796+0000] {logging_mixin.py:188} INFO - [2026-03-27T10:15:06.796+0000] {dag.py:3834} INFO - Setting next_dagrun for dataset_produces_1 to 2026-03-26 00:00:00+00:00, run_after=2026-03-27 00:00:00+00:00
[2026-03-27T10:15:06.798+0000] {logging_mixin.py:188} INFO - [2026-03-27T10:15:06.797+0000] {dag.py:3834} INFO - Setting next_dagrun for dataset_produces_2 to None, run_after=None
[2026-03-27T10:15:06.837+0000] {processor.py:183} INFO - Processing /home/airflow/.local/lib/python3.8/site-packages/airflow/example_dags/example_datasets.py took 0.118 seconds
[2026-03-27T10:15:38.911+0000] {processor.py:161} INFO - Started process (PID=156) to work on /home/airflow/.local/lib/python3.8/site-packages/airflow/example_dags/example_datasets.py
[2026-03-27T10:15:38.914+0000] {processor.py:830} INFO - Processing file /home/airflow/.local/lib/python3.8/site-packages/airflow/example_dags/example_datasets.py for tasks to queue
[2026-03-27T10:15:38.918+0000] {logging_mixin.py:188} INFO - [2026-03-27T10:15:38.917+0000] {dagbag.py:540} INFO - Filling up the DagBag from /home/airflow/.local/lib/python3.8/site-packages/airflow/example_dags/example_datasets.py
[2026-03-27T10:15:38.927+0000] {processor.py:840} INFO - DAG(s) 'dataset_produces_1', 'dataset_consumes_1', 'dataset_consumes_1_never_scheduled', 'dataset_produces_2', 'dataset_consumes_1_and_2', 'dataset_consumes_unknown_never_scheduled' retrieved from /home/airflow/.local/lib/python3.8/site-packages/airflow/example_dags/example_datasets.py
[2026-03-27T10:15:39.059+0000] {logging_mixin.py:188} INFO - [2026-03-27T10:15:39.059+0000] {dag.py:3047} INFO - Sync 6 DAGs
[2026-03-27T10:15:39.083+0000] {logging_mixin.py:188} INFO - [2026-03-27T10:15:39.083+0000] {dag.py:3834} INFO - Setting next_dagrun for dataset_consumes_1 to None, run_after=None
[2026-03-27T10:15:39.087+0000] {logging_mixin.py:188} INFO - [2026-03-27T10:15:39.086+0000] {dag.py:3834} INFO - Setting next_dagrun for dataset_consumes_1_and_2 to None, run_after=None
[2026-03-27T10:15:39.089+0000] {logging_mixin.py:188} INFO - [2026-03-27T10:15:39.089+0000] {dag.py:3834} INFO - Setting next_dagrun for dataset_consumes_1_never_scheduled to None, run_after=None
[2026-03-27T10:15:39.091+0000] {logging_mixin.py:188} INFO - [2026-03-27T10:15:39.091+0000] {dag.py:3834} INFO - Setting next_dagrun for dataset_consumes_unknown_never_scheduled to None, run_after=None
[2026-03-27T10:15:39.095+0000] {logging_mixin.py:188} INFO - [2026-03-27T10:15:39.095+0000] {dag.py:3834} INFO - Setting next_dagrun for dataset_produces_1 to 2026-03-26 00:00:00+00:00, run_after=2026-03-27 00:00:00+00:00
[2026-03-27T10:15:39.097+0000] {logging_mixin.py:188} INFO - [2026-03-27T10:15:39.096+0000] {dag.py:3834} INFO - Setting next_dagrun for dataset_produces_2 to None, run_after=None
[2026-03-27T10:15:39.135+0000] {processor.py:183} INFO - Processing /home/airflow/.local/lib/python3.8/site-packages/airflow/example_dags/example_datasets.py took 0.227 seconds
[2026-03-27T10:16:09.627+0000] {processor.py:161} INFO - Started process (PID=212) to work on /home/airflow/.local/lib/python3.8/site-packages/airflow/example_dags/example_datasets.py
[2026-03-27T10:16:09.628+0000] {processor.py:830} INFO - Processing file /home/airflow/.local/lib/python3.8/site-packages/airflow/example_dags/example_datasets.py for tasks to queue
[2026-03-27T10:16:09.629+0000] {logging_mixin.py:188} INFO - [2026-03-27T10:16:09.629+0000] {dagbag.py:540} INFO - Filling up the DagBag from /home/airflow/.local/lib/python3.8/site-packages/airflow/example_dags/example_datasets.py
[2026-03-27T10:16:09.638+0000] {processor.py:840} INFO - DAG(s) 'dataset_consumes_1_and_2', 'dataset_consumes_1_never_scheduled', 'dataset_consumes_unknown_never_scheduled', 'dataset_produces_1', 'dataset_produces_2', 'dataset_consumes_1' retrieved from /home/airflow/.local/lib/python3.8/site-packages/airflow/example_dags/example_datasets.py
[2026-03-27T10:16:09.667+0000] {logging_mixin.py:188} INFO - [2026-03-27T10:16:09.667+0000] {dag.py:3047} INFO - Sync 6 DAGs
[2026-03-27T10:16:09.686+0000] {logging_mixin.py:188} INFO - [2026-03-27T10:16:09.685+0000] {dag.py:3834} INFO - Setting next_dagrun for dataset_consumes_1 to None, run_after=None
[2026-03-27T10:16:09.689+0000] {logging_mixin.py:188} INFO - [2026-03-27T10:16:09.689+0000] {dag.py:3834} INFO - Setting next_dagrun for dataset_consumes_1_and_2 to None, run_after=None
[2026-03-27T10:16:09.691+0000] {logging_mixin.py:188} INFO - [2026-03-27T10:16:09.690+0000] {dag.py:3834} INFO - Setting next_dagrun for dataset_consumes_1_never_scheduled to None, run_after=None
[2026-03-27T10:16:09.692+0000] {logging_mixin.py:188} INFO - [2026-03-27T10:16:09.691+0000] {dag.py:3834} INFO - Setting next_dagrun for dataset_consumes_unknown_never_scheduled to None, run_after=None
[2026-03-27T10:16:09.693+0000] {logging_mixin.py:188} INFO - [2026-03-27T10:16:09.693+0000] {dag.py:3834} INFO - Setting next_dagrun for dataset_produces_1 to 2026-03-26 00:00:00+00:00, run_after=2026-03-27 00:00:00+00:00
[2026-03-27T10:16:09.695+0000] {logging_mixin.py:188} INFO - [2026-03-27T10:16:09.694+0000] {dag.py:3834} INFO - Setting next_dagrun for dataset_produces_2 to None, run_after=None
[2026-03-27T10:16:09.716+0000] {processor.py:183} INFO - Processing /home/airflow/.local/lib/python3.8/site-packages/airflow/example_dags/example_datasets.py took 0.092 seconds
[2026-03-27T10:16:40.148+0000] {processor.py:161} INFO - Started process (PID=268) to work on /home/airflow/.local/lib/python3.8/site-packages/airflow/example_dags/example_datasets.py
[2026-03-27T10:16:40.149+0000] {processor.py:830} INFO - Processing file /home/airflow/.local/lib/python3.8/site-packages/airflow/example_dags/example_datasets.py for tasks to queue
[2026-03-27T10:16:40.151+0000] {logging_mixin.py:188} INFO - [2026-03-27T10:16:40.151+0000] {dagbag.py:540} INFO - Filling up the DagBag from /home/airflow/.local/lib/python3.8/site-packages/airflow/example_dags/example_datasets.py
[2026-03-27T10:16:40.159+0000] {processor.py:840} INFO - DAG(s) 'dataset_consumes_1', 'dataset_consumes_1_never_scheduled', 'dataset_produces_2', 'dataset_produces_1', 'dataset_consumes_unknown_never_scheduled', 'dataset_consumes_1_and_2' retrieved from /home/airflow/.local/lib/python3.8/site-packages/airflow/example_dags/example_datasets.py
[2026-03-27T10:16:40.187+0000] {logging_mixin.py:188} INFO - [2026-03-27T10:16:40.187+0000] {dag.py:3047} INFO - Sync 6 DAGs
[2026-03-27T10:16:40.206+0000] {logging_mixin.py:188} INFO - [2026-03-27T10:16:40.206+0000] {dag.py:3834} INFO - Setting next_dagrun for dataset_consumes_1 to None, run_after=None
[2026-03-27T10:16:40.209+0000] {logging_mixin.py:188} INFO - [2026-03-27T10:16:40.209+0000] {dag.py:3834} INFO - Setting next_dagrun for dataset_consumes_1_and_2 to None, run_after=None
[2026-03-27T10:16:40.210+0000] {logging_mixin.py:188} INFO - [2026-03-27T10:16:40.210+0000] {dag.py:3834} INFO - Setting next_dagrun for dataset_consumes_1_never_scheduled to None, run_after=None
[2026-03-27T10:16:40.212+0000] {logging_mixin.py:188} INFO - [2026-03-27T10:16:40.211+0000] {dag.py:3834} INFO - Setting next_dagrun for dataset_consumes_unknown_never_scheduled to None, run_after=None
[2026-03-27T10:16:40.214+0000] {logging_mixin.py:188} INFO - [2026-03-27T10:16:40.214+0000] {dag.py:3834} INFO - Setting next_dagrun for dataset_produces_1 to 2026-03-26 00:00:00+00:00, run_after=2026-03-27 00:00:00+00:00
[2026-03-27T10:16:40.215+0000] {logging_mixin.py:188} INFO - [2026-03-27T10:16:40.215+0000] {dag.py:3834} INFO - Setting next_dagrun for dataset_produces_2 to None, run_after=None
[2026-03-27T10:16:40.239+0000] {processor.py:183} INFO - Processing /home/airflow/.local/lib/python3.8/site-packages/airflow/example_dags/example_datasets.py took 0.094 seconds
[2026-03-27T10:17:10.889+0000] {processor.py:161} INFO - Started process (PID=324) to work on /home/airflow/.local/lib/python3.8/site-packages/airflow/example_dags/example_datasets.py
[2026-03-27T10:17:10.890+0000] {processor.py:830} INFO - Processing file /home/airflow/.local/lib/python3.8/site-packages/airflow/example_dags/example_datasets.py for tasks to queue
[2026-03-27T10:17:10.892+0000] {logging_mixin.py:188} INFO - [2026-03-27T10:17:10.891+0000] {dagbag.py:540} INFO - Filling up the DagBag from /home/airflow/.local/lib/python3.8/site-packages/airflow/example_dags/example_datasets.py
[2026-03-27T10:17:10.899+0000] {processor.py:840} INFO - DAG(s) 'dataset_consumes_unknown_never_scheduled', 'dataset_produces_2', 'dataset_consumes_1_and_2', 'dataset_consumes_1', 'dataset_produces_1', 'dataset_consumes_1_never_scheduled' retrieved from /home/airflow/.local/lib/python3.8/site-packages/airflow/example_dags/example_datasets.py
[2026-03-27T10:17:10.922+0000] {logging_mixin.py:188} INFO - [2026-03-27T10:17:10.922+0000] {dag.py:3047} INFO - Sync 6 DAGs
[2026-03-27T10:17:10.938+0000] {logging_mixin.py:188} INFO - [2026-03-27T10:17:10.937+0000] {dag.py:3834} INFO - Setting next_dagrun for dataset_consumes_1 to None, run_after=None
[2026-03-27T10:17:10.940+0000] {logging_mixin.py:188} INFO - [2026-03-27T10:17:10.940+0000] {dag.py:3834} INFO - Setting next_dagrun for dataset_consumes_1_and_2 to None, run_after=None
[2026-03-27T10:17:10.941+0000] {logging_mixin.py:188} INFO - [2026-03-27T10:17:10.941+0000] {dag.py:3834} INFO - Setting next_dagrun for dataset_consumes_1_never_scheduled to None, run_after=None
[2026-03-27T10:17:10.942+0000] {logging_mixin.py:188} INFO - [2026-03-27T10:17:10.942+0000] {dag.py:3834} INFO - Setting next_dagrun for dataset_consumes_unknown_never_scheduled to None, run_after=None
[2026-03-27T10:17:10.944+0000] {logging_mixin.py:188} INFO - [2026-03-27T10:17:10.944+0000] {dag.py:3834} INFO - Setting next_dagrun for dataset_produces_1 to 2026-03-26 00:00:00+00:00, run_after=2026-03-27 00:00:00+00:00
[2026-03-27T10:17:10.944+0000] {logging_mixin.py:188} INFO - [2026-03-27T10:17:10.944+0000] {dag.py:3834} INFO - Setting next_dagrun for dataset_produces_2 to None, run_after=None
[2026-03-27T10:17:10.964+0000] {processor.py:183} INFO - Processing /home/airflow/.local/lib/python3.8/site-packages/airflow/example_dags/example_datasets.py took 0.077 seconds
[2026-03-27T10:17:41.399+0000] {processor.py:161} INFO - Started process (PID=380) to work on /home/airflow/.local/lib/python3.8/site-packages/airflow/example_dags/example_datasets.py
[2026-03-27T10:17:41.400+0000] {processor.py:830} INFO - Processing file /home/airflow/.local/lib/python3.8/site-packages/airflow/example_dags/example_datasets.py for tasks to queue
[2026-03-27T10:17:41.402+0000] {logging_mixin.py:188} INFO - [2026-03-27T10:17:41.401+0000] {dagbag.py:540} INFO - Filling up the DagBag from /home/airflow/.local/lib/python3.8/site-packages/airflow/example_dags/example_datasets.py
[2026-03-27T10:17:41.409+0000] {processor.py:840} INFO - DAG(s) 'dataset_consumes_unknown_never_scheduled', 'dataset_consumes_1_never_scheduled', 'dataset_consumes_1', 'dataset_consumes_1_and_2', 'dataset_produces_2', 'dataset_produces_1' retrieved from /home/airflow/.local/lib/python3.8/site-packages/airflow/example_dags/example_datasets.py
[2026-03-27T10:17:41.441+0000] {logging_mixin.py:188} INFO - [2026-03-27T10:17:41.441+0000] {dag.py:3047} INFO - Sync 6 DAGs
[2026-03-27T10:17:41.457+0000] {logging_mixin.py:188} INFO - [2026-03-27T10:17:41.457+0000] {dag.py:3834} INFO - Setting next_dagrun for dataset_consumes_1 to None, run_after=None
[2026-03-27T10:17:41.460+0000] {logging_mixin.py:188} INFO - [2026-03-27T10:17:41.460+0000] {dag.py:3834} INFO - Setting next_dagrun for dataset_consumes_1_and_2 to None, run_after=None
[2026-03-27T10:17:41.461+0000] {logging_mixin.py:188} INFO - [2026-03-27T10:17:41.461+0000] {dag.py:3834} INFO - Setting next_dagrun for dataset_consumes_1_never_scheduled to None, run_after=None
[2026-03-27T10:17:41.462+0000] {logging_mixin.py:188} INFO - [2026-03-27T10:17:41.462+0000] {dag.py:3834} INFO - Setting next_dagrun for dataset_consumes_unknown_never_scheduled to None, run_after=None
[2026-03-27T10:17:41.464+0000] {logging_mixin.py:188} INFO - [2026-03-27T10:17:41.464+0000] {dag.py:3834} INFO - Setting next_dagrun for dataset_produces_1 to 2026-03-26 00:00:00+00:00, run_after=2026-03-27 00:00:00+00:00
[2026-03-27T10:17:41.465+0000] {logging_mixin.py:188} INFO - [2026-03-27T10:17:41.465+0000] {dag.py:3834} INFO - Setting next_dagrun for dataset_produces_2 to None, run_after=None
[2026-03-27T10:17:41.488+0000] {processor.py:183} INFO - Processing /home/airflow/.local/lib/python3.8/site-packages/airflow/example_dags/example_datasets.py took 0.092 seconds
[2026-03-27T10:18:12.159+0000] {processor.py:161} INFO - Started process (PID=436) to work on /home/airflow/.local/lib/python3.8/site-packages/airflow/example_dags/example_datasets.py
[2026-03-27T10:18:12.160+0000] {processor.py:830} INFO - Processing file /home/airflow/.local/lib/python3.8/site-packages/airflow/example_dags/example_datasets.py for tasks to queue
[2026-03-27T10:18:12.162+0000] {logging_mixin.py:188} INFO - [2026-03-27T10:18:12.162+0000] {dagbag.py:540} INFO - Filling up the DagBag from /home/airflow/.local/lib/python3.8/site-packages/airflow/example_dags/example_datasets.py
[2026-03-27T10:18:12.170+0000] {processor.py:840} INFO - DAG(s) 'dataset_consumes_1_never_scheduled', 'dataset_produces_2', 'dataset_produces_1', 'dataset_consumes_unknown_never_scheduled', 'dataset_consumes_1', 'dataset_consumes_1_and_2' retrieved from /home/airflow/.local/lib/python3.8/site-packages/airflow/example_dags/example_datasets.py
[2026-03-27T10:18:12.197+0000] {logging_mixin.py:188} INFO - [2026-03-27T10:18:12.197+0000] {dag.py:3047} INFO - Sync 6 DAGs
[2026-03-27T10:18:12.214+0000] {logging_mixin.py:188} INFO - [2026-03-27T10:18:12.213+0000] {dag.py:3834} INFO - Setting next_dagrun for dataset_consumes_1 to None, run_after=None
[2026-03-27T10:18:12.216+0000] {logging_mixin.py:188} INFO - [2026-03-27T10:18:12.216+0000] {dag.py:3834} INFO - Setting next_dagrun for dataset_consumes_1_and_2 to None, run_after=None
[2026-03-27T10:18:12.217+0000] {logging_mixin.py:188} INFO - [2026-03-27T10:18:12.217+0000] {dag.py:3834} INFO - Setting next_dagrun for dataset_consumes_1_never_scheduled to None, run_after=None
[2026-03-27T10:18:12.218+0000] {logging_mixin.py:188} INFO - [2026-03-27T10:18:12.218+0000] {dag.py:3834} INFO - Setting next_dagrun for dataset_consumes_unknown_never_scheduled to None, run_after=None
[2026-03-27T10:18:12.220+0000] {logging_mixin.py:188} INFO - [2026-03-27T10:18:12.220+0000] {dag.py:3834} INFO - Setting next_dagrun for dataset_produces_1 to 2026-03-26 00:00:00+00:00, run_after=2026-03-27 00:00:00+00:00
[2026-03-27T10:18:12.221+0000] {logging_mixin.py:188} INFO - [2026-03-27T10:18:12.220+0000] {dag.py:3834} INFO - Setting next_dagrun for dataset_produces_2 to None, run_after=None
[2026-03-27T10:18:12.247+0000] {processor.py:183} INFO - Processing /home/airflow/.local/lib/python3.8/site-packages/airflow/example_dags/example_datasets.py took 0.090 seconds
[2026-03-27T10:18:42.407+0000] {processor.py:161} INFO - Started process (PID=492) to work on /home/airflow/.local/lib/python3.8/site-packages/airflow/example_dags/example_datasets.py
[2026-03-27T10:18:42.408+0000] {processor.py:830} INFO - Processing file /home/airflow/.local/lib/python3.8/site-packages/airflow/example_dags/example_datasets.py for tasks to queue
[2026-03-27T10:18:42.410+0000] {logging_mixin.py:188} INFO - [2026-03-27T10:18:42.410+0000] {dagbag.py:540} INFO - Filling up the DagBag from /home/airflow/.local/lib/python3.8/site-packages/airflow/example_dags/example_datasets.py
[2026-03-27T10:18:42.423+0000] {processor.py:840} INFO - DAG(s) 'dataset_consumes_1', 'dataset_produces_2', 'dataset_consumes_unknown_never_scheduled', 'dataset_consumes_1_never_scheduled', 'dataset_produces_1', 'dataset_consumes_1_and_2' retrieved from /home/airflow/.local/lib/python3.8/site-packages/airflow/example_dags/example_datasets.py
[2026-03-27T10:18:42.464+0000] {logging_mixin.py:188} INFO - [2026-03-27T10:18:42.463+0000] {dag.py:3047} INFO - Sync 6 DAGs
[2026-03-27T10:18:42.485+0000] {logging_mixin.py:188} INFO - [2026-03-27T10:18:42.485+0000] {dag.py:3834} INFO - Setting next_dagrun for dataset_consumes_1 to None, run_after=None
[2026-03-27T10:18:42.488+0000] {logging_mixin.py:188} INFO - [2026-03-27T10:18:42.488+0000] {dag.py:3834} INFO - Setting next_dagrun for dataset_consumes_1_and_2 to None, run_after=None
[2026-03-27T10:18:42.490+0000] {logging_mixin.py:188} INFO - [2026-03-27T10:18:42.490+0000] {dag.py:3834} INFO - Setting next_dagrun for dataset_consumes_1_never_scheduled to None, run_after=None
[2026-03-27T10:18:42.491+0000] {logging_mixin.py:188} INFO - [2026-03-27T10:18:42.491+0000] {dag.py:3834} INFO - Setting next_dagrun for dataset_consumes_unknown_never_scheduled to None, run_after=None
[2026-03-27T10:18:42.494+0000] {logging_mixin.py:188} INFO - [2026-03-27T10:18:42.494+0000] {dag.py:3834} INFO - Setting next_dagrun for dataset_produces_1 to 2026-03-26 00:00:00+00:00, run_after=2026-03-27 00:00:00+00:00
[2026-03-27T10:18:42.496+0000] {logging_mixin.py:188} INFO - [2026-03-27T10:18:42.496+0000] {dag.py:3834} INFO - Setting next_dagrun for dataset_produces_2 to None, run_after=None
[2026-03-27T10:18:42.523+0000] {processor.py:183} INFO - Processing /home/airflow/.local/lib/python3.8/site-packages/airflow/example_dags/example_datasets.py took 0.119 seconds
[2026-03-27T10:19:12.785+0000] {processor.py:161} INFO - Started process (PID=548) to work on /home/airflow/.local/lib/python3.8/site-packages/airflow/example_dags/example_datasets.py
[2026-03-27T10:19:12.786+0000] {processor.py:830} INFO - Processing file /home/airflow/.local/lib/python3.8/site-packages/airflow/example_dags/example_datasets.py for tasks to queue
[2026-03-27T10:19:12.788+0000] {logging_mixin.py:188} INFO - [2026-03-27T10:19:12.788+0000] {dagbag.py:540} INFO - Filling up the DagBag from /home/airflow/.local/lib/python3.8/site-packages/airflow/example_dags/example_datasets.py
[2026-03-27T10:19:12.795+0000] {processor.py:840} INFO - DAG(s) 'dataset_produces_2', 'dataset_consumes_1_and_2', 'dataset_consumes_1', 'dataset_produces_1', 'dataset_consumes_unknown_never_scheduled', 'dataset_consumes_1_never_scheduled' retrieved from /home/airflow/.local/lib/python3.8/site-packages/airflow/example_dags/example_datasets.py
[2026-03-27T10:19:12.821+0000] {logging_mixin.py:188} INFO - [2026-03-27T10:19:12.821+0000] {dag.py:3047} INFO - Sync 6 DAGs
[2026-03-27T10:19:12.835+0000] {logging_mixin.py:188} INFO - [2026-03-27T10:19:12.835+0000] {dag.py:3834} INFO - Setting next_dagrun for dataset_consumes_1 to None, run_after=None
[2026-03-27T10:19:12.838+0000] {logging_mixin.py:188} INFO - [2026-03-27T10:19:12.838+0000] {dag.py:3834} INFO - Setting next_dagrun for dataset_consumes_1_and_2 to None, run_after=None
[2026-03-27T10:19:12.839+0000] {logging_mixin.py:188} INFO - [2026-03-27T10:19:12.839+0000] {dag.py:3834} INFO - Setting next_dagrun for dataset_consumes_1_never_scheduled to None, run_after=None
[2026-03-27T10:19:12.840+0000] {logging_mixin.py:188} INFO - [2026-03-27T10:19:12.840+0000] {dag.py:3834} INFO - Setting next_dagrun for dataset_consumes_unknown_never_scheduled to None, run_after=None
[2026-03-27T10:19:12.842+0000] {logging_mixin.py:188} INFO - [2026-03-27T10:19:12.842+0000] {dag.py:3834} INFO - Setting next_dagrun for dataset_produces_1 to 2026-03-26 00:00:00+00:00, run_after=2026-03-27 00:00:00+00:00
[2026-03-27T10:19:12.846+0000] {logging_mixin.py:188} INFO - [2026-03-27T10:19:12.845+0000] {dag.py:3834} INFO - Setting next_dagrun for dataset_produces_2 to None, run_after=None
[2026-03-27T10:19:12.869+0000] {processor.py:183} INFO - Processing /home/airflow/.local/lib/python3.8/site-packages/airflow/example_dags/example_datasets.py took 0.087 seconds
[2026-03-27T10:19:43.634+0000] {processor.py:161} INFO - Started process (PID=604) to work on /home/airflow/.local/lib/python3.8/site-packages/airflow/example_dags/example_datasets.py
[2026-03-27T10:19:43.636+0000] {processor.py:830} INFO - Processing file /home/airflow/.local/lib/python3.8/site-packages/airflow/example_dags/example_datasets.py for tasks to queue
[2026-03-27T10:19:43.638+0000] {logging_mixin.py:188} INFO - [2026-03-27T10:19:43.637+0000] {dagbag.py:540} INFO - Filling up the DagBag from /home/airflow/.local/lib/python3.8/site-packages/airflow/example_dags/example_datasets.py
[2026-03-27T10:19:43.645+0000] {processor.py:840} INFO - DAG(s) 'dataset_produces_2', 'dataset_produces_1', 'dataset_consumes_1_and_2', 'dataset_consumes_1_never_scheduled', 'dataset_consumes_unknown_never_scheduled', 'dataset_consumes_1' retrieved from /home/airflow/.local/lib/python3.8/site-packages/airflow/example_dags/example_datasets.py
[2026-03-27T10:19:43.670+0000] {logging_mixin.py:188} INFO - [2026-03-27T10:19:43.670+0000] {dag.py:3047} INFO - Sync 6 DAGs
[2026-03-27T10:19:43.685+0000] {logging_mixin.py:188} INFO - [2026-03-27T10:19:43.685+0000] {dag.py:3834} INFO - Setting next_dagrun for dataset_consumes_1 to None, run_after=None
[2026-03-27T10:19:43.687+0000] {logging_mixin.py:188} INFO - [2026-03-27T10:19:43.687+0000] {dag.py:3834} INFO - Setting next_dagrun for dataset_consumes_1_and_2 to None, run_after=None
[2026-03-27T10:19:43.689+0000] {logging_mixin.py:188} INFO - [2026-03-27T10:19:43.688+0000] {dag.py:3834} INFO - Setting next_dagrun for dataset_consumes_1_never_scheduled to None, run_after=None
[2026-03-27T10:19:43.690+0000] {logging_mixin.py:188} INFO - [2026-03-27T10:19:43.689+0000] {dag.py:3834} INFO - Setting next_dagrun for dataset_consumes_unknown_never_scheduled to None, run_after=None
[2026-03-27T10:19:43.692+0000] {logging_mixin.py:188} INFO - [2026-03-27T10:19:43.692+0000] {dag.py:3834} INFO - Setting next_dagrun for dataset_produces_1 to 2026-03-26 00:00:00+00:00, run_after=2026-03-27 00:00:00+00:00
[2026-03-27T10:19:43.693+0000] {logging_mixin.py:188} INFO - [2026-03-27T10:19:43.693+0000] {dag.py:3834} INFO - Setting next_dagrun for dataset_produces_2 to None, run_after=None
[2026-03-27T10:19:43.716+0000] {processor.py:183} INFO - Processing /home/airflow/.local/lib/python3.8/site-packages/airflow/example_dags/example_datasets.py took 0.086 seconds
[2026-03-27T10:20:14.128+0000] {processor.py:161} INFO - Started process (PID=660) to work on /home/airflow/.local/lib/python3.8/site-packages/airflow/example_dags/example_datasets.py
[2026-03-27T10:20:14.129+0000] {processor.py:830} INFO - Processing file /home/airflow/.local/lib/python3.8/site-packages/airflow/example_dags/example_datasets.py for tasks to queue
[2026-03-27T10:20:14.131+0000] {logging_mixin.py:188} INFO - [2026-03-27T10:20:14.130+0000] {dagbag.py:540} INFO - Filling up the DagBag from /home/airflow/.local/lib/python3.8/site-packages/airflow/example_dags/example_datasets.py
[2026-03-27T10:20:14.137+0000] {processor.py:840} INFO - DAG(s) 'dataset_consumes_unknown_never_scheduled', 'dataset_produces_2', 'dataset_consumes_1_never_scheduled', 'dataset_produces_1', 'dataset_consumes_1', 'dataset_consumes_1_and_2' retrieved from /home/airflow/.local/lib/python3.8/site-packages/airflow/example_dags/example_datasets.py
[2026-03-27T10:20:14.160+0000] {logging_mixin.py:188} INFO - [2026-03-27T10:20:14.160+0000] {dag.py:3047} INFO - Sync 6 DAGs
[2026-03-27T10:20:14.176+0000] {logging_mixin.py:188} INFO - [2026-03-27T10:20:14.175+0000] {dag.py:3834} INFO - Setting next_dagrun for dataset_consumes_1 to None, run_after=None
[2026-03-27T10:20:14.178+0000] {logging_mixin.py:188} INFO - [2026-03-27T10:20:14.178+0000] {dag.py:3834} INFO - Setting next_dagrun for dataset_consumes_1_and_2 to None, run_after=None
[2026-03-27T10:20:14.179+0000] {logging_mixin.py:188} INFO - [2026-03-27T10:20:14.179+0000] {dag.py:3834} INFO - Setting next_dagrun for dataset_consumes_1_never_scheduled to None, run_after=None
[2026-03-27T10:20:14.180+0000] {logging_mixin.py:188} INFO - [2026-03-27T10:20:14.180+0000] {dag.py:3834} INFO - Setting next_dagrun for dataset_consumes_unknown_never_scheduled to None, run_after=None
[2026-03-27T10:20:14.182+0000] {logging_mixin.py:188} INFO - [2026-03-27T10:20:14.181+0000] {dag.py:3834} INFO - Setting next_dagrun for dataset_produces_1 to 2026-03-26 00:00:00+00:00, run_after=2026-03-27 00:00:00+00:00
[2026-03-27T10:20:14.182+0000] {logging_mixin.py:188} INFO - [2026-03-27T10:20:14.182+0000] {dag.py:3834} INFO - Setting next_dagrun for dataset_produces_2 to None, run_after=None
[2026-03-27T10:20:14.205+0000] {processor.py:183} INFO - Processing /home/airflow/.local/lib/python3.8/site-packages/airflow/example_dags/example_datasets.py took 0.079 seconds
