[2026-03-27T10:15:04.579+0000] {processor.py:161} INFO - Started process (PID=59) to work on /home/airflow/.local/lib/python3.8/site-packages/airflow/example_dags/example_latest_only_with_trigger.py
[2026-03-27T10:15:04.581+0000] {processor.py:830} INFO - Processing file /home/airflow/.local/lib/python3.8/site-packages/airflow/example_dags/example_latest_only_with_trigger.py for tasks to queue
[2026-03-27T10:15:04.583+0000] {logging_mixin.py:188} INFO - [2026-03-27T10:15:04.582+0000] {dagbag.py:540} INFO - Filling up the DagBag from /home/airflow/.local/lib/python3.8/site-packages/airflow/example_dags/example_latest_only_with_trigger.py
[2026-03-27T10:15:04.590+0000] {processor.py:840} INFO - DAG(s) 'latest_only_with_trigger' retrieved from /home/airflow/.local/lib/python3.8/site-packages/airflow/example_dags/example_latest_only_with_trigger.py
[2026-03-27T10:15:04.602+0000] {logging_mixin.py:188} INFO - [2026-03-27T10:15:04.602+0000] {dag.py:3047} INFO - Sync 1 DAGs
[2026-03-27T10:15:04.620+0000] {logging_mixin.py:188} INFO - [2026-03-27T10:15:04.619+0000] {dag.py:3834} INFO - Setting next_dagrun for latest_only_with_trigger to 2026-03-27 04:00:00+00:00, run_after=2026-03-27 08:00:00+00:00
[2026-03-27T10:15:04.640+0000] {processor.py:183} INFO - Processing /home/airflow/.local/lib/python3.8/site-packages/airflow/example_dags/example_latest_only_with_trigger.py took 0.065 seconds
[2026-03-27T10:15:35.444+0000] {processor.py:161} INFO - Started process (PID=115) to work on /home/airflow/.local/lib/python3.8/site-packages/airflow/example_dags/example_latest_only_with_trigger.py
[2026-03-27T10:15:35.445+0000] {processor.py:830} INFO - Processing file /home/airflow/.local/lib/python3.8/site-packages/airflow/example_dags/example_latest_only_with_trigger.py for tasks to queue
[2026-03-27T10:15:35.447+0000] {logging_mixin.py:188} INFO - [2026-03-27T10:15:35.446+0000] {dagbag.py:540} INFO - Filling up the DagBag from /home/airflow/.local/lib/python3.8/site-packages/airflow/example_dags/example_latest_only_with_trigger.py
[2026-03-27T10:15:35.451+0000] {processor.py:840} INFO - DAG(s) 'latest_only_with_trigger' retrieved from /home/airflow/.local/lib/python3.8/site-packages/airflow/example_dags/example_latest_only_with_trigger.py
[2026-03-27T10:15:35.523+0000] {logging_mixin.py:188} INFO - [2026-03-27T10:15:35.523+0000] {dag.py:3047} INFO - Sync 1 DAGs
[2026-03-27T10:15:35.536+0000] {logging_mixin.py:188} INFO - [2026-03-27T10:15:35.536+0000] {dag.py:3834} INFO - Setting next_dagrun for latest_only_with_trigger to 2026-03-27 04:00:00+00:00, run_after=2026-03-27 08:00:00+00:00
[2026-03-27T10:15:35.549+0000] {processor.py:183} INFO - Processing /home/airflow/.local/lib/python3.8/site-packages/airflow/example_dags/example_latest_only_with_trigger.py took 0.107 seconds
[2026-03-27T10:16:05.845+0000] {processor.py:161} INFO - Started process (PID=171) to work on /home/airflow/.local/lib/python3.8/site-packages/airflow/example_dags/example_latest_only_with_trigger.py
[2026-03-27T10:16:05.846+0000] {processor.py:830} INFO - Processing file /home/airflow/.local/lib/python3.8/site-packages/airflow/example_dags/example_latest_only_with_trigger.py for tasks to queue
[2026-03-27T10:16:05.849+0000] {logging_mixin.py:188} INFO - [2026-03-27T10:16:05.849+0000] {dagbag.py:540} INFO - Filling up the DagBag from /home/airflow/.local/lib/python3.8/site-packages/airflow/example_dags/example_latest_only_with_trigger.py
[2026-03-27T10:16:05.856+0000] {processor.py:840} INFO - DAG(s) 'latest_only_with_trigger' retrieved from /home/airflow/.local/lib/python3.8/site-packages/airflow/example_dags/example_latest_only_with_trigger.py
[2026-03-27T10:16:05.871+0000] {logging_mixin.py:188} INFO - [2026-03-27T10:16:05.871+0000] {dag.py:3047} INFO - Sync 1 DAGs
[2026-03-27T10:16:05.887+0000] {logging_mixin.py:188} INFO - [2026-03-27T10:16:05.886+0000] {dag.py:3834} INFO - Setting next_dagrun for latest_only_with_trigger to 2026-03-27 04:00:00+00:00, run_after=2026-03-27 08:00:00+00:00
[2026-03-27T10:16:05.899+0000] {processor.py:183} INFO - Processing /home/airflow/.local/lib/python3.8/site-packages/airflow/example_dags/example_latest_only_with_trigger.py took 0.058 seconds
[2026-03-27T10:16:36.376+0000] {processor.py:161} INFO - Started process (PID=227) to work on /home/airflow/.local/lib/python3.8/site-packages/airflow/example_dags/example_latest_only_with_trigger.py
[2026-03-27T10:16:36.376+0000] {processor.py:830} INFO - Processing file /home/airflow/.local/lib/python3.8/site-packages/airflow/example_dags/example_latest_only_with_trigger.py for tasks to queue
[2026-03-27T10:16:36.378+0000] {logging_mixin.py:188} INFO - [2026-03-27T10:16:36.378+0000] {dagbag.py:540} INFO - Filling up the DagBag from /home/airflow/.local/lib/python3.8/site-packages/airflow/example_dags/example_latest_only_with_trigger.py
[2026-03-27T10:16:36.382+0000] {processor.py:840} INFO - DAG(s) 'latest_only_with_trigger' retrieved from /home/airflow/.local/lib/python3.8/site-packages/airflow/example_dags/example_latest_only_with_trigger.py
[2026-03-27T10:16:36.397+0000] {logging_mixin.py:188} INFO - [2026-03-27T10:16:36.397+0000] {dag.py:3047} INFO - Sync 1 DAGs
[2026-03-27T10:16:36.412+0000] {logging_mixin.py:188} INFO - [2026-03-27T10:16:36.412+0000] {dag.py:3834} INFO - Setting next_dagrun for latest_only_with_trigger to 2026-03-27 04:00:00+00:00, run_after=2026-03-27 08:00:00+00:00
[2026-03-27T10:16:36.427+0000] {processor.py:183} INFO - Processing /home/airflow/.local/lib/python3.8/site-packages/airflow/example_dags/example_latest_only_with_trigger.py took 0.054 seconds
[2026-03-27T10:17:07.018+0000] {processor.py:161} INFO - Started process (PID=283) to work on /home/airflow/.local/lib/python3.8/site-packages/airflow/example_dags/example_latest_only_with_trigger.py
[2026-03-27T10:17:07.019+0000] {processor.py:830} INFO - Processing file /home/airflow/.local/lib/python3.8/site-packages/airflow/example_dags/example_latest_only_with_trigger.py for tasks to queue
[2026-03-27T10:17:07.021+0000] {logging_mixin.py:188} INFO - [2026-03-27T10:17:07.021+0000] {dagbag.py:540} INFO - Filling up the DagBag from /home/airflow/.local/lib/python3.8/site-packages/airflow/example_dags/example_latest_only_with_trigger.py
[2026-03-27T10:17:07.034+0000] {processor.py:840} INFO - DAG(s) 'latest_only_with_trigger' retrieved from /home/airflow/.local/lib/python3.8/site-packages/airflow/example_dags/example_latest_only_with_trigger.py
[2026-03-27T10:17:07.062+0000] {logging_mixin.py:188} INFO - [2026-03-27T10:17:07.061+0000] {dag.py:3047} INFO - Sync 1 DAGs
[2026-03-27T10:17:07.085+0000] {logging_mixin.py:188} INFO - [2026-03-27T10:17:07.085+0000] {dag.py:3834} INFO - Setting next_dagrun for latest_only_with_trigger to 2026-03-27 04:00:00+00:00, run_after=2026-03-27 08:00:00+00:00
[2026-03-27T10:17:07.100+0000] {processor.py:183} INFO - Processing /home/airflow/.local/lib/python3.8/site-packages/airflow/example_dags/example_latest_only_with_trigger.py took 0.085 seconds
[2026-03-27T10:17:37.715+0000] {processor.py:161} INFO - Started process (PID=339) to work on /home/airflow/.local/lib/python3.8/site-packages/airflow/example_dags/example_latest_only_with_trigger.py
[2026-03-27T10:17:37.716+0000] {processor.py:830} INFO - Processing file /home/airflow/.local/lib/python3.8/site-packages/airflow/example_dags/example_latest_only_with_trigger.py for tasks to queue
[2026-03-27T10:17:37.718+0000] {logging_mixin.py:188} INFO - [2026-03-27T10:17:37.717+0000] {dagbag.py:540} INFO - Filling up the DagBag from /home/airflow/.local/lib/python3.8/site-packages/airflow/example_dags/example_latest_only_with_trigger.py
[2026-03-27T10:17:37.722+0000] {processor.py:840} INFO - DAG(s) 'latest_only_with_trigger' retrieved from /home/airflow/.local/lib/python3.8/site-packages/airflow/example_dags/example_latest_only_with_trigger.py
[2026-03-27T10:17:37.739+0000] {logging_mixin.py:188} INFO - [2026-03-27T10:17:37.739+0000] {dag.py:3047} INFO - Sync 1 DAGs
[2026-03-27T10:17:37.755+0000] {logging_mixin.py:188} INFO - [2026-03-27T10:17:37.755+0000] {dag.py:3834} INFO - Setting next_dagrun for latest_only_with_trigger to 2026-03-27 04:00:00+00:00, run_after=2026-03-27 08:00:00+00:00
[2026-03-27T10:17:37.769+0000] {processor.py:183} INFO - Processing /home/airflow/.local/lib/python3.8/site-packages/airflow/example_dags/example_latest_only_with_trigger.py took 0.057 seconds
[2026-03-27T10:18:08.322+0000] {processor.py:161} INFO - Started process (PID=395) to work on /home/airflow/.local/lib/python3.8/site-packages/airflow/example_dags/example_latest_only_with_trigger.py
[2026-03-27T10:18:08.323+0000] {processor.py:830} INFO - Processing file /home/airflow/.local/lib/python3.8/site-packages/airflow/example_dags/example_latest_only_with_trigger.py for tasks to queue
[2026-03-27T10:18:08.325+0000] {logging_mixin.py:188} INFO - [2026-03-27T10:18:08.325+0000] {dagbag.py:540} INFO - Filling up the DagBag from /home/airflow/.local/lib/python3.8/site-packages/airflow/example_dags/example_latest_only_with_trigger.py
[2026-03-27T10:18:08.332+0000] {processor.py:840} INFO - DAG(s) 'latest_only_with_trigger' retrieved from /home/airflow/.local/lib/python3.8/site-packages/airflow/example_dags/example_latest_only_with_trigger.py
[2026-03-27T10:18:08.352+0000] {logging_mixin.py:188} INFO - [2026-03-27T10:18:08.352+0000] {dag.py:3047} INFO - Sync 1 DAGs
[2026-03-27T10:18:08.373+0000] {logging_mixin.py:188} INFO - [2026-03-27T10:18:08.373+0000] {dag.py:3834} INFO - Setting next_dagrun for latest_only_with_trigger to 2026-03-27 04:00:00+00:00, run_after=2026-03-27 08:00:00+00:00
[2026-03-27T10:18:08.391+0000] {processor.py:183} INFO - Processing /home/airflow/.local/lib/python3.8/site-packages/airflow/example_dags/example_latest_only_with_trigger.py took 0.073 seconds
[2026-03-27T10:18:38.428+0000] {processor.py:161} INFO - Started process (PID=451) to work on /home/airflow/.local/lib/python3.8/site-packages/airflow/example_dags/example_latest_only_with_trigger.py
[2026-03-27T10:18:38.429+0000] {processor.py:830} INFO - Processing file /home/airflow/.local/lib/python3.8/site-packages/airflow/example_dags/example_latest_only_with_trigger.py for tasks to queue
[2026-03-27T10:18:38.431+0000] {logging_mixin.py:188} INFO - [2026-03-27T10:18:38.431+0000] {dagbag.py:540} INFO - Filling up the DagBag from /home/airflow/.local/lib/python3.8/site-packages/airflow/example_dags/example_latest_only_with_trigger.py
[2026-03-27T10:18:38.436+0000] {processor.py:840} INFO - DAG(s) 'latest_only_with_trigger' retrieved from /home/airflow/.local/lib/python3.8/site-packages/airflow/example_dags/example_latest_only_with_trigger.py
[2026-03-27T10:18:38.453+0000] {logging_mixin.py:188} INFO - [2026-03-27T10:18:38.453+0000] {dag.py:3047} INFO - Sync 1 DAGs
[2026-03-27T10:18:38.469+0000] {logging_mixin.py:188} INFO - [2026-03-27T10:18:38.468+0000] {dag.py:3834} INFO - Setting next_dagrun for latest_only_with_trigger to 2026-03-27 04:00:00+00:00, run_after=2026-03-27 08:00:00+00:00
[2026-03-27T10:18:38.483+0000] {processor.py:183} INFO - Processing /home/airflow/.local/lib/python3.8/site-packages/airflow/example_dags/example_latest_only_with_trigger.py took 0.057 seconds
[2026-03-27T10:19:08.728+0000] {processor.py:161} INFO - Started process (PID=513) to work on /home/airflow/.local/lib/python3.8/site-packages/airflow/example_dags/example_latest_only_with_trigger.py
[2026-03-27T10:19:08.729+0000] {processor.py:830} INFO - Processing file /home/airflow/.local/lib/python3.8/site-packages/airflow/example_dags/example_latest_only_with_trigger.py for tasks to queue
[2026-03-27T10:19:08.731+0000] {logging_mixin.py:188} INFO - [2026-03-27T10:19:08.731+0000] {dagbag.py:540} INFO - Filling up the DagBag from /home/airflow/.local/lib/python3.8/site-packages/airflow/example_dags/example_latest_only_with_trigger.py
[2026-03-27T10:19:08.736+0000] {processor.py:840} INFO - DAG(s) 'latest_only_with_trigger' retrieved from /home/airflow/.local/lib/python3.8/site-packages/airflow/example_dags/example_latest_only_with_trigger.py
[2026-03-27T10:19:08.758+0000] {logging_mixin.py:188} INFO - [2026-03-27T10:19:08.758+0000] {dag.py:3047} INFO - Sync 1 DAGs
[2026-03-27T10:19:08.780+0000] {logging_mixin.py:188} INFO - [2026-03-27T10:19:08.780+0000] {dag.py:3834} INFO - Setting next_dagrun for latest_only_with_trigger to 2026-03-27 04:00:00+00:00, run_after=2026-03-27 08:00:00+00:00
[2026-03-27T10:19:08.802+0000] {processor.py:183} INFO - Processing /home/airflow/.local/lib/python3.8/site-packages/airflow/example_dags/example_latest_only_with_trigger.py took 0.077 seconds
[2026-03-27T10:19:38.861+0000] {processor.py:161} INFO - Started process (PID=569) to work on /home/airflow/.local/lib/python3.8/site-packages/airflow/example_dags/example_latest_only_with_trigger.py
[2026-03-27T10:19:38.862+0000] {processor.py:830} INFO - Processing file /home/airflow/.local/lib/python3.8/site-packages/airflow/example_dags/example_latest_only_with_trigger.py for tasks to queue
[2026-03-27T10:19:38.863+0000] {logging_mixin.py:188} INFO - [2026-03-27T10:19:38.863+0000] {dagbag.py:540} INFO - Filling up the DagBag from /home/airflow/.local/lib/python3.8/site-packages/airflow/example_dags/example_latest_only_with_trigger.py
[2026-03-27T10:19:38.867+0000] {processor.py:840} INFO - DAG(s) 'latest_only_with_trigger' retrieved from /home/airflow/.local/lib/python3.8/site-packages/airflow/example_dags/example_latest_only_with_trigger.py
[2026-03-27T10:19:38.883+0000] {logging_mixin.py:188} INFO - [2026-03-27T10:19:38.883+0000] {dag.py:3047} INFO - Sync 1 DAGs
[2026-03-27T10:19:38.898+0000] {logging_mixin.py:188} INFO - [2026-03-27T10:19:38.898+0000] {dag.py:3834} INFO - Setting next_dagrun for latest_only_with_trigger to 2026-03-27 04:00:00+00:00, run_after=2026-03-27 08:00:00+00:00
[2026-03-27T10:19:38.912+0000] {processor.py:183} INFO - Processing /home/airflow/.local/lib/python3.8/site-packages/airflow/example_dags/example_latest_only_with_trigger.py took 0.054 seconds
[2026-03-27T10:20:09.564+0000] {processor.py:161} INFO - Started process (PID=625) to work on /home/airflow/.local/lib/python3.8/site-packages/airflow/example_dags/example_latest_only_with_trigger.py
[2026-03-27T10:20:09.565+0000] {processor.py:830} INFO - Processing file /home/airflow/.local/lib/python3.8/site-packages/airflow/example_dags/example_latest_only_with_trigger.py for tasks to queue
[2026-03-27T10:20:09.567+0000] {logging_mixin.py:188} INFO - [2026-03-27T10:20:09.566+0000] {dagbag.py:540} INFO - Filling up the DagBag from /home/airflow/.local/lib/python3.8/site-packages/airflow/example_dags/example_latest_only_with_trigger.py
[2026-03-27T10:20:09.573+0000] {processor.py:840} INFO - DAG(s) 'latest_only_with_trigger' retrieved from /home/airflow/.local/lib/python3.8/site-packages/airflow/example_dags/example_latest_only_with_trigger.py
[2026-03-27T10:20:09.591+0000] {logging_mixin.py:188} INFO - [2026-03-27T10:20:09.591+0000] {dag.py:3047} INFO - Sync 1 DAGs
[2026-03-27T10:20:09.607+0000] {logging_mixin.py:188} INFO - [2026-03-27T10:20:09.607+0000] {dag.py:3834} INFO - Setting next_dagrun for latest_only_with_trigger to 2026-03-27 04:00:00+00:00, run_after=2026-03-27 08:00:00+00:00
[2026-03-27T10:20:09.624+0000] {processor.py:183} INFO - Processing /home/airflow/.local/lib/python3.8/site-packages/airflow/example_dags/example_latest_only_with_trigger.py took 0.063 seconds
