[2026-03-27T10:15:05.692+0000] {processor.py:161} INFO - Started process (PID=76) to work on /home/airflow/.local/lib/python3.8/site-packages/airflow/example_dags/example_bash_operator.py
[2026-03-27T10:15:05.693+0000] {processor.py:830} INFO - Processing file /home/airflow/.local/lib/python3.8/site-packages/airflow/example_dags/example_bash_operator.py for tasks to queue
[2026-03-27T10:15:05.695+0000] {logging_mixin.py:188} INFO - [2026-03-27T10:15:05.695+0000] {dagbag.py:540} INFO - Filling up the DagBag from /home/airflow/.local/lib/python3.8/site-packages/airflow/example_dags/example_bash_operator.py
[2026-03-27T10:15:05.707+0000] {processor.py:840} INFO - DAG(s) 'example_bash_operator' retrieved from /home/airflow/.local/lib/python3.8/site-packages/airflow/example_dags/example_bash_operator.py
[2026-03-27T10:15:05.725+0000] {logging_mixin.py:188} INFO - [2026-03-27T10:15:05.724+0000] {dag.py:3047} INFO - Sync 1 DAGs
[2026-03-27T10:15:05.753+0000] {logging_mixin.py:188} INFO - [2026-03-27T10:15:05.753+0000] {dag.py:3834} INFO - Setting next_dagrun for example_bash_operator to 2026-03-26 00:00:00+00:00, run_after=2026-03-27 00:00:00+00:00
[2026-03-27T10:15:05.774+0000] {processor.py:183} INFO - Processing /home/airflow/.local/lib/python3.8/site-packages/airflow/example_dags/example_bash_operator.py took 0.086 seconds
[2026-03-27T10:15:37.117+0000] {processor.py:161} INFO - Started process (PID=132) to work on /home/airflow/.local/lib/python3.8/site-packages/airflow/example_dags/example_bash_operator.py
[2026-03-27T10:15:37.119+0000] {processor.py:830} INFO - Processing file /home/airflow/.local/lib/python3.8/site-packages/airflow/example_dags/example_bash_operator.py for tasks to queue
[2026-03-27T10:15:37.122+0000] {logging_mixin.py:188} INFO - [2026-03-27T10:15:37.121+0000] {dagbag.py:540} INFO - Filling up the DagBag from /home/airflow/.local/lib/python3.8/site-packages/airflow/example_dags/example_bash_operator.py
[2026-03-27T10:15:37.130+0000] {processor.py:840} INFO - DAG(s) 'example_bash_operator' retrieved from /home/airflow/.local/lib/python3.8/site-packages/airflow/example_dags/example_bash_operator.py
[2026-03-27T10:15:37.207+0000] {logging_mixin.py:188} INFO - [2026-03-27T10:15:37.207+0000] {dag.py:3047} INFO - Sync 1 DAGs
[2026-03-27T10:15:37.221+0000] {logging_mixin.py:188} INFO - [2026-03-27T10:15:37.220+0000] {dag.py:3834} INFO - Setting next_dagrun for example_bash_operator to 2026-03-26 00:00:00+00:00, run_after=2026-03-27 00:00:00+00:00
[2026-03-27T10:15:37.235+0000] {processor.py:183} INFO - Processing /home/airflow/.local/lib/python3.8/site-packages/airflow/example_dags/example_bash_operator.py took 0.121 seconds
[2026-03-27T10:16:07.738+0000] {processor.py:161} INFO - Started process (PID=188) to work on /home/airflow/.local/lib/python3.8/site-packages/airflow/example_dags/example_bash_operator.py
[2026-03-27T10:16:07.739+0000] {processor.py:830} INFO - Processing file /home/airflow/.local/lib/python3.8/site-packages/airflow/example_dags/example_bash_operator.py for tasks to queue
[2026-03-27T10:16:07.741+0000] {logging_mixin.py:188} INFO - [2026-03-27T10:16:07.741+0000] {dagbag.py:540} INFO - Filling up the DagBag from /home/airflow/.local/lib/python3.8/site-packages/airflow/example_dags/example_bash_operator.py
[2026-03-27T10:16:07.749+0000] {processor.py:840} INFO - DAG(s) 'example_bash_operator' retrieved from /home/airflow/.local/lib/python3.8/site-packages/airflow/example_dags/example_bash_operator.py
[2026-03-27T10:16:07.769+0000] {logging_mixin.py:188} INFO - [2026-03-27T10:16:07.769+0000] {dag.py:3047} INFO - Sync 1 DAGs
[2026-03-27T10:16:07.785+0000] {logging_mixin.py:188} INFO - [2026-03-27T10:16:07.785+0000] {dag.py:3834} INFO - Setting next_dagrun for example_bash_operator to 2026-03-26 00:00:00+00:00, run_after=2026-03-27 00:00:00+00:00
[2026-03-27T10:16:07.799+0000] {processor.py:183} INFO - Processing /home/airflow/.local/lib/python3.8/site-packages/airflow/example_dags/example_bash_operator.py took 0.063 seconds
[2026-03-27T10:16:38.416+0000] {processor.py:161} INFO - Started process (PID=250) to work on /home/airflow/.local/lib/python3.8/site-packages/airflow/example_dags/example_bash_operator.py
[2026-03-27T10:16:38.417+0000] {processor.py:830} INFO - Processing file /home/airflow/.local/lib/python3.8/site-packages/airflow/example_dags/example_bash_operator.py for tasks to queue
[2026-03-27T10:16:38.419+0000] {logging_mixin.py:188} INFO - [2026-03-27T10:16:38.419+0000] {dagbag.py:540} INFO - Filling up the DagBag from /home/airflow/.local/lib/python3.8/site-packages/airflow/example_dags/example_bash_operator.py
[2026-03-27T10:16:38.432+0000] {processor.py:840} INFO - DAG(s) 'example_bash_operator' retrieved from /home/airflow/.local/lib/python3.8/site-packages/airflow/example_dags/example_bash_operator.py
[2026-03-27T10:16:38.458+0000] {logging_mixin.py:188} INFO - [2026-03-27T10:16:38.457+0000] {dag.py:3047} INFO - Sync 1 DAGs
[2026-03-27T10:16:38.481+0000] {logging_mixin.py:188} INFO - [2026-03-27T10:16:38.480+0000] {dag.py:3834} INFO - Setting next_dagrun for example_bash_operator to 2026-03-26 00:00:00+00:00, run_after=2026-03-27 00:00:00+00:00
[2026-03-27T10:16:38.501+0000] {processor.py:183} INFO - Processing /home/airflow/.local/lib/python3.8/site-packages/airflow/example_dags/example_bash_operator.py took 0.089 seconds
[2026-03-27T10:17:09.092+0000] {processor.py:161} INFO - Started process (PID=306) to work on /home/airflow/.local/lib/python3.8/site-packages/airflow/example_dags/example_bash_operator.py
[2026-03-27T10:17:09.093+0000] {processor.py:830} INFO - Processing file /home/airflow/.local/lib/python3.8/site-packages/airflow/example_dags/example_bash_operator.py for tasks to queue
[2026-03-27T10:17:09.095+0000] {logging_mixin.py:188} INFO - [2026-03-27T10:17:09.094+0000] {dagbag.py:540} INFO - Filling up the DagBag from /home/airflow/.local/lib/python3.8/site-packages/airflow/example_dags/example_bash_operator.py
[2026-03-27T10:17:09.103+0000] {processor.py:840} INFO - DAG(s) 'example_bash_operator' retrieved from /home/airflow/.local/lib/python3.8/site-packages/airflow/example_dags/example_bash_operator.py
[2026-03-27T10:17:09.124+0000] {logging_mixin.py:188} INFO - [2026-03-27T10:17:09.124+0000] {dag.py:3047} INFO - Sync 1 DAGs
[2026-03-27T10:17:09.141+0000] {logging_mixin.py:188} INFO - [2026-03-27T10:17:09.140+0000] {dag.py:3834} INFO - Setting next_dagrun for example_bash_operator to 2026-03-26 00:00:00+00:00, run_after=2026-03-27 00:00:00+00:00
[2026-03-27T10:17:09.156+0000] {processor.py:183} INFO - Processing /home/airflow/.local/lib/python3.8/site-packages/airflow/example_dags/example_bash_operator.py took 0.067 seconds
[2026-03-27T10:17:39.455+0000] {processor.py:161} INFO - Started process (PID=362) to work on /home/airflow/.local/lib/python3.8/site-packages/airflow/example_dags/example_bash_operator.py
[2026-03-27T10:17:39.456+0000] {processor.py:830} INFO - Processing file /home/airflow/.local/lib/python3.8/site-packages/airflow/example_dags/example_bash_operator.py for tasks to queue
[2026-03-27T10:17:39.458+0000] {logging_mixin.py:188} INFO - [2026-03-27T10:17:39.457+0000] {dagbag.py:540} INFO - Filling up the DagBag from /home/airflow/.local/lib/python3.8/site-packages/airflow/example_dags/example_bash_operator.py
[2026-03-27T10:17:39.466+0000] {processor.py:840} INFO - DAG(s) 'example_bash_operator' retrieved from /home/airflow/.local/lib/python3.8/site-packages/airflow/example_dags/example_bash_operator.py
[2026-03-27T10:17:39.485+0000] {logging_mixin.py:188} INFO - [2026-03-27T10:17:39.485+0000] {dag.py:3047} INFO - Sync 1 DAGs
[2026-03-27T10:17:39.501+0000] {logging_mixin.py:188} INFO - [2026-03-27T10:17:39.501+0000] {dag.py:3834} INFO - Setting next_dagrun for example_bash_operator to 2026-03-26 00:00:00+00:00, run_after=2026-03-27 00:00:00+00:00
[2026-03-27T10:17:39.517+0000] {processor.py:183} INFO - Processing /home/airflow/.local/lib/python3.8/site-packages/airflow/example_dags/example_bash_operator.py took 0.065 seconds
[2026-03-27T10:18:10.164+0000] {processor.py:161} INFO - Started process (PID=418) to work on /home/airflow/.local/lib/python3.8/site-packages/airflow/example_dags/example_bash_operator.py
[2026-03-27T10:18:10.168+0000] {processor.py:830} INFO - Processing file /home/airflow/.local/lib/python3.8/site-packages/airflow/example_dags/example_bash_operator.py for tasks to queue
[2026-03-27T10:18:10.171+0000] {logging_mixin.py:188} INFO - [2026-03-27T10:18:10.171+0000] {dagbag.py:540} INFO - Filling up the DagBag from /home/airflow/.local/lib/python3.8/site-packages/airflow/example_dags/example_bash_operator.py
[2026-03-27T10:18:10.184+0000] {processor.py:840} INFO - DAG(s) 'example_bash_operator' retrieved from /home/airflow/.local/lib/python3.8/site-packages/airflow/example_dags/example_bash_operator.py
[2026-03-27T10:18:10.207+0000] {logging_mixin.py:188} INFO - [2026-03-27T10:18:10.207+0000] {dag.py:3047} INFO - Sync 1 DAGs
[2026-03-27T10:18:10.227+0000] {logging_mixin.py:188} INFO - [2026-03-27T10:18:10.227+0000] {dag.py:3834} INFO - Setting next_dagrun for example_bash_operator to 2026-03-26 00:00:00+00:00, run_after=2026-03-27 00:00:00+00:00
[2026-03-27T10:18:10.246+0000] {processor.py:183} INFO - Processing /home/airflow/.local/lib/python3.8/site-packages/airflow/example_dags/example_bash_operator.py took 0.087 seconds
[2026-03-27T10:18:40.350+0000] {processor.py:161} INFO - Started process (PID=474) to work on /home/airflow/.local/lib/python3.8/site-packages/airflow/example_dags/example_bash_operator.py
[2026-03-27T10:18:40.351+0000] {processor.py:830} INFO - Processing file /home/airflow/.local/lib/python3.8/site-packages/airflow/example_dags/example_bash_operator.py for tasks to queue
[2026-03-27T10:18:40.353+0000] {logging_mixin.py:188} INFO - [2026-03-27T10:18:40.353+0000] {dagbag.py:540} INFO - Filling up the DagBag from /home/airflow/.local/lib/python3.8/site-packages/airflow/example_dags/example_bash_operator.py
[2026-03-27T10:18:40.362+0000] {processor.py:840} INFO - DAG(s) 'example_bash_operator' retrieved from /home/airflow/.local/lib/python3.8/site-packages/airflow/example_dags/example_bash_operator.py
[2026-03-27T10:18:40.385+0000] {logging_mixin.py:188} INFO - [2026-03-27T10:18:40.385+0000] {dag.py:3047} INFO - Sync 1 DAGs
[2026-03-27T10:18:40.401+0000] {logging_mixin.py:188} INFO - [2026-03-27T10:18:40.400+0000] {dag.py:3834} INFO - Setting next_dagrun for example_bash_operator to 2026-03-26 00:00:00+00:00, run_after=2026-03-27 00:00:00+00:00
[2026-03-27T10:18:40.417+0000] {processor.py:183} INFO - Processing /home/airflow/.local/lib/python3.8/site-packages/airflow/example_dags/example_bash_operator.py took 0.071 seconds
[2026-03-27T10:19:10.852+0000] {processor.py:161} INFO - Started process (PID=530) to work on /home/airflow/.local/lib/python3.8/site-packages/airflow/example_dags/example_bash_operator.py
[2026-03-27T10:19:10.854+0000] {processor.py:830} INFO - Processing file /home/airflow/.local/lib/python3.8/site-packages/airflow/example_dags/example_bash_operator.py for tasks to queue
[2026-03-27T10:19:10.856+0000] {logging_mixin.py:188} INFO - [2026-03-27T10:19:10.855+0000] {dagbag.py:540} INFO - Filling up the DagBag from /home/airflow/.local/lib/python3.8/site-packages/airflow/example_dags/example_bash_operator.py
[2026-03-27T10:19:10.865+0000] {processor.py:840} INFO - DAG(s) 'example_bash_operator' retrieved from /home/airflow/.local/lib/python3.8/site-packages/airflow/example_dags/example_bash_operator.py
[2026-03-27T10:19:10.887+0000] {logging_mixin.py:188} INFO - [2026-03-27T10:19:10.887+0000] {dag.py:3047} INFO - Sync 1 DAGs
[2026-03-27T10:19:10.905+0000] {logging_mixin.py:188} INFO - [2026-03-27T10:19:10.905+0000] {dag.py:3834} INFO - Setting next_dagrun for example_bash_operator to 2026-03-26 00:00:00+00:00, run_after=2026-03-27 00:00:00+00:00
[2026-03-27T10:19:10.922+0000] {processor.py:183} INFO - Processing /home/airflow/.local/lib/python3.8/site-packages/airflow/example_dags/example_bash_operator.py took 0.074 seconds
[2026-03-27T10:19:41.807+0000] {processor.py:161} INFO - Started process (PID=586) to work on /home/airflow/.local/lib/python3.8/site-packages/airflow/example_dags/example_bash_operator.py
[2026-03-27T10:19:41.808+0000] {processor.py:830} INFO - Processing file /home/airflow/.local/lib/python3.8/site-packages/airflow/example_dags/example_bash_operator.py for tasks to queue
[2026-03-27T10:19:41.810+0000] {logging_mixin.py:188} INFO - [2026-03-27T10:19:41.810+0000] {dagbag.py:540} INFO - Filling up the DagBag from /home/airflow/.local/lib/python3.8/site-packages/airflow/example_dags/example_bash_operator.py
[2026-03-27T10:19:41.819+0000] {processor.py:840} INFO - DAG(s) 'example_bash_operator' retrieved from /home/airflow/.local/lib/python3.8/site-packages/airflow/example_dags/example_bash_operator.py
[2026-03-27T10:19:41.839+0000] {logging_mixin.py:188} INFO - [2026-03-27T10:19:41.839+0000] {dag.py:3047} INFO - Sync 1 DAGs
[2026-03-27T10:19:41.857+0000] {logging_mixin.py:188} INFO - [2026-03-27T10:19:41.857+0000] {dag.py:3834} INFO - Setting next_dagrun for example_bash_operator to 2026-03-26 00:00:00+00:00, run_after=2026-03-27 00:00:00+00:00
[2026-03-27T10:19:41.872+0000] {processor.py:183} INFO - Processing /home/airflow/.local/lib/python3.8/site-packages/airflow/example_dags/example_bash_operator.py took 0.067 seconds
[2026-03-27T10:20:12.385+0000] {processor.py:161} INFO - Started process (PID=642) to work on /home/airflow/.local/lib/python3.8/site-packages/airflow/example_dags/example_bash_operator.py
[2026-03-27T10:20:12.386+0000] {processor.py:830} INFO - Processing file /home/airflow/.local/lib/python3.8/site-packages/airflow/example_dags/example_bash_operator.py for tasks to queue
[2026-03-27T10:20:12.388+0000] {logging_mixin.py:188} INFO - [2026-03-27T10:20:12.387+0000] {dagbag.py:540} INFO - Filling up the DagBag from /home/airflow/.local/lib/python3.8/site-packages/airflow/example_dags/example_bash_operator.py
[2026-03-27T10:20:12.395+0000] {processor.py:840} INFO - DAG(s) 'example_bash_operator' retrieved from /home/airflow/.local/lib/python3.8/site-packages/airflow/example_dags/example_bash_operator.py
[2026-03-27T10:20:12.415+0000] {logging_mixin.py:188} INFO - [2026-03-27T10:20:12.415+0000] {dag.py:3047} INFO - Sync 1 DAGs
[2026-03-27T10:20:12.434+0000] {logging_mixin.py:188} INFO - [2026-03-27T10:20:12.434+0000] {dag.py:3834} INFO - Setting next_dagrun for example_bash_operator to 2026-03-26 00:00:00+00:00, run_after=2026-03-27 00:00:00+00:00
[2026-03-27T10:20:12.451+0000] {processor.py:183} INFO - Processing /home/airflow/.local/lib/python3.8/site-packages/airflow/example_dags/example_bash_operator.py took 0.069 seconds
