[2026-03-27T10:15:06.088+0000] {processor.py:161} INFO - Started process (PID=83) to work on /home/airflow/.local/lib/python3.8/site-packages/airflow/example_dags/example_python_decorator.py
[2026-03-27T10:15:06.090+0000] {processor.py:830} INFO - Processing file /home/airflow/.local/lib/python3.8/site-packages/airflow/example_dags/example_python_decorator.py for tasks to queue
[2026-03-27T10:15:06.092+0000] {logging_mixin.py:188} INFO - [2026-03-27T10:15:06.092+0000] {dagbag.py:540} INFO - Filling up the DagBag from /home/airflow/.local/lib/python3.8/site-packages/airflow/example_dags/example_python_decorator.py
[2026-03-27T10:15:06.105+0000] {processor.py:840} INFO - DAG(s) 'example_python_decorator' retrieved from /home/airflow/.local/lib/python3.8/site-packages/airflow/example_dags/example_python_decorator.py
[2026-03-27T10:15:06.119+0000] {logging_mixin.py:188} INFO - [2026-03-27T10:15:06.119+0000] {dag.py:3047} INFO - Sync 1 DAGs
[2026-03-27T10:15:06.134+0000] {logging_mixin.py:188} INFO - [2026-03-27T10:15:06.134+0000] {dag.py:3834} INFO - Setting next_dagrun for example_python_decorator to None, run_after=None
[2026-03-27T10:15:06.153+0000] {processor.py:183} INFO - Processing /home/airflow/.local/lib/python3.8/site-packages/airflow/example_dags/example_python_decorator.py took 0.068 seconds
[2026-03-27T10:15:37.732+0000] {processor.py:161} INFO - Started process (PID=139) to work on /home/airflow/.local/lib/python3.8/site-packages/airflow/example_dags/example_python_decorator.py
[2026-03-27T10:15:37.733+0000] {processor.py:830} INFO - Processing file /home/airflow/.local/lib/python3.8/site-packages/airflow/example_dags/example_python_decorator.py for tasks to queue
[2026-03-27T10:15:37.735+0000] {logging_mixin.py:188} INFO - [2026-03-27T10:15:37.735+0000] {dagbag.py:540} INFO - Filling up the DagBag from /home/airflow/.local/lib/python3.8/site-packages/airflow/example_dags/example_python_decorator.py
[2026-03-27T10:15:37.755+0000] {processor.py:840} INFO - DAG(s) 'example_python_decorator' retrieved from /home/airflow/.local/lib/python3.8/site-packages/airflow/example_dags/example_python_decorator.py
[2026-03-27T10:15:37.914+0000] {logging_mixin.py:188} INFO - [2026-03-27T10:15:37.913+0000] {dag.py:3047} INFO - Sync 1 DAGs
[2026-03-27T10:15:37.928+0000] {logging_mixin.py:188} INFO - [2026-03-27T10:15:37.928+0000] {dag.py:3834} INFO - Setting next_dagrun for example_python_decorator to None, run_after=None
[2026-03-27T10:15:37.977+0000] {processor.py:183} INFO - Processing /home/airflow/.local/lib/python3.8/site-packages/airflow/example_dags/example_python_decorator.py took 0.250 seconds
[2026-03-27T10:16:08.215+0000] {processor.py:161} INFO - Started process (PID=195) to work on /home/airflow/.local/lib/python3.8/site-packages/airflow/example_dags/example_python_decorator.py
[2026-03-27T10:16:08.216+0000] {processor.py:830} INFO - Processing file /home/airflow/.local/lib/python3.8/site-packages/airflow/example_dags/example_python_decorator.py for tasks to queue
[2026-03-27T10:16:08.218+0000] {logging_mixin.py:188} INFO - [2026-03-27T10:16:08.217+0000] {dagbag.py:540} INFO - Filling up the DagBag from /home/airflow/.local/lib/python3.8/site-packages/airflow/example_dags/example_python_decorator.py
[2026-03-27T10:16:08.230+0000] {processor.py:840} INFO - DAG(s) 'example_python_decorator' retrieved from /home/airflow/.local/lib/python3.8/site-packages/airflow/example_dags/example_python_decorator.py
[2026-03-27T10:16:08.249+0000] {logging_mixin.py:188} INFO - [2026-03-27T10:16:08.248+0000] {dag.py:3047} INFO - Sync 1 DAGs
[2026-03-27T10:16:08.258+0000] {logging_mixin.py:188} INFO - [2026-03-27T10:16:08.257+0000] {dag.py:3834} INFO - Setting next_dagrun for example_python_decorator to None, run_after=None
[2026-03-27T10:16:08.274+0000] {processor.py:183} INFO - Processing /home/airflow/.local/lib/python3.8/site-packages/airflow/example_dags/example_python_decorator.py took 0.062 seconds
[2026-03-27T10:16:38.712+0000] {processor.py:161} INFO - Started process (PID=257) to work on /home/airflow/.local/lib/python3.8/site-packages/airflow/example_dags/example_python_decorator.py
[2026-03-27T10:16:38.713+0000] {processor.py:830} INFO - Processing file /home/airflow/.local/lib/python3.8/site-packages/airflow/example_dags/example_python_decorator.py for tasks to queue
[2026-03-27T10:16:38.715+0000] {logging_mixin.py:188} INFO - [2026-03-27T10:16:38.714+0000] {dagbag.py:540} INFO - Filling up the DagBag from /home/airflow/.local/lib/python3.8/site-packages/airflow/example_dags/example_python_decorator.py
[2026-03-27T10:16:38.724+0000] {processor.py:840} INFO - DAG(s) 'example_python_decorator' retrieved from /home/airflow/.local/lib/python3.8/site-packages/airflow/example_dags/example_python_decorator.py
[2026-03-27T10:16:38.742+0000] {logging_mixin.py:188} INFO - [2026-03-27T10:16:38.742+0000] {dag.py:3047} INFO - Sync 1 DAGs
[2026-03-27T10:16:38.751+0000] {logging_mixin.py:188} INFO - [2026-03-27T10:16:38.751+0000] {dag.py:3834} INFO - Setting next_dagrun for example_python_decorator to None, run_after=None
[2026-03-27T10:16:38.768+0000] {processor.py:183} INFO - Processing /home/airflow/.local/lib/python3.8/site-packages/airflow/example_dags/example_python_decorator.py took 0.059 seconds
[2026-03-27T10:17:09.437+0000] {processor.py:161} INFO - Started process (PID=313) to work on /home/airflow/.local/lib/python3.8/site-packages/airflow/example_dags/example_python_decorator.py
[2026-03-27T10:17:09.437+0000] {processor.py:830} INFO - Processing file /home/airflow/.local/lib/python3.8/site-packages/airflow/example_dags/example_python_decorator.py for tasks to queue
[2026-03-27T10:17:09.439+0000] {logging_mixin.py:188} INFO - [2026-03-27T10:17:09.439+0000] {dagbag.py:540} INFO - Filling up the DagBag from /home/airflow/.local/lib/python3.8/site-packages/airflow/example_dags/example_python_decorator.py
[2026-03-27T10:17:09.449+0000] {processor.py:840} INFO - DAG(s) 'example_python_decorator' retrieved from /home/airflow/.local/lib/python3.8/site-packages/airflow/example_dags/example_python_decorator.py
[2026-03-27T10:17:09.464+0000] {logging_mixin.py:188} INFO - [2026-03-27T10:17:09.464+0000] {dag.py:3047} INFO - Sync 1 DAGs
[2026-03-27T10:17:09.472+0000] {logging_mixin.py:188} INFO - [2026-03-27T10:17:09.472+0000] {dag.py:3834} INFO - Setting next_dagrun for example_python_decorator to None, run_after=None
[2026-03-27T10:17:09.486+0000] {processor.py:183} INFO - Processing /home/airflow/.local/lib/python3.8/site-packages/airflow/example_dags/example_python_decorator.py took 0.052 seconds
[2026-03-27T10:17:39.778+0000] {processor.py:161} INFO - Started process (PID=369) to work on /home/airflow/.local/lib/python3.8/site-packages/airflow/example_dags/example_python_decorator.py
[2026-03-27T10:17:39.779+0000] {processor.py:830} INFO - Processing file /home/airflow/.local/lib/python3.8/site-packages/airflow/example_dags/example_python_decorator.py for tasks to queue
[2026-03-27T10:17:39.781+0000] {logging_mixin.py:188} INFO - [2026-03-27T10:17:39.780+0000] {dagbag.py:540} INFO - Filling up the DagBag from /home/airflow/.local/lib/python3.8/site-packages/airflow/example_dags/example_python_decorator.py
[2026-03-27T10:17:39.790+0000] {processor.py:840} INFO - DAG(s) 'example_python_decorator' retrieved from /home/airflow/.local/lib/python3.8/site-packages/airflow/example_dags/example_python_decorator.py
[2026-03-27T10:17:39.808+0000] {logging_mixin.py:188} INFO - [2026-03-27T10:17:39.808+0000] {dag.py:3047} INFO - Sync 1 DAGs
[2026-03-27T10:17:39.817+0000] {logging_mixin.py:188} INFO - [2026-03-27T10:17:39.817+0000] {dag.py:3834} INFO - Setting next_dagrun for example_python_decorator to None, run_after=None
[2026-03-27T10:17:39.834+0000] {processor.py:183} INFO - Processing /home/airflow/.local/lib/python3.8/site-packages/airflow/example_dags/example_python_decorator.py took 0.059 seconds
[2026-03-27T10:18:10.647+0000] {processor.py:161} INFO - Started process (PID=425) to work on /home/airflow/.local/lib/python3.8/site-packages/airflow/example_dags/example_python_decorator.py
[2026-03-27T10:18:10.648+0000] {processor.py:830} INFO - Processing file /home/airflow/.local/lib/python3.8/site-packages/airflow/example_dags/example_python_decorator.py for tasks to queue
[2026-03-27T10:18:10.650+0000] {logging_mixin.py:188} INFO - [2026-03-27T10:18:10.649+0000] {dagbag.py:540} INFO - Filling up the DagBag from /home/airflow/.local/lib/python3.8/site-packages/airflow/example_dags/example_python_decorator.py
[2026-03-27T10:18:10.660+0000] {processor.py:840} INFO - DAG(s) 'example_python_decorator' retrieved from /home/airflow/.local/lib/python3.8/site-packages/airflow/example_dags/example_python_decorator.py
[2026-03-27T10:18:10.678+0000] {logging_mixin.py:188} INFO - [2026-03-27T10:18:10.678+0000] {dag.py:3047} INFO - Sync 1 DAGs
[2026-03-27T10:18:10.687+0000] {logging_mixin.py:188} INFO - [2026-03-27T10:18:10.687+0000] {dag.py:3834} INFO - Setting next_dagrun for example_python_decorator to None, run_after=None
[2026-03-27T10:18:10.702+0000] {processor.py:183} INFO - Processing /home/airflow/.local/lib/python3.8/site-packages/airflow/example_dags/example_python_decorator.py took 0.058 seconds
[2026-03-27T10:18:40.802+0000] {processor.py:161} INFO - Started process (PID=482) to work on /home/airflow/.local/lib/python3.8/site-packages/airflow/example_dags/example_python_decorator.py
[2026-03-27T10:18:40.803+0000] {processor.py:830} INFO - Processing file /home/airflow/.local/lib/python3.8/site-packages/airflow/example_dags/example_python_decorator.py for tasks to queue
[2026-03-27T10:18:40.805+0000] {logging_mixin.py:188} INFO - [2026-03-27T10:18:40.805+0000] {dagbag.py:540} INFO - Filling up the DagBag from /home/airflow/.local/lib/python3.8/site-packages/airflow/example_dags/example_python_decorator.py
[2026-03-27T10:18:40.815+0000] {processor.py:840} INFO - DAG(s) 'example_python_decorator' retrieved from /home/airflow/.local/lib/python3.8/site-packages/airflow/example_dags/example_python_decorator.py
[2026-03-27T10:18:40.835+0000] {logging_mixin.py:188} INFO - [2026-03-27T10:18:40.834+0000] {dag.py:3047} INFO - Sync 1 DAGs
[2026-03-27T10:18:40.849+0000] {logging_mixin.py:188} INFO - [2026-03-27T10:18:40.849+0000] {dag.py:3834} INFO - Setting next_dagrun for example_python_decorator to None, run_after=None
[2026-03-27T10:18:40.864+0000] {processor.py:183} INFO - Processing /home/airflow/.local/lib/python3.8/site-packages/airflow/example_dags/example_python_decorator.py took 0.066 seconds
[2026-03-27T10:19:11.289+0000] {processor.py:161} INFO - Started process (PID=537) to work on /home/airflow/.local/lib/python3.8/site-packages/airflow/example_dags/example_python_decorator.py
[2026-03-27T10:19:11.290+0000] {processor.py:830} INFO - Processing file /home/airflow/.local/lib/python3.8/site-packages/airflow/example_dags/example_python_decorator.py for tasks to queue
[2026-03-27T10:19:11.292+0000] {logging_mixin.py:188} INFO - [2026-03-27T10:19:11.292+0000] {dagbag.py:540} INFO - Filling up the DagBag from /home/airflow/.local/lib/python3.8/site-packages/airflow/example_dags/example_python_decorator.py
[2026-03-27T10:19:11.303+0000] {processor.py:840} INFO - DAG(s) 'example_python_decorator' retrieved from /home/airflow/.local/lib/python3.8/site-packages/airflow/example_dags/example_python_decorator.py
[2026-03-27T10:19:11.322+0000] {logging_mixin.py:188} INFO - [2026-03-27T10:19:11.322+0000] {dag.py:3047} INFO - Sync 1 DAGs
[2026-03-27T10:19:11.331+0000] {logging_mixin.py:188} INFO - [2026-03-27T10:19:11.331+0000] {dag.py:3834} INFO - Setting next_dagrun for example_python_decorator to None, run_after=None
[2026-03-27T10:19:11.347+0000] {processor.py:183} INFO - Processing /home/airflow/.local/lib/python3.8/site-packages/airflow/example_dags/example_python_decorator.py took 0.060 seconds
[2026-03-27T10:19:42.148+0000] {processor.py:161} INFO - Started process (PID=593) to work on /home/airflow/.local/lib/python3.8/site-packages/airflow/example_dags/example_python_decorator.py
[2026-03-27T10:19:42.149+0000] {processor.py:830} INFO - Processing file /home/airflow/.local/lib/python3.8/site-packages/airflow/example_dags/example_python_decorator.py for tasks to queue
[2026-03-27T10:19:42.150+0000] {logging_mixin.py:188} INFO - [2026-03-27T10:19:42.150+0000] {dagbag.py:540} INFO - Filling up the DagBag from /home/airflow/.local/lib/python3.8/site-packages/airflow/example_dags/example_python_decorator.py
[2026-03-27T10:19:42.159+0000] {processor.py:840} INFO - DAG(s) 'example_python_decorator' retrieved from /home/airflow/.local/lib/python3.8/site-packages/airflow/example_dags/example_python_decorator.py
[2026-03-27T10:19:42.175+0000] {logging_mixin.py:188} INFO - [2026-03-27T10:19:42.175+0000] {dag.py:3047} INFO - Sync 1 DAGs
[2026-03-27T10:19:42.184+0000] {logging_mixin.py:188} INFO - [2026-03-27T10:19:42.183+0000] {dag.py:3834} INFO - Setting next_dagrun for example_python_decorator to None, run_after=None
[2026-03-27T10:19:42.198+0000] {processor.py:183} INFO - Processing /home/airflow/.local/lib/python3.8/site-packages/airflow/example_dags/example_python_decorator.py took 0.053 seconds
[2026-03-27T10:20:12.721+0000] {processor.py:161} INFO - Started process (PID=649) to work on /home/airflow/.local/lib/python3.8/site-packages/airflow/example_dags/example_python_decorator.py
[2026-03-27T10:20:12.722+0000] {processor.py:830} INFO - Processing file /home/airflow/.local/lib/python3.8/site-packages/airflow/example_dags/example_python_decorator.py for tasks to queue
[2026-03-27T10:20:12.724+0000] {logging_mixin.py:188} INFO - [2026-03-27T10:20:12.723+0000] {dagbag.py:540} INFO - Filling up the DagBag from /home/airflow/.local/lib/python3.8/site-packages/airflow/example_dags/example_python_decorator.py
[2026-03-27T10:20:12.733+0000] {processor.py:840} INFO - DAG(s) 'example_python_decorator' retrieved from /home/airflow/.local/lib/python3.8/site-packages/airflow/example_dags/example_python_decorator.py
[2026-03-27T10:20:12.749+0000] {logging_mixin.py:188} INFO - [2026-03-27T10:20:12.749+0000] {dag.py:3047} INFO - Sync 1 DAGs
[2026-03-27T10:20:12.758+0000] {logging_mixin.py:188} INFO - [2026-03-27T10:20:12.757+0000] {dag.py:3834} INFO - Setting next_dagrun for example_python_decorator to None, run_after=None
[2026-03-27T10:20:12.774+0000] {processor.py:183} INFO - Processing /home/airflow/.local/lib/python3.8/site-packages/airflow/example_dags/example_python_decorator.py took 0.057 seconds
