[2026-03-27T10:15:04.752+0000] {processor.py:161} INFO - Started process (PID=62) to work on /home/airflow/.local/lib/python3.8/site-packages/airflow/example_dags/example_short_circuit_operator.py
[2026-03-27T10:15:04.753+0000] {processor.py:830} INFO - Processing file /home/airflow/.local/lib/python3.8/site-packages/airflow/example_dags/example_short_circuit_operator.py for tasks to queue
[2026-03-27T10:15:04.755+0000] {logging_mixin.py:188} INFO - [2026-03-27T10:15:04.755+0000] {dagbag.py:540} INFO - Filling up the DagBag from /home/airflow/.local/lib/python3.8/site-packages/airflow/example_dags/example_short_circuit_operator.py
[2026-03-27T10:15:04.764+0000] {processor.py:840} INFO - DAG(s) 'example_short_circuit_operator' retrieved from /home/airflow/.local/lib/python3.8/site-packages/airflow/example_dags/example_short_circuit_operator.py
[2026-03-27T10:15:04.775+0000] {logging_mixin.py:188} INFO - [2026-03-27T10:15:04.775+0000] {dag.py:3047} INFO - Sync 1 DAGs
[2026-03-27T10:15:04.792+0000] {logging_mixin.py:188} INFO - [2026-03-27T10:15:04.792+0000] {dag.py:3834} INFO - Setting next_dagrun for example_short_circuit_operator to 2026-03-26 00:00:00+00:00, run_after=2026-03-27 00:00:00+00:00
[2026-03-27T10:15:04.810+0000] {processor.py:183} INFO - Processing /home/airflow/.local/lib/python3.8/site-packages/airflow/example_dags/example_short_circuit_operator.py took 0.062 seconds
[2026-03-27T10:15:35.652+0000] {processor.py:161} INFO - Started process (PID=118) to work on /home/airflow/.local/lib/python3.8/site-packages/airflow/example_dags/example_short_circuit_operator.py
[2026-03-27T10:15:35.653+0000] {processor.py:830} INFO - Processing file /home/airflow/.local/lib/python3.8/site-packages/airflow/example_dags/example_short_circuit_operator.py for tasks to queue
[2026-03-27T10:15:35.655+0000] {logging_mixin.py:188} INFO - [2026-03-27T10:15:35.654+0000] {dagbag.py:540} INFO - Filling up the DagBag from /home/airflow/.local/lib/python3.8/site-packages/airflow/example_dags/example_short_circuit_operator.py
[2026-03-27T10:15:35.660+0000] {processor.py:840} INFO - DAG(s) 'example_short_circuit_operator' retrieved from /home/airflow/.local/lib/python3.8/site-packages/airflow/example_dags/example_short_circuit_operator.py
[2026-03-27T10:15:35.735+0000] {logging_mixin.py:188} INFO - [2026-03-27T10:15:35.735+0000] {dag.py:3047} INFO - Sync 1 DAGs
[2026-03-27T10:15:35.749+0000] {logging_mixin.py:188} INFO - [2026-03-27T10:15:35.749+0000] {dag.py:3834} INFO - Setting next_dagrun for example_short_circuit_operator to 2026-03-26 00:00:00+00:00, run_after=2026-03-27 00:00:00+00:00
[2026-03-27T10:15:35.766+0000] {processor.py:183} INFO - Processing /home/airflow/.local/lib/python3.8/site-packages/airflow/example_dags/example_short_circuit_operator.py took 0.117 seconds
[2026-03-27T10:16:06.005+0000] {processor.py:161} INFO - Started process (PID=174) to work on /home/airflow/.local/lib/python3.8/site-packages/airflow/example_dags/example_short_circuit_operator.py
[2026-03-27T10:16:06.006+0000] {processor.py:830} INFO - Processing file /home/airflow/.local/lib/python3.8/site-packages/airflow/example_dags/example_short_circuit_operator.py for tasks to queue
[2026-03-27T10:16:06.007+0000] {logging_mixin.py:188} INFO - [2026-03-27T10:16:06.007+0000] {dagbag.py:540} INFO - Filling up the DagBag from /home/airflow/.local/lib/python3.8/site-packages/airflow/example_dags/example_short_circuit_operator.py
[2026-03-27T10:16:06.013+0000] {processor.py:840} INFO - DAG(s) 'example_short_circuit_operator' retrieved from /home/airflow/.local/lib/python3.8/site-packages/airflow/example_dags/example_short_circuit_operator.py
[2026-03-27T10:16:06.030+0000] {logging_mixin.py:188} INFO - [2026-03-27T10:16:06.029+0000] {dag.py:3047} INFO - Sync 1 DAGs
[2026-03-27T10:16:06.044+0000] {logging_mixin.py:188} INFO - [2026-03-27T10:16:06.044+0000] {dag.py:3834} INFO - Setting next_dagrun for example_short_circuit_operator to 2026-03-26 00:00:00+00:00, run_after=2026-03-27 00:00:00+00:00
[2026-03-27T10:16:06.058+0000] {processor.py:183} INFO - Processing /home/airflow/.local/lib/python3.8/site-packages/airflow/example_dags/example_short_circuit_operator.py took 0.055 seconds
[2026-03-27T10:16:36.530+0000] {processor.py:161} INFO - Started process (PID=230) to work on /home/airflow/.local/lib/python3.8/site-packages/airflow/example_dags/example_short_circuit_operator.py
[2026-03-27T10:16:36.531+0000] {processor.py:830} INFO - Processing file /home/airflow/.local/lib/python3.8/site-packages/airflow/example_dags/example_short_circuit_operator.py for tasks to queue
[2026-03-27T10:16:36.533+0000] {logging_mixin.py:188} INFO - [2026-03-27T10:16:36.532+0000] {dagbag.py:540} INFO - Filling up the DagBag from /home/airflow/.local/lib/python3.8/site-packages/airflow/example_dags/example_short_circuit_operator.py
[2026-03-27T10:16:36.538+0000] {processor.py:840} INFO - DAG(s) 'example_short_circuit_operator' retrieved from /home/airflow/.local/lib/python3.8/site-packages/airflow/example_dags/example_short_circuit_operator.py
[2026-03-27T10:16:36.554+0000] {logging_mixin.py:188} INFO - [2026-03-27T10:16:36.554+0000] {dag.py:3047} INFO - Sync 1 DAGs
[2026-03-27T10:16:36.569+0000] {logging_mixin.py:188} INFO - [2026-03-27T10:16:36.569+0000] {dag.py:3834} INFO - Setting next_dagrun for example_short_circuit_operator to 2026-03-26 00:00:00+00:00, run_after=2026-03-27 00:00:00+00:00
[2026-03-27T10:16:36.583+0000] {processor.py:183} INFO - Processing /home/airflow/.local/lib/python3.8/site-packages/airflow/example_dags/example_short_circuit_operator.py took 0.056 seconds
[2026-03-27T10:17:07.207+0000] {processor.py:161} INFO - Started process (PID=286) to work on /home/airflow/.local/lib/python3.8/site-packages/airflow/example_dags/example_short_circuit_operator.py
[2026-03-27T10:17:07.208+0000] {processor.py:830} INFO - Processing file /home/airflow/.local/lib/python3.8/site-packages/airflow/example_dags/example_short_circuit_operator.py for tasks to queue
[2026-03-27T10:17:07.210+0000] {logging_mixin.py:188} INFO - [2026-03-27T10:17:07.210+0000] {dagbag.py:540} INFO - Filling up the DagBag from /home/airflow/.local/lib/python3.8/site-packages/airflow/example_dags/example_short_circuit_operator.py
[2026-03-27T10:17:07.217+0000] {processor.py:840} INFO - DAG(s) 'example_short_circuit_operator' retrieved from /home/airflow/.local/lib/python3.8/site-packages/airflow/example_dags/example_short_circuit_operator.py
[2026-03-27T10:17:07.242+0000] {logging_mixin.py:188} INFO - [2026-03-27T10:17:07.242+0000] {dag.py:3047} INFO - Sync 1 DAGs
[2026-03-27T10:17:07.261+0000] {logging_mixin.py:188} INFO - [2026-03-27T10:17:07.260+0000] {dag.py:3834} INFO - Setting next_dagrun for example_short_circuit_operator to 2026-03-26 00:00:00+00:00, run_after=2026-03-27 00:00:00+00:00
[2026-03-27T10:17:07.277+0000] {processor.py:183} INFO - Processing /home/airflow/.local/lib/python3.8/site-packages/airflow/example_dags/example_short_circuit_operator.py took 0.073 seconds
[2026-03-27T10:17:37.809+0000] {processor.py:161} INFO - Started process (PID=342) to work on /home/airflow/.local/lib/python3.8/site-packages/airflow/example_dags/example_short_circuit_operator.py
[2026-03-27T10:17:37.810+0000] {processor.py:830} INFO - Processing file /home/airflow/.local/lib/python3.8/site-packages/airflow/example_dags/example_short_circuit_operator.py for tasks to queue
[2026-03-27T10:17:37.811+0000] {logging_mixin.py:188} INFO - [2026-03-27T10:17:37.811+0000] {dagbag.py:540} INFO - Filling up the DagBag from /home/airflow/.local/lib/python3.8/site-packages/airflow/example_dags/example_short_circuit_operator.py
[2026-03-27T10:17:37.817+0000] {processor.py:840} INFO - DAG(s) 'example_short_circuit_operator' retrieved from /home/airflow/.local/lib/python3.8/site-packages/airflow/example_dags/example_short_circuit_operator.py
[2026-03-27T10:17:37.835+0000] {logging_mixin.py:188} INFO - [2026-03-27T10:17:37.835+0000] {dag.py:3047} INFO - Sync 1 DAGs
[2026-03-27T10:17:37.851+0000] {logging_mixin.py:188} INFO - [2026-03-27T10:17:37.851+0000] {dag.py:3834} INFO - Setting next_dagrun for example_short_circuit_operator to 2026-03-26 00:00:00+00:00, run_after=2026-03-27 00:00:00+00:00
[2026-03-27T10:17:37.868+0000] {processor.py:183} INFO - Processing /home/airflow/.local/lib/python3.8/site-packages/airflow/example_dags/example_short_circuit_operator.py took 0.063 seconds
[2026-03-27T10:18:08.441+0000] {processor.py:161} INFO - Started process (PID=398) to work on /home/airflow/.local/lib/python3.8/site-packages/airflow/example_dags/example_short_circuit_operator.py
[2026-03-27T10:18:08.444+0000] {processor.py:830} INFO - Processing file /home/airflow/.local/lib/python3.8/site-packages/airflow/example_dags/example_short_circuit_operator.py for tasks to queue
[2026-03-27T10:18:08.447+0000] {logging_mixin.py:188} INFO - [2026-03-27T10:18:08.447+0000] {dagbag.py:540} INFO - Filling up the DagBag from /home/airflow/.local/lib/python3.8/site-packages/airflow/example_dags/example_short_circuit_operator.py
[2026-03-27T10:18:08.456+0000] {processor.py:840} INFO - DAG(s) 'example_short_circuit_operator' retrieved from /home/airflow/.local/lib/python3.8/site-packages/airflow/example_dags/example_short_circuit_operator.py
[2026-03-27T10:18:08.479+0000] {logging_mixin.py:188} INFO - [2026-03-27T10:18:08.479+0000] {dag.py:3047} INFO - Sync 1 DAGs
[2026-03-27T10:18:08.500+0000] {logging_mixin.py:188} INFO - [2026-03-27T10:18:08.500+0000] {dag.py:3834} INFO - Setting next_dagrun for example_short_circuit_operator to 2026-03-26 00:00:00+00:00, run_after=2026-03-27 00:00:00+00:00
[2026-03-27T10:18:08.517+0000] {processor.py:183} INFO - Processing /home/airflow/.local/lib/python3.8/site-packages/airflow/example_dags/example_short_circuit_operator.py took 0.080 seconds
[2026-03-27T10:18:38.604+0000] {processor.py:161} INFO - Started process (PID=460) to work on /home/airflow/.local/lib/python3.8/site-packages/airflow/example_dags/example_short_circuit_operator.py
[2026-03-27T10:18:38.605+0000] {processor.py:830} INFO - Processing file /home/airflow/.local/lib/python3.8/site-packages/airflow/example_dags/example_short_circuit_operator.py for tasks to queue
[2026-03-27T10:18:38.606+0000] {logging_mixin.py:188} INFO - [2026-03-27T10:18:38.606+0000] {dagbag.py:540} INFO - Filling up the DagBag from /home/airflow/.local/lib/python3.8/site-packages/airflow/example_dags/example_short_circuit_operator.py
[2026-03-27T10:18:38.613+0000] {processor.py:840} INFO - DAG(s) 'example_short_circuit_operator' retrieved from /home/airflow/.local/lib/python3.8/site-packages/airflow/example_dags/example_short_circuit_operator.py
[2026-03-27T10:18:38.632+0000] {logging_mixin.py:188} INFO - [2026-03-27T10:18:38.631+0000] {dag.py:3047} INFO - Sync 1 DAGs
[2026-03-27T10:18:38.648+0000] {logging_mixin.py:188} INFO - [2026-03-27T10:18:38.648+0000] {dag.py:3834} INFO - Setting next_dagrun for example_short_circuit_operator to 2026-03-26 00:00:00+00:00, run_after=2026-03-27 00:00:00+00:00
[2026-03-27T10:18:38.661+0000] {processor.py:183} INFO - Processing /home/airflow/.local/lib/python3.8/site-packages/airflow/example_dags/example_short_circuit_operator.py took 0.060 seconds
[2026-03-27T10:19:08.852+0000] {processor.py:161} INFO - Started process (PID=516) to work on /home/airflow/.local/lib/python3.8/site-packages/airflow/example_dags/example_short_circuit_operator.py
[2026-03-27T10:19:08.855+0000] {processor.py:830} INFO - Processing file /home/airflow/.local/lib/python3.8/site-packages/airflow/example_dags/example_short_circuit_operator.py for tasks to queue
[2026-03-27T10:19:08.857+0000] {logging_mixin.py:188} INFO - [2026-03-27T10:19:08.856+0000] {dagbag.py:540} INFO - Filling up the DagBag from /home/airflow/.local/lib/python3.8/site-packages/airflow/example_dags/example_short_circuit_operator.py
[2026-03-27T10:19:08.864+0000] {processor.py:840} INFO - DAG(s) 'example_short_circuit_operator' retrieved from /home/airflow/.local/lib/python3.8/site-packages/airflow/example_dags/example_short_circuit_operator.py
[2026-03-27T10:19:08.889+0000] {logging_mixin.py:188} INFO - [2026-03-27T10:19:08.889+0000] {dag.py:3047} INFO - Sync 1 DAGs
[2026-03-27T10:19:08.908+0000] {logging_mixin.py:188} INFO - [2026-03-27T10:19:08.908+0000] {dag.py:3834} INFO - Setting next_dagrun for example_short_circuit_operator to 2026-03-26 00:00:00+00:00, run_after=2026-03-27 00:00:00+00:00
[2026-03-27T10:19:08.929+0000] {processor.py:183} INFO - Processing /home/airflow/.local/lib/python3.8/site-packages/airflow/example_dags/example_short_circuit_operator.py took 0.081 seconds
[2026-03-27T10:19:39.001+0000] {processor.py:161} INFO - Started process (PID=572) to work on /home/airflow/.local/lib/python3.8/site-packages/airflow/example_dags/example_short_circuit_operator.py
[2026-03-27T10:19:39.002+0000] {processor.py:830} INFO - Processing file /home/airflow/.local/lib/python3.8/site-packages/airflow/example_dags/example_short_circuit_operator.py for tasks to queue
[2026-03-27T10:19:39.003+0000] {logging_mixin.py:188} INFO - [2026-03-27T10:19:39.003+0000] {dagbag.py:540} INFO - Filling up the DagBag from /home/airflow/.local/lib/python3.8/site-packages/airflow/example_dags/example_short_circuit_operator.py
[2026-03-27T10:19:39.009+0000] {processor.py:840} INFO - DAG(s) 'example_short_circuit_operator' retrieved from /home/airflow/.local/lib/python3.8/site-packages/airflow/example_dags/example_short_circuit_operator.py
[2026-03-27T10:19:39.025+0000] {logging_mixin.py:188} INFO - [2026-03-27T10:19:39.025+0000] {dag.py:3047} INFO - Sync 1 DAGs
[2026-03-27T10:19:39.039+0000] {logging_mixin.py:188} INFO - [2026-03-27T10:19:39.038+0000] {dag.py:3834} INFO - Setting next_dagrun for example_short_circuit_operator to 2026-03-26 00:00:00+00:00, run_after=2026-03-27 00:00:00+00:00
[2026-03-27T10:19:39.052+0000] {processor.py:183} INFO - Processing /home/airflow/.local/lib/python3.8/site-packages/airflow/example_dags/example_short_circuit_operator.py took 0.054 seconds
[2026-03-27T10:20:09.666+0000] {processor.py:161} INFO - Started process (PID=628) to work on /home/airflow/.local/lib/python3.8/site-packages/airflow/example_dags/example_short_circuit_operator.py
[2026-03-27T10:20:09.667+0000] {processor.py:830} INFO - Processing file /home/airflow/.local/lib/python3.8/site-packages/airflow/example_dags/example_short_circuit_operator.py for tasks to queue
[2026-03-27T10:20:09.669+0000] {logging_mixin.py:188} INFO - [2026-03-27T10:20:09.668+0000] {dagbag.py:540} INFO - Filling up the DagBag from /home/airflow/.local/lib/python3.8/site-packages/airflow/example_dags/example_short_circuit_operator.py
[2026-03-27T10:20:09.676+0000] {processor.py:840} INFO - DAG(s) 'example_short_circuit_operator' retrieved from /home/airflow/.local/lib/python3.8/site-packages/airflow/example_dags/example_short_circuit_operator.py
[2026-03-27T10:20:09.695+0000] {logging_mixin.py:188} INFO - [2026-03-27T10:20:09.694+0000] {dag.py:3047} INFO - Sync 1 DAGs
[2026-03-27T10:20:09.713+0000] {logging_mixin.py:188} INFO - [2026-03-27T10:20:09.713+0000] {dag.py:3834} INFO - Setting next_dagrun for example_short_circuit_operator to 2026-03-26 00:00:00+00:00, run_after=2026-03-27 00:00:00+00:00
[2026-03-27T10:20:09.729+0000] {processor.py:183} INFO - Processing /home/airflow/.local/lib/python3.8/site-packages/airflow/example_dags/example_short_circuit_operator.py took 0.067 seconds
