[2026-03-27T10:15:05.228+0000] {processor.py:161} INFO - Started process (PID=70) to work on /home/airflow/.local/lib/python3.8/site-packages/airflow/example_dags/example_branch_day_of_week_operator.py
[2026-03-27T10:15:05.229+0000] {processor.py:830} INFO - Processing file /home/airflow/.local/lib/python3.8/site-packages/airflow/example_dags/example_branch_day_of_week_operator.py for tasks to queue
[2026-03-27T10:15:05.231+0000] {logging_mixin.py:188} INFO - [2026-03-27T10:15:05.231+0000] {dagbag.py:540} INFO - Filling up the DagBag from /home/airflow/.local/lib/python3.8/site-packages/airflow/example_dags/example_branch_day_of_week_operator.py
[2026-03-27T10:15:05.240+0000] {processor.py:840} INFO - DAG(s) 'example_weekday_branch_operator' retrieved from /home/airflow/.local/lib/python3.8/site-packages/airflow/example_dags/example_branch_day_of_week_operator.py
[2026-03-27T10:15:05.253+0000] {logging_mixin.py:188} INFO - [2026-03-27T10:15:05.253+0000] {dag.py:3047} INFO - Sync 1 DAGs
[2026-03-27T10:15:05.279+0000] {logging_mixin.py:188} INFO - [2026-03-27T10:15:05.278+0000] {dag.py:3834} INFO - Setting next_dagrun for example_weekday_branch_operator to 2026-03-26 00:00:00+00:00, run_after=2026-03-27 00:00:00+00:00
[2026-03-27T10:15:05.298+0000] {processor.py:183} INFO - Processing /home/airflow/.local/lib/python3.8/site-packages/airflow/example_dags/example_branch_day_of_week_operator.py took 0.072 seconds
[2026-03-27T10:15:36.684+0000] {processor.py:161} INFO - Started process (PID=126) to work on /home/airflow/.local/lib/python3.8/site-packages/airflow/example_dags/example_branch_day_of_week_operator.py
[2026-03-27T10:15:36.685+0000] {processor.py:830} INFO - Processing file /home/airflow/.local/lib/python3.8/site-packages/airflow/example_dags/example_branch_day_of_week_operator.py for tasks to queue
[2026-03-27T10:15:36.686+0000] {logging_mixin.py:188} INFO - [2026-03-27T10:15:36.686+0000] {dagbag.py:540} INFO - Filling up the DagBag from /home/airflow/.local/lib/python3.8/site-packages/airflow/example_dags/example_branch_day_of_week_operator.py
[2026-03-27T10:15:36.692+0000] {processor.py:840} INFO - DAG(s) 'example_weekday_branch_operator' retrieved from /home/airflow/.local/lib/python3.8/site-packages/airflow/example_dags/example_branch_day_of_week_operator.py
[2026-03-27T10:15:36.758+0000] {logging_mixin.py:188} INFO - [2026-03-27T10:15:36.758+0000] {dag.py:3047} INFO - Sync 1 DAGs
[2026-03-27T10:15:36.773+0000] {logging_mixin.py:188} INFO - [2026-03-27T10:15:36.772+0000] {dag.py:3834} INFO - Setting next_dagrun for example_weekday_branch_operator to 2026-03-26 00:00:00+00:00, run_after=2026-03-27 00:00:00+00:00
[2026-03-27T10:15:36.793+0000] {processor.py:183} INFO - Processing /home/airflow/.local/lib/python3.8/site-packages/airflow/example_dags/example_branch_day_of_week_operator.py took 0.112 seconds
[2026-03-27T10:16:07.473+0000] {processor.py:161} INFO - Started process (PID=182) to work on /home/airflow/.local/lib/python3.8/site-packages/airflow/example_dags/example_branch_day_of_week_operator.py
[2026-03-27T10:16:07.474+0000] {processor.py:830} INFO - Processing file /home/airflow/.local/lib/python3.8/site-packages/airflow/example_dags/example_branch_day_of_week_operator.py for tasks to queue
[2026-03-27T10:16:07.476+0000] {logging_mixin.py:188} INFO - [2026-03-27T10:16:07.475+0000] {dagbag.py:540} INFO - Filling up the DagBag from /home/airflow/.local/lib/python3.8/site-packages/airflow/example_dags/example_branch_day_of_week_operator.py
[2026-03-27T10:16:07.483+0000] {processor.py:840} INFO - DAG(s) 'example_weekday_branch_operator' retrieved from /home/airflow/.local/lib/python3.8/site-packages/airflow/example_dags/example_branch_day_of_week_operator.py
[2026-03-27T10:16:07.501+0000] {logging_mixin.py:188} INFO - [2026-03-27T10:16:07.501+0000] {dag.py:3047} INFO - Sync 1 DAGs
[2026-03-27T10:16:07.520+0000] {logging_mixin.py:188} INFO - [2026-03-27T10:16:07.520+0000] {dag.py:3834} INFO - Setting next_dagrun for example_weekday_branch_operator to 2026-03-26 00:00:00+00:00, run_after=2026-03-27 00:00:00+00:00
[2026-03-27T10:16:07.537+0000] {processor.py:183} INFO - Processing /home/airflow/.local/lib/python3.8/site-packages/airflow/example_dags/example_branch_day_of_week_operator.py took 0.067 seconds
[2026-03-27T10:16:38.014+0000] {processor.py:161} INFO - Started process (PID=238) to work on /home/airflow/.local/lib/python3.8/site-packages/airflow/example_dags/example_branch_day_of_week_operator.py
[2026-03-27T10:16:38.015+0000] {processor.py:830} INFO - Processing file /home/airflow/.local/lib/python3.8/site-packages/airflow/example_dags/example_branch_day_of_week_operator.py for tasks to queue
[2026-03-27T10:16:38.017+0000] {logging_mixin.py:188} INFO - [2026-03-27T10:16:38.017+0000] {dagbag.py:540} INFO - Filling up the DagBag from /home/airflow/.local/lib/python3.8/site-packages/airflow/example_dags/example_branch_day_of_week_operator.py
[2026-03-27T10:16:38.025+0000] {processor.py:840} INFO - DAG(s) 'example_weekday_branch_operator' retrieved from /home/airflow/.local/lib/python3.8/site-packages/airflow/example_dags/example_branch_day_of_week_operator.py
[2026-03-27T10:16:38.070+0000] {logging_mixin.py:188} INFO - [2026-03-27T10:16:38.069+0000] {dag.py:3047} INFO - Sync 1 DAGs
[2026-03-27T10:16:38.104+0000] {logging_mixin.py:188} INFO - [2026-03-27T10:16:38.103+0000] {dag.py:3834} INFO - Setting next_dagrun for example_weekday_branch_operator to 2026-03-26 00:00:00+00:00, run_after=2026-03-27 00:00:00+00:00
[2026-03-27T10:16:38.122+0000] {processor.py:183} INFO - Processing /home/airflow/.local/lib/python3.8/site-packages/airflow/example_dags/example_branch_day_of_week_operator.py took 0.112 seconds
[2026-03-27T10:17:08.691+0000] {processor.py:161} INFO - Started process (PID=300) to work on /home/airflow/.local/lib/python3.8/site-packages/airflow/example_dags/example_branch_day_of_week_operator.py
[2026-03-27T10:17:08.692+0000] {processor.py:830} INFO - Processing file /home/airflow/.local/lib/python3.8/site-packages/airflow/example_dags/example_branch_day_of_week_operator.py for tasks to queue
[2026-03-27T10:17:08.694+0000] {logging_mixin.py:188} INFO - [2026-03-27T10:17:08.693+0000] {dagbag.py:540} INFO - Filling up the DagBag from /home/airflow/.local/lib/python3.8/site-packages/airflow/example_dags/example_branch_day_of_week_operator.py
[2026-03-27T10:17:08.700+0000] {processor.py:840} INFO - DAG(s) 'example_weekday_branch_operator' retrieved from /home/airflow/.local/lib/python3.8/site-packages/airflow/example_dags/example_branch_day_of_week_operator.py
[2026-03-27T10:17:08.720+0000] {logging_mixin.py:188} INFO - [2026-03-27T10:17:08.719+0000] {dag.py:3047} INFO - Sync 1 DAGs
[2026-03-27T10:17:08.741+0000] {logging_mixin.py:188} INFO - [2026-03-27T10:17:08.741+0000] {dag.py:3834} INFO - Setting next_dagrun for example_weekday_branch_operator to 2026-03-26 00:00:00+00:00, run_after=2026-03-27 00:00:00+00:00
[2026-03-27T10:17:08.762+0000] {processor.py:183} INFO - Processing /home/airflow/.local/lib/python3.8/site-packages/airflow/example_dags/example_branch_day_of_week_operator.py took 0.074 seconds
[2026-03-27T10:17:39.196+0000] {processor.py:161} INFO - Started process (PID=356) to work on /home/airflow/.local/lib/python3.8/site-packages/airflow/example_dags/example_branch_day_of_week_operator.py
[2026-03-27T10:17:39.196+0000] {processor.py:830} INFO - Processing file /home/airflow/.local/lib/python3.8/site-packages/airflow/example_dags/example_branch_day_of_week_operator.py for tasks to queue
[2026-03-27T10:17:39.198+0000] {logging_mixin.py:188} INFO - [2026-03-27T10:17:39.198+0000] {dagbag.py:540} INFO - Filling up the DagBag from /home/airflow/.local/lib/python3.8/site-packages/airflow/example_dags/example_branch_day_of_week_operator.py
[2026-03-27T10:17:39.204+0000] {processor.py:840} INFO - DAG(s) 'example_weekday_branch_operator' retrieved from /home/airflow/.local/lib/python3.8/site-packages/airflow/example_dags/example_branch_day_of_week_operator.py
[2026-03-27T10:17:39.221+0000] {logging_mixin.py:188} INFO - [2026-03-27T10:17:39.221+0000] {dag.py:3047} INFO - Sync 1 DAGs
[2026-03-27T10:17:39.237+0000] {logging_mixin.py:188} INFO - [2026-03-27T10:17:39.237+0000] {dag.py:3834} INFO - Setting next_dagrun for example_weekday_branch_operator to 2026-03-26 00:00:00+00:00, run_after=2026-03-27 00:00:00+00:00
[2026-03-27T10:17:39.251+0000] {processor.py:183} INFO - Processing /home/airflow/.local/lib/python3.8/site-packages/airflow/example_dags/example_branch_day_of_week_operator.py took 0.058 seconds
[2026-03-27T10:18:09.806+0000] {processor.py:161} INFO - Started process (PID=412) to work on /home/airflow/.local/lib/python3.8/site-packages/airflow/example_dags/example_branch_day_of_week_operator.py
[2026-03-27T10:18:09.807+0000] {processor.py:830} INFO - Processing file /home/airflow/.local/lib/python3.8/site-packages/airflow/example_dags/example_branch_day_of_week_operator.py for tasks to queue
[2026-03-27T10:18:09.808+0000] {logging_mixin.py:188} INFO - [2026-03-27T10:18:09.808+0000] {dagbag.py:540} INFO - Filling up the DagBag from /home/airflow/.local/lib/python3.8/site-packages/airflow/example_dags/example_branch_day_of_week_operator.py
[2026-03-27T10:18:09.814+0000] {processor.py:840} INFO - DAG(s) 'example_weekday_branch_operator' retrieved from /home/airflow/.local/lib/python3.8/site-packages/airflow/example_dags/example_branch_day_of_week_operator.py
[2026-03-27T10:18:09.832+0000] {logging_mixin.py:188} INFO - [2026-03-27T10:18:09.832+0000] {dag.py:3047} INFO - Sync 1 DAGs
[2026-03-27T10:18:09.848+0000] {logging_mixin.py:188} INFO - [2026-03-27T10:18:09.848+0000] {dag.py:3834} INFO - Setting next_dagrun for example_weekday_branch_operator to 2026-03-26 00:00:00+00:00, run_after=2026-03-27 00:00:00+00:00
[2026-03-27T10:18:09.863+0000] {processor.py:183} INFO - Processing /home/airflow/.local/lib/python3.8/site-packages/airflow/example_dags/example_branch_day_of_week_operator.py took 0.060 seconds
[2026-03-27T10:18:39.972+0000] {processor.py:161} INFO - Started process (PID=468) to work on /home/airflow/.local/lib/python3.8/site-packages/airflow/example_dags/example_branch_day_of_week_operator.py
[2026-03-27T10:18:39.973+0000] {processor.py:830} INFO - Processing file /home/airflow/.local/lib/python3.8/site-packages/airflow/example_dags/example_branch_day_of_week_operator.py for tasks to queue
[2026-03-27T10:18:39.975+0000] {logging_mixin.py:188} INFO - [2026-03-27T10:18:39.974+0000] {dagbag.py:540} INFO - Filling up the DagBag from /home/airflow/.local/lib/python3.8/site-packages/airflow/example_dags/example_branch_day_of_week_operator.py
[2026-03-27T10:18:39.982+0000] {processor.py:840} INFO - DAG(s) 'example_weekday_branch_operator' retrieved from /home/airflow/.local/lib/python3.8/site-packages/airflow/example_dags/example_branch_day_of_week_operator.py
[2026-03-27T10:18:40.001+0000] {logging_mixin.py:188} INFO - [2026-03-27T10:18:40.001+0000] {dag.py:3047} INFO - Sync 1 DAGs
[2026-03-27T10:18:40.018+0000] {logging_mixin.py:188} INFO - [2026-03-27T10:18:40.018+0000] {dag.py:3834} INFO - Setting next_dagrun for example_weekday_branch_operator to 2026-03-26 00:00:00+00:00, run_after=2026-03-27 00:00:00+00:00
[2026-03-27T10:18:40.033+0000] {processor.py:183} INFO - Processing /home/airflow/.local/lib/python3.8/site-packages/airflow/example_dags/example_branch_day_of_week_operator.py took 0.064 seconds
[2026-03-27T10:19:10.324+0000] {processor.py:161} INFO - Started process (PID=524) to work on /home/airflow/.local/lib/python3.8/site-packages/airflow/example_dags/example_branch_day_of_week_operator.py
[2026-03-27T10:19:10.326+0000] {processor.py:830} INFO - Processing file /home/airflow/.local/lib/python3.8/site-packages/airflow/example_dags/example_branch_day_of_week_operator.py for tasks to queue
[2026-03-27T10:19:10.328+0000] {logging_mixin.py:188} INFO - [2026-03-27T10:19:10.327+0000] {dagbag.py:540} INFO - Filling up the DagBag from /home/airflow/.local/lib/python3.8/site-packages/airflow/example_dags/example_branch_day_of_week_operator.py
[2026-03-27T10:19:10.336+0000] {processor.py:840} INFO - DAG(s) 'example_weekday_branch_operator' retrieved from /home/airflow/.local/lib/python3.8/site-packages/airflow/example_dags/example_branch_day_of_week_operator.py
[2026-03-27T10:19:10.356+0000] {logging_mixin.py:188} INFO - [2026-03-27T10:19:10.356+0000] {dag.py:3047} INFO - Sync 1 DAGs
[2026-03-27T10:19:10.384+0000] {logging_mixin.py:188} INFO - [2026-03-27T10:19:10.384+0000] {dag.py:3834} INFO - Setting next_dagrun for example_weekday_branch_operator to 2026-03-26 00:00:00+00:00, run_after=2026-03-27 00:00:00+00:00
[2026-03-27T10:19:10.434+0000] {processor.py:183} INFO - Processing /home/airflow/.local/lib/python3.8/site-packages/airflow/example_dags/example_branch_day_of_week_operator.py took 0.113 seconds
[2026-03-27T10:19:40.513+0000] {processor.py:161} INFO - Started process (PID=580) to work on /home/airflow/.local/lib/python3.8/site-packages/airflow/example_dags/example_branch_day_of_week_operator.py
[2026-03-27T10:19:40.514+0000] {processor.py:830} INFO - Processing file /home/airflow/.local/lib/python3.8/site-packages/airflow/example_dags/example_branch_day_of_week_operator.py for tasks to queue
[2026-03-27T10:19:40.516+0000] {logging_mixin.py:188} INFO - [2026-03-27T10:19:40.516+0000] {dagbag.py:540} INFO - Filling up the DagBag from /home/airflow/.local/lib/python3.8/site-packages/airflow/example_dags/example_branch_day_of_week_operator.py
[2026-03-27T10:19:40.523+0000] {processor.py:840} INFO - DAG(s) 'example_weekday_branch_operator' retrieved from /home/airflow/.local/lib/python3.8/site-packages/airflow/example_dags/example_branch_day_of_week_operator.py
[2026-03-27T10:19:40.541+0000] {logging_mixin.py:188} INFO - [2026-03-27T10:19:40.541+0000] {dag.py:3047} INFO - Sync 1 DAGs
[2026-03-27T10:19:40.560+0000] {logging_mixin.py:188} INFO - [2026-03-27T10:19:40.560+0000] {dag.py:3834} INFO - Setting next_dagrun for example_weekday_branch_operator to 2026-03-26 00:00:00+00:00, run_after=2026-03-27 00:00:00+00:00
[2026-03-27T10:19:40.577+0000] {processor.py:183} INFO - Processing /home/airflow/.local/lib/python3.8/site-packages/airflow/example_dags/example_branch_day_of_week_operator.py took 0.067 seconds
[2026-03-27T10:20:11.112+0000] {processor.py:161} INFO - Started process (PID=636) to work on /home/airflow/.local/lib/python3.8/site-packages/airflow/example_dags/example_branch_day_of_week_operator.py
[2026-03-27T10:20:11.113+0000] {processor.py:830} INFO - Processing file /home/airflow/.local/lib/python3.8/site-packages/airflow/example_dags/example_branch_day_of_week_operator.py for tasks to queue
[2026-03-27T10:20:11.114+0000] {logging_mixin.py:188} INFO - [2026-03-27T10:20:11.114+0000] {dagbag.py:540} INFO - Filling up the DagBag from /home/airflow/.local/lib/python3.8/site-packages/airflow/example_dags/example_branch_day_of_week_operator.py
[2026-03-27T10:20:11.120+0000] {processor.py:840} INFO - DAG(s) 'example_weekday_branch_operator' retrieved from /home/airflow/.local/lib/python3.8/site-packages/airflow/example_dags/example_branch_day_of_week_operator.py
[2026-03-27T10:20:11.136+0000] {logging_mixin.py:188} INFO - [2026-03-27T10:20:11.136+0000] {dag.py:3047} INFO - Sync 1 DAGs
[2026-03-27T10:20:11.150+0000] {logging_mixin.py:188} INFO - [2026-03-27T10:20:11.150+0000] {dag.py:3834} INFO - Setting next_dagrun for example_weekday_branch_operator to 2026-03-26 00:00:00+00:00, run_after=2026-03-27 00:00:00+00:00
[2026-03-27T10:20:11.165+0000] {processor.py:183} INFO - Processing /home/airflow/.local/lib/python3.8/site-packages/airflow/example_dags/example_branch_day_of_week_operator.py took 0.056 seconds
