[2026-03-27T10:15:04.648+0000] {processor.py:161} INFO - Started process (PID=60) to work on /home/airflow/.local/lib/python3.8/site-packages/airflow/example_dags/example_branch_datetime_operator.py
[2026-03-27T10:15:04.649+0000] {processor.py:830} INFO - Processing file /home/airflow/.local/lib/python3.8/site-packages/airflow/example_dags/example_branch_datetime_operator.py for tasks to queue
[2026-03-27T10:15:04.655+0000] {logging_mixin.py:188} INFO - [2026-03-27T10:15:04.655+0000] {dagbag.py:540} INFO - Filling up the DagBag from /home/airflow/.local/lib/python3.8/site-packages/airflow/example_dags/example_branch_datetime_operator.py
[2026-03-27T10:15:04.665+0000] {processor.py:840} INFO - DAG(s) 'example_branch_datetime_operator_2', 'example_branch_datetime_operator_3', 'example_branch_datetime_operator' retrieved from /home/airflow/.local/lib/python3.8/site-packages/airflow/example_dags/example_branch_datetime_operator.py
[2026-03-27T10:15:04.676+0000] {logging_mixin.py:188} INFO - [2026-03-27T10:15:04.675+0000] {dag.py:3047} INFO - Sync 3 DAGs
[2026-03-27T10:15:04.696+0000] {logging_mixin.py:188} INFO - [2026-03-27T10:15:04.696+0000] {dag.py:3834} INFO - Setting next_dagrun for example_branch_datetime_operator to 2026-03-26 00:00:00+00:00, run_after=2026-03-27 00:00:00+00:00
[2026-03-27T10:15:04.701+0000] {logging_mixin.py:188} INFO - [2026-03-27T10:15:04.700+0000] {dag.py:3834} INFO - Setting next_dagrun for example_branch_datetime_operator_2 to 2026-03-26 00:00:00+00:00, run_after=2026-03-27 00:00:00+00:00
[2026-03-27T10:15:04.703+0000] {logging_mixin.py:188} INFO - [2026-03-27T10:15:04.703+0000] {dag.py:3834} INFO - Setting next_dagrun for example_branch_datetime_operator_3 to 2026-03-26 00:00:00+00:00, run_after=2026-03-27 00:00:00+00:00
[2026-03-27T10:15:04.721+0000] {processor.py:183} INFO - Processing /home/airflow/.local/lib/python3.8/site-packages/airflow/example_dags/example_branch_datetime_operator.py took 0.077 seconds
[2026-03-27T10:15:35.496+0000] {processor.py:161} INFO - Started process (PID=116) to work on /home/airflow/.local/lib/python3.8/site-packages/airflow/example_dags/example_branch_datetime_operator.py
[2026-03-27T10:15:35.497+0000] {processor.py:830} INFO - Processing file /home/airflow/.local/lib/python3.8/site-packages/airflow/example_dags/example_branch_datetime_operator.py for tasks to queue
[2026-03-27T10:15:35.498+0000] {logging_mixin.py:188} INFO - [2026-03-27T10:15:35.498+0000] {dagbag.py:540} INFO - Filling up the DagBag from /home/airflow/.local/lib/python3.8/site-packages/airflow/example_dags/example_branch_datetime_operator.py
[2026-03-27T10:15:35.506+0000] {processor.py:840} INFO - DAG(s) 'example_branch_datetime_operator', 'example_branch_datetime_operator_2', 'example_branch_datetime_operator_3' retrieved from /home/airflow/.local/lib/python3.8/site-packages/airflow/example_dags/example_branch_datetime_operator.py
[2026-03-27T10:15:35.595+0000] {logging_mixin.py:188} INFO - [2026-03-27T10:15:35.595+0000] {dag.py:3047} INFO - Sync 3 DAGs
[2026-03-27T10:15:35.609+0000] {logging_mixin.py:188} INFO - [2026-03-27T10:15:35.609+0000] {dag.py:3834} INFO - Setting next_dagrun for example_branch_datetime_operator to 2026-03-26 00:00:00+00:00, run_after=2026-03-27 00:00:00+00:00
[2026-03-27T10:15:35.612+0000] {logging_mixin.py:188} INFO - [2026-03-27T10:15:35.612+0000] {dag.py:3834} INFO - Setting next_dagrun for example_branch_datetime_operator_2 to 2026-03-26 00:00:00+00:00, run_after=2026-03-27 00:00:00+00:00
[2026-03-27T10:15:35.613+0000] {logging_mixin.py:188} INFO - [2026-03-27T10:15:35.613+0000] {dag.py:3834} INFO - Setting next_dagrun for example_branch_datetime_operator_3 to 2026-03-26 00:00:00+00:00, run_after=2026-03-27 00:00:00+00:00
[2026-03-27T10:15:35.628+0000] {processor.py:183} INFO - Processing /home/airflow/.local/lib/python3.8/site-packages/airflow/example_dags/example_branch_datetime_operator.py took 0.136 seconds
[2026-03-27T10:16:05.919+0000] {processor.py:161} INFO - Started process (PID=172) to work on /home/airflow/.local/lib/python3.8/site-packages/airflow/example_dags/example_branch_datetime_operator.py
[2026-03-27T10:16:05.920+0000] {processor.py:830} INFO - Processing file /home/airflow/.local/lib/python3.8/site-packages/airflow/example_dags/example_branch_datetime_operator.py for tasks to queue
[2026-03-27T10:16:05.921+0000] {logging_mixin.py:188} INFO - [2026-03-27T10:16:05.921+0000] {dagbag.py:540} INFO - Filling up the DagBag from /home/airflow/.local/lib/python3.8/site-packages/airflow/example_dags/example_branch_datetime_operator.py
[2026-03-27T10:16:05.929+0000] {processor.py:840} INFO - DAG(s) 'example_branch_datetime_operator_3', 'example_branch_datetime_operator_2', 'example_branch_datetime_operator' retrieved from /home/airflow/.local/lib/python3.8/site-packages/airflow/example_dags/example_branch_datetime_operator.py
[2026-03-27T10:16:05.948+0000] {logging_mixin.py:188} INFO - [2026-03-27T10:16:05.948+0000] {dag.py:3047} INFO - Sync 3 DAGs
[2026-03-27T10:16:05.963+0000] {logging_mixin.py:188} INFO - [2026-03-27T10:16:05.963+0000] {dag.py:3834} INFO - Setting next_dagrun for example_branch_datetime_operator to 2026-03-26 00:00:00+00:00, run_after=2026-03-27 00:00:00+00:00
[2026-03-27T10:16:05.966+0000] {logging_mixin.py:188} INFO - [2026-03-27T10:16:05.966+0000] {dag.py:3834} INFO - Setting next_dagrun for example_branch_datetime_operator_2 to 2026-03-26 00:00:00+00:00, run_after=2026-03-27 00:00:00+00:00
[2026-03-27T10:16:05.968+0000] {logging_mixin.py:188} INFO - [2026-03-27T10:16:05.968+0000] {dag.py:3834} INFO - Setting next_dagrun for example_branch_datetime_operator_3 to 2026-03-26 00:00:00+00:00, run_after=2026-03-27 00:00:00+00:00
[2026-03-27T10:16:05.980+0000] {processor.py:183} INFO - Processing /home/airflow/.local/lib/python3.8/site-packages/airflow/example_dags/example_branch_datetime_operator.py took 0.064 seconds
[2026-03-27T10:16:36.450+0000] {processor.py:161} INFO - Started process (PID=228) to work on /home/airflow/.local/lib/python3.8/site-packages/airflow/example_dags/example_branch_datetime_operator.py
[2026-03-27T10:16:36.451+0000] {processor.py:830} INFO - Processing file /home/airflow/.local/lib/python3.8/site-packages/airflow/example_dags/example_branch_datetime_operator.py for tasks to queue
[2026-03-27T10:16:36.453+0000] {logging_mixin.py:188} INFO - [2026-03-27T10:16:36.453+0000] {dagbag.py:540} INFO - Filling up the DagBag from /home/airflow/.local/lib/python3.8/site-packages/airflow/example_dags/example_branch_datetime_operator.py
[2026-03-27T10:16:36.462+0000] {processor.py:840} INFO - DAG(s) 'example_branch_datetime_operator', 'example_branch_datetime_operator_3', 'example_branch_datetime_operator_2' retrieved from /home/airflow/.local/lib/python3.8/site-packages/airflow/example_dags/example_branch_datetime_operator.py
[2026-03-27T10:16:36.483+0000] {logging_mixin.py:188} INFO - [2026-03-27T10:16:36.483+0000] {dag.py:3047} INFO - Sync 3 DAGs
[2026-03-27T10:16:36.502+0000] {logging_mixin.py:188} INFO - [2026-03-27T10:16:36.501+0000] {dag.py:3834} INFO - Setting next_dagrun for example_branch_datetime_operator to 2026-03-26 00:00:00+00:00, run_after=2026-03-27 00:00:00+00:00
[2026-03-27T10:16:36.506+0000] {logging_mixin.py:188} INFO - [2026-03-27T10:16:36.506+0000] {dag.py:3834} INFO - Setting next_dagrun for example_branch_datetime_operator_2 to 2026-03-26 00:00:00+00:00, run_after=2026-03-27 00:00:00+00:00
[2026-03-27T10:16:36.508+0000] {logging_mixin.py:188} INFO - [2026-03-27T10:16:36.508+0000] {dag.py:3834} INFO - Setting next_dagrun for example_branch_datetime_operator_3 to 2026-03-26 00:00:00+00:00, run_after=2026-03-27 00:00:00+00:00
[2026-03-27T10:16:36.525+0000] {processor.py:183} INFO - Processing /home/airflow/.local/lib/python3.8/site-packages/airflow/example_dags/example_branch_datetime_operator.py took 0.078 seconds
[2026-03-27T10:17:07.126+0000] {processor.py:161} INFO - Started process (PID=284) to work on /home/airflow/.local/lib/python3.8/site-packages/airflow/example_dags/example_branch_datetime_operator.py
[2026-03-27T10:17:07.127+0000] {processor.py:830} INFO - Processing file /home/airflow/.local/lib/python3.8/site-packages/airflow/example_dags/example_branch_datetime_operator.py for tasks to queue
[2026-03-27T10:17:07.129+0000] {logging_mixin.py:188} INFO - [2026-03-27T10:17:07.128+0000] {dagbag.py:540} INFO - Filling up the DagBag from /home/airflow/.local/lib/python3.8/site-packages/airflow/example_dags/example_branch_datetime_operator.py
[2026-03-27T10:17:07.137+0000] {processor.py:840} INFO - DAG(s) 'example_branch_datetime_operator', 'example_branch_datetime_operator_2', 'example_branch_datetime_operator_3' retrieved from /home/airflow/.local/lib/python3.8/site-packages/airflow/example_dags/example_branch_datetime_operator.py
[2026-03-27T10:17:07.157+0000] {logging_mixin.py:188} INFO - [2026-03-27T10:17:07.157+0000] {dag.py:3047} INFO - Sync 3 DAGs
[2026-03-27T10:17:07.175+0000] {logging_mixin.py:188} INFO - [2026-03-27T10:17:07.175+0000] {dag.py:3834} INFO - Setting next_dagrun for example_branch_datetime_operator to 2026-03-26 00:00:00+00:00, run_after=2026-03-27 00:00:00+00:00
[2026-03-27T10:17:07.179+0000] {logging_mixin.py:188} INFO - [2026-03-27T10:17:07.179+0000] {dag.py:3834} INFO - Setting next_dagrun for example_branch_datetime_operator_2 to 2026-03-26 00:00:00+00:00, run_after=2026-03-27 00:00:00+00:00
[2026-03-27T10:17:07.181+0000] {logging_mixin.py:188} INFO - [2026-03-27T10:17:07.181+0000] {dag.py:3834} INFO - Setting next_dagrun for example_branch_datetime_operator_3 to 2026-03-26 00:00:00+00:00, run_after=2026-03-27 00:00:00+00:00
[2026-03-27T10:17:07.197+0000] {processor.py:183} INFO - Processing /home/airflow/.local/lib/python3.8/site-packages/airflow/example_dags/example_branch_datetime_operator.py took 0.075 seconds
[2026-03-27T10:17:37.717+0000] {processor.py:161} INFO - Started process (PID=340) to work on /home/airflow/.local/lib/python3.8/site-packages/airflow/example_dags/example_branch_datetime_operator.py
[2026-03-27T10:17:37.718+0000] {processor.py:830} INFO - Processing file /home/airflow/.local/lib/python3.8/site-packages/airflow/example_dags/example_branch_datetime_operator.py for tasks to queue
[2026-03-27T10:17:37.719+0000] {logging_mixin.py:188} INFO - [2026-03-27T10:17:37.719+0000] {dagbag.py:540} INFO - Filling up the DagBag from /home/airflow/.local/lib/python3.8/site-packages/airflow/example_dags/example_branch_datetime_operator.py
[2026-03-27T10:17:37.727+0000] {processor.py:840} INFO - DAG(s) 'example_branch_datetime_operator_3', 'example_branch_datetime_operator_2', 'example_branch_datetime_operator' retrieved from /home/airflow/.local/lib/python3.8/site-packages/airflow/example_dags/example_branch_datetime_operator.py
[2026-03-27T10:17:37.748+0000] {logging_mixin.py:188} INFO - [2026-03-27T10:17:37.748+0000] {dag.py:3047} INFO - Sync 3 DAGs
[2026-03-27T10:17:37.763+0000] {logging_mixin.py:188} INFO - [2026-03-27T10:17:37.763+0000] {dag.py:3834} INFO - Setting next_dagrun for example_branch_datetime_operator to 2026-03-26 00:00:00+00:00, run_after=2026-03-27 00:00:00+00:00
[2026-03-27T10:17:37.766+0000] {logging_mixin.py:188} INFO - [2026-03-27T10:17:37.766+0000] {dag.py:3834} INFO - Setting next_dagrun for example_branch_datetime_operator_2 to 2026-03-26 00:00:00+00:00, run_after=2026-03-27 00:00:00+00:00
[2026-03-27T10:17:37.768+0000] {logging_mixin.py:188} INFO - [2026-03-27T10:17:37.768+0000] {dag.py:3834} INFO - Setting next_dagrun for example_branch_datetime_operator_3 to 2026-03-26 00:00:00+00:00, run_after=2026-03-27 00:00:00+00:00
[2026-03-27T10:17:37.782+0000] {processor.py:183} INFO - Processing /home/airflow/.local/lib/python3.8/site-packages/airflow/example_dags/example_branch_datetime_operator.py took 0.069 seconds
[2026-03-27T10:18:08.322+0000] {processor.py:161} INFO - Started process (PID=396) to work on /home/airflow/.local/lib/python3.8/site-packages/airflow/example_dags/example_branch_datetime_operator.py
[2026-03-27T10:18:08.324+0000] {processor.py:830} INFO - Processing file /home/airflow/.local/lib/python3.8/site-packages/airflow/example_dags/example_branch_datetime_operator.py for tasks to queue
[2026-03-27T10:18:08.325+0000] {logging_mixin.py:188} INFO - [2026-03-27T10:18:08.325+0000] {dagbag.py:540} INFO - Filling up the DagBag from /home/airflow/.local/lib/python3.8/site-packages/airflow/example_dags/example_branch_datetime_operator.py
[2026-03-27T10:18:08.335+0000] {processor.py:840} INFO - DAG(s) 'example_branch_datetime_operator_3', 'example_branch_datetime_operator', 'example_branch_datetime_operator_2' retrieved from /home/airflow/.local/lib/python3.8/site-packages/airflow/example_dags/example_branch_datetime_operator.py
[2026-03-27T10:18:08.363+0000] {logging_mixin.py:188} INFO - [2026-03-27T10:18:08.363+0000] {dag.py:3047} INFO - Sync 3 DAGs
[2026-03-27T10:18:08.383+0000] {logging_mixin.py:188} INFO - [2026-03-27T10:18:08.383+0000] {dag.py:3834} INFO - Setting next_dagrun for example_branch_datetime_operator to 2026-03-26 00:00:00+00:00, run_after=2026-03-27 00:00:00+00:00
[2026-03-27T10:18:08.387+0000] {logging_mixin.py:188} INFO - [2026-03-27T10:18:08.387+0000] {dag.py:3834} INFO - Setting next_dagrun for example_branch_datetime_operator_2 to 2026-03-26 00:00:00+00:00, run_after=2026-03-27 00:00:00+00:00
[2026-03-27T10:18:08.389+0000] {logging_mixin.py:188} INFO - [2026-03-27T10:18:08.389+0000] {dag.py:3834} INFO - Setting next_dagrun for example_branch_datetime_operator_3 to 2026-03-26 00:00:00+00:00, run_after=2026-03-27 00:00:00+00:00
[2026-03-27T10:18:08.409+0000] {processor.py:183} INFO - Processing /home/airflow/.local/lib/python3.8/site-packages/airflow/example_dags/example_branch_datetime_operator.py took 0.091 seconds
[2026-03-27T10:18:38.508+0000] {processor.py:161} INFO - Started process (PID=452) to work on /home/airflow/.local/lib/python3.8/site-packages/airflow/example_dags/example_branch_datetime_operator.py
[2026-03-27T10:18:38.509+0000] {processor.py:830} INFO - Processing file /home/airflow/.local/lib/python3.8/site-packages/airflow/example_dags/example_branch_datetime_operator.py for tasks to queue
[2026-03-27T10:18:38.511+0000] {logging_mixin.py:188} INFO - [2026-03-27T10:18:38.510+0000] {dagbag.py:540} INFO - Filling up the DagBag from /home/airflow/.local/lib/python3.8/site-packages/airflow/example_dags/example_branch_datetime_operator.py
[2026-03-27T10:18:38.518+0000] {processor.py:840} INFO - DAG(s) 'example_branch_datetime_operator_2', 'example_branch_datetime_operator', 'example_branch_datetime_operator_3' retrieved from /home/airflow/.local/lib/python3.8/site-packages/airflow/example_dags/example_branch_datetime_operator.py
[2026-03-27T10:18:38.537+0000] {logging_mixin.py:188} INFO - [2026-03-27T10:18:38.537+0000] {dag.py:3047} INFO - Sync 3 DAGs
[2026-03-27T10:18:38.556+0000] {logging_mixin.py:188} INFO - [2026-03-27T10:18:38.555+0000] {dag.py:3834} INFO - Setting next_dagrun for example_branch_datetime_operator to 2026-03-26 00:00:00+00:00, run_after=2026-03-27 00:00:00+00:00
[2026-03-27T10:18:38.562+0000] {logging_mixin.py:188} INFO - [2026-03-27T10:18:38.562+0000] {dag.py:3834} INFO - Setting next_dagrun for example_branch_datetime_operator_2 to 2026-03-26 00:00:00+00:00, run_after=2026-03-27 00:00:00+00:00
[2026-03-27T10:18:38.566+0000] {logging_mixin.py:188} INFO - [2026-03-27T10:18:38.565+0000] {dag.py:3834} INFO - Setting next_dagrun for example_branch_datetime_operator_3 to 2026-03-26 00:00:00+00:00, run_after=2026-03-27 00:00:00+00:00
[2026-03-27T10:18:38.580+0000] {processor.py:183} INFO - Processing /home/airflow/.local/lib/python3.8/site-packages/airflow/example_dags/example_branch_datetime_operator.py took 0.074 seconds
[2026-03-27T10:19:08.729+0000] {processor.py:161} INFO - Started process (PID=514) to work on /home/airflow/.local/lib/python3.8/site-packages/airflow/example_dags/example_branch_datetime_operator.py
[2026-03-27T10:19:08.730+0000] {processor.py:830} INFO - Processing file /home/airflow/.local/lib/python3.8/site-packages/airflow/example_dags/example_branch_datetime_operator.py for tasks to queue
[2026-03-27T10:19:08.731+0000] {logging_mixin.py:188} INFO - [2026-03-27T10:19:08.731+0000] {dagbag.py:540} INFO - Filling up the DagBag from /home/airflow/.local/lib/python3.8/site-packages/airflow/example_dags/example_branch_datetime_operator.py
[2026-03-27T10:19:08.740+0000] {processor.py:840} INFO - DAG(s) 'example_branch_datetime_operator_2', 'example_branch_datetime_operator_3', 'example_branch_datetime_operator' retrieved from /home/airflow/.local/lib/python3.8/site-packages/airflow/example_dags/example_branch_datetime_operator.py
[2026-03-27T10:19:08.766+0000] {logging_mixin.py:188} INFO - [2026-03-27T10:19:08.766+0000] {dag.py:3047} INFO - Sync 3 DAGs
[2026-03-27T10:19:08.789+0000] {logging_mixin.py:188} INFO - [2026-03-27T10:19:08.788+0000] {dag.py:3834} INFO - Setting next_dagrun for example_branch_datetime_operator to 2026-03-26 00:00:00+00:00, run_after=2026-03-27 00:00:00+00:00
[2026-03-27T10:19:08.794+0000] {logging_mixin.py:188} INFO - [2026-03-27T10:19:08.794+0000] {dag.py:3834} INFO - Setting next_dagrun for example_branch_datetime_operator_2 to 2026-03-26 00:00:00+00:00, run_after=2026-03-27 00:00:00+00:00
[2026-03-27T10:19:08.797+0000] {logging_mixin.py:188} INFO - [2026-03-27T10:19:08.797+0000] {dag.py:3834} INFO - Setting next_dagrun for example_branch_datetime_operator_3 to 2026-03-26 00:00:00+00:00, run_after=2026-03-27 00:00:00+00:00
[2026-03-27T10:19:08.816+0000] {processor.py:183} INFO - Processing /home/airflow/.local/lib/python3.8/site-packages/airflow/example_dags/example_branch_datetime_operator.py took 0.091 seconds
[2026-03-27T10:19:38.861+0000] {processor.py:161} INFO - Started process (PID=570) to work on /home/airflow/.local/lib/python3.8/site-packages/airflow/example_dags/example_branch_datetime_operator.py
[2026-03-27T10:19:38.862+0000] {processor.py:830} INFO - Processing file /home/airflow/.local/lib/python3.8/site-packages/airflow/example_dags/example_branch_datetime_operator.py for tasks to queue
[2026-03-27T10:19:38.864+0000] {logging_mixin.py:188} INFO - [2026-03-27T10:19:38.863+0000] {dagbag.py:540} INFO - Filling up the DagBag from /home/airflow/.local/lib/python3.8/site-packages/airflow/example_dags/example_branch_datetime_operator.py
[2026-03-27T10:19:38.871+0000] {processor.py:840} INFO - DAG(s) 'example_branch_datetime_operator', 'example_branch_datetime_operator_2', 'example_branch_datetime_operator_3' retrieved from /home/airflow/.local/lib/python3.8/site-packages/airflow/example_dags/example_branch_datetime_operator.py
[2026-03-27T10:19:38.889+0000] {logging_mixin.py:188} INFO - [2026-03-27T10:19:38.889+0000] {dag.py:3047} INFO - Sync 3 DAGs
[2026-03-27T10:19:38.905+0000] {logging_mixin.py:188} INFO - [2026-03-27T10:19:38.904+0000] {dag.py:3834} INFO - Setting next_dagrun for example_branch_datetime_operator to 2026-03-26 00:00:00+00:00, run_after=2026-03-27 00:00:00+00:00
[2026-03-27T10:19:38.908+0000] {logging_mixin.py:188} INFO - [2026-03-27T10:19:38.907+0000] {dag.py:3834} INFO - Setting next_dagrun for example_branch_datetime_operator_2 to 2026-03-26 00:00:00+00:00, run_after=2026-03-27 00:00:00+00:00
[2026-03-27T10:19:38.909+0000] {logging_mixin.py:188} INFO - [2026-03-27T10:19:38.909+0000] {dag.py:3834} INFO - Setting next_dagrun for example_branch_datetime_operator_3 to 2026-03-26 00:00:00+00:00, run_after=2026-03-27 00:00:00+00:00
[2026-03-27T10:19:38.924+0000] {processor.py:183} INFO - Processing /home/airflow/.local/lib/python3.8/site-packages/airflow/example_dags/example_branch_datetime_operator.py took 0.066 seconds
[2026-03-27T10:20:09.566+0000] {processor.py:161} INFO - Started process (PID=626) to work on /home/airflow/.local/lib/python3.8/site-packages/airflow/example_dags/example_branch_datetime_operator.py
[2026-03-27T10:20:09.566+0000] {processor.py:830} INFO - Processing file /home/airflow/.local/lib/python3.8/site-packages/airflow/example_dags/example_branch_datetime_operator.py for tasks to queue
[2026-03-27T10:20:09.568+0000] {logging_mixin.py:188} INFO - [2026-03-27T10:20:09.568+0000] {dagbag.py:540} INFO - Filling up the DagBag from /home/airflow/.local/lib/python3.8/site-packages/airflow/example_dags/example_branch_datetime_operator.py
[2026-03-27T10:20:09.576+0000] {processor.py:840} INFO - DAG(s) 'example_branch_datetime_operator_3', 'example_branch_datetime_operator', 'example_branch_datetime_operator_2' retrieved from /home/airflow/.local/lib/python3.8/site-packages/airflow/example_dags/example_branch_datetime_operator.py
[2026-03-27T10:20:09.597+0000] {logging_mixin.py:188} INFO - [2026-03-27T10:20:09.597+0000] {dag.py:3047} INFO - Sync 3 DAGs
[2026-03-27T10:20:09.615+0000] {logging_mixin.py:188} INFO - [2026-03-27T10:20:09.615+0000] {dag.py:3834} INFO - Setting next_dagrun for example_branch_datetime_operator to 2026-03-26 00:00:00+00:00, run_after=2026-03-27 00:00:00+00:00
[2026-03-27T10:20:09.618+0000] {logging_mixin.py:188} INFO - [2026-03-27T10:20:09.618+0000] {dag.py:3834} INFO - Setting next_dagrun for example_branch_datetime_operator_2 to 2026-03-26 00:00:00+00:00, run_after=2026-03-27 00:00:00+00:00
[2026-03-27T10:20:09.621+0000] {logging_mixin.py:188} INFO - [2026-03-27T10:20:09.621+0000] {dag.py:3834} INFO - Setting next_dagrun for example_branch_datetime_operator_3 to 2026-03-26 00:00:00+00:00, run_after=2026-03-27 00:00:00+00:00
[2026-03-27T10:20:09.637+0000] {processor.py:183} INFO - Processing /home/airflow/.local/lib/python3.8/site-packages/airflow/example_dags/example_branch_datetime_operator.py took 0.074 seconds
