[2026-03-27T10:15:04.222+0000] {processor.py:161} INFO - Started process (PID=53) to work on /home/airflow/.local/lib/python3.8/site-packages/airflow/example_dags/example_branch_labels.py
[2026-03-27T10:15:04.223+0000] {processor.py:830} INFO - Processing file /home/airflow/.local/lib/python3.8/site-packages/airflow/example_dags/example_branch_labels.py for tasks to queue
[2026-03-27T10:15:04.225+0000] {logging_mixin.py:188} INFO - [2026-03-27T10:15:04.225+0000] {dagbag.py:540} INFO - Filling up the DagBag from /home/airflow/.local/lib/python3.8/site-packages/airflow/example_dags/example_branch_labels.py
[2026-03-27T10:15:04.235+0000] {processor.py:840} INFO - DAG(s) 'example_branch_labels' retrieved from /home/airflow/.local/lib/python3.8/site-packages/airflow/example_dags/example_branch_labels.py
[2026-03-27T10:15:04.253+0000] {logging_mixin.py:188} INFO - [2026-03-27T10:15:04.253+0000] {dag.py:3047} INFO - Sync 1 DAGs
[2026-03-27T10:15:04.275+0000] {logging_mixin.py:188} INFO - [2026-03-27T10:15:04.274+0000] {dag.py:3834} INFO - Setting next_dagrun for example_branch_labels to 2026-03-26 00:00:00+00:00, run_after=2026-03-27 00:00:00+00:00
[2026-03-27T10:15:04.295+0000] {processor.py:183} INFO - Processing /home/airflow/.local/lib/python3.8/site-packages/airflow/example_dags/example_branch_labels.py took 0.076 seconds
[2026-03-27T10:15:35.030+0000] {processor.py:161} INFO - Started process (PID=109) to work on /home/airflow/.local/lib/python3.8/site-packages/airflow/example_dags/example_branch_labels.py
[2026-03-27T10:15:35.032+0000] {processor.py:830} INFO - Processing file /home/airflow/.local/lib/python3.8/site-packages/airflow/example_dags/example_branch_labels.py for tasks to queue
[2026-03-27T10:15:35.034+0000] {logging_mixin.py:188} INFO - [2026-03-27T10:15:35.034+0000] {dagbag.py:540} INFO - Filling up the DagBag from /home/airflow/.local/lib/python3.8/site-packages/airflow/example_dags/example_branch_labels.py
[2026-03-27T10:15:35.040+0000] {processor.py:840} INFO - DAG(s) 'example_branch_labels' retrieved from /home/airflow/.local/lib/python3.8/site-packages/airflow/example_dags/example_branch_labels.py
[2026-03-27T10:15:35.129+0000] {logging_mixin.py:188} INFO - [2026-03-27T10:15:35.129+0000] {dag.py:3047} INFO - Sync 1 DAGs
[2026-03-27T10:15:35.145+0000] {logging_mixin.py:188} INFO - [2026-03-27T10:15:35.145+0000] {dag.py:3834} INFO - Setting next_dagrun for example_branch_labels to 2026-03-26 00:00:00+00:00, run_after=2026-03-27 00:00:00+00:00
[2026-03-27T10:15:35.161+0000] {processor.py:183} INFO - Processing /home/airflow/.local/lib/python3.8/site-packages/airflow/example_dags/example_branch_labels.py took 0.134 seconds
[2026-03-27T10:16:05.543+0000] {processor.py:161} INFO - Started process (PID=165) to work on /home/airflow/.local/lib/python3.8/site-packages/airflow/example_dags/example_branch_labels.py
[2026-03-27T10:16:05.544+0000] {processor.py:830} INFO - Processing file /home/airflow/.local/lib/python3.8/site-packages/airflow/example_dags/example_branch_labels.py for tasks to queue
[2026-03-27T10:16:05.546+0000] {logging_mixin.py:188} INFO - [2026-03-27T10:16:05.545+0000] {dagbag.py:540} INFO - Filling up the DagBag from /home/airflow/.local/lib/python3.8/site-packages/airflow/example_dags/example_branch_labels.py
[2026-03-27T10:16:05.551+0000] {processor.py:840} INFO - DAG(s) 'example_branch_labels' retrieved from /home/airflow/.local/lib/python3.8/site-packages/airflow/example_dags/example_branch_labels.py
[2026-03-27T10:16:05.566+0000] {logging_mixin.py:188} INFO - [2026-03-27T10:16:05.566+0000] {dag.py:3047} INFO - Sync 1 DAGs
[2026-03-27T10:16:05.581+0000] {logging_mixin.py:188} INFO - [2026-03-27T10:16:05.581+0000] {dag.py:3834} INFO - Setting next_dagrun for example_branch_labels to 2026-03-26 00:00:00+00:00, run_after=2026-03-27 00:00:00+00:00
[2026-03-27T10:16:05.594+0000] {processor.py:183} INFO - Processing /home/airflow/.local/lib/python3.8/site-packages/airflow/example_dags/example_branch_labels.py took 0.053 seconds
[2026-03-27T10:16:36.081+0000] {processor.py:161} INFO - Started process (PID=221) to work on /home/airflow/.local/lib/python3.8/site-packages/airflow/example_dags/example_branch_labels.py
[2026-03-27T10:16:36.082+0000] {processor.py:830} INFO - Processing file /home/airflow/.local/lib/python3.8/site-packages/airflow/example_dags/example_branch_labels.py for tasks to queue
[2026-03-27T10:16:36.084+0000] {logging_mixin.py:188} INFO - [2026-03-27T10:16:36.084+0000] {dagbag.py:540} INFO - Filling up the DagBag from /home/airflow/.local/lib/python3.8/site-packages/airflow/example_dags/example_branch_labels.py
[2026-03-27T10:16:36.089+0000] {processor.py:840} INFO - DAG(s) 'example_branch_labels' retrieved from /home/airflow/.local/lib/python3.8/site-packages/airflow/example_dags/example_branch_labels.py
[2026-03-27T10:16:36.105+0000] {logging_mixin.py:188} INFO - [2026-03-27T10:16:36.104+0000] {dag.py:3047} INFO - Sync 1 DAGs
[2026-03-27T10:16:36.119+0000] {logging_mixin.py:188} INFO - [2026-03-27T10:16:36.119+0000] {dag.py:3834} INFO - Setting next_dagrun for example_branch_labels to 2026-03-26 00:00:00+00:00, run_after=2026-03-27 00:00:00+00:00
[2026-03-27T10:16:36.131+0000] {processor.py:183} INFO - Processing /home/airflow/.local/lib/python3.8/site-packages/airflow/example_dags/example_branch_labels.py took 0.052 seconds
[2026-03-27T10:17:06.668+0000] {processor.py:161} INFO - Started process (PID=277) to work on /home/airflow/.local/lib/python3.8/site-packages/airflow/example_dags/example_branch_labels.py
[2026-03-27T10:17:06.671+0000] {processor.py:830} INFO - Processing file /home/airflow/.local/lib/python3.8/site-packages/airflow/example_dags/example_branch_labels.py for tasks to queue
[2026-03-27T10:17:06.674+0000] {logging_mixin.py:188} INFO - [2026-03-27T10:17:06.674+0000] {dagbag.py:540} INFO - Filling up the DagBag from /home/airflow/.local/lib/python3.8/site-packages/airflow/example_dags/example_branch_labels.py
[2026-03-27T10:17:06.681+0000] {processor.py:840} INFO - DAG(s) 'example_branch_labels' retrieved from /home/airflow/.local/lib/python3.8/site-packages/airflow/example_dags/example_branch_labels.py
[2026-03-27T10:17:06.698+0000] {logging_mixin.py:188} INFO - [2026-03-27T10:17:06.698+0000] {dag.py:3047} INFO - Sync 1 DAGs
[2026-03-27T10:17:06.715+0000] {logging_mixin.py:188} INFO - [2026-03-27T10:17:06.715+0000] {dag.py:3834} INFO - Setting next_dagrun for example_branch_labels to 2026-03-26 00:00:00+00:00, run_after=2026-03-27 00:00:00+00:00
[2026-03-27T10:17:06.732+0000] {processor.py:183} INFO - Processing /home/airflow/.local/lib/python3.8/site-packages/airflow/example_dags/example_branch_labels.py took 0.068 seconds
[2026-03-27T10:17:37.368+0000] {processor.py:161} INFO - Started process (PID=333) to work on /home/airflow/.local/lib/python3.8/site-packages/airflow/example_dags/example_branch_labels.py
[2026-03-27T10:17:37.369+0000] {processor.py:830} INFO - Processing file /home/airflow/.local/lib/python3.8/site-packages/airflow/example_dags/example_branch_labels.py for tasks to queue
[2026-03-27T10:17:37.370+0000] {logging_mixin.py:188} INFO - [2026-03-27T10:17:37.370+0000] {dagbag.py:540} INFO - Filling up the DagBag from /home/airflow/.local/lib/python3.8/site-packages/airflow/example_dags/example_branch_labels.py
[2026-03-27T10:17:37.377+0000] {processor.py:840} INFO - DAG(s) 'example_branch_labels' retrieved from /home/airflow/.local/lib/python3.8/site-packages/airflow/example_dags/example_branch_labels.py
[2026-03-27T10:17:37.392+0000] {logging_mixin.py:188} INFO - [2026-03-27T10:17:37.392+0000] {dag.py:3047} INFO - Sync 1 DAGs
[2026-03-27T10:17:37.407+0000] {logging_mixin.py:188} INFO - [2026-03-27T10:17:37.407+0000] {dag.py:3834} INFO - Setting next_dagrun for example_branch_labels to 2026-03-26 00:00:00+00:00, run_after=2026-03-27 00:00:00+00:00
[2026-03-27T10:17:37.425+0000] {processor.py:183} INFO - Processing /home/airflow/.local/lib/python3.8/site-packages/airflow/example_dags/example_branch_labels.py took 0.060 seconds
[2026-03-27T10:18:07.829+0000] {processor.py:161} INFO - Started process (PID=389) to work on /home/airflow/.local/lib/python3.8/site-packages/airflow/example_dags/example_branch_labels.py
[2026-03-27T10:18:07.831+0000] {processor.py:830} INFO - Processing file /home/airflow/.local/lib/python3.8/site-packages/airflow/example_dags/example_branch_labels.py for tasks to queue
[2026-03-27T10:18:07.833+0000] {logging_mixin.py:188} INFO - [2026-03-27T10:18:07.832+0000] {dagbag.py:540} INFO - Filling up the DagBag from /home/airflow/.local/lib/python3.8/site-packages/airflow/example_dags/example_branch_labels.py
[2026-03-27T10:18:07.840+0000] {processor.py:840} INFO - DAG(s) 'example_branch_labels' retrieved from /home/airflow/.local/lib/python3.8/site-packages/airflow/example_dags/example_branch_labels.py
[2026-03-27T10:18:07.859+0000] {logging_mixin.py:188} INFO - [2026-03-27T10:18:07.859+0000] {dag.py:3047} INFO - Sync 1 DAGs
[2026-03-27T10:18:07.879+0000] {logging_mixin.py:188} INFO - [2026-03-27T10:18:07.879+0000] {dag.py:3834} INFO - Setting next_dagrun for example_branch_labels to 2026-03-26 00:00:00+00:00, run_after=2026-03-27 00:00:00+00:00
[2026-03-27T10:18:07.897+0000] {processor.py:183} INFO - Processing /home/airflow/.local/lib/python3.8/site-packages/airflow/example_dags/example_branch_labels.py took 0.071 seconds
[2026-03-27T10:18:37.948+0000] {processor.py:161} INFO - Started process (PID=445) to work on /home/airflow/.local/lib/python3.8/site-packages/airflow/example_dags/example_branch_labels.py
[2026-03-27T10:18:37.949+0000] {processor.py:830} INFO - Processing file /home/airflow/.local/lib/python3.8/site-packages/airflow/example_dags/example_branch_labels.py for tasks to queue
[2026-03-27T10:18:37.951+0000] {logging_mixin.py:188} INFO - [2026-03-27T10:18:37.951+0000] {dagbag.py:540} INFO - Filling up the DagBag from /home/airflow/.local/lib/python3.8/site-packages/airflow/example_dags/example_branch_labels.py
[2026-03-27T10:18:37.957+0000] {processor.py:840} INFO - DAG(s) 'example_branch_labels' retrieved from /home/airflow/.local/lib/python3.8/site-packages/airflow/example_dags/example_branch_labels.py
[2026-03-27T10:18:37.972+0000] {logging_mixin.py:188} INFO - [2026-03-27T10:18:37.972+0000] {dag.py:3047} INFO - Sync 1 DAGs
[2026-03-27T10:18:37.987+0000] {logging_mixin.py:188} INFO - [2026-03-27T10:18:37.987+0000] {dag.py:3834} INFO - Setting next_dagrun for example_branch_labels to 2026-03-26 00:00:00+00:00, run_after=2026-03-27 00:00:00+00:00
[2026-03-27T10:18:38.008+0000] {processor.py:183} INFO - Processing /home/airflow/.local/lib/python3.8/site-packages/airflow/example_dags/example_branch_labels.py took 0.063 seconds
[2026-03-27T10:19:08.302+0000] {processor.py:161} INFO - Started process (PID=501) to work on /home/airflow/.local/lib/python3.8/site-packages/airflow/example_dags/example_branch_labels.py
[2026-03-27T10:19:08.303+0000] {processor.py:830} INFO - Processing file /home/airflow/.local/lib/python3.8/site-packages/airflow/example_dags/example_branch_labels.py for tasks to queue
[2026-03-27T10:19:08.305+0000] {logging_mixin.py:188} INFO - [2026-03-27T10:19:08.305+0000] {dagbag.py:540} INFO - Filling up the DagBag from /home/airflow/.local/lib/python3.8/site-packages/airflow/example_dags/example_branch_labels.py
[2026-03-27T10:19:08.312+0000] {processor.py:840} INFO - DAG(s) 'example_branch_labels' retrieved from /home/airflow/.local/lib/python3.8/site-packages/airflow/example_dags/example_branch_labels.py
[2026-03-27T10:19:08.331+0000] {logging_mixin.py:188} INFO - [2026-03-27T10:19:08.331+0000] {dag.py:3047} INFO - Sync 1 DAGs
[2026-03-27T10:19:08.351+0000] {logging_mixin.py:188} INFO - [2026-03-27T10:19:08.351+0000] {dag.py:3834} INFO - Setting next_dagrun for example_branch_labels to 2026-03-26 00:00:00+00:00, run_after=2026-03-27 00:00:00+00:00
[2026-03-27T10:19:08.369+0000] {processor.py:183} INFO - Processing /home/airflow/.local/lib/python3.8/site-packages/airflow/example_dags/example_branch_labels.py took 0.072 seconds
[2026-03-27T10:19:38.432+0000] {processor.py:161} INFO - Started process (PID=557) to work on /home/airflow/.local/lib/python3.8/site-packages/airflow/example_dags/example_branch_labels.py
[2026-03-27T10:19:38.433+0000] {processor.py:830} INFO - Processing file /home/airflow/.local/lib/python3.8/site-packages/airflow/example_dags/example_branch_labels.py for tasks to queue
[2026-03-27T10:19:38.434+0000] {logging_mixin.py:188} INFO - [2026-03-27T10:19:38.434+0000] {dagbag.py:540} INFO - Filling up the DagBag from /home/airflow/.local/lib/python3.8/site-packages/airflow/example_dags/example_branch_labels.py
[2026-03-27T10:19:38.440+0000] {processor.py:840} INFO - DAG(s) 'example_branch_labels' retrieved from /home/airflow/.local/lib/python3.8/site-packages/airflow/example_dags/example_branch_labels.py
[2026-03-27T10:19:38.466+0000] {logging_mixin.py:188} INFO - [2026-03-27T10:19:38.466+0000] {dag.py:3047} INFO - Sync 1 DAGs
[2026-03-27T10:19:38.490+0000] {logging_mixin.py:188} INFO - [2026-03-27T10:19:38.490+0000] {dag.py:3834} INFO - Setting next_dagrun for example_branch_labels to 2026-03-26 00:00:00+00:00, run_after=2026-03-27 00:00:00+00:00
[2026-03-27T10:19:38.513+0000] {processor.py:183} INFO - Processing /home/airflow/.local/lib/python3.8/site-packages/airflow/example_dags/example_branch_labels.py took 0.084 seconds
[2026-03-27T10:20:09.132+0000] {processor.py:161} INFO - Started process (PID=619) to work on /home/airflow/.local/lib/python3.8/site-packages/airflow/example_dags/example_branch_labels.py
[2026-03-27T10:20:09.134+0000] {processor.py:830} INFO - Processing file /home/airflow/.local/lib/python3.8/site-packages/airflow/example_dags/example_branch_labels.py for tasks to queue
[2026-03-27T10:20:09.137+0000] {logging_mixin.py:188} INFO - [2026-03-27T10:20:09.137+0000] {dagbag.py:540} INFO - Filling up the DagBag from /home/airflow/.local/lib/python3.8/site-packages/airflow/example_dags/example_branch_labels.py
[2026-03-27T10:20:09.148+0000] {processor.py:840} INFO - DAG(s) 'example_branch_labels' retrieved from /home/airflow/.local/lib/python3.8/site-packages/airflow/example_dags/example_branch_labels.py
[2026-03-27T10:20:09.171+0000] {logging_mixin.py:188} INFO - [2026-03-27T10:20:09.170+0000] {dag.py:3047} INFO - Sync 1 DAGs
[2026-03-27T10:20:09.198+0000] {logging_mixin.py:188} INFO - [2026-03-27T10:20:09.198+0000] {dag.py:3834} INFO - Setting next_dagrun for example_branch_labels to 2026-03-26 00:00:00+00:00, run_after=2026-03-27 00:00:00+00:00
[2026-03-27T10:20:09.219+0000] {processor.py:183} INFO - Processing /home/airflow/.local/lib/python3.8/site-packages/airflow/example_dags/example_branch_labels.py took 0.092 seconds
