[2026-03-27T10:15:06.259+0000] {processor.py:161} INFO - Started process (PID=86) to work on /home/airflow/.local/lib/python3.8/site-packages/airflow/example_dags/example_skip_dag.py
[2026-03-27T10:15:06.260+0000] {processor.py:830} INFO - Processing file /home/airflow/.local/lib/python3.8/site-packages/airflow/example_dags/example_skip_dag.py for tasks to queue
[2026-03-27T10:15:06.262+0000] {logging_mixin.py:188} INFO - [2026-03-27T10:15:06.262+0000] {dagbag.py:540} INFO - Filling up the DagBag from /home/airflow/.local/lib/python3.8/site-packages/airflow/example_dags/example_skip_dag.py
[2026-03-27T10:15:06.267+0000] {processor.py:840} INFO - DAG(s) 'example_skip_dag' retrieved from /home/airflow/.local/lib/python3.8/site-packages/airflow/example_dags/example_skip_dag.py
[2026-03-27T10:15:06.278+0000] {logging_mixin.py:188} INFO - [2026-03-27T10:15:06.278+0000] {dag.py:3047} INFO - Sync 1 DAGs
[2026-03-27T10:15:06.298+0000] {logging_mixin.py:188} INFO - [2026-03-27T10:15:06.298+0000] {dag.py:3834} INFO - Setting next_dagrun for example_skip_dag to 2026-03-26 00:00:00+00:00, run_after=2026-03-27 00:00:00+00:00
[2026-03-27T10:15:06.316+0000] {processor.py:183} INFO - Processing /home/airflow/.local/lib/python3.8/site-packages/airflow/example_dags/example_skip_dag.py took 0.060 seconds
[2026-03-27T10:15:38.066+0000] {processor.py:161} INFO - Started process (PID=142) to work on /home/airflow/.local/lib/python3.8/site-packages/airflow/example_dags/example_skip_dag.py
[2026-03-27T10:15:38.068+0000] {processor.py:830} INFO - Processing file /home/airflow/.local/lib/python3.8/site-packages/airflow/example_dags/example_skip_dag.py for tasks to queue
[2026-03-27T10:15:38.074+0000] {logging_mixin.py:188} INFO - [2026-03-27T10:15:38.073+0000] {dagbag.py:540} INFO - Filling up the DagBag from /home/airflow/.local/lib/python3.8/site-packages/airflow/example_dags/example_skip_dag.py
[2026-03-27T10:15:38.090+0000] {processor.py:840} INFO - DAG(s) 'example_skip_dag' retrieved from /home/airflow/.local/lib/python3.8/site-packages/airflow/example_dags/example_skip_dag.py
[2026-03-27T10:15:38.280+0000] {logging_mixin.py:188} INFO - [2026-03-27T10:15:38.279+0000] {dag.py:3047} INFO - Sync 1 DAGs
[2026-03-27T10:15:38.297+0000] {logging_mixin.py:188} INFO - [2026-03-27T10:15:38.297+0000] {dag.py:3834} INFO - Setting next_dagrun for example_skip_dag to 2026-03-26 00:00:00+00:00, run_after=2026-03-27 00:00:00+00:00
[2026-03-27T10:15:38.320+0000] {processor.py:183} INFO - Processing /home/airflow/.local/lib/python3.8/site-packages/airflow/example_dags/example_skip_dag.py took 0.259 seconds
[2026-03-27T10:16:08.360+0000] {processor.py:161} INFO - Started process (PID=204) to work on /home/airflow/.local/lib/python3.8/site-packages/airflow/example_dags/example_skip_dag.py
[2026-03-27T10:16:08.361+0000] {processor.py:830} INFO - Processing file /home/airflow/.local/lib/python3.8/site-packages/airflow/example_dags/example_skip_dag.py for tasks to queue
[2026-03-27T10:16:08.363+0000] {logging_mixin.py:188} INFO - [2026-03-27T10:16:08.363+0000] {dagbag.py:540} INFO - Filling up the DagBag from /home/airflow/.local/lib/python3.8/site-packages/airflow/example_dags/example_skip_dag.py
[2026-03-27T10:16:08.372+0000] {processor.py:840} INFO - DAG(s) 'example_skip_dag' retrieved from /home/airflow/.local/lib/python3.8/site-packages/airflow/example_dags/example_skip_dag.py
[2026-03-27T10:16:08.389+0000] {logging_mixin.py:188} INFO - [2026-03-27T10:16:08.389+0000] {dag.py:3047} INFO - Sync 1 DAGs
[2026-03-27T10:16:08.405+0000] {logging_mixin.py:188} INFO - [2026-03-27T10:16:08.405+0000] {dag.py:3834} INFO - Setting next_dagrun for example_skip_dag to 2026-03-26 00:00:00+00:00, run_after=2026-03-27 00:00:00+00:00
[2026-03-27T10:16:08.420+0000] {processor.py:183} INFO - Processing /home/airflow/.local/lib/python3.8/site-packages/airflow/example_dags/example_skip_dag.py took 0.064 seconds
[2026-03-27T10:16:38.857+0000] {processor.py:161} INFO - Started process (PID=260) to work on /home/airflow/.local/lib/python3.8/site-packages/airflow/example_dags/example_skip_dag.py
[2026-03-27T10:16:38.858+0000] {processor.py:830} INFO - Processing file /home/airflow/.local/lib/python3.8/site-packages/airflow/example_dags/example_skip_dag.py for tasks to queue
[2026-03-27T10:16:38.860+0000] {logging_mixin.py:188} INFO - [2026-03-27T10:16:38.859+0000] {dagbag.py:540} INFO - Filling up the DagBag from /home/airflow/.local/lib/python3.8/site-packages/airflow/example_dags/example_skip_dag.py
[2026-03-27T10:16:38.865+0000] {processor.py:840} INFO - DAG(s) 'example_skip_dag' retrieved from /home/airflow/.local/lib/python3.8/site-packages/airflow/example_dags/example_skip_dag.py
[2026-03-27T10:16:38.883+0000] {logging_mixin.py:188} INFO - [2026-03-27T10:16:38.882+0000] {dag.py:3047} INFO - Sync 1 DAGs
[2026-03-27T10:16:38.899+0000] {logging_mixin.py:188} INFO - [2026-03-27T10:16:38.899+0000] {dag.py:3834} INFO - Setting next_dagrun for example_skip_dag to 2026-03-26 00:00:00+00:00, run_after=2026-03-27 00:00:00+00:00
[2026-03-27T10:16:38.911+0000] {processor.py:183} INFO - Processing /home/airflow/.local/lib/python3.8/site-packages/airflow/example_dags/example_skip_dag.py took 0.057 seconds
[2026-03-27T10:17:09.578+0000] {processor.py:161} INFO - Started process (PID=316) to work on /home/airflow/.local/lib/python3.8/site-packages/airflow/example_dags/example_skip_dag.py
[2026-03-27T10:17:09.579+0000] {processor.py:830} INFO - Processing file /home/airflow/.local/lib/python3.8/site-packages/airflow/example_dags/example_skip_dag.py for tasks to queue
[2026-03-27T10:17:09.581+0000] {logging_mixin.py:188} INFO - [2026-03-27T10:17:09.581+0000] {dagbag.py:540} INFO - Filling up the DagBag from /home/airflow/.local/lib/python3.8/site-packages/airflow/example_dags/example_skip_dag.py
[2026-03-27T10:17:09.586+0000] {processor.py:840} INFO - DAG(s) 'example_skip_dag' retrieved from /home/airflow/.local/lib/python3.8/site-packages/airflow/example_dags/example_skip_dag.py
[2026-03-27T10:17:09.604+0000] {logging_mixin.py:188} INFO - [2026-03-27T10:17:09.604+0000] {dag.py:3047} INFO - Sync 1 DAGs
[2026-03-27T10:17:09.621+0000] {logging_mixin.py:188} INFO - [2026-03-27T10:17:09.620+0000] {dag.py:3834} INFO - Setting next_dagrun for example_skip_dag to 2026-03-26 00:00:00+00:00, run_after=2026-03-27 00:00:00+00:00
[2026-03-27T10:17:09.635+0000] {processor.py:183} INFO - Processing /home/airflow/.local/lib/python3.8/site-packages/airflow/example_dags/example_skip_dag.py took 0.060 seconds
[2026-03-27T10:17:39.907+0000] {processor.py:161} INFO - Started process (PID=372) to work on /home/airflow/.local/lib/python3.8/site-packages/airflow/example_dags/example_skip_dag.py
[2026-03-27T10:17:39.908+0000] {processor.py:830} INFO - Processing file /home/airflow/.local/lib/python3.8/site-packages/airflow/example_dags/example_skip_dag.py for tasks to queue
[2026-03-27T10:17:39.909+0000] {logging_mixin.py:188} INFO - [2026-03-27T10:17:39.909+0000] {dagbag.py:540} INFO - Filling up the DagBag from /home/airflow/.local/lib/python3.8/site-packages/airflow/example_dags/example_skip_dag.py
[2026-03-27T10:17:39.916+0000] {processor.py:840} INFO - DAG(s) 'example_skip_dag' retrieved from /home/airflow/.local/lib/python3.8/site-packages/airflow/example_dags/example_skip_dag.py
[2026-03-27T10:17:39.932+0000] {logging_mixin.py:188} INFO - [2026-03-27T10:17:39.932+0000] {dag.py:3047} INFO - Sync 1 DAGs
[2026-03-27T10:17:39.946+0000] {logging_mixin.py:188} INFO - [2026-03-27T10:17:39.946+0000] {dag.py:3834} INFO - Setting next_dagrun for example_skip_dag to 2026-03-26 00:00:00+00:00, run_after=2026-03-27 00:00:00+00:00
[2026-03-27T10:17:39.960+0000] {processor.py:183} INFO - Processing /home/airflow/.local/lib/python3.8/site-packages/airflow/example_dags/example_skip_dag.py took 0.055 seconds
[2026-03-27T10:18:10.800+0000] {processor.py:161} INFO - Started process (PID=428) to work on /home/airflow/.local/lib/python3.8/site-packages/airflow/example_dags/example_skip_dag.py
[2026-03-27T10:18:10.802+0000] {processor.py:830} INFO - Processing file /home/airflow/.local/lib/python3.8/site-packages/airflow/example_dags/example_skip_dag.py for tasks to queue
[2026-03-27T10:18:10.804+0000] {logging_mixin.py:188} INFO - [2026-03-27T10:18:10.804+0000] {dagbag.py:540} INFO - Filling up the DagBag from /home/airflow/.local/lib/python3.8/site-packages/airflow/example_dags/example_skip_dag.py
[2026-03-27T10:18:10.810+0000] {processor.py:840} INFO - DAG(s) 'example_skip_dag' retrieved from /home/airflow/.local/lib/python3.8/site-packages/airflow/example_dags/example_skip_dag.py
[2026-03-27T10:18:10.828+0000] {logging_mixin.py:188} INFO - [2026-03-27T10:18:10.828+0000] {dag.py:3047} INFO - Sync 1 DAGs
[2026-03-27T10:18:10.844+0000] {logging_mixin.py:188} INFO - [2026-03-27T10:18:10.844+0000] {dag.py:3834} INFO - Setting next_dagrun for example_skip_dag to 2026-03-26 00:00:00+00:00, run_after=2026-03-27 00:00:00+00:00
[2026-03-27T10:18:10.858+0000] {processor.py:183} INFO - Processing /home/airflow/.local/lib/python3.8/site-packages/airflow/example_dags/example_skip_dag.py took 0.061 seconds
[2026-03-27T10:18:40.884+0000] {processor.py:161} INFO - Started process (PID=484) to work on /home/airflow/.local/lib/python3.8/site-packages/airflow/example_dags/example_skip_dag.py
[2026-03-27T10:18:40.885+0000] {processor.py:830} INFO - Processing file /home/airflow/.local/lib/python3.8/site-packages/airflow/example_dags/example_skip_dag.py for tasks to queue
[2026-03-27T10:18:40.886+0000] {logging_mixin.py:188} INFO - [2026-03-27T10:18:40.886+0000] {dagbag.py:540} INFO - Filling up the DagBag from /home/airflow/.local/lib/python3.8/site-packages/airflow/example_dags/example_skip_dag.py
[2026-03-27T10:18:40.891+0000] {processor.py:840} INFO - DAG(s) 'example_skip_dag' retrieved from /home/airflow/.local/lib/python3.8/site-packages/airflow/example_dags/example_skip_dag.py
[2026-03-27T10:18:40.907+0000] {logging_mixin.py:188} INFO - [2026-03-27T10:18:40.907+0000] {dag.py:3047} INFO - Sync 1 DAGs
[2026-03-27T10:18:40.922+0000] {logging_mixin.py:188} INFO - [2026-03-27T10:18:40.922+0000] {dag.py:3834} INFO - Setting next_dagrun for example_skip_dag to 2026-03-26 00:00:00+00:00, run_after=2026-03-27 00:00:00+00:00
[2026-03-27T10:18:40.935+0000] {processor.py:183} INFO - Processing /home/airflow/.local/lib/python3.8/site-packages/airflow/example_dags/example_skip_dag.py took 0.054 seconds
[2026-03-27T10:19:11.449+0000] {processor.py:161} INFO - Started process (PID=540) to work on /home/airflow/.local/lib/python3.8/site-packages/airflow/example_dags/example_skip_dag.py
[2026-03-27T10:19:11.451+0000] {processor.py:830} INFO - Processing file /home/airflow/.local/lib/python3.8/site-packages/airflow/example_dags/example_skip_dag.py for tasks to queue
[2026-03-27T10:19:11.452+0000] {logging_mixin.py:188} INFO - [2026-03-27T10:19:11.452+0000] {dagbag.py:540} INFO - Filling up the DagBag from /home/airflow/.local/lib/python3.8/site-packages/airflow/example_dags/example_skip_dag.py
[2026-03-27T10:19:11.457+0000] {processor.py:840} INFO - DAG(s) 'example_skip_dag' retrieved from /home/airflow/.local/lib/python3.8/site-packages/airflow/example_dags/example_skip_dag.py
[2026-03-27T10:19:11.472+0000] {logging_mixin.py:188} INFO - [2026-03-27T10:19:11.472+0000] {dag.py:3047} INFO - Sync 1 DAGs
[2026-03-27T10:19:11.491+0000] {logging_mixin.py:188} INFO - [2026-03-27T10:19:11.490+0000] {dag.py:3834} INFO - Setting next_dagrun for example_skip_dag to 2026-03-26 00:00:00+00:00, run_after=2026-03-27 00:00:00+00:00
[2026-03-27T10:19:11.505+0000] {processor.py:183} INFO - Processing /home/airflow/.local/lib/python3.8/site-packages/airflow/example_dags/example_skip_dag.py took 0.058 seconds
[2026-03-27T10:19:42.278+0000] {processor.py:161} INFO - Started process (PID=596) to work on /home/airflow/.local/lib/python3.8/site-packages/airflow/example_dags/example_skip_dag.py
[2026-03-27T10:19:42.279+0000] {processor.py:830} INFO - Processing file /home/airflow/.local/lib/python3.8/site-packages/airflow/example_dags/example_skip_dag.py for tasks to queue
[2026-03-27T10:19:42.281+0000] {logging_mixin.py:188} INFO - [2026-03-27T10:19:42.280+0000] {dagbag.py:540} INFO - Filling up the DagBag from /home/airflow/.local/lib/python3.8/site-packages/airflow/example_dags/example_skip_dag.py
[2026-03-27T10:19:42.288+0000] {processor.py:840} INFO - DAG(s) 'example_skip_dag' retrieved from /home/airflow/.local/lib/python3.8/site-packages/airflow/example_dags/example_skip_dag.py
[2026-03-27T10:19:42.319+0000] {logging_mixin.py:188} INFO - [2026-03-27T10:19:42.319+0000] {dag.py:3047} INFO - Sync 1 DAGs
[2026-03-27T10:19:42.343+0000] {logging_mixin.py:188} INFO - [2026-03-27T10:19:42.343+0000] {dag.py:3834} INFO - Setting next_dagrun for example_skip_dag to 2026-03-26 00:00:00+00:00, run_after=2026-03-27 00:00:00+00:00
[2026-03-27T10:19:42.365+0000] {processor.py:183} INFO - Processing /home/airflow/.local/lib/python3.8/site-packages/airflow/example_dags/example_skip_dag.py took 0.089 seconds
[2026-03-27T10:20:12.848+0000] {processor.py:161} INFO - Started process (PID=652) to work on /home/airflow/.local/lib/python3.8/site-packages/airflow/example_dags/example_skip_dag.py
[2026-03-27T10:20:12.849+0000] {processor.py:830} INFO - Processing file /home/airflow/.local/lib/python3.8/site-packages/airflow/example_dags/example_skip_dag.py for tasks to queue
[2026-03-27T10:20:12.851+0000] {logging_mixin.py:188} INFO - [2026-03-27T10:20:12.850+0000] {dagbag.py:540} INFO - Filling up the DagBag from /home/airflow/.local/lib/python3.8/site-packages/airflow/example_dags/example_skip_dag.py
[2026-03-27T10:20:12.855+0000] {processor.py:840} INFO - DAG(s) 'example_skip_dag' retrieved from /home/airflow/.local/lib/python3.8/site-packages/airflow/example_dags/example_skip_dag.py
[2026-03-27T10:20:12.873+0000] {logging_mixin.py:188} INFO - [2026-03-27T10:20:12.873+0000] {dag.py:3047} INFO - Sync 1 DAGs
[2026-03-27T10:20:12.887+0000] {logging_mixin.py:188} INFO - [2026-03-27T10:20:12.887+0000] {dag.py:3834} INFO - Setting next_dagrun for example_skip_dag to 2026-03-26 00:00:00+00:00, run_after=2026-03-27 00:00:00+00:00
[2026-03-27T10:20:12.901+0000] {processor.py:183} INFO - Processing /home/airflow/.local/lib/python3.8/site-packages/airflow/example_dags/example_skip_dag.py took 0.055 seconds
