[2026-03-27T10:15:05.810+0000] {processor.py:161} INFO - Started process (PID=78) to work on /home/airflow/.local/lib/python3.8/site-packages/airflow/example_dags/example_task_group_decorator.py
[2026-03-27T10:15:05.811+0000] {processor.py:830} INFO - Processing file /home/airflow/.local/lib/python3.8/site-packages/airflow/example_dags/example_task_group_decorator.py for tasks to queue
[2026-03-27T10:15:05.814+0000] {logging_mixin.py:188} INFO - [2026-03-27T10:15:05.813+0000] {dagbag.py:540} INFO - Filling up the DagBag from /home/airflow/.local/lib/python3.8/site-packages/airflow/example_dags/example_task_group_decorator.py
[2026-03-27T10:15:05.827+0000] {processor.py:840} INFO - DAG(s) 'example_task_group_decorator' retrieved from /home/airflow/.local/lib/python3.8/site-packages/airflow/example_dags/example_task_group_decorator.py
[2026-03-27T10:15:05.839+0000] {logging_mixin.py:188} INFO - [2026-03-27T10:15:05.839+0000] {dag.py:3047} INFO - Sync 1 DAGs
[2026-03-27T10:15:05.864+0000] {logging_mixin.py:188} INFO - [2026-03-27T10:15:05.863+0000] {dag.py:3834} INFO - Setting next_dagrun for example_task_group_decorator to 2026-03-26 00:00:00+00:00, run_after=2026-03-27 00:00:00+00:00
[2026-03-27T10:15:05.885+0000] {processor.py:183} INFO - Processing /home/airflow/.local/lib/python3.8/site-packages/airflow/example_dags/example_task_group_decorator.py took 0.079 seconds
[2026-03-27T10:15:37.258+0000] {processor.py:161} INFO - Started process (PID=134) to work on /home/airflow/.local/lib/python3.8/site-packages/airflow/example_dags/example_task_group_decorator.py
[2026-03-27T10:15:37.259+0000] {processor.py:830} INFO - Processing file /home/airflow/.local/lib/python3.8/site-packages/airflow/example_dags/example_task_group_decorator.py for tasks to queue
[2026-03-27T10:15:37.260+0000] {logging_mixin.py:188} INFO - [2026-03-27T10:15:37.260+0000] {dagbag.py:540} INFO - Filling up the DagBag from /home/airflow/.local/lib/python3.8/site-packages/airflow/example_dags/example_task_group_decorator.py
[2026-03-27T10:15:37.275+0000] {processor.py:840} INFO - DAG(s) 'example_task_group_decorator' retrieved from /home/airflow/.local/lib/python3.8/site-packages/airflow/example_dags/example_task_group_decorator.py
[2026-03-27T10:15:37.374+0000] {logging_mixin.py:188} INFO - [2026-03-27T10:15:37.373+0000] {dag.py:3047} INFO - Sync 1 DAGs
[2026-03-27T10:15:37.395+0000] {logging_mixin.py:188} INFO - [2026-03-27T10:15:37.394+0000] {dag.py:3834} INFO - Setting next_dagrun for example_task_group_decorator to 2026-03-26 00:00:00+00:00, run_after=2026-03-27 00:00:00+00:00
[2026-03-27T10:15:37.413+0000] {processor.py:183} INFO - Processing /home/airflow/.local/lib/python3.8/site-packages/airflow/example_dags/example_task_group_decorator.py took 0.159 seconds
[2026-03-27T10:16:07.920+0000] {processor.py:161} INFO - Started process (PID=190) to work on /home/airflow/.local/lib/python3.8/site-packages/airflow/example_dags/example_task_group_decorator.py
[2026-03-27T10:16:07.922+0000] {processor.py:830} INFO - Processing file /home/airflow/.local/lib/python3.8/site-packages/airflow/example_dags/example_task_group_decorator.py for tasks to queue
[2026-03-27T10:16:07.925+0000] {logging_mixin.py:188} INFO - [2026-03-27T10:16:07.925+0000] {dagbag.py:540} INFO - Filling up the DagBag from /home/airflow/.local/lib/python3.8/site-packages/airflow/example_dags/example_task_group_decorator.py
[2026-03-27T10:16:07.939+0000] {processor.py:840} INFO - DAG(s) 'example_task_group_decorator' retrieved from /home/airflow/.local/lib/python3.8/site-packages/airflow/example_dags/example_task_group_decorator.py
[2026-03-27T10:16:07.983+0000] {logging_mixin.py:188} INFO - [2026-03-27T10:16:07.982+0000] {dag.py:3047} INFO - Sync 1 DAGs
[2026-03-27T10:16:08.007+0000] {logging_mixin.py:188} INFO - [2026-03-27T10:16:08.007+0000] {dag.py:3834} INFO - Setting next_dagrun for example_task_group_decorator to 2026-03-26 00:00:00+00:00, run_after=2026-03-27 00:00:00+00:00
[2026-03-27T10:16:08.030+0000] {processor.py:183} INFO - Processing /home/airflow/.local/lib/python3.8/site-packages/airflow/example_dags/example_task_group_decorator.py took 0.114 seconds
[2026-03-27T10:16:38.528+0000] {processor.py:161} INFO - Started process (PID=252) to work on /home/airflow/.local/lib/python3.8/site-packages/airflow/example_dags/example_task_group_decorator.py
[2026-03-27T10:16:38.529+0000] {processor.py:830} INFO - Processing file /home/airflow/.local/lib/python3.8/site-packages/airflow/example_dags/example_task_group_decorator.py for tasks to queue
[2026-03-27T10:16:38.531+0000] {logging_mixin.py:188} INFO - [2026-03-27T10:16:38.531+0000] {dagbag.py:540} INFO - Filling up the DagBag from /home/airflow/.local/lib/python3.8/site-packages/airflow/example_dags/example_task_group_decorator.py
[2026-03-27T10:16:38.542+0000] {processor.py:840} INFO - DAG(s) 'example_task_group_decorator' retrieved from /home/airflow/.local/lib/python3.8/site-packages/airflow/example_dags/example_task_group_decorator.py
[2026-03-27T10:16:38.560+0000] {logging_mixin.py:188} INFO - [2026-03-27T10:16:38.560+0000] {dag.py:3047} INFO - Sync 1 DAGs
[2026-03-27T10:16:38.576+0000] {logging_mixin.py:188} INFO - [2026-03-27T10:16:38.576+0000] {dag.py:3834} INFO - Setting next_dagrun for example_task_group_decorator to 2026-03-26 00:00:00+00:00, run_after=2026-03-27 00:00:00+00:00
[2026-03-27T10:16:38.591+0000] {processor.py:183} INFO - Processing /home/airflow/.local/lib/python3.8/site-packages/airflow/example_dags/example_task_group_decorator.py took 0.066 seconds
[2026-03-27T10:17:09.185+0000] {processor.py:161} INFO - Started process (PID=308) to work on /home/airflow/.local/lib/python3.8/site-packages/airflow/example_dags/example_task_group_decorator.py
[2026-03-27T10:17:09.186+0000] {processor.py:830} INFO - Processing file /home/airflow/.local/lib/python3.8/site-packages/airflow/example_dags/example_task_group_decorator.py for tasks to queue
[2026-03-27T10:17:09.187+0000] {logging_mixin.py:188} INFO - [2026-03-27T10:17:09.187+0000] {dagbag.py:540} INFO - Filling up the DagBag from /home/airflow/.local/lib/python3.8/site-packages/airflow/example_dags/example_task_group_decorator.py
[2026-03-27T10:17:09.198+0000] {processor.py:840} INFO - DAG(s) 'example_task_group_decorator' retrieved from /home/airflow/.local/lib/python3.8/site-packages/airflow/example_dags/example_task_group_decorator.py
[2026-03-27T10:17:09.216+0000] {logging_mixin.py:188} INFO - [2026-03-27T10:17:09.216+0000] {dag.py:3047} INFO - Sync 1 DAGs
[2026-03-27T10:17:09.232+0000] {logging_mixin.py:188} INFO - [2026-03-27T10:17:09.232+0000] {dag.py:3834} INFO - Setting next_dagrun for example_task_group_decorator to 2026-03-26 00:00:00+00:00, run_after=2026-03-27 00:00:00+00:00
[2026-03-27T10:17:09.247+0000] {processor.py:183} INFO - Processing /home/airflow/.local/lib/python3.8/site-packages/airflow/example_dags/example_task_group_decorator.py took 0.065 seconds
[2026-03-27T10:17:39.616+0000] {processor.py:161} INFO - Started process (PID=364) to work on /home/airflow/.local/lib/python3.8/site-packages/airflow/example_dags/example_task_group_decorator.py
[2026-03-27T10:17:39.617+0000] {processor.py:830} INFO - Processing file /home/airflow/.local/lib/python3.8/site-packages/airflow/example_dags/example_task_group_decorator.py for tasks to queue
[2026-03-27T10:17:39.619+0000] {logging_mixin.py:188} INFO - [2026-03-27T10:17:39.619+0000] {dagbag.py:540} INFO - Filling up the DagBag from /home/airflow/.local/lib/python3.8/site-packages/airflow/example_dags/example_task_group_decorator.py
[2026-03-27T10:17:39.628+0000] {processor.py:840} INFO - DAG(s) 'example_task_group_decorator' retrieved from /home/airflow/.local/lib/python3.8/site-packages/airflow/example_dags/example_task_group_decorator.py
[2026-03-27T10:17:39.648+0000] {logging_mixin.py:188} INFO - [2026-03-27T10:17:39.648+0000] {dag.py:3047} INFO - Sync 1 DAGs
[2026-03-27T10:17:39.663+0000] {logging_mixin.py:188} INFO - [2026-03-27T10:17:39.663+0000] {dag.py:3834} INFO - Setting next_dagrun for example_task_group_decorator to 2026-03-26 00:00:00+00:00, run_after=2026-03-27 00:00:00+00:00
[2026-03-27T10:17:39.676+0000] {processor.py:183} INFO - Processing /home/airflow/.local/lib/python3.8/site-packages/airflow/example_dags/example_task_group_decorator.py took 0.063 seconds
[2026-03-27T10:18:10.286+0000] {processor.py:161} INFO - Started process (PID=420) to work on /home/airflow/.local/lib/python3.8/site-packages/airflow/example_dags/example_task_group_decorator.py
[2026-03-27T10:18:10.287+0000] {processor.py:830} INFO - Processing file /home/airflow/.local/lib/python3.8/site-packages/airflow/example_dags/example_task_group_decorator.py for tasks to queue
[2026-03-27T10:18:10.289+0000] {logging_mixin.py:188} INFO - [2026-03-27T10:18:10.289+0000] {dagbag.py:540} INFO - Filling up the DagBag from /home/airflow/.local/lib/python3.8/site-packages/airflow/example_dags/example_task_group_decorator.py
[2026-03-27T10:18:10.303+0000] {processor.py:840} INFO - DAG(s) 'example_task_group_decorator' retrieved from /home/airflow/.local/lib/python3.8/site-packages/airflow/example_dags/example_task_group_decorator.py
[2026-03-27T10:18:10.326+0000] {logging_mixin.py:188} INFO - [2026-03-27T10:18:10.326+0000] {dag.py:3047} INFO - Sync 1 DAGs
[2026-03-27T10:18:10.344+0000] {logging_mixin.py:188} INFO - [2026-03-27T10:18:10.344+0000] {dag.py:3834} INFO - Setting next_dagrun for example_task_group_decorator to 2026-03-26 00:00:00+00:00, run_after=2026-03-27 00:00:00+00:00
[2026-03-27T10:18:10.363+0000] {processor.py:183} INFO - Processing /home/airflow/.local/lib/python3.8/site-packages/airflow/example_dags/example_task_group_decorator.py took 0.080 seconds
[2026-03-27T10:18:40.534+0000] {processor.py:161} INFO - Started process (PID=476) to work on /home/airflow/.local/lib/python3.8/site-packages/airflow/example_dags/example_task_group_decorator.py
[2026-03-27T10:18:40.535+0000] {processor.py:830} INFO - Processing file /home/airflow/.local/lib/python3.8/site-packages/airflow/example_dags/example_task_group_decorator.py for tasks to queue
[2026-03-27T10:18:40.537+0000] {logging_mixin.py:188} INFO - [2026-03-27T10:18:40.537+0000] {dagbag.py:540} INFO - Filling up the DagBag from /home/airflow/.local/lib/python3.8/site-packages/airflow/example_dags/example_task_group_decorator.py
[2026-03-27T10:18:40.547+0000] {processor.py:840} INFO - DAG(s) 'example_task_group_decorator' retrieved from /home/airflow/.local/lib/python3.8/site-packages/airflow/example_dags/example_task_group_decorator.py
[2026-03-27T10:18:40.566+0000] {logging_mixin.py:188} INFO - [2026-03-27T10:18:40.566+0000] {dag.py:3047} INFO - Sync 1 DAGs
[2026-03-27T10:18:40.581+0000] {logging_mixin.py:188} INFO - [2026-03-27T10:18:40.581+0000] {dag.py:3834} INFO - Setting next_dagrun for example_task_group_decorator to 2026-03-26 00:00:00+00:00, run_after=2026-03-27 00:00:00+00:00
[2026-03-27T10:18:40.595+0000] {processor.py:183} INFO - Processing /home/airflow/.local/lib/python3.8/site-packages/airflow/example_dags/example_task_group_decorator.py took 0.063 seconds
[2026-03-27T10:19:11.042+0000] {processor.py:161} INFO - Started process (PID=532) to work on /home/airflow/.local/lib/python3.8/site-packages/airflow/example_dags/example_task_group_decorator.py
[2026-03-27T10:19:11.043+0000] {processor.py:830} INFO - Processing file /home/airflow/.local/lib/python3.8/site-packages/airflow/example_dags/example_task_group_decorator.py for tasks to queue
[2026-03-27T10:19:11.045+0000] {logging_mixin.py:188} INFO - [2026-03-27T10:19:11.044+0000] {dagbag.py:540} INFO - Filling up the DagBag from /home/airflow/.local/lib/python3.8/site-packages/airflow/example_dags/example_task_group_decorator.py
[2026-03-27T10:19:11.055+0000] {processor.py:840} INFO - DAG(s) 'example_task_group_decorator' retrieved from /home/airflow/.local/lib/python3.8/site-packages/airflow/example_dags/example_task_group_decorator.py
[2026-03-27T10:19:11.075+0000] {logging_mixin.py:188} INFO - [2026-03-27T10:19:11.074+0000] {dag.py:3047} INFO - Sync 1 DAGs
[2026-03-27T10:19:11.090+0000] {logging_mixin.py:188} INFO - [2026-03-27T10:19:11.090+0000] {dag.py:3834} INFO - Setting next_dagrun for example_task_group_decorator to 2026-03-26 00:00:00+00:00, run_after=2026-03-27 00:00:00+00:00
[2026-03-27T10:19:11.106+0000] {processor.py:183} INFO - Processing /home/airflow/.local/lib/python3.8/site-packages/airflow/example_dags/example_task_group_decorator.py took 0.066 seconds
[2026-03-27T10:19:41.982+0000] {processor.py:161} INFO - Started process (PID=588) to work on /home/airflow/.local/lib/python3.8/site-packages/airflow/example_dags/example_task_group_decorator.py
[2026-03-27T10:19:41.983+0000] {processor.py:830} INFO - Processing file /home/airflow/.local/lib/python3.8/site-packages/airflow/example_dags/example_task_group_decorator.py for tasks to queue
[2026-03-27T10:19:41.984+0000] {logging_mixin.py:188} INFO - [2026-03-27T10:19:41.984+0000] {dagbag.py:540} INFO - Filling up the DagBag from /home/airflow/.local/lib/python3.8/site-packages/airflow/example_dags/example_task_group_decorator.py
[2026-03-27T10:19:41.996+0000] {processor.py:840} INFO - DAG(s) 'example_task_group_decorator' retrieved from /home/airflow/.local/lib/python3.8/site-packages/airflow/example_dags/example_task_group_decorator.py
[2026-03-27T10:19:42.016+0000] {logging_mixin.py:188} INFO - [2026-03-27T10:19:42.016+0000] {dag.py:3047} INFO - Sync 1 DAGs
[2026-03-27T10:19:42.032+0000] {logging_mixin.py:188} INFO - [2026-03-27T10:19:42.032+0000] {dag.py:3834} INFO - Setting next_dagrun for example_task_group_decorator to 2026-03-26 00:00:00+00:00, run_after=2026-03-27 00:00:00+00:00
[2026-03-27T10:19:42.046+0000] {processor.py:183} INFO - Processing /home/airflow/.local/lib/python3.8/site-packages/airflow/example_dags/example_task_group_decorator.py took 0.066 seconds
[2026-03-27T10:20:12.559+0000] {processor.py:161} INFO - Started process (PID=644) to work on /home/airflow/.local/lib/python3.8/site-packages/airflow/example_dags/example_task_group_decorator.py
[2026-03-27T10:20:12.560+0000] {processor.py:830} INFO - Processing file /home/airflow/.local/lib/python3.8/site-packages/airflow/example_dags/example_task_group_decorator.py for tasks to queue
[2026-03-27T10:20:12.562+0000] {logging_mixin.py:188} INFO - [2026-03-27T10:20:12.562+0000] {dagbag.py:540} INFO - Filling up the DagBag from /home/airflow/.local/lib/python3.8/site-packages/airflow/example_dags/example_task_group_decorator.py
[2026-03-27T10:20:12.571+0000] {processor.py:840} INFO - DAG(s) 'example_task_group_decorator' retrieved from /home/airflow/.local/lib/python3.8/site-packages/airflow/example_dags/example_task_group_decorator.py
[2026-03-27T10:20:12.590+0000] {logging_mixin.py:188} INFO - [2026-03-27T10:20:12.590+0000] {dag.py:3047} INFO - Sync 1 DAGs
[2026-03-27T10:20:12.605+0000] {logging_mixin.py:188} INFO - [2026-03-27T10:20:12.605+0000] {dag.py:3834} INFO - Setting next_dagrun for example_task_group_decorator to 2026-03-26 00:00:00+00:00, run_after=2026-03-27 00:00:00+00:00
[2026-03-27T10:20:12.620+0000] {processor.py:183} INFO - Processing /home/airflow/.local/lib/python3.8/site-packages/airflow/example_dags/example_task_group_decorator.py took 0.064 seconds
