[2026-03-27T10:15:06.566+0000] {processor.py:161} INFO - Started process (PID=91) to work on /home/airflow/.local/lib/python3.8/site-packages/airflow/example_dags/example_time_delta_sensor_async.py
[2026-03-27T10:15:06.568+0000] {processor.py:830} INFO - Processing file /home/airflow/.local/lib/python3.8/site-packages/airflow/example_dags/example_time_delta_sensor_async.py for tasks to queue
[2026-03-27T10:15:06.570+0000] {logging_mixin.py:188} INFO - [2026-03-27T10:15:06.569+0000] {dagbag.py:540} INFO - Filling up the DagBag from /home/airflow/.local/lib/python3.8/site-packages/airflow/example_dags/example_time_delta_sensor_async.py
[2026-03-27T10:15:06.575+0000] {processor.py:840} INFO - DAG(s) 'example_time_delta_sensor_async' retrieved from /home/airflow/.local/lib/python3.8/site-packages/airflow/example_dags/example_time_delta_sensor_async.py
[2026-03-27T10:15:06.586+0000] {logging_mixin.py:188} INFO - [2026-03-27T10:15:06.586+0000] {dag.py:3047} INFO - Sync 1 DAGs
[2026-03-27T10:15:06.600+0000] {logging_mixin.py:188} INFO - [2026-03-27T10:15:06.599+0000] {dag.py:3834} INFO - Setting next_dagrun for example_time_delta_sensor_async to None, run_after=None
[2026-03-27T10:15:06.616+0000] {processor.py:183} INFO - Processing /home/airflow/.local/lib/python3.8/site-packages/airflow/example_dags/example_time_delta_sensor_async.py took 0.053 seconds
[2026-03-27T10:15:38.670+0000] {processor.py:161} INFO - Started process (PID=153) to work on /home/airflow/.local/lib/python3.8/site-packages/airflow/example_dags/example_time_delta_sensor_async.py
[2026-03-27T10:15:38.672+0000] {processor.py:830} INFO - Processing file /home/airflow/.local/lib/python3.8/site-packages/airflow/example_dags/example_time_delta_sensor_async.py for tasks to queue
[2026-03-27T10:15:38.675+0000] {logging_mixin.py:188} INFO - [2026-03-27T10:15:38.675+0000] {dagbag.py:540} INFO - Filling up the DagBag from /home/airflow/.local/lib/python3.8/site-packages/airflow/example_dags/example_time_delta_sensor_async.py
[2026-03-27T10:15:38.681+0000] {processor.py:840} INFO - DAG(s) 'example_time_delta_sensor_async' retrieved from /home/airflow/.local/lib/python3.8/site-packages/airflow/example_dags/example_time_delta_sensor_async.py
[2026-03-27T10:15:38.777+0000] {logging_mixin.py:188} INFO - [2026-03-27T10:15:38.776+0000] {dag.py:3047} INFO - Sync 1 DAGs
[2026-03-27T10:15:38.787+0000] {logging_mixin.py:188} INFO - [2026-03-27T10:15:38.787+0000] {dag.py:3834} INFO - Setting next_dagrun for example_time_delta_sensor_async to None, run_after=None
[2026-03-27T10:15:38.811+0000] {processor.py:183} INFO - Processing /home/airflow/.local/lib/python3.8/site-packages/airflow/example_dags/example_time_delta_sensor_async.py took 0.146 seconds
[2026-03-27T10:16:09.524+0000] {processor.py:161} INFO - Started process (PID=209) to work on /home/airflow/.local/lib/python3.8/site-packages/airflow/example_dags/example_time_delta_sensor_async.py
[2026-03-27T10:16:09.525+0000] {processor.py:830} INFO - Processing file /home/airflow/.local/lib/python3.8/site-packages/airflow/example_dags/example_time_delta_sensor_async.py for tasks to queue
[2026-03-27T10:16:09.527+0000] {logging_mixin.py:188} INFO - [2026-03-27T10:16:09.526+0000] {dagbag.py:540} INFO - Filling up the DagBag from /home/airflow/.local/lib/python3.8/site-packages/airflow/example_dags/example_time_delta_sensor_async.py
[2026-03-27T10:16:09.532+0000] {processor.py:840} INFO - DAG(s) 'example_time_delta_sensor_async' retrieved from /home/airflow/.local/lib/python3.8/site-packages/airflow/example_dags/example_time_delta_sensor_async.py
[2026-03-27T10:16:09.549+0000] {logging_mixin.py:188} INFO - [2026-03-27T10:16:09.548+0000] {dag.py:3047} INFO - Sync 1 DAGs
[2026-03-27T10:16:09.559+0000] {logging_mixin.py:188} INFO - [2026-03-27T10:16:09.559+0000] {dag.py:3834} INFO - Setting next_dagrun for example_time_delta_sensor_async to None, run_after=None
[2026-03-27T10:16:09.574+0000] {processor.py:183} INFO - Processing /home/airflow/.local/lib/python3.8/site-packages/airflow/example_dags/example_time_delta_sensor_async.py took 0.054 seconds
[2026-03-27T10:16:40.050+0000] {processor.py:161} INFO - Started process (PID=265) to work on /home/airflow/.local/lib/python3.8/site-packages/airflow/example_dags/example_time_delta_sensor_async.py
[2026-03-27T10:16:40.052+0000] {processor.py:830} INFO - Processing file /home/airflow/.local/lib/python3.8/site-packages/airflow/example_dags/example_time_delta_sensor_async.py for tasks to queue
[2026-03-27T10:16:40.054+0000] {logging_mixin.py:188} INFO - [2026-03-27T10:16:40.053+0000] {dagbag.py:540} INFO - Filling up the DagBag from /home/airflow/.local/lib/python3.8/site-packages/airflow/example_dags/example_time_delta_sensor_async.py
[2026-03-27T10:16:40.058+0000] {processor.py:840} INFO - DAG(s) 'example_time_delta_sensor_async' retrieved from /home/airflow/.local/lib/python3.8/site-packages/airflow/example_dags/example_time_delta_sensor_async.py
[2026-03-27T10:16:40.082+0000] {logging_mixin.py:188} INFO - [2026-03-27T10:16:40.081+0000] {dag.py:3047} INFO - Sync 1 DAGs
[2026-03-27T10:16:40.092+0000] {logging_mixin.py:188} INFO - [2026-03-27T10:16:40.092+0000] {dag.py:3834} INFO - Setting next_dagrun for example_time_delta_sensor_async to None, run_after=None
[2026-03-27T10:16:40.108+0000] {processor.py:183} INFO - Processing /home/airflow/.local/lib/python3.8/site-packages/airflow/example_dags/example_time_delta_sensor_async.py took 0.061 seconds
[2026-03-27T10:17:10.748+0000] {processor.py:161} INFO - Started process (PID=321) to work on /home/airflow/.local/lib/python3.8/site-packages/airflow/example_dags/example_time_delta_sensor_async.py
[2026-03-27T10:17:10.748+0000] {processor.py:830} INFO - Processing file /home/airflow/.local/lib/python3.8/site-packages/airflow/example_dags/example_time_delta_sensor_async.py for tasks to queue
[2026-03-27T10:17:10.750+0000] {logging_mixin.py:188} INFO - [2026-03-27T10:17:10.750+0000] {dagbag.py:540} INFO - Filling up the DagBag from /home/airflow/.local/lib/python3.8/site-packages/airflow/example_dags/example_time_delta_sensor_async.py
[2026-03-27T10:17:10.754+0000] {processor.py:840} INFO - DAG(s) 'example_time_delta_sensor_async' retrieved from /home/airflow/.local/lib/python3.8/site-packages/airflow/example_dags/example_time_delta_sensor_async.py
[2026-03-27T10:17:10.768+0000] {logging_mixin.py:188} INFO - [2026-03-27T10:17:10.768+0000] {dag.py:3047} INFO - Sync 1 DAGs
[2026-03-27T10:17:10.776+0000] {logging_mixin.py:188} INFO - [2026-03-27T10:17:10.776+0000] {dag.py:3834} INFO - Setting next_dagrun for example_time_delta_sensor_async to None, run_after=None
[2026-03-27T10:17:10.790+0000] {processor.py:183} INFO - Processing /home/airflow/.local/lib/python3.8/site-packages/airflow/example_dags/example_time_delta_sensor_async.py took 0.045 seconds
[2026-03-27T10:17:41.118+0000] {processor.py:161} INFO - Started process (PID=377) to work on /home/airflow/.local/lib/python3.8/site-packages/airflow/example_dags/example_time_delta_sensor_async.py
[2026-03-27T10:17:41.119+0000] {processor.py:830} INFO - Processing file /home/airflow/.local/lib/python3.8/site-packages/airflow/example_dags/example_time_delta_sensor_async.py for tasks to queue
[2026-03-27T10:17:41.122+0000] {logging_mixin.py:188} INFO - [2026-03-27T10:17:41.121+0000] {dagbag.py:540} INFO - Filling up the DagBag from /home/airflow/.local/lib/python3.8/site-packages/airflow/example_dags/example_time_delta_sensor_async.py
[2026-03-27T10:17:41.127+0000] {processor.py:840} INFO - DAG(s) 'example_time_delta_sensor_async' retrieved from /home/airflow/.local/lib/python3.8/site-packages/airflow/example_dags/example_time_delta_sensor_async.py
[2026-03-27T10:17:41.155+0000] {logging_mixin.py:188} INFO - [2026-03-27T10:17:41.155+0000] {dag.py:3047} INFO - Sync 1 DAGs
[2026-03-27T10:17:41.166+0000] {logging_mixin.py:188} INFO - [2026-03-27T10:17:41.166+0000] {dag.py:3834} INFO - Setting next_dagrun for example_time_delta_sensor_async to None, run_after=None
[2026-03-27T10:17:41.192+0000] {processor.py:183} INFO - Processing /home/airflow/.local/lib/python3.8/site-packages/airflow/example_dags/example_time_delta_sensor_async.py took 0.079 seconds
[2026-03-27T10:18:12.066+0000] {processor.py:161} INFO - Started process (PID=433) to work on /home/airflow/.local/lib/python3.8/site-packages/airflow/example_dags/example_time_delta_sensor_async.py
[2026-03-27T10:18:12.067+0000] {processor.py:830} INFO - Processing file /home/airflow/.local/lib/python3.8/site-packages/airflow/example_dags/example_time_delta_sensor_async.py for tasks to queue
[2026-03-27T10:18:12.069+0000] {logging_mixin.py:188} INFO - [2026-03-27T10:18:12.068+0000] {dagbag.py:540} INFO - Filling up the DagBag from /home/airflow/.local/lib/python3.8/site-packages/airflow/example_dags/example_time_delta_sensor_async.py
[2026-03-27T10:18:12.073+0000] {processor.py:840} INFO - DAG(s) 'example_time_delta_sensor_async' retrieved from /home/airflow/.local/lib/python3.8/site-packages/airflow/example_dags/example_time_delta_sensor_async.py
[2026-03-27T10:18:12.091+0000] {logging_mixin.py:188} INFO - [2026-03-27T10:18:12.091+0000] {dag.py:3047} INFO - Sync 1 DAGs
[2026-03-27T10:18:12.101+0000] {logging_mixin.py:188} INFO - [2026-03-27T10:18:12.100+0000] {dag.py:3834} INFO - Setting next_dagrun for example_time_delta_sensor_async to None, run_after=None
[2026-03-27T10:18:12.116+0000] {processor.py:183} INFO - Processing /home/airflow/.local/lib/python3.8/site-packages/airflow/example_dags/example_time_delta_sensor_async.py took 0.053 seconds
[2026-03-27T10:18:42.216+0000] {processor.py:161} INFO - Started process (PID=489) to work on /home/airflow/.local/lib/python3.8/site-packages/airflow/example_dags/example_time_delta_sensor_async.py
[2026-03-27T10:18:42.217+0000] {processor.py:830} INFO - Processing file /home/airflow/.local/lib/python3.8/site-packages/airflow/example_dags/example_time_delta_sensor_async.py for tasks to queue
[2026-03-27T10:18:42.219+0000] {logging_mixin.py:188} INFO - [2026-03-27T10:18:42.219+0000] {dagbag.py:540} INFO - Filling up the DagBag from /home/airflow/.local/lib/python3.8/site-packages/airflow/example_dags/example_time_delta_sensor_async.py
[2026-03-27T10:18:42.224+0000] {processor.py:840} INFO - DAG(s) 'example_time_delta_sensor_async' retrieved from /home/airflow/.local/lib/python3.8/site-packages/airflow/example_dags/example_time_delta_sensor_async.py
[2026-03-27T10:18:42.239+0000] {logging_mixin.py:188} INFO - [2026-03-27T10:18:42.239+0000] {dag.py:3047} INFO - Sync 1 DAGs
[2026-03-27T10:18:42.248+0000] {logging_mixin.py:188} INFO - [2026-03-27T10:18:42.247+0000] {dag.py:3834} INFO - Setting next_dagrun for example_time_delta_sensor_async to None, run_after=None
[2026-03-27T10:18:42.260+0000] {processor.py:183} INFO - Processing /home/airflow/.local/lib/python3.8/site-packages/airflow/example_dags/example_time_delta_sensor_async.py took 0.047 seconds
[2026-03-27T10:19:12.626+0000] {processor.py:161} INFO - Started process (PID=545) to work on /home/airflow/.local/lib/python3.8/site-packages/airflow/example_dags/example_time_delta_sensor_async.py
[2026-03-27T10:19:12.627+0000] {processor.py:830} INFO - Processing file /home/airflow/.local/lib/python3.8/site-packages/airflow/example_dags/example_time_delta_sensor_async.py for tasks to queue
[2026-03-27T10:19:12.630+0000] {logging_mixin.py:188} INFO - [2026-03-27T10:19:12.630+0000] {dagbag.py:540} INFO - Filling up the DagBag from /home/airflow/.local/lib/python3.8/site-packages/airflow/example_dags/example_time_delta_sensor_async.py
[2026-03-27T10:19:12.635+0000] {processor.py:840} INFO - DAG(s) 'example_time_delta_sensor_async' retrieved from /home/airflow/.local/lib/python3.8/site-packages/airflow/example_dags/example_time_delta_sensor_async.py
[2026-03-27T10:19:12.657+0000] {logging_mixin.py:188} INFO - [2026-03-27T10:19:12.656+0000] {dag.py:3047} INFO - Sync 1 DAGs
[2026-03-27T10:19:12.667+0000] {logging_mixin.py:188} INFO - [2026-03-27T10:19:12.666+0000] {dag.py:3834} INFO - Setting next_dagrun for example_time_delta_sensor_async to None, run_after=None
[2026-03-27T10:19:12.686+0000] {processor.py:183} INFO - Processing /home/airflow/.local/lib/python3.8/site-packages/airflow/example_dags/example_time_delta_sensor_async.py took 0.064 seconds
[2026-03-27T10:19:43.480+0000] {processor.py:161} INFO - Started process (PID=601) to work on /home/airflow/.local/lib/python3.8/site-packages/airflow/example_dags/example_time_delta_sensor_async.py
[2026-03-27T10:19:43.481+0000] {processor.py:830} INFO - Processing file /home/airflow/.local/lib/python3.8/site-packages/airflow/example_dags/example_time_delta_sensor_async.py for tasks to queue
[2026-03-27T10:19:43.483+0000] {logging_mixin.py:188} INFO - [2026-03-27T10:19:43.483+0000] {dagbag.py:540} INFO - Filling up the DagBag from /home/airflow/.local/lib/python3.8/site-packages/airflow/example_dags/example_time_delta_sensor_async.py
[2026-03-27T10:19:43.488+0000] {processor.py:840} INFO - DAG(s) 'example_time_delta_sensor_async' retrieved from /home/airflow/.local/lib/python3.8/site-packages/airflow/example_dags/example_time_delta_sensor_async.py
[2026-03-27T10:19:43.509+0000] {logging_mixin.py:188} INFO - [2026-03-27T10:19:43.509+0000] {dag.py:3047} INFO - Sync 1 DAGs
[2026-03-27T10:19:43.520+0000] {logging_mixin.py:188} INFO - [2026-03-27T10:19:43.520+0000] {dag.py:3834} INFO - Setting next_dagrun for example_time_delta_sensor_async to None, run_after=None
[2026-03-27T10:19:43.537+0000] {processor.py:183} INFO - Processing /home/airflow/.local/lib/python3.8/site-packages/airflow/example_dags/example_time_delta_sensor_async.py took 0.060 seconds
[2026-03-27T10:20:14.039+0000] {processor.py:161} INFO - Started process (PID=657) to work on /home/airflow/.local/lib/python3.8/site-packages/airflow/example_dags/example_time_delta_sensor_async.py
[2026-03-27T10:20:14.040+0000] {processor.py:830} INFO - Processing file /home/airflow/.local/lib/python3.8/site-packages/airflow/example_dags/example_time_delta_sensor_async.py for tasks to queue
[2026-03-27T10:20:14.042+0000] {logging_mixin.py:188} INFO - [2026-03-27T10:20:14.042+0000] {dagbag.py:540} INFO - Filling up the DagBag from /home/airflow/.local/lib/python3.8/site-packages/airflow/example_dags/example_time_delta_sensor_async.py
[2026-03-27T10:20:14.046+0000] {processor.py:840} INFO - DAG(s) 'example_time_delta_sensor_async' retrieved from /home/airflow/.local/lib/python3.8/site-packages/airflow/example_dags/example_time_delta_sensor_async.py
[2026-03-27T10:20:14.062+0000] {logging_mixin.py:188} INFO - [2026-03-27T10:20:14.061+0000] {dag.py:3047} INFO - Sync 1 DAGs
[2026-03-27T10:20:14.070+0000] {logging_mixin.py:188} INFO - [2026-03-27T10:20:14.070+0000] {dag.py:3834} INFO - Setting next_dagrun for example_time_delta_sensor_async to None, run_after=None
[2026-03-27T10:20:14.083+0000] {processor.py:183} INFO - Processing /home/airflow/.local/lib/python3.8/site-packages/airflow/example_dags/example_time_delta_sensor_async.py took 0.048 seconds
