[2026-03-27T10:15:05.025+0000] {processor.py:161} INFO - Started process (PID=67) to work on /home/airflow/.local/lib/python3.8/site-packages/airflow/example_dags/example_subdag_operator.py
[2026-03-27T10:15:05.026+0000] {processor.py:830} INFO - Processing file /home/airflow/.local/lib/python3.8/site-packages/airflow/example_dags/example_subdag_operator.py for tasks to queue
[2026-03-27T10:15:05.028+0000] {logging_mixin.py:188} INFO - [2026-03-27T10:15:05.027+0000] {dagbag.py:540} INFO - Filling up the DagBag from /home/airflow/.local/lib/python3.8/site-packages/airflow/example_dags/example_subdag_operator.py
[2026-03-27T10:15:05.054+0000] {processor.py:840} INFO - DAG(s) 'example_subdag_operator.section-1', 'example_subdag_operator.section-2', 'example_subdag_operator' retrieved from /home/airflow/.local/lib/python3.8/site-packages/airflow/example_dags/example_subdag_operator.py
[2026-03-27T10:15:05.058+0000] {logging_mixin.py:188} INFO - [2026-03-27T10:15:05.058+0000] {dag.py:3047} INFO - Sync 3 DAGs
[2026-03-27T10:15:05.080+0000] {logging_mixin.py:188} INFO - [2026-03-27T10:15:05.080+0000] {dag.py:3834} INFO - Setting next_dagrun for example_subdag_operator to 2022-01-01 00:00:00+00:00, run_after=2022-01-01 00:00:00+00:00
[2026-03-27T10:15:05.083+0000] {logging_mixin.py:188} INFO - [2026-03-27T10:15:05.083+0000] {dag.py:3834} INFO - Setting next_dagrun for example_subdag_operator.section-1 to None, run_after=None
[2026-03-27T10:15:05.085+0000] {logging_mixin.py:188} INFO - [2026-03-27T10:15:05.084+0000] {dag.py:3834} INFO - Setting next_dagrun for example_subdag_operator.section-2 to None, run_after=None
[2026-03-27T10:15:05.090+0000] {logging_mixin.py:188} INFO - [2026-03-27T10:15:05.090+0000] {dag.py:3047} INFO - Sync 2 DAGs
[2026-03-27T10:15:05.094+0000] {logging_mixin.py:188} INFO - [2026-03-27T10:15:05.094+0000] {dag.py:3834} INFO - Setting next_dagrun for example_subdag_operator.section-1 to None, run_after=None
[2026-03-27T10:15:05.095+0000] {logging_mixin.py:188} INFO - [2026-03-27T10:15:05.094+0000] {dag.py:3834} INFO - Setting next_dagrun for example_subdag_operator.section-2 to None, run_after=None
[2026-03-27T10:15:05.107+0000] {processor.py:183} INFO - Processing /home/airflow/.local/lib/python3.8/site-packages/airflow/example_dags/example_subdag_operator.py took 0.085 seconds
[2026-03-27T10:15:36.335+0000] {processor.py:161} INFO - Started process (PID=123) to work on /home/airflow/.local/lib/python3.8/site-packages/airflow/example_dags/example_subdag_operator.py
[2026-03-27T10:15:36.338+0000] {processor.py:830} INFO - Processing file /home/airflow/.local/lib/python3.8/site-packages/airflow/example_dags/example_subdag_operator.py for tasks to queue
[2026-03-27T10:15:36.342+0000] {logging_mixin.py:188} INFO - [2026-03-27T10:15:36.342+0000] {dagbag.py:540} INFO - Filling up the DagBag from /home/airflow/.local/lib/python3.8/site-packages/airflow/example_dags/example_subdag_operator.py
[2026-03-27T10:15:36.390+0000] {processor.py:840} INFO - DAG(s) 'example_subdag_operator.section-1', 'example_subdag_operator.section-2', 'example_subdag_operator' retrieved from /home/airflow/.local/lib/python3.8/site-packages/airflow/example_dags/example_subdag_operator.py
[2026-03-27T10:15:36.491+0000] {logging_mixin.py:188} INFO - [2026-03-27T10:15:36.491+0000] {dag.py:3047} INFO - Sync 3 DAGs
[2026-03-27T10:15:36.508+0000] {logging_mixin.py:188} INFO - [2026-03-27T10:15:36.508+0000] {dag.py:3834} INFO - Setting next_dagrun for example_subdag_operator to 2022-01-01 00:00:00+00:00, run_after=2022-01-01 00:00:00+00:00
[2026-03-27T10:15:36.511+0000] {logging_mixin.py:188} INFO - [2026-03-27T10:15:36.511+0000] {dag.py:3834} INFO - Setting next_dagrun for example_subdag_operator.section-1 to None, run_after=None
[2026-03-27T10:15:36.513+0000] {logging_mixin.py:188} INFO - [2026-03-27T10:15:36.513+0000] {dag.py:3834} INFO - Setting next_dagrun for example_subdag_operator.section-2 to None, run_after=None
[2026-03-27T10:15:36.520+0000] {logging_mixin.py:188} INFO - [2026-03-27T10:15:36.520+0000] {dag.py:3047} INFO - Sync 2 DAGs
[2026-03-27T10:15:36.525+0000] {logging_mixin.py:188} INFO - [2026-03-27T10:15:36.524+0000] {dag.py:3834} INFO - Setting next_dagrun for example_subdag_operator.section-1 to None, run_after=None
[2026-03-27T10:15:36.525+0000] {logging_mixin.py:188} INFO - [2026-03-27T10:15:36.525+0000] {dag.py:3834} INFO - Setting next_dagrun for example_subdag_operator.section-2 to None, run_after=None
[2026-03-27T10:15:36.536+0000] {processor.py:183} INFO - Processing /home/airflow/.local/lib/python3.8/site-packages/airflow/example_dags/example_subdag_operator.py took 0.208 seconds
[2026-03-27T10:16:07.286+0000] {processor.py:161} INFO - Started process (PID=179) to work on /home/airflow/.local/lib/python3.8/site-packages/airflow/example_dags/example_subdag_operator.py
[2026-03-27T10:16:07.288+0000] {processor.py:830} INFO - Processing file /home/airflow/.local/lib/python3.8/site-packages/airflow/example_dags/example_subdag_operator.py for tasks to queue
[2026-03-27T10:16:07.290+0000] {logging_mixin.py:188} INFO - [2026-03-27T10:16:07.289+0000] {dagbag.py:540} INFO - Filling up the DagBag from /home/airflow/.local/lib/python3.8/site-packages/airflow/example_dags/example_subdag_operator.py
[2026-03-27T10:16:07.314+0000] {processor.py:840} INFO - DAG(s) 'example_subdag_operator.section-1', 'example_subdag_operator.section-2', 'example_subdag_operator' retrieved from /home/airflow/.local/lib/python3.8/site-packages/airflow/example_dags/example_subdag_operator.py
[2026-03-27T10:16:07.326+0000] {logging_mixin.py:188} INFO - [2026-03-27T10:16:07.326+0000] {dag.py:3047} INFO - Sync 3 DAGs
[2026-03-27T10:16:07.343+0000] {logging_mixin.py:188} INFO - [2026-03-27T10:16:07.343+0000] {dag.py:3834} INFO - Setting next_dagrun for example_subdag_operator to 2022-01-01 00:00:00+00:00, run_after=2022-01-01 00:00:00+00:00
[2026-03-27T10:16:07.346+0000] {logging_mixin.py:188} INFO - [2026-03-27T10:16:07.346+0000] {dag.py:3834} INFO - Setting next_dagrun for example_subdag_operator.section-1 to None, run_after=None
[2026-03-27T10:16:07.347+0000] {logging_mixin.py:188} INFO - [2026-03-27T10:16:07.347+0000] {dag.py:3834} INFO - Setting next_dagrun for example_subdag_operator.section-2 to None, run_after=None
[2026-03-27T10:16:07.353+0000] {logging_mixin.py:188} INFO - [2026-03-27T10:16:07.352+0000] {dag.py:3047} INFO - Sync 2 DAGs
[2026-03-27T10:16:07.357+0000] {logging_mixin.py:188} INFO - [2026-03-27T10:16:07.356+0000] {dag.py:3834} INFO - Setting next_dagrun for example_subdag_operator.section-1 to None, run_after=None
[2026-03-27T10:16:07.357+0000] {logging_mixin.py:188} INFO - [2026-03-27T10:16:07.357+0000] {dag.py:3834} INFO - Setting next_dagrun for example_subdag_operator.section-2 to None, run_after=None
[2026-03-27T10:16:07.366+0000] {processor.py:183} INFO - Processing /home/airflow/.local/lib/python3.8/site-packages/airflow/example_dags/example_subdag_operator.py took 0.084 seconds
[2026-03-27T10:16:37.806+0000] {processor.py:161} INFO - Started process (PID=235) to work on /home/airflow/.local/lib/python3.8/site-packages/airflow/example_dags/example_subdag_operator.py
[2026-03-27T10:16:37.807+0000] {processor.py:830} INFO - Processing file /home/airflow/.local/lib/python3.8/site-packages/airflow/example_dags/example_subdag_operator.py for tasks to queue
[2026-03-27T10:16:37.809+0000] {logging_mixin.py:188} INFO - [2026-03-27T10:16:37.808+0000] {dagbag.py:540} INFO - Filling up the DagBag from /home/airflow/.local/lib/python3.8/site-packages/airflow/example_dags/example_subdag_operator.py
[2026-03-27T10:16:37.828+0000] {processor.py:840} INFO - DAG(s) 'example_subdag_operator.section-1', 'example_subdag_operator.section-2', 'example_subdag_operator' retrieved from /home/airflow/.local/lib/python3.8/site-packages/airflow/example_dags/example_subdag_operator.py
[2026-03-27T10:16:37.839+0000] {logging_mixin.py:188} INFO - [2026-03-27T10:16:37.839+0000] {dag.py:3047} INFO - Sync 3 DAGs
[2026-03-27T10:16:37.854+0000] {logging_mixin.py:188} INFO - [2026-03-27T10:16:37.853+0000] {dag.py:3834} INFO - Setting next_dagrun for example_subdag_operator to 2022-01-01 00:00:00+00:00, run_after=2022-01-01 00:00:00+00:00
[2026-03-27T10:16:37.857+0000] {logging_mixin.py:188} INFO - [2026-03-27T10:16:37.856+0000] {dag.py:3834} INFO - Setting next_dagrun for example_subdag_operator.section-1 to None, run_after=None
[2026-03-27T10:16:37.858+0000] {logging_mixin.py:188} INFO - [2026-03-27T10:16:37.858+0000] {dag.py:3834} INFO - Setting next_dagrun for example_subdag_operator.section-2 to None, run_after=None
[2026-03-27T10:16:37.863+0000] {logging_mixin.py:188} INFO - [2026-03-27T10:16:37.863+0000] {dag.py:3047} INFO - Sync 2 DAGs
[2026-03-27T10:16:37.867+0000] {logging_mixin.py:188} INFO - [2026-03-27T10:16:37.867+0000] {dag.py:3834} INFO - Setting next_dagrun for example_subdag_operator.section-1 to None, run_after=None
[2026-03-27T10:16:37.868+0000] {logging_mixin.py:188} INFO - [2026-03-27T10:16:37.867+0000] {dag.py:3834} INFO - Setting next_dagrun for example_subdag_operator.section-2 to None, run_after=None
[2026-03-27T10:16:37.877+0000] {processor.py:183} INFO - Processing /home/airflow/.local/lib/python3.8/site-packages/airflow/example_dags/example_subdag_operator.py took 0.073 seconds
[2026-03-27T10:17:08.452+0000] {processor.py:161} INFO - Started process (PID=297) to work on /home/airflow/.local/lib/python3.8/site-packages/airflow/example_dags/example_subdag_operator.py
[2026-03-27T10:17:08.455+0000] {processor.py:830} INFO - Processing file /home/airflow/.local/lib/python3.8/site-packages/airflow/example_dags/example_subdag_operator.py for tasks to queue
[2026-03-27T10:17:08.461+0000] {logging_mixin.py:188} INFO - [2026-03-27T10:17:08.460+0000] {dagbag.py:540} INFO - Filling up the DagBag from /home/airflow/.local/lib/python3.8/site-packages/airflow/example_dags/example_subdag_operator.py
[2026-03-27T10:17:08.490+0000] {processor.py:840} INFO - DAG(s) 'example_subdag_operator.section-1', 'example_subdag_operator.section-2', 'example_subdag_operator' retrieved from /home/airflow/.local/lib/python3.8/site-packages/airflow/example_dags/example_subdag_operator.py
[2026-03-27T10:17:08.505+0000] {logging_mixin.py:188} INFO - [2026-03-27T10:17:08.505+0000] {dag.py:3047} INFO - Sync 3 DAGs
[2026-03-27T10:17:08.533+0000] {logging_mixin.py:188} INFO - [2026-03-27T10:17:08.533+0000] {dag.py:3834} INFO - Setting next_dagrun for example_subdag_operator to 2022-01-01 00:00:00+00:00, run_after=2022-01-01 00:00:00+00:00
[2026-03-27T10:17:08.539+0000] {logging_mixin.py:188} INFO - [2026-03-27T10:17:08.539+0000] {dag.py:3834} INFO - Setting next_dagrun for example_subdag_operator.section-1 to None, run_after=None
[2026-03-27T10:17:08.543+0000] {logging_mixin.py:188} INFO - [2026-03-27T10:17:08.542+0000] {dag.py:3834} INFO - Setting next_dagrun for example_subdag_operator.section-2 to None, run_after=None
[2026-03-27T10:17:08.554+0000] {logging_mixin.py:188} INFO - [2026-03-27T10:17:08.554+0000] {dag.py:3047} INFO - Sync 2 DAGs
[2026-03-27T10:17:08.561+0000] {logging_mixin.py:188} INFO - [2026-03-27T10:17:08.561+0000] {dag.py:3834} INFO - Setting next_dagrun for example_subdag_operator.section-1 to None, run_after=None
[2026-03-27T10:17:08.561+0000] {logging_mixin.py:188} INFO - [2026-03-27T10:17:08.561+0000] {dag.py:3834} INFO - Setting next_dagrun for example_subdag_operator.section-2 to None, run_after=None
[2026-03-27T10:17:08.571+0000] {processor.py:183} INFO - Processing /home/airflow/.local/lib/python3.8/site-packages/airflow/example_dags/example_subdag_operator.py took 0.123 seconds
[2026-03-27T10:17:39.009+0000] {processor.py:161} INFO - Started process (PID=353) to work on /home/airflow/.local/lib/python3.8/site-packages/airflow/example_dags/example_subdag_operator.py
[2026-03-27T10:17:39.010+0000] {processor.py:830} INFO - Processing file /home/airflow/.local/lib/python3.8/site-packages/airflow/example_dags/example_subdag_operator.py for tasks to queue
[2026-03-27T10:17:39.012+0000] {logging_mixin.py:188} INFO - [2026-03-27T10:17:39.012+0000] {dagbag.py:540} INFO - Filling up the DagBag from /home/airflow/.local/lib/python3.8/site-packages/airflow/example_dags/example_subdag_operator.py
[2026-03-27T10:17:39.036+0000] {processor.py:840} INFO - DAG(s) 'example_subdag_operator.section-1', 'example_subdag_operator.section-2', 'example_subdag_operator' retrieved from /home/airflow/.local/lib/python3.8/site-packages/airflow/example_dags/example_subdag_operator.py
[2026-03-27T10:17:39.050+0000] {logging_mixin.py:188} INFO - [2026-03-27T10:17:39.050+0000] {dag.py:3047} INFO - Sync 3 DAGs
[2026-03-27T10:17:39.066+0000] {logging_mixin.py:188} INFO - [2026-03-27T10:17:39.066+0000] {dag.py:3834} INFO - Setting next_dagrun for example_subdag_operator to 2022-01-01 00:00:00+00:00, run_after=2022-01-01 00:00:00+00:00
[2026-03-27T10:17:39.069+0000] {logging_mixin.py:188} INFO - [2026-03-27T10:17:39.069+0000] {dag.py:3834} INFO - Setting next_dagrun for example_subdag_operator.section-1 to None, run_after=None
[2026-03-27T10:17:39.070+0000] {logging_mixin.py:188} INFO - [2026-03-27T10:17:39.070+0000] {dag.py:3834} INFO - Setting next_dagrun for example_subdag_operator.section-2 to None, run_after=None
[2026-03-27T10:17:39.076+0000] {logging_mixin.py:188} INFO - [2026-03-27T10:17:39.076+0000] {dag.py:3047} INFO - Sync 2 DAGs
[2026-03-27T10:17:39.082+0000] {logging_mixin.py:188} INFO - [2026-03-27T10:17:39.082+0000] {dag.py:3834} INFO - Setting next_dagrun for example_subdag_operator.section-1 to None, run_after=None
[2026-03-27T10:17:39.083+0000] {logging_mixin.py:188} INFO - [2026-03-27T10:17:39.083+0000] {dag.py:3834} INFO - Setting next_dagrun for example_subdag_operator.section-2 to None, run_after=None
[2026-03-27T10:17:39.095+0000] {processor.py:183} INFO - Processing /home/airflow/.local/lib/python3.8/site-packages/airflow/example_dags/example_subdag_operator.py took 0.090 seconds
[2026-03-27T10:18:09.634+0000] {processor.py:161} INFO - Started process (PID=409) to work on /home/airflow/.local/lib/python3.8/site-packages/airflow/example_dags/example_subdag_operator.py
[2026-03-27T10:18:09.635+0000] {processor.py:830} INFO - Processing file /home/airflow/.local/lib/python3.8/site-packages/airflow/example_dags/example_subdag_operator.py for tasks to queue
[2026-03-27T10:18:09.637+0000] {logging_mixin.py:188} INFO - [2026-03-27T10:18:09.637+0000] {dagbag.py:540} INFO - Filling up the DagBag from /home/airflow/.local/lib/python3.8/site-packages/airflow/example_dags/example_subdag_operator.py
[2026-03-27T10:18:09.656+0000] {processor.py:840} INFO - DAG(s) 'example_subdag_operator.section-1', 'example_subdag_operator.section-2', 'example_subdag_operator' retrieved from /home/airflow/.local/lib/python3.8/site-packages/airflow/example_dags/example_subdag_operator.py
[2026-03-27T10:18:09.667+0000] {logging_mixin.py:188} INFO - [2026-03-27T10:18:09.667+0000] {dag.py:3047} INFO - Sync 3 DAGs
[2026-03-27T10:18:09.682+0000] {logging_mixin.py:188} INFO - [2026-03-27T10:18:09.682+0000] {dag.py:3834} INFO - Setting next_dagrun for example_subdag_operator to 2022-01-01 00:00:00+00:00, run_after=2022-01-01 00:00:00+00:00
[2026-03-27T10:18:09.685+0000] {logging_mixin.py:188} INFO - [2026-03-27T10:18:09.684+0000] {dag.py:3834} INFO - Setting next_dagrun for example_subdag_operator.section-1 to None, run_after=None
[2026-03-27T10:18:09.686+0000] {logging_mixin.py:188} INFO - [2026-03-27T10:18:09.685+0000] {dag.py:3834} INFO - Setting next_dagrun for example_subdag_operator.section-2 to None, run_after=None
[2026-03-27T10:18:09.691+0000] {logging_mixin.py:188} INFO - [2026-03-27T10:18:09.691+0000] {dag.py:3047} INFO - Sync 2 DAGs
[2026-03-27T10:18:09.696+0000] {logging_mixin.py:188} INFO - [2026-03-27T10:18:09.696+0000] {dag.py:3834} INFO - Setting next_dagrun for example_subdag_operator.section-1 to None, run_after=None
[2026-03-27T10:18:09.697+0000] {logging_mixin.py:188} INFO - [2026-03-27T10:18:09.697+0000] {dag.py:3834} INFO - Setting next_dagrun for example_subdag_operator.section-2 to None, run_after=None
[2026-03-27T10:18:09.707+0000] {processor.py:183} INFO - Processing /home/airflow/.local/lib/python3.8/site-packages/airflow/example_dags/example_subdag_operator.py took 0.077 seconds
[2026-03-27T10:18:39.772+0000] {processor.py:161} INFO - Started process (PID=465) to work on /home/airflow/.local/lib/python3.8/site-packages/airflow/example_dags/example_subdag_operator.py
[2026-03-27T10:18:39.773+0000] {processor.py:830} INFO - Processing file /home/airflow/.local/lib/python3.8/site-packages/airflow/example_dags/example_subdag_operator.py for tasks to queue
[2026-03-27T10:18:39.775+0000] {logging_mixin.py:188} INFO - [2026-03-27T10:18:39.775+0000] {dagbag.py:540} INFO - Filling up the DagBag from /home/airflow/.local/lib/python3.8/site-packages/airflow/example_dags/example_subdag_operator.py
[2026-03-27T10:18:39.797+0000] {processor.py:840} INFO - DAG(s) 'example_subdag_operator.section-1', 'example_subdag_operator.section-2', 'example_subdag_operator' retrieved from /home/airflow/.local/lib/python3.8/site-packages/airflow/example_dags/example_subdag_operator.py
[2026-03-27T10:18:39.814+0000] {logging_mixin.py:188} INFO - [2026-03-27T10:18:39.813+0000] {dag.py:3047} INFO - Sync 3 DAGs
[2026-03-27T10:18:39.834+0000] {logging_mixin.py:188} INFO - [2026-03-27T10:18:39.834+0000] {dag.py:3834} INFO - Setting next_dagrun for example_subdag_operator to 2022-01-01 00:00:00+00:00, run_after=2022-01-01 00:00:00+00:00
[2026-03-27T10:18:39.837+0000] {logging_mixin.py:188} INFO - [2026-03-27T10:18:39.837+0000] {dag.py:3834} INFO - Setting next_dagrun for example_subdag_operator.section-1 to None, run_after=None
[2026-03-27T10:18:39.838+0000] {logging_mixin.py:188} INFO - [2026-03-27T10:18:39.838+0000] {dag.py:3834} INFO - Setting next_dagrun for example_subdag_operator.section-2 to None, run_after=None
[2026-03-27T10:18:39.845+0000] {logging_mixin.py:188} INFO - [2026-03-27T10:18:39.844+0000] {dag.py:3047} INFO - Sync 2 DAGs
[2026-03-27T10:18:39.850+0000] {logging_mixin.py:188} INFO - [2026-03-27T10:18:39.850+0000] {dag.py:3834} INFO - Setting next_dagrun for example_subdag_operator.section-1 to None, run_after=None
[2026-03-27T10:18:39.851+0000] {logging_mixin.py:188} INFO - [2026-03-27T10:18:39.851+0000] {dag.py:3834} INFO - Setting next_dagrun for example_subdag_operator.section-2 to None, run_after=None
[2026-03-27T10:18:39.864+0000] {processor.py:183} INFO - Processing /home/airflow/.local/lib/python3.8/site-packages/airflow/example_dags/example_subdag_operator.py took 0.094 seconds
[2026-03-27T10:19:10.076+0000] {processor.py:161} INFO - Started process (PID=521) to work on /home/airflow/.local/lib/python3.8/site-packages/airflow/example_dags/example_subdag_operator.py
[2026-03-27T10:19:10.077+0000] {processor.py:830} INFO - Processing file /home/airflow/.local/lib/python3.8/site-packages/airflow/example_dags/example_subdag_operator.py for tasks to queue
[2026-03-27T10:19:10.080+0000] {logging_mixin.py:188} INFO - [2026-03-27T10:19:10.080+0000] {dagbag.py:540} INFO - Filling up the DagBag from /home/airflow/.local/lib/python3.8/site-packages/airflow/example_dags/example_subdag_operator.py
[2026-03-27T10:19:10.103+0000] {processor.py:840} INFO - DAG(s) 'example_subdag_operator.section-1', 'example_subdag_operator.section-2', 'example_subdag_operator' retrieved from /home/airflow/.local/lib/python3.8/site-packages/airflow/example_dags/example_subdag_operator.py
[2026-03-27T10:19:10.117+0000] {logging_mixin.py:188} INFO - [2026-03-27T10:19:10.116+0000] {dag.py:3047} INFO - Sync 3 DAGs
[2026-03-27T10:19:10.137+0000] {logging_mixin.py:188} INFO - [2026-03-27T10:19:10.137+0000] {dag.py:3834} INFO - Setting next_dagrun for example_subdag_operator to 2022-01-01 00:00:00+00:00, run_after=2022-01-01 00:00:00+00:00
[2026-03-27T10:19:10.141+0000] {logging_mixin.py:188} INFO - [2026-03-27T10:19:10.141+0000] {dag.py:3834} INFO - Setting next_dagrun for example_subdag_operator.section-1 to None, run_after=None
[2026-03-27T10:19:10.144+0000] {logging_mixin.py:188} INFO - [2026-03-27T10:19:10.143+0000] {dag.py:3834} INFO - Setting next_dagrun for example_subdag_operator.section-2 to None, run_after=None
[2026-03-27T10:19:10.150+0000] {logging_mixin.py:188} INFO - [2026-03-27T10:19:10.150+0000] {dag.py:3047} INFO - Sync 2 DAGs
[2026-03-27T10:19:10.156+0000] {logging_mixin.py:188} INFO - [2026-03-27T10:19:10.155+0000] {dag.py:3834} INFO - Setting next_dagrun for example_subdag_operator.section-1 to None, run_after=None
[2026-03-27T10:19:10.156+0000] {logging_mixin.py:188} INFO - [2026-03-27T10:19:10.156+0000] {dag.py:3834} INFO - Setting next_dagrun for example_subdag_operator.section-2 to None, run_after=None
[2026-03-27T10:19:10.169+0000] {processor.py:183} INFO - Processing /home/airflow/.local/lib/python3.8/site-packages/airflow/example_dags/example_subdag_operator.py took 0.096 seconds
[2026-03-27T10:19:40.283+0000] {processor.py:161} INFO - Started process (PID=577) to work on /home/airflow/.local/lib/python3.8/site-packages/airflow/example_dags/example_subdag_operator.py
[2026-03-27T10:19:40.284+0000] {processor.py:830} INFO - Processing file /home/airflow/.local/lib/python3.8/site-packages/airflow/example_dags/example_subdag_operator.py for tasks to queue
[2026-03-27T10:19:40.287+0000] {logging_mixin.py:188} INFO - [2026-03-27T10:19:40.287+0000] {dagbag.py:540} INFO - Filling up the DagBag from /home/airflow/.local/lib/python3.8/site-packages/airflow/example_dags/example_subdag_operator.py
[2026-03-27T10:19:40.313+0000] {processor.py:840} INFO - DAG(s) 'example_subdag_operator.section-1', 'example_subdag_operator.section-2', 'example_subdag_operator' retrieved from /home/airflow/.local/lib/python3.8/site-packages/airflow/example_dags/example_subdag_operator.py
[2026-03-27T10:19:40.327+0000] {logging_mixin.py:188} INFO - [2026-03-27T10:19:40.327+0000] {dag.py:3047} INFO - Sync 3 DAGs
[2026-03-27T10:19:40.349+0000] {logging_mixin.py:188} INFO - [2026-03-27T10:19:40.349+0000] {dag.py:3834} INFO - Setting next_dagrun for example_subdag_operator to 2022-01-01 00:00:00+00:00, run_after=2022-01-01 00:00:00+00:00
[2026-03-27T10:19:40.353+0000] {logging_mixin.py:188} INFO - [2026-03-27T10:19:40.352+0000] {dag.py:3834} INFO - Setting next_dagrun for example_subdag_operator.section-1 to None, run_after=None
[2026-03-27T10:19:40.354+0000] {logging_mixin.py:188} INFO - [2026-03-27T10:19:40.354+0000] {dag.py:3834} INFO - Setting next_dagrun for example_subdag_operator.section-2 to None, run_after=None
[2026-03-27T10:19:40.361+0000] {logging_mixin.py:188} INFO - [2026-03-27T10:19:40.361+0000] {dag.py:3047} INFO - Sync 2 DAGs
[2026-03-27T10:19:40.367+0000] {logging_mixin.py:188} INFO - [2026-03-27T10:19:40.367+0000] {dag.py:3834} INFO - Setting next_dagrun for example_subdag_operator.section-1 to None, run_after=None
[2026-03-27T10:19:40.367+0000] {logging_mixin.py:188} INFO - [2026-03-27T10:19:40.367+0000] {dag.py:3834} INFO - Setting next_dagrun for example_subdag_operator.section-2 to None, run_after=None
[2026-03-27T10:19:40.379+0000] {processor.py:183} INFO - Processing /home/airflow/.local/lib/python3.8/site-packages/airflow/example_dags/example_subdag_operator.py took 0.100 seconds
[2026-03-27T10:20:10.937+0000] {processor.py:161} INFO - Started process (PID=633) to work on /home/airflow/.local/lib/python3.8/site-packages/airflow/example_dags/example_subdag_operator.py
[2026-03-27T10:20:10.938+0000] {processor.py:830} INFO - Processing file /home/airflow/.local/lib/python3.8/site-packages/airflow/example_dags/example_subdag_operator.py for tasks to queue
[2026-03-27T10:20:10.941+0000] {logging_mixin.py:188} INFO - [2026-03-27T10:20:10.941+0000] {dagbag.py:540} INFO - Filling up the DagBag from /home/airflow/.local/lib/python3.8/site-packages/airflow/example_dags/example_subdag_operator.py
[2026-03-27T10:20:10.966+0000] {processor.py:840} INFO - DAG(s) 'example_subdag_operator.section-1', 'example_subdag_operator.section-2', 'example_subdag_operator' retrieved from /home/airflow/.local/lib/python3.8/site-packages/airflow/example_dags/example_subdag_operator.py
[2026-03-27T10:20:10.979+0000] {logging_mixin.py:188} INFO - [2026-03-27T10:20:10.978+0000] {dag.py:3047} INFO - Sync 3 DAGs
[2026-03-27T10:20:10.994+0000] {logging_mixin.py:188} INFO - [2026-03-27T10:20:10.994+0000] {dag.py:3834} INFO - Setting next_dagrun for example_subdag_operator to 2022-01-01 00:00:00+00:00, run_after=2022-01-01 00:00:00+00:00
[2026-03-27T10:20:10.996+0000] {logging_mixin.py:188} INFO - [2026-03-27T10:20:10.996+0000] {dag.py:3834} INFO - Setting next_dagrun for example_subdag_operator.section-1 to None, run_after=None
[2026-03-27T10:20:10.997+0000] {logging_mixin.py:188} INFO - [2026-03-27T10:20:10.997+0000] {dag.py:3834} INFO - Setting next_dagrun for example_subdag_operator.section-2 to None, run_after=None
[2026-03-27T10:20:11.003+0000] {logging_mixin.py:188} INFO - [2026-03-27T10:20:11.003+0000] {dag.py:3047} INFO - Sync 2 DAGs
[2026-03-27T10:20:11.007+0000] {logging_mixin.py:188} INFO - [2026-03-27T10:20:11.007+0000] {dag.py:3834} INFO - Setting next_dagrun for example_subdag_operator.section-1 to None, run_after=None
[2026-03-27T10:20:11.008+0000] {logging_mixin.py:188} INFO - [2026-03-27T10:20:11.007+0000] {dag.py:3834} INFO - Setting next_dagrun for example_subdag_operator.section-2 to None, run_after=None
[2026-03-27T10:20:11.017+0000] {processor.py:183} INFO - Processing /home/airflow/.local/lib/python3.8/site-packages/airflow/example_dags/example_subdag_operator.py took 0.085 seconds
