[2026-03-27T10:15:04.667+0000] {processor.py:161} INFO - Started process (PID=61) to work on /home/airflow/.local/lib/python3.8/site-packages/airflow/example_dags/example_external_task_marker_dag.py
[2026-03-27T10:15:04.668+0000] {processor.py:830} INFO - Processing file /home/airflow/.local/lib/python3.8/site-packages/airflow/example_dags/example_external_task_marker_dag.py for tasks to queue
[2026-03-27T10:15:04.669+0000] {logging_mixin.py:188} INFO - [2026-03-27T10:15:04.669+0000] {dagbag.py:540} INFO - Filling up the DagBag from /home/airflow/.local/lib/python3.8/site-packages/airflow/example_dags/example_external_task_marker_dag.py
[2026-03-27T10:15:04.676+0000] {processor.py:840} INFO - DAG(s) 'example_external_task_marker_parent', 'example_external_task_marker_child' retrieved from /home/airflow/.local/lib/python3.8/site-packages/airflow/example_dags/example_external_task_marker_dag.py
[2026-03-27T10:15:04.689+0000] {logging_mixin.py:188} INFO - [2026-03-27T10:15:04.688+0000] {dag.py:3047} INFO - Sync 2 DAGs
[2026-03-27T10:15:04.701+0000] {logging_mixin.py:188} INFO - [2026-03-27T10:15:04.701+0000] {dag.py:3834} INFO - Setting next_dagrun for example_external_task_marker_child to None, run_after=None
[2026-03-27T10:15:04.705+0000] {logging_mixin.py:188} INFO - [2026-03-27T10:15:04.705+0000] {dag.py:3834} INFO - Setting next_dagrun for example_external_task_marker_parent to None, run_after=None
[2026-03-27T10:15:04.725+0000] {processor.py:183} INFO - Processing /home/airflow/.local/lib/python3.8/site-packages/airflow/example_dags/example_external_task_marker_dag.py took 0.061 seconds
[2026-03-27T10:15:35.568+0000] {processor.py:161} INFO - Started process (PID=117) to work on /home/airflow/.local/lib/python3.8/site-packages/airflow/example_dags/example_external_task_marker_dag.py
[2026-03-27T10:15:35.569+0000] {processor.py:830} INFO - Processing file /home/airflow/.local/lib/python3.8/site-packages/airflow/example_dags/example_external_task_marker_dag.py for tasks to queue
[2026-03-27T10:15:35.571+0000] {logging_mixin.py:188} INFO - [2026-03-27T10:15:35.570+0000] {dagbag.py:540} INFO - Filling up the DagBag from /home/airflow/.local/lib/python3.8/site-packages/airflow/example_dags/example_external_task_marker_dag.py
[2026-03-27T10:15:35.576+0000] {processor.py:840} INFO - DAG(s) 'example_external_task_marker_child', 'example_external_task_marker_parent' retrieved from /home/airflow/.local/lib/python3.8/site-packages/airflow/example_dags/example_external_task_marker_dag.py
[2026-03-27T10:15:35.656+0000] {logging_mixin.py:188} INFO - [2026-03-27T10:15:35.656+0000] {dag.py:3047} INFO - Sync 2 DAGs
[2026-03-27T10:15:35.665+0000] {logging_mixin.py:188} INFO - [2026-03-27T10:15:35.665+0000] {dag.py:3834} INFO - Setting next_dagrun for example_external_task_marker_child to None, run_after=None
[2026-03-27T10:15:35.667+0000] {logging_mixin.py:188} INFO - [2026-03-27T10:15:35.667+0000] {dag.py:3834} INFO - Setting next_dagrun for example_external_task_marker_parent to None, run_after=None
[2026-03-27T10:15:35.680+0000] {processor.py:183} INFO - Processing /home/airflow/.local/lib/python3.8/site-packages/airflow/example_dags/example_external_task_marker_dag.py took 0.114 seconds
[2026-03-27T10:16:06.005+0000] {processor.py:161} INFO - Started process (PID=173) to work on /home/airflow/.local/lib/python3.8/site-packages/airflow/example_dags/example_external_task_marker_dag.py
[2026-03-27T10:16:06.005+0000] {processor.py:830} INFO - Processing file /home/airflow/.local/lib/python3.8/site-packages/airflow/example_dags/example_external_task_marker_dag.py for tasks to queue
[2026-03-27T10:16:06.007+0000] {logging_mixin.py:188} INFO - [2026-03-27T10:16:06.007+0000] {dagbag.py:540} INFO - Filling up the DagBag from /home/airflow/.local/lib/python3.8/site-packages/airflow/example_dags/example_external_task_marker_dag.py
[2026-03-27T10:16:06.012+0000] {processor.py:840} INFO - DAG(s) 'example_external_task_marker_parent', 'example_external_task_marker_child' retrieved from /home/airflow/.local/lib/python3.8/site-packages/airflow/example_dags/example_external_task_marker_dag.py
[2026-03-27T10:16:06.030+0000] {logging_mixin.py:188} INFO - [2026-03-27T10:16:06.029+0000] {dag.py:3047} INFO - Sync 2 DAGs
[2026-03-27T10:16:06.038+0000] {logging_mixin.py:188} INFO - [2026-03-27T10:16:06.038+0000] {dag.py:3834} INFO - Setting next_dagrun for example_external_task_marker_child to None, run_after=None
[2026-03-27T10:16:06.041+0000] {logging_mixin.py:188} INFO - [2026-03-27T10:16:06.041+0000] {dag.py:3834} INFO - Setting next_dagrun for example_external_task_marker_parent to None, run_after=None
[2026-03-27T10:16:06.053+0000] {processor.py:183} INFO - Processing /home/airflow/.local/lib/python3.8/site-packages/airflow/example_dags/example_external_task_marker_dag.py took 0.052 seconds
[2026-03-27T10:16:36.452+0000] {processor.py:161} INFO - Started process (PID=229) to work on /home/airflow/.local/lib/python3.8/site-packages/airflow/example_dags/example_external_task_marker_dag.py
[2026-03-27T10:16:36.453+0000] {processor.py:830} INFO - Processing file /home/airflow/.local/lib/python3.8/site-packages/airflow/example_dags/example_external_task_marker_dag.py for tasks to queue
[2026-03-27T10:16:36.454+0000] {logging_mixin.py:188} INFO - [2026-03-27T10:16:36.454+0000] {dagbag.py:540} INFO - Filling up the DagBag from /home/airflow/.local/lib/python3.8/site-packages/airflow/example_dags/example_external_task_marker_dag.py
[2026-03-27T10:16:36.460+0000] {processor.py:840} INFO - DAG(s) 'example_external_task_marker_child', 'example_external_task_marker_parent' retrieved from /home/airflow/.local/lib/python3.8/site-packages/airflow/example_dags/example_external_task_marker_dag.py
[2026-03-27T10:16:36.480+0000] {logging_mixin.py:188} INFO - [2026-03-27T10:16:36.480+0000] {dag.py:3047} INFO - Sync 2 DAGs
[2026-03-27T10:16:36.489+0000] {logging_mixin.py:188} INFO - [2026-03-27T10:16:36.489+0000] {dag.py:3834} INFO - Setting next_dagrun for example_external_task_marker_child to None, run_after=None
[2026-03-27T10:16:36.493+0000] {logging_mixin.py:188} INFO - [2026-03-27T10:16:36.493+0000] {dag.py:3834} INFO - Setting next_dagrun for example_external_task_marker_parent to None, run_after=None
[2026-03-27T10:16:36.509+0000] {processor.py:183} INFO - Processing /home/airflow/.local/lib/python3.8/site-packages/airflow/example_dags/example_external_task_marker_dag.py took 0.060 seconds
[2026-03-27T10:17:07.126+0000] {processor.py:161} INFO - Started process (PID=285) to work on /home/airflow/.local/lib/python3.8/site-packages/airflow/example_dags/example_external_task_marker_dag.py
[2026-03-27T10:17:07.127+0000] {processor.py:830} INFO - Processing file /home/airflow/.local/lib/python3.8/site-packages/airflow/example_dags/example_external_task_marker_dag.py for tasks to queue
[2026-03-27T10:17:07.129+0000] {logging_mixin.py:188} INFO - [2026-03-27T10:17:07.128+0000] {dagbag.py:540} INFO - Filling up the DagBag from /home/airflow/.local/lib/python3.8/site-packages/airflow/example_dags/example_external_task_marker_dag.py
[2026-03-27T10:17:07.134+0000] {processor.py:840} INFO - DAG(s) 'example_external_task_marker_child', 'example_external_task_marker_parent' retrieved from /home/airflow/.local/lib/python3.8/site-packages/airflow/example_dags/example_external_task_marker_dag.py
[2026-03-27T10:17:07.154+0000] {logging_mixin.py:188} INFO - [2026-03-27T10:17:07.153+0000] {dag.py:3047} INFO - Sync 2 DAGs
[2026-03-27T10:17:07.163+0000] {logging_mixin.py:188} INFO - [2026-03-27T10:17:07.163+0000] {dag.py:3834} INFO - Setting next_dagrun for example_external_task_marker_child to None, run_after=None
[2026-03-27T10:17:07.166+0000] {logging_mixin.py:188} INFO - [2026-03-27T10:17:07.166+0000] {dag.py:3834} INFO - Setting next_dagrun for example_external_task_marker_parent to None, run_after=None
[2026-03-27T10:17:07.180+0000] {processor.py:183} INFO - Processing /home/airflow/.local/lib/python3.8/site-packages/airflow/example_dags/example_external_task_marker_dag.py took 0.057 seconds
[2026-03-27T10:17:37.792+0000] {processor.py:161} INFO - Started process (PID=341) to work on /home/airflow/.local/lib/python3.8/site-packages/airflow/example_dags/example_external_task_marker_dag.py
[2026-03-27T10:17:37.793+0000] {processor.py:830} INFO - Processing file /home/airflow/.local/lib/python3.8/site-packages/airflow/example_dags/example_external_task_marker_dag.py for tasks to queue
[2026-03-27T10:17:37.795+0000] {logging_mixin.py:188} INFO - [2026-03-27T10:17:37.795+0000] {dagbag.py:540} INFO - Filling up the DagBag from /home/airflow/.local/lib/python3.8/site-packages/airflow/example_dags/example_external_task_marker_dag.py
[2026-03-27T10:17:37.800+0000] {processor.py:840} INFO - DAG(s) 'example_external_task_marker_parent', 'example_external_task_marker_child' retrieved from /home/airflow/.local/lib/python3.8/site-packages/airflow/example_dags/example_external_task_marker_dag.py
[2026-03-27T10:17:37.819+0000] {logging_mixin.py:188} INFO - [2026-03-27T10:17:37.818+0000] {dag.py:3047} INFO - Sync 2 DAGs
[2026-03-27T10:17:37.828+0000] {logging_mixin.py:188} INFO - [2026-03-27T10:17:37.828+0000] {dag.py:3834} INFO - Setting next_dagrun for example_external_task_marker_child to None, run_after=None
[2026-03-27T10:17:37.830+0000] {logging_mixin.py:188} INFO - [2026-03-27T10:17:37.830+0000] {dag.py:3834} INFO - Setting next_dagrun for example_external_task_marker_parent to None, run_after=None
[2026-03-27T10:17:37.843+0000] {processor.py:183} INFO - Processing /home/airflow/.local/lib/python3.8/site-packages/airflow/example_dags/example_external_task_marker_dag.py took 0.055 seconds
[2026-03-27T10:18:08.420+0000] {processor.py:161} INFO - Started process (PID=397) to work on /home/airflow/.local/lib/python3.8/site-packages/airflow/example_dags/example_external_task_marker_dag.py
[2026-03-27T10:18:08.422+0000] {processor.py:830} INFO - Processing file /home/airflow/.local/lib/python3.8/site-packages/airflow/example_dags/example_external_task_marker_dag.py for tasks to queue
[2026-03-27T10:18:08.424+0000] {logging_mixin.py:188} INFO - [2026-03-27T10:18:08.424+0000] {dagbag.py:540} INFO - Filling up the DagBag from /home/airflow/.local/lib/python3.8/site-packages/airflow/example_dags/example_external_task_marker_dag.py
[2026-03-27T10:18:08.431+0000] {processor.py:840} INFO - DAG(s) 'example_external_task_marker_parent', 'example_external_task_marker_child' retrieved from /home/airflow/.local/lib/python3.8/site-packages/airflow/example_dags/example_external_task_marker_dag.py
[2026-03-27T10:18:08.463+0000] {logging_mixin.py:188} INFO - [2026-03-27T10:18:08.462+0000] {dag.py:3047} INFO - Sync 2 DAGs
[2026-03-27T10:18:08.474+0000] {logging_mixin.py:188} INFO - [2026-03-27T10:18:08.473+0000] {dag.py:3834} INFO - Setting next_dagrun for example_external_task_marker_child to None, run_after=None
[2026-03-27T10:18:08.477+0000] {logging_mixin.py:188} INFO - [2026-03-27T10:18:08.477+0000] {dag.py:3834} INFO - Setting next_dagrun for example_external_task_marker_parent to None, run_after=None
[2026-03-27T10:18:08.494+0000] {processor.py:183} INFO - Processing /home/airflow/.local/lib/python3.8/site-packages/airflow/example_dags/example_external_task_marker_dag.py took 0.077 seconds
[2026-03-27T10:18:38.603+0000] {processor.py:161} INFO - Started process (PID=459) to work on /home/airflow/.local/lib/python3.8/site-packages/airflow/example_dags/example_external_task_marker_dag.py
[2026-03-27T10:18:38.604+0000] {processor.py:830} INFO - Processing file /home/airflow/.local/lib/python3.8/site-packages/airflow/example_dags/example_external_task_marker_dag.py for tasks to queue
[2026-03-27T10:18:38.606+0000] {logging_mixin.py:188} INFO - [2026-03-27T10:18:38.605+0000] {dagbag.py:540} INFO - Filling up the DagBag from /home/airflow/.local/lib/python3.8/site-packages/airflow/example_dags/example_external_task_marker_dag.py
[2026-03-27T10:18:38.610+0000] {processor.py:840} INFO - DAG(s) 'example_external_task_marker_child', 'example_external_task_marker_parent' retrieved from /home/airflow/.local/lib/python3.8/site-packages/airflow/example_dags/example_external_task_marker_dag.py
[2026-03-27T10:18:38.632+0000] {logging_mixin.py:188} INFO - [2026-03-27T10:18:38.632+0000] {dag.py:3047} INFO - Sync 2 DAGs
[2026-03-27T10:18:38.641+0000] {logging_mixin.py:188} INFO - [2026-03-27T10:18:38.641+0000] {dag.py:3834} INFO - Setting next_dagrun for example_external_task_marker_child to None, run_after=None
[2026-03-27T10:18:38.645+0000] {logging_mixin.py:188} INFO - [2026-03-27T10:18:38.644+0000] {dag.py:3834} INFO - Setting next_dagrun for example_external_task_marker_parent to None, run_after=None
[2026-03-27T10:18:38.657+0000] {processor.py:183} INFO - Processing /home/airflow/.local/lib/python3.8/site-packages/airflow/example_dags/example_external_task_marker_dag.py took 0.057 seconds
[2026-03-27T10:19:08.834+0000] {processor.py:161} INFO - Started process (PID=515) to work on /home/airflow/.local/lib/python3.8/site-packages/airflow/example_dags/example_external_task_marker_dag.py
[2026-03-27T10:19:08.836+0000] {processor.py:830} INFO - Processing file /home/airflow/.local/lib/python3.8/site-packages/airflow/example_dags/example_external_task_marker_dag.py for tasks to queue
[2026-03-27T10:19:08.838+0000] {logging_mixin.py:188} INFO - [2026-03-27T10:19:08.838+0000] {dagbag.py:540} INFO - Filling up the DagBag from /home/airflow/.local/lib/python3.8/site-packages/airflow/example_dags/example_external_task_marker_dag.py
[2026-03-27T10:19:08.847+0000] {processor.py:840} INFO - DAG(s) 'example_external_task_marker_child', 'example_external_task_marker_parent' retrieved from /home/airflow/.local/lib/python3.8/site-packages/airflow/example_dags/example_external_task_marker_dag.py
[2026-03-27T10:19:08.870+0000] {logging_mixin.py:188} INFO - [2026-03-27T10:19:08.870+0000] {dag.py:3047} INFO - Sync 2 DAGs
[2026-03-27T10:19:08.884+0000] {logging_mixin.py:188} INFO - [2026-03-27T10:19:08.884+0000] {dag.py:3834} INFO - Setting next_dagrun for example_external_task_marker_child to None, run_after=None
[2026-03-27T10:19:08.889+0000] {logging_mixin.py:188} INFO - [2026-03-27T10:19:08.888+0000] {dag.py:3834} INFO - Setting next_dagrun for example_external_task_marker_parent to None, run_after=None
[2026-03-27T10:19:08.910+0000] {processor.py:183} INFO - Processing /home/airflow/.local/lib/python3.8/site-packages/airflow/example_dags/example_external_task_marker_dag.py took 0.079 seconds
[2026-03-27T10:19:38.933+0000] {processor.py:161} INFO - Started process (PID=571) to work on /home/airflow/.local/lib/python3.8/site-packages/airflow/example_dags/example_external_task_marker_dag.py
[2026-03-27T10:19:38.934+0000] {processor.py:830} INFO - Processing file /home/airflow/.local/lib/python3.8/site-packages/airflow/example_dags/example_external_task_marker_dag.py for tasks to queue
[2026-03-27T10:19:38.936+0000] {logging_mixin.py:188} INFO - [2026-03-27T10:19:38.936+0000] {dagbag.py:540} INFO - Filling up the DagBag from /home/airflow/.local/lib/python3.8/site-packages/airflow/example_dags/example_external_task_marker_dag.py
[2026-03-27T10:19:38.941+0000] {processor.py:840} INFO - DAG(s) 'example_external_task_marker_child', 'example_external_task_marker_parent' retrieved from /home/airflow/.local/lib/python3.8/site-packages/airflow/example_dags/example_external_task_marker_dag.py
[2026-03-27T10:19:38.957+0000] {logging_mixin.py:188} INFO - [2026-03-27T10:19:38.956+0000] {dag.py:3047} INFO - Sync 2 DAGs
[2026-03-27T10:19:38.964+0000] {logging_mixin.py:188} INFO - [2026-03-27T10:19:38.964+0000] {dag.py:3834} INFO - Setting next_dagrun for example_external_task_marker_child to None, run_after=None
[2026-03-27T10:19:38.967+0000] {logging_mixin.py:188} INFO - [2026-03-27T10:19:38.967+0000] {dag.py:3834} INFO - Setting next_dagrun for example_external_task_marker_parent to None, run_after=None
[2026-03-27T10:19:38.979+0000] {processor.py:183} INFO - Processing /home/airflow/.local/lib/python3.8/site-packages/airflow/example_dags/example_external_task_marker_dag.py took 0.048 seconds
[2026-03-27T10:20:09.648+0000] {processor.py:161} INFO - Started process (PID=627) to work on /home/airflow/.local/lib/python3.8/site-packages/airflow/example_dags/example_external_task_marker_dag.py
[2026-03-27T10:20:09.649+0000] {processor.py:830} INFO - Processing file /home/airflow/.local/lib/python3.8/site-packages/airflow/example_dags/example_external_task_marker_dag.py for tasks to queue
[2026-03-27T10:20:09.652+0000] {logging_mixin.py:188} INFO - [2026-03-27T10:20:09.651+0000] {dagbag.py:540} INFO - Filling up the DagBag from /home/airflow/.local/lib/python3.8/site-packages/airflow/example_dags/example_external_task_marker_dag.py
[2026-03-27T10:20:09.658+0000] {processor.py:840} INFO - DAG(s) 'example_external_task_marker_child', 'example_external_task_marker_parent' retrieved from /home/airflow/.local/lib/python3.8/site-packages/airflow/example_dags/example_external_task_marker_dag.py
[2026-03-27T10:20:09.678+0000] {logging_mixin.py:188} INFO - [2026-03-27T10:20:09.678+0000] {dag.py:3047} INFO - Sync 2 DAGs
[2026-03-27T10:20:09.688+0000] {logging_mixin.py:188} INFO - [2026-03-27T10:20:09.688+0000] {dag.py:3834} INFO - Setting next_dagrun for example_external_task_marker_child to None, run_after=None
[2026-03-27T10:20:09.691+0000] {logging_mixin.py:188} INFO - [2026-03-27T10:20:09.691+0000] {dag.py:3834} INFO - Setting next_dagrun for example_external_task_marker_parent to None, run_after=None
[2026-03-27T10:20:09.705+0000] {processor.py:183} INFO - Processing /home/airflow/.local/lib/python3.8/site-packages/airflow/example_dags/example_external_task_marker_dag.py took 0.061 seconds
