[2026-03-27T10:15:05.913+0000] {processor.py:161} INFO - Started process (PID=80) to work on /home/airflow/.local/lib/python3.8/site-packages/airflow/example_dags/example_sensor_decorator.py
[2026-03-27T10:15:05.915+0000] {processor.py:830} INFO - Processing file /home/airflow/.local/lib/python3.8/site-packages/airflow/example_dags/example_sensor_decorator.py for tasks to queue
[2026-03-27T10:15:05.918+0000] {logging_mixin.py:188} INFO - [2026-03-27T10:15:05.918+0000] {dagbag.py:540} INFO - Filling up the DagBag from /home/airflow/.local/lib/python3.8/site-packages/airflow/example_dags/example_sensor_decorator.py
[2026-03-27T10:15:05.928+0000] {processor.py:840} INFO - DAG(s) 'example_sensor_decorator' retrieved from /home/airflow/.local/lib/python3.8/site-packages/airflow/example_dags/example_sensor_decorator.py
[2026-03-27T10:15:05.942+0000] {logging_mixin.py:188} INFO - [2026-03-27T10:15:05.942+0000] {dag.py:3047} INFO - Sync 1 DAGs
[2026-03-27T10:15:05.956+0000] {logging_mixin.py:188} INFO - [2026-03-27T10:15:05.956+0000] {dag.py:3834} INFO - Setting next_dagrun for example_sensor_decorator to None, run_after=None
[2026-03-27T10:15:05.976+0000] {processor.py:183} INFO - Processing /home/airflow/.local/lib/python3.8/site-packages/airflow/example_dags/example_sensor_decorator.py took 0.066 seconds
[2026-03-27T10:15:37.437+0000] {processor.py:161} INFO - Started process (PID=136) to work on /home/airflow/.local/lib/python3.8/site-packages/airflow/example_dags/example_sensor_decorator.py
[2026-03-27T10:15:37.438+0000] {processor.py:830} INFO - Processing file /home/airflow/.local/lib/python3.8/site-packages/airflow/example_dags/example_sensor_decorator.py for tasks to queue
[2026-03-27T10:15:37.439+0000] {logging_mixin.py:188} INFO - [2026-03-27T10:15:37.439+0000] {dagbag.py:540} INFO - Filling up the DagBag from /home/airflow/.local/lib/python3.8/site-packages/airflow/example_dags/example_sensor_decorator.py
[2026-03-27T10:15:37.445+0000] {processor.py:840} INFO - DAG(s) 'example_sensor_decorator' retrieved from /home/airflow/.local/lib/python3.8/site-packages/airflow/example_dags/example_sensor_decorator.py
[2026-03-27T10:15:37.526+0000] {logging_mixin.py:188} INFO - [2026-03-27T10:15:37.526+0000] {dag.py:3047} INFO - Sync 1 DAGs
[2026-03-27T10:15:37.535+0000] {logging_mixin.py:188} INFO - [2026-03-27T10:15:37.535+0000] {dag.py:3834} INFO - Setting next_dagrun for example_sensor_decorator to None, run_after=None
[2026-03-27T10:15:37.556+0000] {processor.py:183} INFO - Processing /home/airflow/.local/lib/python3.8/site-packages/airflow/example_dags/example_sensor_decorator.py took 0.122 seconds
[2026-03-27T10:16:08.107+0000] {processor.py:161} INFO - Started process (PID=192) to work on /home/airflow/.local/lib/python3.8/site-packages/airflow/example_dags/example_sensor_decorator.py
[2026-03-27T10:16:08.109+0000] {processor.py:830} INFO - Processing file /home/airflow/.local/lib/python3.8/site-packages/airflow/example_dags/example_sensor_decorator.py for tasks to queue
[2026-03-27T10:16:08.113+0000] {logging_mixin.py:188} INFO - [2026-03-27T10:16:08.112+0000] {dagbag.py:540} INFO - Filling up the DagBag from /home/airflow/.local/lib/python3.8/site-packages/airflow/example_dags/example_sensor_decorator.py
[2026-03-27T10:16:08.122+0000] {processor.py:840} INFO - DAG(s) 'example_sensor_decorator' retrieved from /home/airflow/.local/lib/python3.8/site-packages/airflow/example_dags/example_sensor_decorator.py
[2026-03-27T10:16:08.146+0000] {logging_mixin.py:188} INFO - [2026-03-27T10:16:08.146+0000] {dag.py:3047} INFO - Sync 1 DAGs
[2026-03-27T10:16:08.157+0000] {logging_mixin.py:188} INFO - [2026-03-27T10:16:08.157+0000] {dag.py:3834} INFO - Setting next_dagrun for example_sensor_decorator to None, run_after=None
[2026-03-27T10:16:08.174+0000] {processor.py:183} INFO - Processing /home/airflow/.local/lib/python3.8/site-packages/airflow/example_dags/example_sensor_decorator.py took 0.071 seconds
[2026-03-27T10:16:38.613+0000] {processor.py:161} INFO - Started process (PID=254) to work on /home/airflow/.local/lib/python3.8/site-packages/airflow/example_dags/example_sensor_decorator.py
[2026-03-27T10:16:38.614+0000] {processor.py:830} INFO - Processing file /home/airflow/.local/lib/python3.8/site-packages/airflow/example_dags/example_sensor_decorator.py for tasks to queue
[2026-03-27T10:16:38.616+0000] {logging_mixin.py:188} INFO - [2026-03-27T10:16:38.616+0000] {dagbag.py:540} INFO - Filling up the DagBag from /home/airflow/.local/lib/python3.8/site-packages/airflow/example_dags/example_sensor_decorator.py
[2026-03-27T10:16:38.623+0000] {processor.py:840} INFO - DAG(s) 'example_sensor_decorator' retrieved from /home/airflow/.local/lib/python3.8/site-packages/airflow/example_dags/example_sensor_decorator.py
[2026-03-27T10:16:38.638+0000] {logging_mixin.py:188} INFO - [2026-03-27T10:16:38.638+0000] {dag.py:3047} INFO - Sync 1 DAGs
[2026-03-27T10:16:38.648+0000] {logging_mixin.py:188} INFO - [2026-03-27T10:16:38.648+0000] {dag.py:3834} INFO - Setting next_dagrun for example_sensor_decorator to None, run_after=None
[2026-03-27T10:16:38.664+0000] {processor.py:183} INFO - Processing /home/airflow/.local/lib/python3.8/site-packages/airflow/example_dags/example_sensor_decorator.py took 0.054 seconds
[2026-03-27T10:17:09.366+0000] {processor.py:161} INFO - Started process (PID=310) to work on /home/airflow/.local/lib/python3.8/site-packages/airflow/example_dags/example_sensor_decorator.py
[2026-03-27T10:17:09.366+0000] {processor.py:830} INFO - Processing file /home/airflow/.local/lib/python3.8/site-packages/airflow/example_dags/example_sensor_decorator.py for tasks to queue
[2026-03-27T10:17:09.368+0000] {logging_mixin.py:188} INFO - [2026-03-27T10:17:09.368+0000] {dagbag.py:540} INFO - Filling up the DagBag from /home/airflow/.local/lib/python3.8/site-packages/airflow/example_dags/example_sensor_decorator.py
[2026-03-27T10:17:09.373+0000] {processor.py:840} INFO - DAG(s) 'example_sensor_decorator' retrieved from /home/airflow/.local/lib/python3.8/site-packages/airflow/example_dags/example_sensor_decorator.py
[2026-03-27T10:17:09.388+0000] {logging_mixin.py:188} INFO - [2026-03-27T10:17:09.387+0000] {dag.py:3047} INFO - Sync 1 DAGs
[2026-03-27T10:17:09.396+0000] {logging_mixin.py:188} INFO - [2026-03-27T10:17:09.395+0000] {dag.py:3834} INFO - Setting next_dagrun for example_sensor_decorator to None, run_after=None
[2026-03-27T10:17:09.410+0000] {processor.py:183} INFO - Processing /home/airflow/.local/lib/python3.8/site-packages/airflow/example_dags/example_sensor_decorator.py took 0.047 seconds
[2026-03-27T10:17:39.697+0000] {processor.py:161} INFO - Started process (PID=366) to work on /home/airflow/.local/lib/python3.8/site-packages/airflow/example_dags/example_sensor_decorator.py
[2026-03-27T10:17:39.698+0000] {processor.py:830} INFO - Processing file /home/airflow/.local/lib/python3.8/site-packages/airflow/example_dags/example_sensor_decorator.py for tasks to queue
[2026-03-27T10:17:39.700+0000] {logging_mixin.py:188} INFO - [2026-03-27T10:17:39.699+0000] {dagbag.py:540} INFO - Filling up the DagBag from /home/airflow/.local/lib/python3.8/site-packages/airflow/example_dags/example_sensor_decorator.py
[2026-03-27T10:17:39.705+0000] {processor.py:840} INFO - DAG(s) 'example_sensor_decorator' retrieved from /home/airflow/.local/lib/python3.8/site-packages/airflow/example_dags/example_sensor_decorator.py
[2026-03-27T10:17:39.719+0000] {logging_mixin.py:188} INFO - [2026-03-27T10:17:39.719+0000] {dag.py:3047} INFO - Sync 1 DAGs
[2026-03-27T10:17:39.727+0000] {logging_mixin.py:188} INFO - [2026-03-27T10:17:39.727+0000] {dag.py:3834} INFO - Setting next_dagrun for example_sensor_decorator to None, run_after=None
[2026-03-27T10:17:39.741+0000] {processor.py:183} INFO - Processing /home/airflow/.local/lib/python3.8/site-packages/airflow/example_dags/example_sensor_decorator.py took 0.047 seconds
[2026-03-27T10:18:10.486+0000] {processor.py:161} INFO - Started process (PID=422) to work on /home/airflow/.local/lib/python3.8/site-packages/airflow/example_dags/example_sensor_decorator.py
[2026-03-27T10:18:10.487+0000] {processor.py:830} INFO - Processing file /home/airflow/.local/lib/python3.8/site-packages/airflow/example_dags/example_sensor_decorator.py for tasks to queue
[2026-03-27T10:18:10.489+0000] {logging_mixin.py:188} INFO - [2026-03-27T10:18:10.489+0000] {dagbag.py:540} INFO - Filling up the DagBag from /home/airflow/.local/lib/python3.8/site-packages/airflow/example_dags/example_sensor_decorator.py
[2026-03-27T10:18:10.495+0000] {processor.py:840} INFO - DAG(s) 'example_sensor_decorator' retrieved from /home/airflow/.local/lib/python3.8/site-packages/airflow/example_dags/example_sensor_decorator.py
[2026-03-27T10:18:10.517+0000] {logging_mixin.py:188} INFO - [2026-03-27T10:18:10.517+0000] {dag.py:3047} INFO - Sync 1 DAGs
[2026-03-27T10:18:10.529+0000] {logging_mixin.py:188} INFO - [2026-03-27T10:18:10.529+0000] {dag.py:3834} INFO - Setting next_dagrun for example_sensor_decorator to None, run_after=None
[2026-03-27T10:18:10.547+0000] {processor.py:183} INFO - Processing /home/airflow/.local/lib/python3.8/site-packages/airflow/example_dags/example_sensor_decorator.py took 0.064 seconds
[2026-03-27T10:18:40.622+0000] {processor.py:161} INFO - Started process (PID=478) to work on /home/airflow/.local/lib/python3.8/site-packages/airflow/example_dags/example_sensor_decorator.py
[2026-03-27T10:18:40.623+0000] {processor.py:830} INFO - Processing file /home/airflow/.local/lib/python3.8/site-packages/airflow/example_dags/example_sensor_decorator.py for tasks to queue
[2026-03-27T10:18:40.624+0000] {logging_mixin.py:188} INFO - [2026-03-27T10:18:40.624+0000] {dagbag.py:540} INFO - Filling up the DagBag from /home/airflow/.local/lib/python3.8/site-packages/airflow/example_dags/example_sensor_decorator.py
[2026-03-27T10:18:40.630+0000] {processor.py:840} INFO - DAG(s) 'example_sensor_decorator' retrieved from /home/airflow/.local/lib/python3.8/site-packages/airflow/example_dags/example_sensor_decorator.py
[2026-03-27T10:18:40.646+0000] {logging_mixin.py:188} INFO - [2026-03-27T10:18:40.646+0000] {dag.py:3047} INFO - Sync 1 DAGs
[2026-03-27T10:18:40.656+0000] {logging_mixin.py:188} INFO - [2026-03-27T10:18:40.656+0000] {dag.py:3834} INFO - Setting next_dagrun for example_sensor_decorator to None, run_after=None
[2026-03-27T10:18:40.672+0000] {processor.py:183} INFO - Processing /home/airflow/.local/lib/python3.8/site-packages/airflow/example_dags/example_sensor_decorator.py took 0.054 seconds
[2026-03-27T10:19:11.138+0000] {processor.py:161} INFO - Started process (PID=534) to work on /home/airflow/.local/lib/python3.8/site-packages/airflow/example_dags/example_sensor_decorator.py
[2026-03-27T10:19:11.139+0000] {processor.py:830} INFO - Processing file /home/airflow/.local/lib/python3.8/site-packages/airflow/example_dags/example_sensor_decorator.py for tasks to queue
[2026-03-27T10:19:11.142+0000] {logging_mixin.py:188} INFO - [2026-03-27T10:19:11.142+0000] {dagbag.py:540} INFO - Filling up the DagBag from /home/airflow/.local/lib/python3.8/site-packages/airflow/example_dags/example_sensor_decorator.py
[2026-03-27T10:19:11.150+0000] {processor.py:840} INFO - DAG(s) 'example_sensor_decorator' retrieved from /home/airflow/.local/lib/python3.8/site-packages/airflow/example_dags/example_sensor_decorator.py
[2026-03-27T10:19:11.169+0000] {logging_mixin.py:188} INFO - [2026-03-27T10:19:11.169+0000] {dag.py:3047} INFO - Sync 1 DAGs
[2026-03-27T10:19:11.179+0000] {logging_mixin.py:188} INFO - [2026-03-27T10:19:11.179+0000] {dag.py:3834} INFO - Setting next_dagrun for example_sensor_decorator to None, run_after=None
[2026-03-27T10:19:11.193+0000] {processor.py:183} INFO - Processing /home/airflow/.local/lib/python3.8/site-packages/airflow/example_dags/example_sensor_decorator.py took 0.059 seconds
[2026-03-27T10:19:42.066+0000] {processor.py:161} INFO - Started process (PID=590) to work on /home/airflow/.local/lib/python3.8/site-packages/airflow/example_dags/example_sensor_decorator.py
[2026-03-27T10:19:42.067+0000] {processor.py:830} INFO - Processing file /home/airflow/.local/lib/python3.8/site-packages/airflow/example_dags/example_sensor_decorator.py for tasks to queue
[2026-03-27T10:19:42.068+0000] {logging_mixin.py:188} INFO - [2026-03-27T10:19:42.068+0000] {dagbag.py:540} INFO - Filling up the DagBag from /home/airflow/.local/lib/python3.8/site-packages/airflow/example_dags/example_sensor_decorator.py
[2026-03-27T10:19:42.074+0000] {processor.py:840} INFO - DAG(s) 'example_sensor_decorator' retrieved from /home/airflow/.local/lib/python3.8/site-packages/airflow/example_dags/example_sensor_decorator.py
[2026-03-27T10:19:42.089+0000] {logging_mixin.py:188} INFO - [2026-03-27T10:19:42.088+0000] {dag.py:3047} INFO - Sync 1 DAGs
[2026-03-27T10:19:42.097+0000] {logging_mixin.py:188} INFO - [2026-03-27T10:19:42.097+0000] {dag.py:3834} INFO - Setting next_dagrun for example_sensor_decorator to None, run_after=None
[2026-03-27T10:19:42.111+0000] {processor.py:183} INFO - Processing /home/airflow/.local/lib/python3.8/site-packages/airflow/example_dags/example_sensor_decorator.py took 0.048 seconds
[2026-03-27T10:20:12.641+0000] {processor.py:161} INFO - Started process (PID=646) to work on /home/airflow/.local/lib/python3.8/site-packages/airflow/example_dags/example_sensor_decorator.py
[2026-03-27T10:20:12.642+0000] {processor.py:830} INFO - Processing file /home/airflow/.local/lib/python3.8/site-packages/airflow/example_dags/example_sensor_decorator.py for tasks to queue
[2026-03-27T10:20:12.644+0000] {logging_mixin.py:188} INFO - [2026-03-27T10:20:12.643+0000] {dagbag.py:540} INFO - Filling up the DagBag from /home/airflow/.local/lib/python3.8/site-packages/airflow/example_dags/example_sensor_decorator.py
[2026-03-27T10:20:12.649+0000] {processor.py:840} INFO - DAG(s) 'example_sensor_decorator' retrieved from /home/airflow/.local/lib/python3.8/site-packages/airflow/example_dags/example_sensor_decorator.py
[2026-03-27T10:20:12.663+0000] {logging_mixin.py:188} INFO - [2026-03-27T10:20:12.663+0000] {dag.py:3047} INFO - Sync 1 DAGs
[2026-03-27T10:20:12.671+0000] {logging_mixin.py:188} INFO - [2026-03-27T10:20:12.671+0000] {dag.py:3834} INFO - Setting next_dagrun for example_sensor_decorator to None, run_after=None
[2026-03-27T10:20:12.684+0000] {processor.py:183} INFO - Processing /home/airflow/.local/lib/python3.8/site-packages/airflow/example_dags/example_sensor_decorator.py took 0.046 seconds
