[2026-03-27T10:15:04.843+0000] {processor.py:161} INFO - Started process (PID=64) to work on /home/airflow/.local/lib/python3.8/site-packages/airflow/example_dags/example_short_circuit_decorator.py
[2026-03-27T10:15:04.844+0000] {processor.py:830} INFO - Processing file /home/airflow/.local/lib/python3.8/site-packages/airflow/example_dags/example_short_circuit_decorator.py for tasks to queue
[2026-03-27T10:15:04.846+0000] {logging_mixin.py:188} INFO - [2026-03-27T10:15:04.846+0000] {dagbag.py:540} INFO - Filling up the DagBag from /home/airflow/.local/lib/python3.8/site-packages/airflow/example_dags/example_short_circuit_decorator.py
[2026-03-27T10:15:04.857+0000] {processor.py:840} INFO - DAG(s) 'example_short_circuit_decorator' retrieved from /home/airflow/.local/lib/python3.8/site-packages/airflow/example_dags/example_short_circuit_decorator.py
[2026-03-27T10:15:04.869+0000] {logging_mixin.py:188} INFO - [2026-03-27T10:15:04.869+0000] {dag.py:3047} INFO - Sync 1 DAGs
[2026-03-27T10:15:04.890+0000] {logging_mixin.py:188} INFO - [2026-03-27T10:15:04.889+0000] {dag.py:3834} INFO - Setting next_dagrun for example_short_circuit_decorator to 2026-03-26 00:00:00+00:00, run_after=2026-03-27 00:00:00+00:00
[2026-03-27T10:15:04.906+0000] {processor.py:183} INFO - Processing /home/airflow/.local/lib/python3.8/site-packages/airflow/example_dags/example_short_circuit_decorator.py took 0.067 seconds
[2026-03-27T10:15:35.706+0000] {processor.py:161} INFO - Started process (PID=119) to work on /home/airflow/.local/lib/python3.8/site-packages/airflow/example_dags/example_short_circuit_decorator.py
[2026-03-27T10:15:35.707+0000] {processor.py:830} INFO - Processing file /home/airflow/.local/lib/python3.8/site-packages/airflow/example_dags/example_short_circuit_decorator.py for tasks to queue
[2026-03-27T10:15:35.709+0000] {logging_mixin.py:188} INFO - [2026-03-27T10:15:35.709+0000] {dagbag.py:540} INFO - Filling up the DagBag from /home/airflow/.local/lib/python3.8/site-packages/airflow/example_dags/example_short_circuit_decorator.py
[2026-03-27T10:15:35.718+0000] {processor.py:840} INFO - DAG(s) 'example_short_circuit_decorator' retrieved from /home/airflow/.local/lib/python3.8/site-packages/airflow/example_dags/example_short_circuit_decorator.py
[2026-03-27T10:15:35.798+0000] {logging_mixin.py:188} INFO - [2026-03-27T10:15:35.798+0000] {dag.py:3047} INFO - Sync 1 DAGs
[2026-03-27T10:15:35.812+0000] {logging_mixin.py:188} INFO - [2026-03-27T10:15:35.812+0000] {dag.py:3834} INFO - Setting next_dagrun for example_short_circuit_decorator to 2026-03-26 00:00:00+00:00, run_after=2026-03-27 00:00:00+00:00
[2026-03-27T10:15:35.829+0000] {processor.py:183} INFO - Processing /home/airflow/.local/lib/python3.8/site-packages/airflow/example_dags/example_short_circuit_decorator.py took 0.126 seconds
[2026-03-27T10:16:06.076+0000] {processor.py:161} INFO - Started process (PID=175) to work on /home/airflow/.local/lib/python3.8/site-packages/airflow/example_dags/example_short_circuit_decorator.py
[2026-03-27T10:16:06.077+0000] {processor.py:830} INFO - Processing file /home/airflow/.local/lib/python3.8/site-packages/airflow/example_dags/example_short_circuit_decorator.py for tasks to queue
[2026-03-27T10:16:06.078+0000] {logging_mixin.py:188} INFO - [2026-03-27T10:16:06.078+0000] {dagbag.py:540} INFO - Filling up the DagBag from /home/airflow/.local/lib/python3.8/site-packages/airflow/example_dags/example_short_circuit_decorator.py
[2026-03-27T10:16:06.085+0000] {processor.py:840} INFO - DAG(s) 'example_short_circuit_decorator' retrieved from /home/airflow/.local/lib/python3.8/site-packages/airflow/example_dags/example_short_circuit_decorator.py
[2026-03-27T10:16:06.100+0000] {logging_mixin.py:188} INFO - [2026-03-27T10:16:06.100+0000] {dag.py:3047} INFO - Sync 1 DAGs
[2026-03-27T10:16:06.114+0000] {logging_mixin.py:188} INFO - [2026-03-27T10:16:06.114+0000] {dag.py:3834} INFO - Setting next_dagrun for example_short_circuit_decorator to 2026-03-26 00:00:00+00:00, run_after=2026-03-27 00:00:00+00:00
[2026-03-27T10:16:06.127+0000] {processor.py:183} INFO - Processing /home/airflow/.local/lib/python3.8/site-packages/airflow/example_dags/example_short_circuit_decorator.py took 0.054 seconds
[2026-03-27T10:16:36.545+0000] {processor.py:161} INFO - Started process (PID=231) to work on /home/airflow/.local/lib/python3.8/site-packages/airflow/example_dags/example_short_circuit_decorator.py
[2026-03-27T10:16:36.547+0000] {processor.py:830} INFO - Processing file /home/airflow/.local/lib/python3.8/site-packages/airflow/example_dags/example_short_circuit_decorator.py for tasks to queue
[2026-03-27T10:16:36.554+0000] {logging_mixin.py:188} INFO - [2026-03-27T10:16:36.554+0000] {dagbag.py:540} INFO - Filling up the DagBag from /home/airflow/.local/lib/python3.8/site-packages/airflow/example_dags/example_short_circuit_decorator.py
[2026-03-27T10:16:36.561+0000] {processor.py:840} INFO - DAG(s) 'example_short_circuit_decorator' retrieved from /home/airflow/.local/lib/python3.8/site-packages/airflow/example_dags/example_short_circuit_decorator.py
[2026-03-27T10:16:36.577+0000] {logging_mixin.py:188} INFO - [2026-03-27T10:16:36.577+0000] {dag.py:3047} INFO - Sync 1 DAGs
[2026-03-27T10:16:36.593+0000] {logging_mixin.py:188} INFO - [2026-03-27T10:16:36.593+0000] {dag.py:3834} INFO - Setting next_dagrun for example_short_circuit_decorator to 2026-03-26 00:00:00+00:00, run_after=2026-03-27 00:00:00+00:00
[2026-03-27T10:16:36.607+0000] {processor.py:183} INFO - Processing /home/airflow/.local/lib/python3.8/site-packages/airflow/example_dags/example_short_circuit_decorator.py took 0.064 seconds
[2026-03-27T10:17:07.223+0000] {processor.py:161} INFO - Started process (PID=287) to work on /home/airflow/.local/lib/python3.8/site-packages/airflow/example_dags/example_short_circuit_decorator.py
[2026-03-27T10:17:07.224+0000] {processor.py:830} INFO - Processing file /home/airflow/.local/lib/python3.8/site-packages/airflow/example_dags/example_short_circuit_decorator.py for tasks to queue
[2026-03-27T10:17:07.225+0000] {logging_mixin.py:188} INFO - [2026-03-27T10:17:07.225+0000] {dagbag.py:540} INFO - Filling up the DagBag from /home/airflow/.local/lib/python3.8/site-packages/airflow/example_dags/example_short_circuit_decorator.py
[2026-03-27T10:17:07.236+0000] {processor.py:840} INFO - DAG(s) 'example_short_circuit_decorator' retrieved from /home/airflow/.local/lib/python3.8/site-packages/airflow/example_dags/example_short_circuit_decorator.py
[2026-03-27T10:17:07.257+0000] {logging_mixin.py:188} INFO - [2026-03-27T10:17:07.257+0000] {dag.py:3047} INFO - Sync 1 DAGs
[2026-03-27T10:17:07.275+0000] {logging_mixin.py:188} INFO - [2026-03-27T10:17:07.274+0000] {dag.py:3834} INFO - Setting next_dagrun for example_short_circuit_decorator to 2026-03-26 00:00:00+00:00, run_after=2026-03-27 00:00:00+00:00
[2026-03-27T10:17:07.292+0000] {processor.py:183} INFO - Processing /home/airflow/.local/lib/python3.8/site-packages/airflow/example_dags/example_short_circuit_decorator.py took 0.072 seconds
[2026-03-27T10:17:37.867+0000] {processor.py:161} INFO - Started process (PID=343) to work on /home/airflow/.local/lib/python3.8/site-packages/airflow/example_dags/example_short_circuit_decorator.py
[2026-03-27T10:17:37.868+0000] {processor.py:830} INFO - Processing file /home/airflow/.local/lib/python3.8/site-packages/airflow/example_dags/example_short_circuit_decorator.py for tasks to queue
[2026-03-27T10:17:37.870+0000] {logging_mixin.py:188} INFO - [2026-03-27T10:17:37.870+0000] {dagbag.py:540} INFO - Filling up the DagBag from /home/airflow/.local/lib/python3.8/site-packages/airflow/example_dags/example_short_circuit_decorator.py
[2026-03-27T10:17:37.878+0000] {processor.py:840} INFO - DAG(s) 'example_short_circuit_decorator' retrieved from /home/airflow/.local/lib/python3.8/site-packages/airflow/example_dags/example_short_circuit_decorator.py
[2026-03-27T10:17:37.894+0000] {logging_mixin.py:188} INFO - [2026-03-27T10:17:37.894+0000] {dag.py:3047} INFO - Sync 1 DAGs
[2026-03-27T10:17:37.908+0000] {logging_mixin.py:188} INFO - [2026-03-27T10:17:37.908+0000] {dag.py:3834} INFO - Setting next_dagrun for example_short_circuit_decorator to 2026-03-26 00:00:00+00:00, run_after=2026-03-27 00:00:00+00:00
[2026-03-27T10:17:37.920+0000] {processor.py:183} INFO - Processing /home/airflow/.local/lib/python3.8/site-packages/airflow/example_dags/example_short_circuit_decorator.py took 0.055 seconds
[2026-03-27T10:18:08.518+0000] {processor.py:161} INFO - Started process (PID=405) to work on /home/airflow/.local/lib/python3.8/site-packages/airflow/example_dags/example_short_circuit_decorator.py
[2026-03-27T10:18:08.519+0000] {processor.py:830} INFO - Processing file /home/airflow/.local/lib/python3.8/site-packages/airflow/example_dags/example_short_circuit_decorator.py for tasks to queue
[2026-03-27T10:18:08.521+0000] {logging_mixin.py:188} INFO - [2026-03-27T10:18:08.521+0000] {dagbag.py:540} INFO - Filling up the DagBag from /home/airflow/.local/lib/python3.8/site-packages/airflow/example_dags/example_short_circuit_decorator.py
[2026-03-27T10:18:08.529+0000] {processor.py:840} INFO - DAG(s) 'example_short_circuit_decorator' retrieved from /home/airflow/.local/lib/python3.8/site-packages/airflow/example_dags/example_short_circuit_decorator.py
[2026-03-27T10:18:08.546+0000] {logging_mixin.py:188} INFO - [2026-03-27T10:18:08.545+0000] {dag.py:3047} INFO - Sync 1 DAGs
[2026-03-27T10:18:08.563+0000] {logging_mixin.py:188} INFO - [2026-03-27T10:18:08.563+0000] {dag.py:3834} INFO - Setting next_dagrun for example_short_circuit_decorator to 2026-03-26 00:00:00+00:00, run_after=2026-03-27 00:00:00+00:00
[2026-03-27T10:18:08.577+0000] {processor.py:183} INFO - Processing /home/airflow/.local/lib/python3.8/site-packages/airflow/example_dags/example_short_circuit_decorator.py took 0.062 seconds
[2026-03-27T10:18:38.678+0000] {processor.py:161} INFO - Started process (PID=461) to work on /home/airflow/.local/lib/python3.8/site-packages/airflow/example_dags/example_short_circuit_decorator.py
[2026-03-27T10:18:38.679+0000] {processor.py:830} INFO - Processing file /home/airflow/.local/lib/python3.8/site-packages/airflow/example_dags/example_short_circuit_decorator.py for tasks to queue
[2026-03-27T10:18:38.681+0000] {logging_mixin.py:188} INFO - [2026-03-27T10:18:38.681+0000] {dagbag.py:540} INFO - Filling up the DagBag from /home/airflow/.local/lib/python3.8/site-packages/airflow/example_dags/example_short_circuit_decorator.py
[2026-03-27T10:18:38.688+0000] {processor.py:840} INFO - DAG(s) 'example_short_circuit_decorator' retrieved from /home/airflow/.local/lib/python3.8/site-packages/airflow/example_dags/example_short_circuit_decorator.py
[2026-03-27T10:18:38.705+0000] {logging_mixin.py:188} INFO - [2026-03-27T10:18:38.704+0000] {dag.py:3047} INFO - Sync 1 DAGs
[2026-03-27T10:18:38.719+0000] {logging_mixin.py:188} INFO - [2026-03-27T10:18:38.719+0000] {dag.py:3834} INFO - Setting next_dagrun for example_short_circuit_decorator to 2026-03-26 00:00:00+00:00, run_after=2026-03-27 00:00:00+00:00
[2026-03-27T10:18:38.733+0000] {processor.py:183} INFO - Processing /home/airflow/.local/lib/python3.8/site-packages/airflow/example_dags/example_short_circuit_decorator.py took 0.057 seconds
[2026-03-27T10:19:08.935+0000] {processor.py:161} INFO - Started process (PID=517) to work on /home/airflow/.local/lib/python3.8/site-packages/airflow/example_dags/example_short_circuit_decorator.py
[2026-03-27T10:19:08.936+0000] {processor.py:830} INFO - Processing file /home/airflow/.local/lib/python3.8/site-packages/airflow/example_dags/example_short_circuit_decorator.py for tasks to queue
[2026-03-27T10:19:08.939+0000] {logging_mixin.py:188} INFO - [2026-03-27T10:19:08.938+0000] {dagbag.py:540} INFO - Filling up the DagBag from /home/airflow/.local/lib/python3.8/site-packages/airflow/example_dags/example_short_circuit_decorator.py
[2026-03-27T10:19:08.948+0000] {processor.py:840} INFO - DAG(s) 'example_short_circuit_decorator' retrieved from /home/airflow/.local/lib/python3.8/site-packages/airflow/example_dags/example_short_circuit_decorator.py
[2026-03-27T10:19:08.969+0000] {logging_mixin.py:188} INFO - [2026-03-27T10:19:08.969+0000] {dag.py:3047} INFO - Sync 1 DAGs
[2026-03-27T10:19:08.987+0000] {logging_mixin.py:188} INFO - [2026-03-27T10:19:08.986+0000] {dag.py:3834} INFO - Setting next_dagrun for example_short_circuit_decorator to 2026-03-26 00:00:00+00:00, run_after=2026-03-27 00:00:00+00:00
[2026-03-27T10:19:09.005+0000] {processor.py:183} INFO - Processing /home/airflow/.local/lib/python3.8/site-packages/airflow/example_dags/example_short_circuit_decorator.py took 0.074 seconds
[2026-03-27T10:19:39.073+0000] {processor.py:161} INFO - Started process (PID=573) to work on /home/airflow/.local/lib/python3.8/site-packages/airflow/example_dags/example_short_circuit_decorator.py
[2026-03-27T10:19:39.073+0000] {processor.py:830} INFO - Processing file /home/airflow/.local/lib/python3.8/site-packages/airflow/example_dags/example_short_circuit_decorator.py for tasks to queue
[2026-03-27T10:19:39.075+0000] {logging_mixin.py:188} INFO - [2026-03-27T10:19:39.075+0000] {dagbag.py:540} INFO - Filling up the DagBag from /home/airflow/.local/lib/python3.8/site-packages/airflow/example_dags/example_short_circuit_decorator.py
[2026-03-27T10:19:39.081+0000] {processor.py:840} INFO - DAG(s) 'example_short_circuit_decorator' retrieved from /home/airflow/.local/lib/python3.8/site-packages/airflow/example_dags/example_short_circuit_decorator.py
[2026-03-27T10:19:39.096+0000] {logging_mixin.py:188} INFO - [2026-03-27T10:19:39.096+0000] {dag.py:3047} INFO - Sync 1 DAGs
[2026-03-27T10:19:39.110+0000] {logging_mixin.py:188} INFO - [2026-03-27T10:19:39.110+0000] {dag.py:3834} INFO - Setting next_dagrun for example_short_circuit_decorator to 2026-03-26 00:00:00+00:00, run_after=2026-03-27 00:00:00+00:00
[2026-03-27T10:19:39.122+0000] {processor.py:183} INFO - Processing /home/airflow/.local/lib/python3.8/site-packages/airflow/example_dags/example_short_circuit_decorator.py took 0.052 seconds
[2026-03-27T10:20:09.729+0000] {processor.py:161} INFO - Started process (PID=629) to work on /home/airflow/.local/lib/python3.8/site-packages/airflow/example_dags/example_short_circuit_decorator.py
[2026-03-27T10:20:09.730+0000] {processor.py:830} INFO - Processing file /home/airflow/.local/lib/python3.8/site-packages/airflow/example_dags/example_short_circuit_decorator.py for tasks to queue
[2026-03-27T10:20:09.733+0000] {logging_mixin.py:188} INFO - [2026-03-27T10:20:09.732+0000] {dagbag.py:540} INFO - Filling up the DagBag from /home/airflow/.local/lib/python3.8/site-packages/airflow/example_dags/example_short_circuit_decorator.py
[2026-03-27T10:20:09.741+0000] {processor.py:840} INFO - DAG(s) 'example_short_circuit_decorator' retrieved from /home/airflow/.local/lib/python3.8/site-packages/airflow/example_dags/example_short_circuit_decorator.py
[2026-03-27T10:20:09.759+0000] {logging_mixin.py:188} INFO - [2026-03-27T10:20:09.759+0000] {dag.py:3047} INFO - Sync 1 DAGs
[2026-03-27T10:20:09.776+0000] {logging_mixin.py:188} INFO - [2026-03-27T10:20:09.776+0000] {dag.py:3834} INFO - Setting next_dagrun for example_short_circuit_decorator to 2026-03-26 00:00:00+00:00, run_after=2026-03-27 00:00:00+00:00
[2026-03-27T10:20:09.791+0000] {processor.py:183} INFO - Processing /home/airflow/.local/lib/python3.8/site-packages/airflow/example_dags/example_short_circuit_decorator.py took 0.065 seconds
