[2026-03-27T10:15:06.722+0000] {processor.py:161} INFO - Started process (PID=93) to work on /home/airflow/.local/lib/python3.8/site-packages/airflow/example_dags/example_latest_only.py
[2026-03-27T10:15:06.724+0000] {processor.py:830} INFO - Processing file /home/airflow/.local/lib/python3.8/site-packages/airflow/example_dags/example_latest_only.py for tasks to queue
[2026-03-27T10:15:06.726+0000] {logging_mixin.py:188} INFO - [2026-03-27T10:15:06.726+0000] {dagbag.py:540} INFO - Filling up the DagBag from /home/airflow/.local/lib/python3.8/site-packages/airflow/example_dags/example_latest_only.py
[2026-03-27T10:15:06.733+0000] {processor.py:840} INFO - DAG(s) 'latest_only' retrieved from /home/airflow/.local/lib/python3.8/site-packages/airflow/example_dags/example_latest_only.py
[2026-03-27T10:15:06.747+0000] {logging_mixin.py:188} INFO - [2026-03-27T10:15:06.747+0000] {dag.py:3047} INFO - Sync 1 DAGs
[2026-03-27T10:15:06.775+0000] {logging_mixin.py:188} INFO - [2026-03-27T10:15:06.775+0000] {dag.py:3834} INFO - Setting next_dagrun for latest_only to 2026-03-27 04:00:00+00:00, run_after=2026-03-27 08:00:00+00:00
[2026-03-27T10:15:06.797+0000] {processor.py:183} INFO - Processing /home/airflow/.local/lib/python3.8/site-packages/airflow/example_dags/example_latest_only.py took 0.079 seconds
[2026-03-27T10:15:38.842+0000] {processor.py:161} INFO - Started process (PID=155) to work on /home/airflow/.local/lib/python3.8/site-packages/airflow/example_dags/example_latest_only.py
[2026-03-27T10:15:38.844+0000] {processor.py:830} INFO - Processing file /home/airflow/.local/lib/python3.8/site-packages/airflow/example_dags/example_latest_only.py for tasks to queue
[2026-03-27T10:15:38.846+0000] {logging_mixin.py:188} INFO - [2026-03-27T10:15:38.845+0000] {dagbag.py:540} INFO - Filling up the DagBag from /home/airflow/.local/lib/python3.8/site-packages/airflow/example_dags/example_latest_only.py
[2026-03-27T10:15:38.853+0000] {processor.py:840} INFO - DAG(s) 'latest_only' retrieved from /home/airflow/.local/lib/python3.8/site-packages/airflow/example_dags/example_latest_only.py
[2026-03-27T10:15:38.961+0000] {logging_mixin.py:188} INFO - [2026-03-27T10:15:38.961+0000] {dag.py:3047} INFO - Sync 1 DAGs
[2026-03-27T10:15:38.978+0000] {logging_mixin.py:188} INFO - [2026-03-27T10:15:38.978+0000] {dag.py:3834} INFO - Setting next_dagrun for latest_only to 2026-03-27 04:00:00+00:00, run_after=2026-03-27 08:00:00+00:00
[2026-03-27T10:15:38.999+0000] {processor.py:183} INFO - Processing /home/airflow/.local/lib/python3.8/site-packages/airflow/example_dags/example_latest_only.py took 0.161 seconds
[2026-03-27T10:16:09.597+0000] {processor.py:161} INFO - Started process (PID=211) to work on /home/airflow/.local/lib/python3.8/site-packages/airflow/example_dags/example_latest_only.py
[2026-03-27T10:16:09.598+0000] {processor.py:830} INFO - Processing file /home/airflow/.local/lib/python3.8/site-packages/airflow/example_dags/example_latest_only.py for tasks to queue
[2026-03-27T10:16:09.600+0000] {logging_mixin.py:188} INFO - [2026-03-27T10:16:09.600+0000] {dagbag.py:540} INFO - Filling up the DagBag from /home/airflow/.local/lib/python3.8/site-packages/airflow/example_dags/example_latest_only.py
[2026-03-27T10:16:09.604+0000] {processor.py:840} INFO - DAG(s) 'latest_only' retrieved from /home/airflow/.local/lib/python3.8/site-packages/airflow/example_dags/example_latest_only.py
[2026-03-27T10:16:09.622+0000] {logging_mixin.py:188} INFO - [2026-03-27T10:16:09.622+0000] {dag.py:3047} INFO - Sync 1 DAGs
[2026-03-27T10:16:09.638+0000] {logging_mixin.py:188} INFO - [2026-03-27T10:16:09.637+0000] {dag.py:3834} INFO - Setting next_dagrun for latest_only to 2026-03-27 04:00:00+00:00, run_after=2026-03-27 08:00:00+00:00
[2026-03-27T10:16:09.652+0000] {processor.py:183} INFO - Processing /home/airflow/.local/lib/python3.8/site-packages/airflow/example_dags/example_latest_only.py took 0.058 seconds
[2026-03-27T10:16:40.132+0000] {processor.py:161} INFO - Started process (PID=267) to work on /home/airflow/.local/lib/python3.8/site-packages/airflow/example_dags/example_latest_only.py
[2026-03-27T10:16:40.133+0000] {processor.py:830} INFO - Processing file /home/airflow/.local/lib/python3.8/site-packages/airflow/example_dags/example_latest_only.py for tasks to queue
[2026-03-27T10:16:40.135+0000] {logging_mixin.py:188} INFO - [2026-03-27T10:16:40.135+0000] {dagbag.py:540} INFO - Filling up the DagBag from /home/airflow/.local/lib/python3.8/site-packages/airflow/example_dags/example_latest_only.py
[2026-03-27T10:16:40.141+0000] {processor.py:840} INFO - DAG(s) 'latest_only' retrieved from /home/airflow/.local/lib/python3.8/site-packages/airflow/example_dags/example_latest_only.py
[2026-03-27T10:16:40.157+0000] {logging_mixin.py:188} INFO - [2026-03-27T10:16:40.157+0000] {dag.py:3047} INFO - Sync 1 DAGs
[2026-03-27T10:16:40.174+0000] {logging_mixin.py:188} INFO - [2026-03-27T10:16:40.173+0000] {dag.py:3834} INFO - Setting next_dagrun for latest_only to 2026-03-27 04:00:00+00:00, run_after=2026-03-27 08:00:00+00:00
[2026-03-27T10:16:40.190+0000] {processor.py:183} INFO - Processing /home/airflow/.local/lib/python3.8/site-packages/airflow/example_dags/example_latest_only.py took 0.062 seconds
[2026-03-27T10:17:10.811+0000] {processor.py:161} INFO - Started process (PID=323) to work on /home/airflow/.local/lib/python3.8/site-packages/airflow/example_dags/example_latest_only.py
[2026-03-27T10:17:10.812+0000] {processor.py:830} INFO - Processing file /home/airflow/.local/lib/python3.8/site-packages/airflow/example_dags/example_latest_only.py for tasks to queue
[2026-03-27T10:17:10.813+0000] {logging_mixin.py:188} INFO - [2026-03-27T10:17:10.813+0000] {dagbag.py:540} INFO - Filling up the DagBag from /home/airflow/.local/lib/python3.8/site-packages/airflow/example_dags/example_latest_only.py
[2026-03-27T10:17:10.818+0000] {processor.py:840} INFO - DAG(s) 'latest_only' retrieved from /home/airflow/.local/lib/python3.8/site-packages/airflow/example_dags/example_latest_only.py
[2026-03-27T10:17:10.835+0000] {logging_mixin.py:188} INFO - [2026-03-27T10:17:10.834+0000] {dag.py:3047} INFO - Sync 1 DAGs
[2026-03-27T10:17:10.852+0000] {logging_mixin.py:188} INFO - [2026-03-27T10:17:10.851+0000] {dag.py:3834} INFO - Setting next_dagrun for latest_only to 2026-03-27 04:00:00+00:00, run_after=2026-03-27 08:00:00+00:00
[2026-03-27T10:17:10.867+0000] {processor.py:183} INFO - Processing /home/airflow/.local/lib/python3.8/site-packages/airflow/example_dags/example_latest_only.py took 0.059 seconds
[2026-03-27T10:17:41.309+0000] {processor.py:161} INFO - Started process (PID=379) to work on /home/airflow/.local/lib/python3.8/site-packages/airflow/example_dags/example_latest_only.py
[2026-03-27T10:17:41.310+0000] {processor.py:830} INFO - Processing file /home/airflow/.local/lib/python3.8/site-packages/airflow/example_dags/example_latest_only.py for tasks to queue
[2026-03-27T10:17:41.312+0000] {logging_mixin.py:188} INFO - [2026-03-27T10:17:41.312+0000] {dagbag.py:540} INFO - Filling up the DagBag from /home/airflow/.local/lib/python3.8/site-packages/airflow/example_dags/example_latest_only.py
[2026-03-27T10:17:41.316+0000] {processor.py:840} INFO - DAG(s) 'latest_only' retrieved from /home/airflow/.local/lib/python3.8/site-packages/airflow/example_dags/example_latest_only.py
[2026-03-27T10:17:41.338+0000] {logging_mixin.py:188} INFO - [2026-03-27T10:17:41.337+0000] {dag.py:3047} INFO - Sync 1 DAGs
[2026-03-27T10:17:41.359+0000] {logging_mixin.py:188} INFO - [2026-03-27T10:17:41.359+0000] {dag.py:3834} INFO - Setting next_dagrun for latest_only to 2026-03-27 04:00:00+00:00, run_after=2026-03-27 08:00:00+00:00
[2026-03-27T10:17:41.375+0000] {processor.py:183} INFO - Processing /home/airflow/.local/lib/python3.8/site-packages/airflow/example_dags/example_latest_only.py took 0.070 seconds
[2026-03-27T10:18:12.137+0000] {processor.py:161} INFO - Started process (PID=435) to work on /home/airflow/.local/lib/python3.8/site-packages/airflow/example_dags/example_latest_only.py
[2026-03-27T10:18:12.138+0000] {processor.py:830} INFO - Processing file /home/airflow/.local/lib/python3.8/site-packages/airflow/example_dags/example_latest_only.py for tasks to queue
[2026-03-27T10:18:12.140+0000] {logging_mixin.py:188} INFO - [2026-03-27T10:18:12.140+0000] {dagbag.py:540} INFO - Filling up the DagBag from /home/airflow/.local/lib/python3.8/site-packages/airflow/example_dags/example_latest_only.py
[2026-03-27T10:18:12.145+0000] {processor.py:840} INFO - DAG(s) 'latest_only' retrieved from /home/airflow/.local/lib/python3.8/site-packages/airflow/example_dags/example_latest_only.py
[2026-03-27T10:18:12.163+0000] {logging_mixin.py:188} INFO - [2026-03-27T10:18:12.162+0000] {dag.py:3047} INFO - Sync 1 DAGs
[2026-03-27T10:18:12.180+0000] {logging_mixin.py:188} INFO - [2026-03-27T10:18:12.180+0000] {dag.py:3834} INFO - Setting next_dagrun for latest_only to 2026-03-27 04:00:00+00:00, run_after=2026-03-27 08:00:00+00:00
[2026-03-27T10:18:12.198+0000] {processor.py:183} INFO - Processing /home/airflow/.local/lib/python3.8/site-packages/airflow/example_dags/example_latest_only.py took 0.064 seconds
[2026-03-27T10:18:42.405+0000] {processor.py:161} INFO - Started process (PID=491) to work on /home/airflow/.local/lib/python3.8/site-packages/airflow/example_dags/example_latest_only.py
[2026-03-27T10:18:42.406+0000] {processor.py:830} INFO - Processing file /home/airflow/.local/lib/python3.8/site-packages/airflow/example_dags/example_latest_only.py for tasks to queue
[2026-03-27T10:18:42.408+0000] {logging_mixin.py:188} INFO - [2026-03-27T10:18:42.408+0000] {dagbag.py:540} INFO - Filling up the DagBag from /home/airflow/.local/lib/python3.8/site-packages/airflow/example_dags/example_latest_only.py
[2026-03-27T10:18:42.413+0000] {processor.py:840} INFO - DAG(s) 'latest_only' retrieved from /home/airflow/.local/lib/python3.8/site-packages/airflow/example_dags/example_latest_only.py
[2026-03-27T10:18:42.437+0000] {logging_mixin.py:188} INFO - [2026-03-27T10:18:42.436+0000] {dag.py:3047} INFO - Sync 1 DAGs
[2026-03-27T10:18:42.462+0000] {logging_mixin.py:188} INFO - [2026-03-27T10:18:42.461+0000] {dag.py:3834} INFO - Setting next_dagrun for latest_only to 2026-03-27 04:00:00+00:00, run_after=2026-03-27 08:00:00+00:00
[2026-03-27T10:18:42.484+0000] {processor.py:183} INFO - Processing /home/airflow/.local/lib/python3.8/site-packages/airflow/example_dags/example_latest_only.py took 0.082 seconds
[2026-03-27T10:19:12.785+0000] {processor.py:161} INFO - Started process (PID=547) to work on /home/airflow/.local/lib/python3.8/site-packages/airflow/example_dags/example_latest_only.py
[2026-03-27T10:19:12.786+0000] {processor.py:830} INFO - Processing file /home/airflow/.local/lib/python3.8/site-packages/airflow/example_dags/example_latest_only.py for tasks to queue
[2026-03-27T10:19:12.788+0000] {logging_mixin.py:188} INFO - [2026-03-27T10:19:12.788+0000] {dagbag.py:540} INFO - Filling up the DagBag from /home/airflow/.local/lib/python3.8/site-packages/airflow/example_dags/example_latest_only.py
[2026-03-27T10:19:12.792+0000] {processor.py:840} INFO - DAG(s) 'latest_only' retrieved from /home/airflow/.local/lib/python3.8/site-packages/airflow/example_dags/example_latest_only.py
[2026-03-27T10:19:12.810+0000] {logging_mixin.py:188} INFO - [2026-03-27T10:19:12.810+0000] {dag.py:3047} INFO - Sync 1 DAGs
[2026-03-27T10:19:12.825+0000] {logging_mixin.py:188} INFO - [2026-03-27T10:19:12.825+0000] {dag.py:3834} INFO - Setting next_dagrun for latest_only to 2026-03-27 04:00:00+00:00, run_after=2026-03-27 08:00:00+00:00
[2026-03-27T10:19:12.839+0000] {processor.py:183} INFO - Processing /home/airflow/.local/lib/python3.8/site-packages/airflow/example_dags/example_latest_only.py took 0.056 seconds
[2026-03-27T10:19:43.632+0000] {processor.py:161} INFO - Started process (PID=603) to work on /home/airflow/.local/lib/python3.8/site-packages/airflow/example_dags/example_latest_only.py
[2026-03-27T10:19:43.634+0000] {processor.py:830} INFO - Processing file /home/airflow/.local/lib/python3.8/site-packages/airflow/example_dags/example_latest_only.py for tasks to queue
[2026-03-27T10:19:43.636+0000] {logging_mixin.py:188} INFO - [2026-03-27T10:19:43.635+0000] {dagbag.py:540} INFO - Filling up the DagBag from /home/airflow/.local/lib/python3.8/site-packages/airflow/example_dags/example_latest_only.py
[2026-03-27T10:19:43.640+0000] {processor.py:840} INFO - DAG(s) 'latest_only' retrieved from /home/airflow/.local/lib/python3.8/site-packages/airflow/example_dags/example_latest_only.py
[2026-03-27T10:19:43.655+0000] {logging_mixin.py:188} INFO - [2026-03-27T10:19:43.655+0000] {dag.py:3047} INFO - Sync 1 DAGs
[2026-03-27T10:19:43.670+0000] {logging_mixin.py:188} INFO - [2026-03-27T10:19:43.670+0000] {dag.py:3834} INFO - Setting next_dagrun for latest_only to 2026-03-27 04:00:00+00:00, run_after=2026-03-27 08:00:00+00:00
[2026-03-27T10:19:43.684+0000] {processor.py:183} INFO - Processing /home/airflow/.local/lib/python3.8/site-packages/airflow/example_dags/example_latest_only.py took 0.055 seconds
[2026-03-27T10:20:14.102+0000] {processor.py:161} INFO - Started process (PID=659) to work on /home/airflow/.local/lib/python3.8/site-packages/airflow/example_dags/example_latest_only.py
[2026-03-27T10:20:14.103+0000] {processor.py:830} INFO - Processing file /home/airflow/.local/lib/python3.8/site-packages/airflow/example_dags/example_latest_only.py for tasks to queue
[2026-03-27T10:20:14.105+0000] {logging_mixin.py:188} INFO - [2026-03-27T10:20:14.104+0000] {dagbag.py:540} INFO - Filling up the DagBag from /home/airflow/.local/lib/python3.8/site-packages/airflow/example_dags/example_latest_only.py
[2026-03-27T10:20:14.109+0000] {processor.py:840} INFO - DAG(s) 'latest_only' retrieved from /home/airflow/.local/lib/python3.8/site-packages/airflow/example_dags/example_latest_only.py
[2026-03-27T10:20:14.124+0000] {logging_mixin.py:188} INFO - [2026-03-27T10:20:14.124+0000] {dag.py:3047} INFO - Sync 1 DAGs
[2026-03-27T10:20:14.141+0000] {logging_mixin.py:188} INFO - [2026-03-27T10:20:14.141+0000] {dag.py:3834} INFO - Setting next_dagrun for latest_only to 2026-03-27 04:00:00+00:00, run_after=2026-03-27 08:00:00+00:00
[2026-03-27T10:20:14.155+0000] {processor.py:183} INFO - Processing /home/airflow/.local/lib/python3.8/site-packages/airflow/example_dags/example_latest_only.py took 0.055 seconds
