[2026-03-27T10:15:05.790+0000] {processor.py:161} INFO - Started process (PID=77) to work on /home/airflow/.local/lib/python3.8/site-packages/airflow/example_dags/example_kubernetes_executor.py
[2026-03-27T10:15:05.791+0000] {processor.py:830} INFO - Processing file /home/airflow/.local/lib/python3.8/site-packages/airflow/example_dags/example_kubernetes_executor.py for tasks to queue
[2026-03-27T10:15:05.794+0000] {logging_mixin.py:188} INFO - [2026-03-27T10:15:05.794+0000] {dagbag.py:540} INFO - Filling up the DagBag from /home/airflow/.local/lib/python3.8/site-packages/airflow/example_dags/example_kubernetes_executor.py
[2026-03-27T10:15:05.810+0000] {processor.py:840} INFO - DAG(s) 'example_kubernetes_executor' retrieved from /home/airflow/.local/lib/python3.8/site-packages/airflow/example_dags/example_kubernetes_executor.py
[2026-03-27T10:15:05.824+0000] {logging_mixin.py:188} INFO - [2026-03-27T10:15:05.824+0000] {dag.py:3047} INFO - Sync 1 DAGs
[2026-03-27T10:15:05.837+0000] {logging_mixin.py:188} INFO - [2026-03-27T10:15:05.837+0000] {dag.py:3834} INFO - Setting next_dagrun for example_kubernetes_executor to None, run_after=None
[2026-03-27T10:15:05.859+0000] {processor.py:183} INFO - Processing /home/airflow/.local/lib/python3.8/site-packages/airflow/example_dags/example_kubernetes_executor.py took 0.074 seconds
[2026-03-27T10:15:37.212+0000] {processor.py:161} INFO - Started process (PID=133) to work on /home/airflow/.local/lib/python3.8/site-packages/airflow/example_dags/example_kubernetes_executor.py
[2026-03-27T10:15:37.213+0000] {processor.py:830} INFO - Processing file /home/airflow/.local/lib/python3.8/site-packages/airflow/example_dags/example_kubernetes_executor.py for tasks to queue
[2026-03-27T10:15:37.215+0000] {logging_mixin.py:188} INFO - [2026-03-27T10:15:37.214+0000] {dagbag.py:540} INFO - Filling up the DagBag from /home/airflow/.local/lib/python3.8/site-packages/airflow/example_dags/example_kubernetes_executor.py
[2026-03-27T10:15:37.227+0000] {processor.py:840} INFO - DAG(s) 'example_kubernetes_executor' retrieved from /home/airflow/.local/lib/python3.8/site-packages/airflow/example_dags/example_kubernetes_executor.py
[2026-03-27T10:15:37.322+0000] {logging_mixin.py:188} INFO - [2026-03-27T10:15:37.321+0000] {dag.py:3047} INFO - Sync 1 DAGs
[2026-03-27T10:15:37.331+0000] {logging_mixin.py:188} INFO - [2026-03-27T10:15:37.331+0000] {dag.py:3834} INFO - Setting next_dagrun for example_kubernetes_executor to None, run_after=None
[2026-03-27T10:15:37.352+0000] {processor.py:183} INFO - Processing /home/airflow/.local/lib/python3.8/site-packages/airflow/example_dags/example_kubernetes_executor.py took 0.142 seconds
[2026-03-27T10:16:07.817+0000] {processor.py:161} INFO - Started process (PID=189) to work on /home/airflow/.local/lib/python3.8/site-packages/airflow/example_dags/example_kubernetes_executor.py
[2026-03-27T10:16:07.818+0000] {processor.py:830} INFO - Processing file /home/airflow/.local/lib/python3.8/site-packages/airflow/example_dags/example_kubernetes_executor.py for tasks to queue
[2026-03-27T10:16:07.820+0000] {logging_mixin.py:188} INFO - [2026-03-27T10:16:07.820+0000] {dagbag.py:540} INFO - Filling up the DagBag from /home/airflow/.local/lib/python3.8/site-packages/airflow/example_dags/example_kubernetes_executor.py
[2026-03-27T10:16:07.831+0000] {processor.py:840} INFO - DAG(s) 'example_kubernetes_executor' retrieved from /home/airflow/.local/lib/python3.8/site-packages/airflow/example_dags/example_kubernetes_executor.py
[2026-03-27T10:16:07.863+0000] {logging_mixin.py:188} INFO - [2026-03-27T10:16:07.863+0000] {dag.py:3047} INFO - Sync 1 DAGs
[2026-03-27T10:16:07.871+0000] {logging_mixin.py:188} INFO - [2026-03-27T10:16:07.871+0000] {dag.py:3834} INFO - Setting next_dagrun for example_kubernetes_executor to None, run_after=None
[2026-03-27T10:16:07.884+0000] {processor.py:183} INFO - Processing /home/airflow/.local/lib/python3.8/site-packages/airflow/example_dags/example_kubernetes_executor.py took 0.070 seconds
[2026-03-27T10:16:38.440+0000] {processor.py:161} INFO - Started process (PID=251) to work on /home/airflow/.local/lib/python3.8/site-packages/airflow/example_dags/example_kubernetes_executor.py
[2026-03-27T10:16:38.441+0000] {processor.py:830} INFO - Processing file /home/airflow/.local/lib/python3.8/site-packages/airflow/example_dags/example_kubernetes_executor.py for tasks to queue
[2026-03-27T10:16:38.443+0000] {logging_mixin.py:188} INFO - [2026-03-27T10:16:38.442+0000] {dagbag.py:540} INFO - Filling up the DagBag from /home/airflow/.local/lib/python3.8/site-packages/airflow/example_dags/example_kubernetes_executor.py
[2026-03-27T10:16:38.454+0000] {processor.py:840} INFO - DAG(s) 'example_kubernetes_executor' retrieved from /home/airflow/.local/lib/python3.8/site-packages/airflow/example_dags/example_kubernetes_executor.py
[2026-03-27T10:16:38.488+0000] {logging_mixin.py:188} INFO - [2026-03-27T10:16:38.487+0000] {dag.py:3047} INFO - Sync 1 DAGs
[2026-03-27T10:16:38.498+0000] {logging_mixin.py:188} INFO - [2026-03-27T10:16:38.498+0000] {dag.py:3834} INFO - Setting next_dagrun for example_kubernetes_executor to None, run_after=None
[2026-03-27T10:16:38.520+0000] {processor.py:183} INFO - Processing /home/airflow/.local/lib/python3.8/site-packages/airflow/example_dags/example_kubernetes_executor.py took 0.084 seconds
[2026-03-27T10:17:09.178+0000] {processor.py:161} INFO - Started process (PID=307) to work on /home/airflow/.local/lib/python3.8/site-packages/airflow/example_dags/example_kubernetes_executor.py
[2026-03-27T10:17:09.179+0000] {processor.py:830} INFO - Processing file /home/airflow/.local/lib/python3.8/site-packages/airflow/example_dags/example_kubernetes_executor.py for tasks to queue
[2026-03-27T10:17:09.181+0000] {logging_mixin.py:188} INFO - [2026-03-27T10:17:09.181+0000] {dagbag.py:540} INFO - Filling up the DagBag from /home/airflow/.local/lib/python3.8/site-packages/airflow/example_dags/example_kubernetes_executor.py
[2026-03-27T10:17:09.190+0000] {processor.py:840} INFO - DAG(s) 'example_kubernetes_executor' retrieved from /home/airflow/.local/lib/python3.8/site-packages/airflow/example_dags/example_kubernetes_executor.py
[2026-03-27T10:17:09.217+0000] {logging_mixin.py:188} INFO - [2026-03-27T10:17:09.217+0000] {dag.py:3047} INFO - Sync 1 DAGs
[2026-03-27T10:17:09.227+0000] {logging_mixin.py:188} INFO - [2026-03-27T10:17:09.227+0000] {dag.py:3834} INFO - Setting next_dagrun for example_kubernetes_executor to None, run_after=None
[2026-03-27T10:17:09.242+0000] {processor.py:183} INFO - Processing /home/airflow/.local/lib/python3.8/site-packages/airflow/example_dags/example_kubernetes_executor.py took 0.067 seconds
[2026-03-27T10:17:39.534+0000] {processor.py:161} INFO - Started process (PID=363) to work on /home/airflow/.local/lib/python3.8/site-packages/airflow/example_dags/example_kubernetes_executor.py
[2026-03-27T10:17:39.535+0000] {processor.py:830} INFO - Processing file /home/airflow/.local/lib/python3.8/site-packages/airflow/example_dags/example_kubernetes_executor.py for tasks to queue
[2026-03-27T10:17:39.536+0000] {logging_mixin.py:188} INFO - [2026-03-27T10:17:39.536+0000] {dagbag.py:540} INFO - Filling up the DagBag from /home/airflow/.local/lib/python3.8/site-packages/airflow/example_dags/example_kubernetes_executor.py
[2026-03-27T10:17:39.546+0000] {processor.py:840} INFO - DAG(s) 'example_kubernetes_executor' retrieved from /home/airflow/.local/lib/python3.8/site-packages/airflow/example_dags/example_kubernetes_executor.py
[2026-03-27T10:17:39.572+0000] {logging_mixin.py:188} INFO - [2026-03-27T10:17:39.572+0000] {dag.py:3047} INFO - Sync 1 DAGs
[2026-03-27T10:17:39.579+0000] {logging_mixin.py:188} INFO - [2026-03-27T10:17:39.579+0000] {dag.py:3834} INFO - Setting next_dagrun for example_kubernetes_executor to None, run_after=None
[2026-03-27T10:17:39.594+0000] {processor.py:183} INFO - Processing /home/airflow/.local/lib/python3.8/site-packages/airflow/example_dags/example_kubernetes_executor.py took 0.063 seconds
[2026-03-27T10:18:10.276+0000] {processor.py:161} INFO - Started process (PID=419) to work on /home/airflow/.local/lib/python3.8/site-packages/airflow/example_dags/example_kubernetes_executor.py
[2026-03-27T10:18:10.277+0000] {processor.py:830} INFO - Processing file /home/airflow/.local/lib/python3.8/site-packages/airflow/example_dags/example_kubernetes_executor.py for tasks to queue
[2026-03-27T10:18:10.279+0000] {logging_mixin.py:188} INFO - [2026-03-27T10:18:10.279+0000] {dagbag.py:540} INFO - Filling up the DagBag from /home/airflow/.local/lib/python3.8/site-packages/airflow/example_dags/example_kubernetes_executor.py
[2026-03-27T10:18:10.292+0000] {processor.py:840} INFO - DAG(s) 'example_kubernetes_executor' retrieved from /home/airflow/.local/lib/python3.8/site-packages/airflow/example_dags/example_kubernetes_executor.py
[2026-03-27T10:18:10.326+0000] {logging_mixin.py:188} INFO - [2026-03-27T10:18:10.326+0000] {dag.py:3047} INFO - Sync 1 DAGs
[2026-03-27T10:18:10.337+0000] {logging_mixin.py:188} INFO - [2026-03-27T10:18:10.336+0000] {dag.py:3834} INFO - Setting next_dagrun for example_kubernetes_executor to None, run_after=None
[2026-03-27T10:18:10.353+0000] {processor.py:183} INFO - Processing /home/airflow/.local/lib/python3.8/site-packages/airflow/example_dags/example_kubernetes_executor.py took 0.082 seconds
[2026-03-27T10:18:40.441+0000] {processor.py:161} INFO - Started process (PID=475) to work on /home/airflow/.local/lib/python3.8/site-packages/airflow/example_dags/example_kubernetes_executor.py
[2026-03-27T10:18:40.442+0000] {processor.py:830} INFO - Processing file /home/airflow/.local/lib/python3.8/site-packages/airflow/example_dags/example_kubernetes_executor.py for tasks to queue
[2026-03-27T10:18:40.444+0000] {logging_mixin.py:188} INFO - [2026-03-27T10:18:40.443+0000] {dagbag.py:540} INFO - Filling up the DagBag from /home/airflow/.local/lib/python3.8/site-packages/airflow/example_dags/example_kubernetes_executor.py
[2026-03-27T10:18:40.454+0000] {processor.py:840} INFO - DAG(s) 'example_kubernetes_executor' retrieved from /home/airflow/.local/lib/python3.8/site-packages/airflow/example_dags/example_kubernetes_executor.py
[2026-03-27T10:18:40.482+0000] {logging_mixin.py:188} INFO - [2026-03-27T10:18:40.482+0000] {dag.py:3047} INFO - Sync 1 DAGs
[2026-03-27T10:18:40.491+0000] {logging_mixin.py:188} INFO - [2026-03-27T10:18:40.490+0000] {dag.py:3834} INFO - Setting next_dagrun for example_kubernetes_executor to None, run_after=None
[2026-03-27T10:18:40.509+0000] {processor.py:183} INFO - Processing /home/airflow/.local/lib/python3.8/site-packages/airflow/example_dags/example_kubernetes_executor.py took 0.071 seconds
[2026-03-27T10:19:10.949+0000] {processor.py:161} INFO - Started process (PID=531) to work on /home/airflow/.local/lib/python3.8/site-packages/airflow/example_dags/example_kubernetes_executor.py
[2026-03-27T10:19:10.951+0000] {processor.py:830} INFO - Processing file /home/airflow/.local/lib/python3.8/site-packages/airflow/example_dags/example_kubernetes_executor.py for tasks to queue
[2026-03-27T10:19:10.953+0000] {logging_mixin.py:188} INFO - [2026-03-27T10:19:10.953+0000] {dagbag.py:540} INFO - Filling up the DagBag from /home/airflow/.local/lib/python3.8/site-packages/airflow/example_dags/example_kubernetes_executor.py
[2026-03-27T10:19:10.964+0000] {processor.py:840} INFO - DAG(s) 'example_kubernetes_executor' retrieved from /home/airflow/.local/lib/python3.8/site-packages/airflow/example_dags/example_kubernetes_executor.py
[2026-03-27T10:19:10.992+0000] {logging_mixin.py:188} INFO - [2026-03-27T10:19:10.992+0000] {dag.py:3047} INFO - Sync 1 DAGs
[2026-03-27T10:19:11.001+0000] {logging_mixin.py:188} INFO - [2026-03-27T10:19:11.001+0000] {dag.py:3834} INFO - Setting next_dagrun for example_kubernetes_executor to None, run_after=None
[2026-03-27T10:19:11.018+0000] {processor.py:183} INFO - Processing /home/airflow/.local/lib/python3.8/site-packages/airflow/example_dags/example_kubernetes_executor.py took 0.072 seconds
[2026-03-27T10:19:41.896+0000] {processor.py:161} INFO - Started process (PID=587) to work on /home/airflow/.local/lib/python3.8/site-packages/airflow/example_dags/example_kubernetes_executor.py
[2026-03-27T10:19:41.897+0000] {processor.py:830} INFO - Processing file /home/airflow/.local/lib/python3.8/site-packages/airflow/example_dags/example_kubernetes_executor.py for tasks to queue
[2026-03-27T10:19:41.899+0000] {logging_mixin.py:188} INFO - [2026-03-27T10:19:41.899+0000] {dagbag.py:540} INFO - Filling up the DagBag from /home/airflow/.local/lib/python3.8/site-packages/airflow/example_dags/example_kubernetes_executor.py
[2026-03-27T10:19:41.908+0000] {processor.py:840} INFO - DAG(s) 'example_kubernetes_executor' retrieved from /home/airflow/.local/lib/python3.8/site-packages/airflow/example_dags/example_kubernetes_executor.py
[2026-03-27T10:19:41.936+0000] {logging_mixin.py:188} INFO - [2026-03-27T10:19:41.935+0000] {dag.py:3047} INFO - Sync 1 DAGs
[2026-03-27T10:19:41.945+0000] {logging_mixin.py:188} INFO - [2026-03-27T10:19:41.945+0000] {dag.py:3834} INFO - Setting next_dagrun for example_kubernetes_executor to None, run_after=None
[2026-03-27T10:19:41.961+0000] {processor.py:183} INFO - Processing /home/airflow/.local/lib/python3.8/site-packages/airflow/example_dags/example_kubernetes_executor.py took 0.067 seconds
[2026-03-27T10:20:12.477+0000] {processor.py:161} INFO - Started process (PID=643) to work on /home/airflow/.local/lib/python3.8/site-packages/airflow/example_dags/example_kubernetes_executor.py
[2026-03-27T10:20:12.477+0000] {processor.py:830} INFO - Processing file /home/airflow/.local/lib/python3.8/site-packages/airflow/example_dags/example_kubernetes_executor.py for tasks to queue
[2026-03-27T10:20:12.479+0000] {logging_mixin.py:188} INFO - [2026-03-27T10:20:12.479+0000] {dagbag.py:540} INFO - Filling up the DagBag from /home/airflow/.local/lib/python3.8/site-packages/airflow/example_dags/example_kubernetes_executor.py
[2026-03-27T10:20:12.488+0000] {processor.py:840} INFO - DAG(s) 'example_kubernetes_executor' retrieved from /home/airflow/.local/lib/python3.8/site-packages/airflow/example_dags/example_kubernetes_executor.py
[2026-03-27T10:20:12.514+0000] {logging_mixin.py:188} INFO - [2026-03-27T10:20:12.514+0000] {dag.py:3047} INFO - Sync 1 DAGs
[2026-03-27T10:20:12.522+0000] {logging_mixin.py:188} INFO - [2026-03-27T10:20:12.522+0000] {dag.py:3834} INFO - Setting next_dagrun for example_kubernetes_executor to None, run_after=None
[2026-03-27T10:20:12.535+0000] {processor.py:183} INFO - Processing /home/airflow/.local/lib/python3.8/site-packages/airflow/example_dags/example_kubernetes_executor.py took 0.062 seconds
