[2026-03-27T10:15:05.235+0000] {processor.py:161} INFO - Started process (PID=71) to work on /home/airflow/.local/lib/python3.8/site-packages/airflow/example_dags/example_setup_teardown_taskflow.py
[2026-03-27T10:15:05.236+0000] {processor.py:830} INFO - Processing file /home/airflow/.local/lib/python3.8/site-packages/airflow/example_dags/example_setup_teardown_taskflow.py for tasks to queue
[2026-03-27T10:15:05.239+0000] {logging_mixin.py:188} INFO - [2026-03-27T10:15:05.238+0000] {dagbag.py:540} INFO - Filling up the DagBag from /home/airflow/.local/lib/python3.8/site-packages/airflow/example_dags/example_setup_teardown_taskflow.py
[2026-03-27T10:15:05.250+0000] {processor.py:840} INFO - DAG(s) 'example_setup_teardown_taskflow' retrieved from /home/airflow/.local/lib/python3.8/site-packages/airflow/example_dags/example_setup_teardown_taskflow.py
[2026-03-27T10:15:05.264+0000] {logging_mixin.py:188} INFO - [2026-03-27T10:15:05.264+0000] {dag.py:3047} INFO - Sync 1 DAGs
[2026-03-27T10:15:05.286+0000] {logging_mixin.py:188} INFO - [2026-03-27T10:15:05.286+0000] {dag.py:3834} INFO - Setting next_dagrun for example_setup_teardown_taskflow to 2026-03-26 00:00:00+00:00, run_after=2026-03-27 00:00:00+00:00
[2026-03-27T10:15:05.306+0000] {processor.py:183} INFO - Processing /home/airflow/.local/lib/python3.8/site-packages/airflow/example_dags/example_setup_teardown_taskflow.py took 0.075 seconds
[2026-03-27T10:15:36.685+0000] {processor.py:161} INFO - Started process (PID=127) to work on /home/airflow/.local/lib/python3.8/site-packages/airflow/example_dags/example_setup_teardown_taskflow.py
[2026-03-27T10:15:36.686+0000] {processor.py:830} INFO - Processing file /home/airflow/.local/lib/python3.8/site-packages/airflow/example_dags/example_setup_teardown_taskflow.py for tasks to queue
[2026-03-27T10:15:36.688+0000] {logging_mixin.py:188} INFO - [2026-03-27T10:15:36.688+0000] {dagbag.py:540} INFO - Filling up the DagBag from /home/airflow/.local/lib/python3.8/site-packages/airflow/example_dags/example_setup_teardown_taskflow.py
[2026-03-27T10:15:36.694+0000] {processor.py:840} INFO - DAG(s) 'example_setup_teardown_taskflow' retrieved from /home/airflow/.local/lib/python3.8/site-packages/airflow/example_dags/example_setup_teardown_taskflow.py
[2026-03-27T10:15:36.758+0000] {logging_mixin.py:188} INFO - [2026-03-27T10:15:36.758+0000] {dag.py:3047} INFO - Sync 1 DAGs
[2026-03-27T10:15:36.772+0000] {logging_mixin.py:188} INFO - [2026-03-27T10:15:36.771+0000] {dag.py:3834} INFO - Setting next_dagrun for example_setup_teardown_taskflow to 2026-03-26 00:00:00+00:00, run_after=2026-03-27 00:00:00+00:00
[2026-03-27T10:15:36.790+0000] {processor.py:183} INFO - Processing /home/airflow/.local/lib/python3.8/site-packages/airflow/example_dags/example_setup_teardown_taskflow.py took 0.107 seconds
[2026-03-27T10:16:07.473+0000] {processor.py:161} INFO - Started process (PID=183) to work on /home/airflow/.local/lib/python3.8/site-packages/airflow/example_dags/example_setup_teardown_taskflow.py
[2026-03-27T10:16:07.474+0000] {processor.py:830} INFO - Processing file /home/airflow/.local/lib/python3.8/site-packages/airflow/example_dags/example_setup_teardown_taskflow.py for tasks to queue
[2026-03-27T10:16:07.476+0000] {logging_mixin.py:188} INFO - [2026-03-27T10:16:07.476+0000] {dagbag.py:540} INFO - Filling up the DagBag from /home/airflow/.local/lib/python3.8/site-packages/airflow/example_dags/example_setup_teardown_taskflow.py
[2026-03-27T10:16:07.485+0000] {processor.py:840} INFO - DAG(s) 'example_setup_teardown_taskflow' retrieved from /home/airflow/.local/lib/python3.8/site-packages/airflow/example_dags/example_setup_teardown_taskflow.py
[2026-03-27T10:16:07.501+0000] {logging_mixin.py:188} INFO - [2026-03-27T10:16:07.501+0000] {dag.py:3047} INFO - Sync 1 DAGs
[2026-03-27T10:16:07.519+0000] {logging_mixin.py:188} INFO - [2026-03-27T10:16:07.519+0000] {dag.py:3834} INFO - Setting next_dagrun for example_setup_teardown_taskflow to 2026-03-26 00:00:00+00:00, run_after=2026-03-27 00:00:00+00:00
[2026-03-27T10:16:07.536+0000] {processor.py:183} INFO - Processing /home/airflow/.local/lib/python3.8/site-packages/airflow/example_dags/example_setup_teardown_taskflow.py took 0.066 seconds
[2026-03-27T10:16:38.014+0000] {processor.py:161} INFO - Started process (PID=239) to work on /home/airflow/.local/lib/python3.8/site-packages/airflow/example_dags/example_setup_teardown_taskflow.py
[2026-03-27T10:16:38.015+0000] {processor.py:830} INFO - Processing file /home/airflow/.local/lib/python3.8/site-packages/airflow/example_dags/example_setup_teardown_taskflow.py for tasks to queue
[2026-03-27T10:16:38.017+0000] {logging_mixin.py:188} INFO - [2026-03-27T10:16:38.017+0000] {dagbag.py:540} INFO - Filling up the DagBag from /home/airflow/.local/lib/python3.8/site-packages/airflow/example_dags/example_setup_teardown_taskflow.py
[2026-03-27T10:16:38.027+0000] {processor.py:840} INFO - DAG(s) 'example_setup_teardown_taskflow' retrieved from /home/airflow/.local/lib/python3.8/site-packages/airflow/example_dags/example_setup_teardown_taskflow.py
[2026-03-27T10:16:38.071+0000] {logging_mixin.py:188} INFO - [2026-03-27T10:16:38.070+0000] {dag.py:3047} INFO - Sync 1 DAGs
[2026-03-27T10:16:38.100+0000] {logging_mixin.py:188} INFO - [2026-03-27T10:16:38.099+0000] {dag.py:3834} INFO - Setting next_dagrun for example_setup_teardown_taskflow to 2026-03-26 00:00:00+00:00, run_after=2026-03-27 00:00:00+00:00
[2026-03-27T10:16:38.121+0000] {processor.py:183} INFO - Processing /home/airflow/.local/lib/python3.8/site-packages/airflow/example_dags/example_setup_teardown_taskflow.py took 0.110 seconds
[2026-03-27T10:17:08.796+0000] {processor.py:161} INFO - Started process (PID=301) to work on /home/airflow/.local/lib/python3.8/site-packages/airflow/example_dags/example_setup_teardown_taskflow.py
[2026-03-27T10:17:08.797+0000] {processor.py:830} INFO - Processing file /home/airflow/.local/lib/python3.8/site-packages/airflow/example_dags/example_setup_teardown_taskflow.py for tasks to queue
[2026-03-27T10:17:08.800+0000] {logging_mixin.py:188} INFO - [2026-03-27T10:17:08.799+0000] {dagbag.py:540} INFO - Filling up the DagBag from /home/airflow/.local/lib/python3.8/site-packages/airflow/example_dags/example_setup_teardown_taskflow.py
[2026-03-27T10:17:08.809+0000] {processor.py:840} INFO - DAG(s) 'example_setup_teardown_taskflow' retrieved from /home/airflow/.local/lib/python3.8/site-packages/airflow/example_dags/example_setup_teardown_taskflow.py
[2026-03-27T10:17:08.833+0000] {logging_mixin.py:188} INFO - [2026-03-27T10:17:08.832+0000] {dag.py:3047} INFO - Sync 1 DAGs
[2026-03-27T10:17:08.856+0000] {logging_mixin.py:188} INFO - [2026-03-27T10:17:08.856+0000] {dag.py:3834} INFO - Setting next_dagrun for example_setup_teardown_taskflow to 2026-03-26 00:00:00+00:00, run_after=2026-03-27 00:00:00+00:00
[2026-03-27T10:17:08.889+0000] {processor.py:183} INFO - Processing /home/airflow/.local/lib/python3.8/site-packages/airflow/example_dags/example_setup_teardown_taskflow.py took 0.096 seconds
[2026-03-27T10:17:39.210+0000] {processor.py:161} INFO - Started process (PID=357) to work on /home/airflow/.local/lib/python3.8/site-packages/airflow/example_dags/example_setup_teardown_taskflow.py
[2026-03-27T10:17:39.211+0000] {processor.py:830} INFO - Processing file /home/airflow/.local/lib/python3.8/site-packages/airflow/example_dags/example_setup_teardown_taskflow.py for tasks to queue
[2026-03-27T10:17:39.213+0000] {logging_mixin.py:188} INFO - [2026-03-27T10:17:39.213+0000] {dagbag.py:540} INFO - Filling up the DagBag from /home/airflow/.local/lib/python3.8/site-packages/airflow/example_dags/example_setup_teardown_taskflow.py
[2026-03-27T10:17:39.220+0000] {processor.py:840} INFO - DAG(s) 'example_setup_teardown_taskflow' retrieved from /home/airflow/.local/lib/python3.8/site-packages/airflow/example_dags/example_setup_teardown_taskflow.py
[2026-03-27T10:17:39.237+0000] {logging_mixin.py:188} INFO - [2026-03-27T10:17:39.237+0000] {dag.py:3047} INFO - Sync 1 DAGs
[2026-03-27T10:17:39.252+0000] {logging_mixin.py:188} INFO - [2026-03-27T10:17:39.252+0000] {dag.py:3834} INFO - Setting next_dagrun for example_setup_teardown_taskflow to 2026-03-26 00:00:00+00:00, run_after=2026-03-27 00:00:00+00:00
[2026-03-27T10:17:39.267+0000] {processor.py:183} INFO - Processing /home/airflow/.local/lib/python3.8/site-packages/airflow/example_dags/example_setup_teardown_taskflow.py took 0.060 seconds
[2026-03-27T10:18:09.890+0000] {processor.py:161} INFO - Started process (PID=413) to work on /home/airflow/.local/lib/python3.8/site-packages/airflow/example_dags/example_setup_teardown_taskflow.py
[2026-03-27T10:18:09.892+0000] {processor.py:830} INFO - Processing file /home/airflow/.local/lib/python3.8/site-packages/airflow/example_dags/example_setup_teardown_taskflow.py for tasks to queue
[2026-03-27T10:18:09.894+0000] {logging_mixin.py:188} INFO - [2026-03-27T10:18:09.894+0000] {dagbag.py:540} INFO - Filling up the DagBag from /home/airflow/.local/lib/python3.8/site-packages/airflow/example_dags/example_setup_teardown_taskflow.py
[2026-03-27T10:18:09.904+0000] {processor.py:840} INFO - DAG(s) 'example_setup_teardown_taskflow' retrieved from /home/airflow/.local/lib/python3.8/site-packages/airflow/example_dags/example_setup_teardown_taskflow.py
[2026-03-27T10:18:09.924+0000] {logging_mixin.py:188} INFO - [2026-03-27T10:18:09.924+0000] {dag.py:3047} INFO - Sync 1 DAGs
[2026-03-27T10:18:09.940+0000] {logging_mixin.py:188} INFO - [2026-03-27T10:18:09.940+0000] {dag.py:3834} INFO - Setting next_dagrun for example_setup_teardown_taskflow to 2026-03-26 00:00:00+00:00, run_after=2026-03-27 00:00:00+00:00
[2026-03-27T10:18:09.956+0000] {processor.py:183} INFO - Processing /home/airflow/.local/lib/python3.8/site-packages/airflow/example_dags/example_setup_teardown_taskflow.py took 0.070 seconds
[2026-03-27T10:18:40.061+0000] {processor.py:161} INFO - Started process (PID=469) to work on /home/airflow/.local/lib/python3.8/site-packages/airflow/example_dags/example_setup_teardown_taskflow.py
[2026-03-27T10:18:40.062+0000] {processor.py:830} INFO - Processing file /home/airflow/.local/lib/python3.8/site-packages/airflow/example_dags/example_setup_teardown_taskflow.py for tasks to queue
[2026-03-27T10:18:40.064+0000] {logging_mixin.py:188} INFO - [2026-03-27T10:18:40.064+0000] {dagbag.py:540} INFO - Filling up the DagBag from /home/airflow/.local/lib/python3.8/site-packages/airflow/example_dags/example_setup_teardown_taskflow.py
[2026-03-27T10:18:40.074+0000] {processor.py:840} INFO - DAG(s) 'example_setup_teardown_taskflow' retrieved from /home/airflow/.local/lib/python3.8/site-packages/airflow/example_dags/example_setup_teardown_taskflow.py
[2026-03-27T10:18:40.092+0000] {logging_mixin.py:188} INFO - [2026-03-27T10:18:40.092+0000] {dag.py:3047} INFO - Sync 1 DAGs
[2026-03-27T10:18:40.108+0000] {logging_mixin.py:188} INFO - [2026-03-27T10:18:40.108+0000] {dag.py:3834} INFO - Setting next_dagrun for example_setup_teardown_taskflow to 2026-03-26 00:00:00+00:00, run_after=2026-03-27 00:00:00+00:00
[2026-03-27T10:18:40.121+0000] {processor.py:183} INFO - Processing /home/airflow/.local/lib/python3.8/site-packages/airflow/example_dags/example_setup_teardown_taskflow.py took 0.063 seconds
[2026-03-27T10:19:10.465+0000] {processor.py:161} INFO - Started process (PID=525) to work on /home/airflow/.local/lib/python3.8/site-packages/airflow/example_dags/example_setup_teardown_taskflow.py
[2026-03-27T10:19:10.470+0000] {processor.py:830} INFO - Processing file /home/airflow/.local/lib/python3.8/site-packages/airflow/example_dags/example_setup_teardown_taskflow.py for tasks to queue
[2026-03-27T10:19:10.473+0000] {logging_mixin.py:188} INFO - [2026-03-27T10:19:10.473+0000] {dagbag.py:540} INFO - Filling up the DagBag from /home/airflow/.local/lib/python3.8/site-packages/airflow/example_dags/example_setup_teardown_taskflow.py
[2026-03-27T10:19:10.481+0000] {processor.py:840} INFO - DAG(s) 'example_setup_teardown_taskflow' retrieved from /home/airflow/.local/lib/python3.8/site-packages/airflow/example_dags/example_setup_teardown_taskflow.py
[2026-03-27T10:19:10.498+0000] {logging_mixin.py:188} INFO - [2026-03-27T10:19:10.498+0000] {dag.py:3047} INFO - Sync 1 DAGs
[2026-03-27T10:19:10.515+0000] {logging_mixin.py:188} INFO - [2026-03-27T10:19:10.515+0000] {dag.py:3834} INFO - Setting next_dagrun for example_setup_teardown_taskflow to 2026-03-26 00:00:00+00:00, run_after=2026-03-27 00:00:00+00:00
[2026-03-27T10:19:10.577+0000] {processor.py:183} INFO - Processing /home/airflow/.local/lib/python3.8/site-packages/airflow/example_dags/example_setup_teardown_taskflow.py took 0.115 seconds
[2026-03-27T10:19:40.697+0000] {processor.py:161} INFO - Started process (PID=582) to work on /home/airflow/.local/lib/python3.8/site-packages/airflow/example_dags/example_setup_teardown_taskflow.py
[2026-03-27T10:19:40.698+0000] {processor.py:830} INFO - Processing file /home/airflow/.local/lib/python3.8/site-packages/airflow/example_dags/example_setup_teardown_taskflow.py for tasks to queue
[2026-03-27T10:19:40.700+0000] {logging_mixin.py:188} INFO - [2026-03-27T10:19:40.700+0000] {dagbag.py:540} INFO - Filling up the DagBag from /home/airflow/.local/lib/python3.8/site-packages/airflow/example_dags/example_setup_teardown_taskflow.py
[2026-03-27T10:19:40.708+0000] {processor.py:840} INFO - DAG(s) 'example_setup_teardown_taskflow' retrieved from /home/airflow/.local/lib/python3.8/site-packages/airflow/example_dags/example_setup_teardown_taskflow.py
[2026-03-27T10:19:40.726+0000] {logging_mixin.py:188} INFO - [2026-03-27T10:19:40.726+0000] {dag.py:3047} INFO - Sync 1 DAGs
[2026-03-27T10:19:40.744+0000] {logging_mixin.py:188} INFO - [2026-03-27T10:19:40.743+0000] {dag.py:3834} INFO - Setting next_dagrun for example_setup_teardown_taskflow to 2026-03-26 00:00:00+00:00, run_after=2026-03-27 00:00:00+00:00
[2026-03-27T10:19:40.758+0000] {processor.py:183} INFO - Processing /home/airflow/.local/lib/python3.8/site-packages/airflow/example_dags/example_setup_teardown_taskflow.py took 0.063 seconds
[2026-03-27T10:20:11.186+0000] {processor.py:161} INFO - Started process (PID=638) to work on /home/airflow/.local/lib/python3.8/site-packages/airflow/example_dags/example_setup_teardown_taskflow.py
[2026-03-27T10:20:11.187+0000] {processor.py:830} INFO - Processing file /home/airflow/.local/lib/python3.8/site-packages/airflow/example_dags/example_setup_teardown_taskflow.py for tasks to queue
[2026-03-27T10:20:11.189+0000] {logging_mixin.py:188} INFO - [2026-03-27T10:20:11.189+0000] {dagbag.py:540} INFO - Filling up the DagBag from /home/airflow/.local/lib/python3.8/site-packages/airflow/example_dags/example_setup_teardown_taskflow.py
[2026-03-27T10:20:11.196+0000] {processor.py:840} INFO - DAG(s) 'example_setup_teardown_taskflow' retrieved from /home/airflow/.local/lib/python3.8/site-packages/airflow/example_dags/example_setup_teardown_taskflow.py
[2026-03-27T10:20:11.213+0000] {logging_mixin.py:188} INFO - [2026-03-27T10:20:11.213+0000] {dag.py:3047} INFO - Sync 1 DAGs
[2026-03-27T10:20:11.232+0000] {logging_mixin.py:188} INFO - [2026-03-27T10:20:11.232+0000] {dag.py:3834} INFO - Setting next_dagrun for example_setup_teardown_taskflow to 2026-03-26 00:00:00+00:00, run_after=2026-03-27 00:00:00+00:00
[2026-03-27T10:20:11.250+0000] {processor.py:183} INFO - Processing /home/airflow/.local/lib/python3.8/site-packages/airflow/example_dags/example_setup_teardown_taskflow.py took 0.066 seconds
