[2026-03-27T10:15:05.692+0000] {processor.py:161} INFO - Started process (PID=75) to work on /home/airflow/.local/lib/python3.8/site-packages/airflow/example_dags/example_params_trigger_ui.py
[2026-03-27T10:15:05.693+0000] {processor.py:830} INFO - Processing file /home/airflow/.local/lib/python3.8/site-packages/airflow/example_dags/example_params_trigger_ui.py for tasks to queue
[2026-03-27T10:15:05.695+0000] {logging_mixin.py:188} INFO - [2026-03-27T10:15:05.695+0000] {dagbag.py:540} INFO - Filling up the DagBag from /home/airflow/.local/lib/python3.8/site-packages/airflow/example_dags/example_params_trigger_ui.py
[2026-03-27T10:15:05.707+0000] {processor.py:840} INFO - DAG(s) 'example_params_trigger_ui' retrieved from /home/airflow/.local/lib/python3.8/site-packages/airflow/example_dags/example_params_trigger_ui.py
[2026-03-27T10:15:05.725+0000] {logging_mixin.py:188} INFO - [2026-03-27T10:15:05.724+0000] {dag.py:3047} INFO - Sync 1 DAGs
[2026-03-27T10:15:05.740+0000] {logging_mixin.py:188} INFO - [2026-03-27T10:15:05.739+0000] {dag.py:3834} INFO - Setting next_dagrun for example_params_trigger_ui to None, run_after=None
[2026-03-27T10:15:05.761+0000] {processor.py:183} INFO - Processing /home/airflow/.local/lib/python3.8/site-packages/airflow/example_dags/example_params_trigger_ui.py took 0.073 seconds
[2026-03-27T10:15:37.063+0000] {processor.py:161} INFO - Started process (PID=131) to work on /home/airflow/.local/lib/python3.8/site-packages/airflow/example_dags/example_params_trigger_ui.py
[2026-03-27T10:15:37.064+0000] {processor.py:830} INFO - Processing file /home/airflow/.local/lib/python3.8/site-packages/airflow/example_dags/example_params_trigger_ui.py for tasks to queue
[2026-03-27T10:15:37.066+0000] {logging_mixin.py:188} INFO - [2026-03-27T10:15:37.066+0000] {dagbag.py:540} INFO - Filling up the DagBag from /home/airflow/.local/lib/python3.8/site-packages/airflow/example_dags/example_params_trigger_ui.py
[2026-03-27T10:15:37.078+0000] {processor.py:840} INFO - DAG(s) 'example_params_trigger_ui' retrieved from /home/airflow/.local/lib/python3.8/site-packages/airflow/example_dags/example_params_trigger_ui.py
[2026-03-27T10:15:37.167+0000] {logging_mixin.py:188} INFO - [2026-03-27T10:15:37.167+0000] {dag.py:3047} INFO - Sync 1 DAGs
[2026-03-27T10:15:37.174+0000] {logging_mixin.py:188} INFO - [2026-03-27T10:15:37.174+0000] {dag.py:3834} INFO - Setting next_dagrun for example_params_trigger_ui to None, run_after=None
[2026-03-27T10:15:37.190+0000] {processor.py:183} INFO - Processing /home/airflow/.local/lib/python3.8/site-packages/airflow/example_dags/example_params_trigger_ui.py took 0.130 seconds
[2026-03-27T10:16:07.650+0000] {processor.py:161} INFO - Started process (PID=187) to work on /home/airflow/.local/lib/python3.8/site-packages/airflow/example_dags/example_params_trigger_ui.py
[2026-03-27T10:16:07.651+0000] {processor.py:830} INFO - Processing file /home/airflow/.local/lib/python3.8/site-packages/airflow/example_dags/example_params_trigger_ui.py for tasks to queue
[2026-03-27T10:16:07.653+0000] {logging_mixin.py:188} INFO - [2026-03-27T10:16:07.652+0000] {dagbag.py:540} INFO - Filling up the DagBag from /home/airflow/.local/lib/python3.8/site-packages/airflow/example_dags/example_params_trigger_ui.py
[2026-03-27T10:16:07.662+0000] {processor.py:840} INFO - DAG(s) 'example_params_trigger_ui' retrieved from /home/airflow/.local/lib/python3.8/site-packages/airflow/example_dags/example_params_trigger_ui.py
[2026-03-27T10:16:07.695+0000] {logging_mixin.py:188} INFO - [2026-03-27T10:16:07.695+0000] {dag.py:3047} INFO - Sync 1 DAGs
[2026-03-27T10:16:07.704+0000] {logging_mixin.py:188} INFO - [2026-03-27T10:16:07.704+0000] {dag.py:3834} INFO - Setting next_dagrun for example_params_trigger_ui to None, run_after=None
[2026-03-27T10:16:07.718+0000] {processor.py:183} INFO - Processing /home/airflow/.local/lib/python3.8/site-packages/airflow/example_dags/example_params_trigger_ui.py took 0.071 seconds
[2026-03-27T10:16:38.299+0000] {processor.py:161} INFO - Started process (PID=243) to work on /home/airflow/.local/lib/python3.8/site-packages/airflow/example_dags/example_params_trigger_ui.py
[2026-03-27T10:16:38.300+0000] {processor.py:830} INFO - Processing file /home/airflow/.local/lib/python3.8/site-packages/airflow/example_dags/example_params_trigger_ui.py for tasks to queue
[2026-03-27T10:16:38.303+0000] {logging_mixin.py:188} INFO - [2026-03-27T10:16:38.302+0000] {dagbag.py:540} INFO - Filling up the DagBag from /home/airflow/.local/lib/python3.8/site-packages/airflow/example_dags/example_params_trigger_ui.py
[2026-03-27T10:16:38.315+0000] {processor.py:840} INFO - DAG(s) 'example_params_trigger_ui' retrieved from /home/airflow/.local/lib/python3.8/site-packages/airflow/example_dags/example_params_trigger_ui.py
[2026-03-27T10:16:38.356+0000] {logging_mixin.py:188} INFO - [2026-03-27T10:16:38.356+0000] {dag.py:3047} INFO - Sync 1 DAGs
[2026-03-27T10:16:38.367+0000] {logging_mixin.py:188} INFO - [2026-03-27T10:16:38.366+0000] {dag.py:3834} INFO - Setting next_dagrun for example_params_trigger_ui to None, run_after=None
[2026-03-27T10:16:38.393+0000] {processor.py:183} INFO - Processing /home/airflow/.local/lib/python3.8/site-packages/airflow/example_dags/example_params_trigger_ui.py took 0.098 seconds
[2026-03-27T10:17:09.000+0000] {processor.py:161} INFO - Started process (PID=305) to work on /home/airflow/.local/lib/python3.8/site-packages/airflow/example_dags/example_params_trigger_ui.py
[2026-03-27T10:17:09.001+0000] {processor.py:830} INFO - Processing file /home/airflow/.local/lib/python3.8/site-packages/airflow/example_dags/example_params_trigger_ui.py for tasks to queue
[2026-03-27T10:17:09.002+0000] {logging_mixin.py:188} INFO - [2026-03-27T10:17:09.002+0000] {dagbag.py:540} INFO - Filling up the DagBag from /home/airflow/.local/lib/python3.8/site-packages/airflow/example_dags/example_params_trigger_ui.py
[2026-03-27T10:17:09.012+0000] {processor.py:840} INFO - DAG(s) 'example_params_trigger_ui' retrieved from /home/airflow/.local/lib/python3.8/site-packages/airflow/example_dags/example_params_trigger_ui.py
[2026-03-27T10:17:09.045+0000] {logging_mixin.py:188} INFO - [2026-03-27T10:17:09.044+0000] {dag.py:3047} INFO - Sync 1 DAGs
[2026-03-27T10:17:09.053+0000] {logging_mixin.py:188} INFO - [2026-03-27T10:17:09.052+0000] {dag.py:3834} INFO - Setting next_dagrun for example_params_trigger_ui to None, run_after=None
[2026-03-27T10:17:09.069+0000] {processor.py:183} INFO - Processing /home/airflow/.local/lib/python3.8/site-packages/airflow/example_dags/example_params_trigger_ui.py took 0.072 seconds
[2026-03-27T10:17:39.369+0000] {processor.py:161} INFO - Started process (PID=361) to work on /home/airflow/.local/lib/python3.8/site-packages/airflow/example_dags/example_params_trigger_ui.py
[2026-03-27T10:17:39.370+0000] {processor.py:830} INFO - Processing file /home/airflow/.local/lib/python3.8/site-packages/airflow/example_dags/example_params_trigger_ui.py for tasks to queue
[2026-03-27T10:17:39.372+0000] {logging_mixin.py:188} INFO - [2026-03-27T10:17:39.371+0000] {dagbag.py:540} INFO - Filling up the DagBag from /home/airflow/.local/lib/python3.8/site-packages/airflow/example_dags/example_params_trigger_ui.py
[2026-03-27T10:17:39.382+0000] {processor.py:840} INFO - DAG(s) 'example_params_trigger_ui' retrieved from /home/airflow/.local/lib/python3.8/site-packages/airflow/example_dags/example_params_trigger_ui.py
[2026-03-27T10:17:39.414+0000] {logging_mixin.py:188} INFO - [2026-03-27T10:17:39.414+0000] {dag.py:3047} INFO - Sync 1 DAGs
[2026-03-27T10:17:39.423+0000] {logging_mixin.py:188} INFO - [2026-03-27T10:17:39.422+0000] {dag.py:3834} INFO - Setting next_dagrun for example_params_trigger_ui to None, run_after=None
[2026-03-27T10:17:39.437+0000] {processor.py:183} INFO - Processing /home/airflow/.local/lib/python3.8/site-packages/airflow/example_dags/example_params_trigger_ui.py took 0.071 seconds
[2026-03-27T10:18:10.057+0000] {processor.py:161} INFO - Started process (PID=417) to work on /home/airflow/.local/lib/python3.8/site-packages/airflow/example_dags/example_params_trigger_ui.py
[2026-03-27T10:18:10.058+0000] {processor.py:830} INFO - Processing file /home/airflow/.local/lib/python3.8/site-packages/airflow/example_dags/example_params_trigger_ui.py for tasks to queue
[2026-03-27T10:18:10.060+0000] {logging_mixin.py:188} INFO - [2026-03-27T10:18:10.060+0000] {dagbag.py:540} INFO - Filling up the DagBag from /home/airflow/.local/lib/python3.8/site-packages/airflow/example_dags/example_params_trigger_ui.py
[2026-03-27T10:18:10.070+0000] {processor.py:840} INFO - DAG(s) 'example_params_trigger_ui' retrieved from /home/airflow/.local/lib/python3.8/site-packages/airflow/example_dags/example_params_trigger_ui.py
[2026-03-27T10:18:10.108+0000] {logging_mixin.py:188} INFO - [2026-03-27T10:18:10.108+0000] {dag.py:3047} INFO - Sync 1 DAGs
[2026-03-27T10:18:10.118+0000] {logging_mixin.py:188} INFO - [2026-03-27T10:18:10.118+0000] {dag.py:3834} INFO - Setting next_dagrun for example_params_trigger_ui to None, run_after=None
[2026-03-27T10:18:10.135+0000] {processor.py:183} INFO - Processing /home/airflow/.local/lib/python3.8/site-packages/airflow/example_dags/example_params_trigger_ui.py took 0.081 seconds
[2026-03-27T10:18:40.244+0000] {processor.py:161} INFO - Started process (PID=472) to work on /home/airflow/.local/lib/python3.8/site-packages/airflow/example_dags/example_params_trigger_ui.py
[2026-03-27T10:18:40.246+0000] {processor.py:830} INFO - Processing file /home/airflow/.local/lib/python3.8/site-packages/airflow/example_dags/example_params_trigger_ui.py for tasks to queue
[2026-03-27T10:18:40.247+0000] {logging_mixin.py:188} INFO - [2026-03-27T10:18:40.247+0000] {dagbag.py:540} INFO - Filling up the DagBag from /home/airflow/.local/lib/python3.8/site-packages/airflow/example_dags/example_params_trigger_ui.py
[2026-03-27T10:18:40.259+0000] {processor.py:840} INFO - DAG(s) 'example_params_trigger_ui' retrieved from /home/airflow/.local/lib/python3.8/site-packages/airflow/example_dags/example_params_trigger_ui.py
[2026-03-27T10:18:40.292+0000] {logging_mixin.py:188} INFO - [2026-03-27T10:18:40.291+0000] {dag.py:3047} INFO - Sync 1 DAGs
[2026-03-27T10:18:40.302+0000] {logging_mixin.py:188} INFO - [2026-03-27T10:18:40.302+0000] {dag.py:3834} INFO - Setting next_dagrun for example_params_trigger_ui to None, run_after=None
[2026-03-27T10:18:40.319+0000] {processor.py:183} INFO - Processing /home/airflow/.local/lib/python3.8/site-packages/airflow/example_dags/example_params_trigger_ui.py took 0.078 seconds
[2026-03-27T10:19:10.700+0000] {processor.py:161} INFO - Started process (PID=529) to work on /home/airflow/.local/lib/python3.8/site-packages/airflow/example_dags/example_params_trigger_ui.py
[2026-03-27T10:19:10.701+0000] {processor.py:830} INFO - Processing file /home/airflow/.local/lib/python3.8/site-packages/airflow/example_dags/example_params_trigger_ui.py for tasks to queue
[2026-03-27T10:19:10.703+0000] {logging_mixin.py:188} INFO - [2026-03-27T10:19:10.702+0000] {dagbag.py:540} INFO - Filling up the DagBag from /home/airflow/.local/lib/python3.8/site-packages/airflow/example_dags/example_params_trigger_ui.py
[2026-03-27T10:19:10.716+0000] {processor.py:840} INFO - DAG(s) 'example_params_trigger_ui' retrieved from /home/airflow/.local/lib/python3.8/site-packages/airflow/example_dags/example_params_trigger_ui.py
[2026-03-27T10:19:10.756+0000] {logging_mixin.py:188} INFO - [2026-03-27T10:19:10.756+0000] {dag.py:3047} INFO - Sync 1 DAGs
[2026-03-27T10:19:10.770+0000] {logging_mixin.py:188} INFO - [2026-03-27T10:19:10.769+0000] {dag.py:3834} INFO - Setting next_dagrun for example_params_trigger_ui to None, run_after=None
[2026-03-27T10:19:10.817+0000] {processor.py:183} INFO - Processing /home/airflow/.local/lib/python3.8/site-packages/airflow/example_dags/example_params_trigger_ui.py took 0.120 seconds
[2026-03-27T10:19:41.715+0000] {processor.py:161} INFO - Started process (PID=585) to work on /home/airflow/.local/lib/python3.8/site-packages/airflow/example_dags/example_params_trigger_ui.py
[2026-03-27T10:19:41.716+0000] {processor.py:830} INFO - Processing file /home/airflow/.local/lib/python3.8/site-packages/airflow/example_dags/example_params_trigger_ui.py for tasks to queue
[2026-03-27T10:19:41.717+0000] {logging_mixin.py:188} INFO - [2026-03-27T10:19:41.717+0000] {dagbag.py:540} INFO - Filling up the DagBag from /home/airflow/.local/lib/python3.8/site-packages/airflow/example_dags/example_params_trigger_ui.py
[2026-03-27T10:19:41.727+0000] {processor.py:840} INFO - DAG(s) 'example_params_trigger_ui' retrieved from /home/airflow/.local/lib/python3.8/site-packages/airflow/example_dags/example_params_trigger_ui.py
[2026-03-27T10:19:41.763+0000] {logging_mixin.py:188} INFO - [2026-03-27T10:19:41.763+0000] {dag.py:3047} INFO - Sync 1 DAGs
[2026-03-27T10:19:41.772+0000] {logging_mixin.py:188} INFO - [2026-03-27T10:19:41.772+0000] {dag.py:3834} INFO - Setting next_dagrun for example_params_trigger_ui to None, run_after=None
[2026-03-27T10:19:41.787+0000] {processor.py:183} INFO - Processing /home/airflow/.local/lib/python3.8/site-packages/airflow/example_dags/example_params_trigger_ui.py took 0.075 seconds
[2026-03-27T10:20:12.293+0000] {processor.py:161} INFO - Started process (PID=641) to work on /home/airflow/.local/lib/python3.8/site-packages/airflow/example_dags/example_params_trigger_ui.py
[2026-03-27T10:20:12.294+0000] {processor.py:830} INFO - Processing file /home/airflow/.local/lib/python3.8/site-packages/airflow/example_dags/example_params_trigger_ui.py for tasks to queue
[2026-03-27T10:20:12.296+0000] {logging_mixin.py:188} INFO - [2026-03-27T10:20:12.295+0000] {dagbag.py:540} INFO - Filling up the DagBag from /home/airflow/.local/lib/python3.8/site-packages/airflow/example_dags/example_params_trigger_ui.py
[2026-03-27T10:20:12.306+0000] {processor.py:840} INFO - DAG(s) 'example_params_trigger_ui' retrieved from /home/airflow/.local/lib/python3.8/site-packages/airflow/example_dags/example_params_trigger_ui.py
[2026-03-27T10:20:12.343+0000] {logging_mixin.py:188} INFO - [2026-03-27T10:20:12.342+0000] {dag.py:3047} INFO - Sync 1 DAGs
[2026-03-27T10:20:12.351+0000] {logging_mixin.py:188} INFO - [2026-03-27T10:20:12.351+0000] {dag.py:3834} INFO - Setting next_dagrun for example_params_trigger_ui to None, run_after=None
[2026-03-27T10:20:12.367+0000] {processor.py:183} INFO - Processing /home/airflow/.local/lib/python3.8/site-packages/airflow/example_dags/example_params_trigger_ui.py took 0.077 seconds
