[2026-03-27T10:15:05.334+0000] {processor.py:161} INFO - Started process (PID=72) to work on /home/airflow/.local/lib/python3.8/site-packages/airflow/example_dags/tutorial.py
[2026-03-27T10:15:05.335+0000] {processor.py:830} INFO - Processing file /home/airflow/.local/lib/python3.8/site-packages/airflow/example_dags/tutorial.py for tasks to queue
[2026-03-27T10:15:05.338+0000] {logging_mixin.py:188} INFO - [2026-03-27T10:15:05.337+0000] {dagbag.py:540} INFO - Filling up the DagBag from /home/airflow/.local/lib/python3.8/site-packages/airflow/example_dags/tutorial.py
[2026-03-27T10:15:05.345+0000] {processor.py:840} INFO - DAG(s) 'tutorial' retrieved from /home/airflow/.local/lib/python3.8/site-packages/airflow/example_dags/tutorial.py
[2026-03-27T10:15:05.360+0000] {logging_mixin.py:188} INFO - [2026-03-27T10:15:05.360+0000] {dag.py:3047} INFO - Sync 1 DAGs
[2026-03-27T10:15:05.389+0000] {logging_mixin.py:188} INFO - [2026-03-27T10:15:05.388+0000] {dag.py:3834} INFO - Setting next_dagrun for tutorial to 2026-03-26 00:00:00+00:00, run_after=2026-03-27 00:00:00+00:00
[2026-03-27T10:15:05.410+0000] {processor.py:183} INFO - Processing /home/airflow/.local/lib/python3.8/site-packages/airflow/example_dags/tutorial.py took 0.080 seconds
[2026-03-27T10:15:36.814+0000] {processor.py:161} INFO - Started process (PID=128) to work on /home/airflow/.local/lib/python3.8/site-packages/airflow/example_dags/tutorial.py
[2026-03-27T10:15:36.816+0000] {processor.py:830} INFO - Processing file /home/airflow/.local/lib/python3.8/site-packages/airflow/example_dags/tutorial.py for tasks to queue
[2026-03-27T10:15:36.817+0000] {logging_mixin.py:188} INFO - [2026-03-27T10:15:36.817+0000] {dagbag.py:540} INFO - Filling up the DagBag from /home/airflow/.local/lib/python3.8/site-packages/airflow/example_dags/tutorial.py
[2026-03-27T10:15:36.821+0000] {processor.py:840} INFO - DAG(s) 'tutorial' retrieved from /home/airflow/.local/lib/python3.8/site-packages/airflow/example_dags/tutorial.py
[2026-03-27T10:15:36.886+0000] {logging_mixin.py:188} INFO - [2026-03-27T10:15:36.886+0000] {dag.py:3047} INFO - Sync 1 DAGs
[2026-03-27T10:15:36.898+0000] {logging_mixin.py:188} INFO - [2026-03-27T10:15:36.898+0000] {dag.py:3834} INFO - Setting next_dagrun for tutorial to 2026-03-26 00:00:00+00:00, run_after=2026-03-27 00:00:00+00:00
[2026-03-27T10:15:36.910+0000] {processor.py:183} INFO - Processing /home/airflow/.local/lib/python3.8/site-packages/airflow/example_dags/tutorial.py took 0.099 seconds
[2026-03-27T10:16:07.563+0000] {processor.py:161} INFO - Started process (PID=184) to work on /home/airflow/.local/lib/python3.8/site-packages/airflow/example_dags/tutorial.py
[2026-03-27T10:16:07.564+0000] {processor.py:830} INFO - Processing file /home/airflow/.local/lib/python3.8/site-packages/airflow/example_dags/tutorial.py for tasks to queue
[2026-03-27T10:16:07.565+0000] {logging_mixin.py:188} INFO - [2026-03-27T10:16:07.565+0000] {dagbag.py:540} INFO - Filling up the DagBag from /home/airflow/.local/lib/python3.8/site-packages/airflow/example_dags/tutorial.py
[2026-03-27T10:16:07.570+0000] {processor.py:840} INFO - DAG(s) 'tutorial' retrieved from /home/airflow/.local/lib/python3.8/site-packages/airflow/example_dags/tutorial.py
[2026-03-27T10:16:07.587+0000] {logging_mixin.py:188} INFO - [2026-03-27T10:16:07.587+0000] {dag.py:3047} INFO - Sync 1 DAGs
[2026-03-27T10:16:07.606+0000] {logging_mixin.py:188} INFO - [2026-03-27T10:16:07.606+0000] {dag.py:3834} INFO - Setting next_dagrun for tutorial to 2026-03-26 00:00:00+00:00, run_after=2026-03-27 00:00:00+00:00
[2026-03-27T10:16:07.623+0000] {processor.py:183} INFO - Processing /home/airflow/.local/lib/python3.8/site-packages/airflow/example_dags/tutorial.py took 0.063 seconds
[2026-03-27T10:16:38.147+0000] {processor.py:161} INFO - Started process (PID=240) to work on /home/airflow/.local/lib/python3.8/site-packages/airflow/example_dags/tutorial.py
[2026-03-27T10:16:38.148+0000] {processor.py:830} INFO - Processing file /home/airflow/.local/lib/python3.8/site-packages/airflow/example_dags/tutorial.py for tasks to queue
[2026-03-27T10:16:38.150+0000] {logging_mixin.py:188} INFO - [2026-03-27T10:16:38.149+0000] {dagbag.py:540} INFO - Filling up the DagBag from /home/airflow/.local/lib/python3.8/site-packages/airflow/example_dags/tutorial.py
[2026-03-27T10:16:38.154+0000] {processor.py:840} INFO - DAG(s) 'tutorial' retrieved from /home/airflow/.local/lib/python3.8/site-packages/airflow/example_dags/tutorial.py
[2026-03-27T10:16:38.169+0000] {logging_mixin.py:188} INFO - [2026-03-27T10:16:38.169+0000] {dag.py:3047} INFO - Sync 1 DAGs
[2026-03-27T10:16:38.183+0000] {logging_mixin.py:188} INFO - [2026-03-27T10:16:38.183+0000] {dag.py:3834} INFO - Setting next_dagrun for tutorial to 2026-03-26 00:00:00+00:00, run_after=2026-03-27 00:00:00+00:00
[2026-03-27T10:16:38.197+0000] {processor.py:183} INFO - Processing /home/airflow/.local/lib/python3.8/site-packages/airflow/example_dags/tutorial.py took 0.053 seconds
[2026-03-27T10:17:08.797+0000] {processor.py:161} INFO - Started process (PID=302) to work on /home/airflow/.local/lib/python3.8/site-packages/airflow/example_dags/tutorial.py
[2026-03-27T10:17:08.798+0000] {processor.py:830} INFO - Processing file /home/airflow/.local/lib/python3.8/site-packages/airflow/example_dags/tutorial.py for tasks to queue
[2026-03-27T10:17:08.801+0000] {logging_mixin.py:188} INFO - [2026-03-27T10:17:08.800+0000] {dagbag.py:540} INFO - Filling up the DagBag from /home/airflow/.local/lib/python3.8/site-packages/airflow/example_dags/tutorial.py
[2026-03-27T10:17:08.807+0000] {processor.py:840} INFO - DAG(s) 'tutorial' retrieved from /home/airflow/.local/lib/python3.8/site-packages/airflow/example_dags/tutorial.py
[2026-03-27T10:17:08.831+0000] {logging_mixin.py:188} INFO - [2026-03-27T10:17:08.831+0000] {dag.py:3047} INFO - Sync 1 DAGs
[2026-03-27T10:17:08.856+0000] {logging_mixin.py:188} INFO - [2026-03-27T10:17:08.856+0000] {dag.py:3834} INFO - Setting next_dagrun for tutorial to 2026-03-26 00:00:00+00:00, run_after=2026-03-27 00:00:00+00:00
[2026-03-27T10:17:08.887+0000] {processor.py:183} INFO - Processing /home/airflow/.local/lib/python3.8/site-packages/airflow/example_dags/tutorial.py took 0.094 seconds
[2026-03-27T10:17:39.271+0000] {processor.py:161} INFO - Started process (PID=358) to work on /home/airflow/.local/lib/python3.8/site-packages/airflow/example_dags/tutorial.py
[2026-03-27T10:17:39.272+0000] {processor.py:830} INFO - Processing file /home/airflow/.local/lib/python3.8/site-packages/airflow/example_dags/tutorial.py for tasks to queue
[2026-03-27T10:17:39.273+0000] {logging_mixin.py:188} INFO - [2026-03-27T10:17:39.273+0000] {dagbag.py:540} INFO - Filling up the DagBag from /home/airflow/.local/lib/python3.8/site-packages/airflow/example_dags/tutorial.py
[2026-03-27T10:17:39.278+0000] {processor.py:840} INFO - DAG(s) 'tutorial' retrieved from /home/airflow/.local/lib/python3.8/site-packages/airflow/example_dags/tutorial.py
[2026-03-27T10:17:39.294+0000] {logging_mixin.py:188} INFO - [2026-03-27T10:17:39.294+0000] {dag.py:3047} INFO - Sync 1 DAGs
[2026-03-27T10:17:39.309+0000] {logging_mixin.py:188} INFO - [2026-03-27T10:17:39.309+0000] {dag.py:3834} INFO - Setting next_dagrun for tutorial to 2026-03-26 00:00:00+00:00, run_after=2026-03-27 00:00:00+00:00
[2026-03-27T10:17:39.324+0000] {processor.py:183} INFO - Processing /home/airflow/.local/lib/python3.8/site-packages/airflow/example_dags/tutorial.py took 0.056 seconds
[2026-03-27T10:18:09.890+0000] {processor.py:161} INFO - Started process (PID=414) to work on /home/airflow/.local/lib/python3.8/site-packages/airflow/example_dags/tutorial.py
[2026-03-27T10:18:09.891+0000] {processor.py:830} INFO - Processing file /home/airflow/.local/lib/python3.8/site-packages/airflow/example_dags/tutorial.py for tasks to queue
[2026-03-27T10:18:09.894+0000] {logging_mixin.py:188} INFO - [2026-03-27T10:18:09.894+0000] {dagbag.py:540} INFO - Filling up the DagBag from /home/airflow/.local/lib/python3.8/site-packages/airflow/example_dags/tutorial.py
[2026-03-27T10:18:09.899+0000] {processor.py:840} INFO - DAG(s) 'tutorial' retrieved from /home/airflow/.local/lib/python3.8/site-packages/airflow/example_dags/tutorial.py
[2026-03-27T10:18:09.919+0000] {logging_mixin.py:188} INFO - [2026-03-27T10:18:09.919+0000] {dag.py:3047} INFO - Sync 1 DAGs
[2026-03-27T10:18:09.936+0000] {logging_mixin.py:188} INFO - [2026-03-27T10:18:09.936+0000] {dag.py:3834} INFO - Setting next_dagrun for tutorial to 2026-03-26 00:00:00+00:00, run_after=2026-03-27 00:00:00+00:00
[2026-03-27T10:18:09.952+0000] {processor.py:183} INFO - Processing /home/airflow/.local/lib/python3.8/site-packages/airflow/example_dags/tutorial.py took 0.065 seconds
[2026-03-27T10:18:40.063+0000] {processor.py:161} INFO - Started process (PID=470) to work on /home/airflow/.local/lib/python3.8/site-packages/airflow/example_dags/tutorial.py
[2026-03-27T10:18:40.064+0000] {processor.py:830} INFO - Processing file /home/airflow/.local/lib/python3.8/site-packages/airflow/example_dags/tutorial.py for tasks to queue
[2026-03-27T10:18:40.066+0000] {logging_mixin.py:188} INFO - [2026-03-27T10:18:40.065+0000] {dagbag.py:540} INFO - Filling up the DagBag from /home/airflow/.local/lib/python3.8/site-packages/airflow/example_dags/tutorial.py
[2026-03-27T10:18:40.071+0000] {processor.py:840} INFO - DAG(s) 'tutorial' retrieved from /home/airflow/.local/lib/python3.8/site-packages/airflow/example_dags/tutorial.py
[2026-03-27T10:18:40.091+0000] {logging_mixin.py:188} INFO - [2026-03-27T10:18:40.090+0000] {dag.py:3047} INFO - Sync 1 DAGs
[2026-03-27T10:18:40.106+0000] {logging_mixin.py:188} INFO - [2026-03-27T10:18:40.106+0000] {dag.py:3834} INFO - Setting next_dagrun for tutorial to 2026-03-26 00:00:00+00:00, run_after=2026-03-27 00:00:00+00:00
[2026-03-27T10:18:40.121+0000] {processor.py:183} INFO - Processing /home/airflow/.local/lib/python3.8/site-packages/airflow/example_dags/tutorial.py took 0.062 seconds
[2026-03-27T10:19:10.472+0000] {processor.py:161} INFO - Started process (PID=526) to work on /home/airflow/.local/lib/python3.8/site-packages/airflow/example_dags/tutorial.py
[2026-03-27T10:19:10.473+0000] {processor.py:830} INFO - Processing file /home/airflow/.local/lib/python3.8/site-packages/airflow/example_dags/tutorial.py for tasks to queue
[2026-03-27T10:19:10.476+0000] {logging_mixin.py:188} INFO - [2026-03-27T10:19:10.475+0000] {dagbag.py:540} INFO - Filling up the DagBag from /home/airflow/.local/lib/python3.8/site-packages/airflow/example_dags/tutorial.py
[2026-03-27T10:19:10.480+0000] {processor.py:840} INFO - DAG(s) 'tutorial' retrieved from /home/airflow/.local/lib/python3.8/site-packages/airflow/example_dags/tutorial.py
[2026-03-27T10:19:10.495+0000] {logging_mixin.py:188} INFO - [2026-03-27T10:19:10.495+0000] {dag.py:3047} INFO - Sync 1 DAGs
[2026-03-27T10:19:10.513+0000] {logging_mixin.py:188} INFO - [2026-03-27T10:19:10.512+0000] {dag.py:3834} INFO - Setting next_dagrun for tutorial to 2026-03-26 00:00:00+00:00, run_after=2026-03-27 00:00:00+00:00
[2026-03-27T10:19:10.576+0000] {processor.py:183} INFO - Processing /home/airflow/.local/lib/python3.8/site-packages/airflow/example_dags/tutorial.py took 0.108 seconds
[2026-03-27T10:19:40.605+0000] {processor.py:161} INFO - Started process (PID=581) to work on /home/airflow/.local/lib/python3.8/site-packages/airflow/example_dags/tutorial.py
[2026-03-27T10:19:40.606+0000] {processor.py:830} INFO - Processing file /home/airflow/.local/lib/python3.8/site-packages/airflow/example_dags/tutorial.py for tasks to queue
[2026-03-27T10:19:40.608+0000] {logging_mixin.py:188} INFO - [2026-03-27T10:19:40.608+0000] {dagbag.py:540} INFO - Filling up the DagBag from /home/airflow/.local/lib/python3.8/site-packages/airflow/example_dags/tutorial.py
[2026-03-27T10:19:40.613+0000] {processor.py:840} INFO - DAG(s) 'tutorial' retrieved from /home/airflow/.local/lib/python3.8/site-packages/airflow/example_dags/tutorial.py
[2026-03-27T10:19:40.632+0000] {logging_mixin.py:188} INFO - [2026-03-27T10:19:40.632+0000] {dag.py:3047} INFO - Sync 1 DAGs
[2026-03-27T10:19:40.651+0000] {logging_mixin.py:188} INFO - [2026-03-27T10:19:40.650+0000] {dag.py:3834} INFO - Setting next_dagrun for tutorial to 2026-03-26 00:00:00+00:00, run_after=2026-03-27 00:00:00+00:00
[2026-03-27T10:19:40.669+0000] {processor.py:183} INFO - Processing /home/airflow/.local/lib/python3.8/site-packages/airflow/example_dags/tutorial.py took 0.067 seconds
[2026-03-27T10:20:11.114+0000] {processor.py:161} INFO - Started process (PID=637) to work on /home/airflow/.local/lib/python3.8/site-packages/airflow/example_dags/tutorial.py
[2026-03-27T10:20:11.115+0000] {processor.py:830} INFO - Processing file /home/airflow/.local/lib/python3.8/site-packages/airflow/example_dags/tutorial.py for tasks to queue
[2026-03-27T10:20:11.116+0000] {logging_mixin.py:188} INFO - [2026-03-27T10:20:11.116+0000] {dagbag.py:540} INFO - Filling up the DagBag from /home/airflow/.local/lib/python3.8/site-packages/airflow/example_dags/tutorial.py
[2026-03-27T10:20:11.121+0000] {processor.py:840} INFO - DAG(s) 'tutorial' retrieved from /home/airflow/.local/lib/python3.8/site-packages/airflow/example_dags/tutorial.py
[2026-03-27T10:20:11.136+0000] {logging_mixin.py:188} INFO - [2026-03-27T10:20:11.136+0000] {dag.py:3047} INFO - Sync 1 DAGs
[2026-03-27T10:20:11.150+0000] {logging_mixin.py:188} INFO - [2026-03-27T10:20:11.150+0000] {dag.py:3834} INFO - Setting next_dagrun for tutorial to 2026-03-26 00:00:00+00:00, run_after=2026-03-27 00:00:00+00:00
[2026-03-27T10:20:11.163+0000] {processor.py:183} INFO - Processing /home/airflow/.local/lib/python3.8/site-packages/airflow/example_dags/tutorial.py took 0.052 seconds
