[2026-03-27T10:15:04.937+0000] {processor.py:161} INFO - Started process (PID=65) to work on /home/airflow/.local/lib/python3.8/site-packages/airflow/example_dags/tutorial_dag.py
[2026-03-27T10:15:04.938+0000] {processor.py:830} INFO - Processing file /home/airflow/.local/lib/python3.8/site-packages/airflow/example_dags/tutorial_dag.py for tasks to queue
[2026-03-27T10:15:04.940+0000] {logging_mixin.py:188} INFO - [2026-03-27T10:15:04.940+0000] {dagbag.py:540} INFO - Filling up the DagBag from /home/airflow/.local/lib/python3.8/site-packages/airflow/example_dags/tutorial_dag.py
[2026-03-27T10:15:04.949+0000] {processor.py:840} INFO - DAG(s) 'tutorial_dag' retrieved from /home/airflow/.local/lib/python3.8/site-packages/airflow/example_dags/tutorial_dag.py
[2026-03-27T10:15:04.961+0000] {logging_mixin.py:188} INFO - [2026-03-27T10:15:04.960+0000] {dag.py:3047} INFO - Sync 1 DAGs
[2026-03-27T10:15:04.971+0000] {logging_mixin.py:188} INFO - [2026-03-27T10:15:04.971+0000] {dag.py:3834} INFO - Setting next_dagrun for tutorial_dag to None, run_after=None
[2026-03-27T10:15:04.989+0000] {processor.py:183} INFO - Processing /home/airflow/.local/lib/python3.8/site-packages/airflow/example_dags/tutorial_dag.py took 0.056 seconds
[2026-03-27T10:15:35.853+0000] {processor.py:161} INFO - Started process (PID=121) to work on /home/airflow/.local/lib/python3.8/site-packages/airflow/example_dags/tutorial_dag.py
[2026-03-27T10:15:35.854+0000] {processor.py:830} INFO - Processing file /home/airflow/.local/lib/python3.8/site-packages/airflow/example_dags/tutorial_dag.py for tasks to queue
[2026-03-27T10:15:35.857+0000] {logging_mixin.py:188} INFO - [2026-03-27T10:15:35.856+0000] {dagbag.py:540} INFO - Filling up the DagBag from /home/airflow/.local/lib/python3.8/site-packages/airflow/example_dags/tutorial_dag.py
[2026-03-27T10:15:35.864+0000] {processor.py:840} INFO - DAG(s) 'tutorial_dag' retrieved from /home/airflow/.local/lib/python3.8/site-packages/airflow/example_dags/tutorial_dag.py
[2026-03-27T10:15:36.000+0000] {logging_mixin.py:188} INFO - [2026-03-27T10:15:36.000+0000] {dag.py:3047} INFO - Sync 1 DAGs
[2026-03-27T10:15:36.010+0000] {logging_mixin.py:188} INFO - [2026-03-27T10:15:36.010+0000] {dag.py:3834} INFO - Setting next_dagrun for tutorial_dag to None, run_after=None
[2026-03-27T10:15:36.128+0000] {processor.py:183} INFO - Processing /home/airflow/.local/lib/python3.8/site-packages/airflow/example_dags/tutorial_dag.py took 0.279 seconds
[2026-03-27T10:16:07.095+0000] {processor.py:161} INFO - Started process (PID=177) to work on /home/airflow/.local/lib/python3.8/site-packages/airflow/example_dags/tutorial_dag.py
[2026-03-27T10:16:07.096+0000] {processor.py:830} INFO - Processing file /home/airflow/.local/lib/python3.8/site-packages/airflow/example_dags/tutorial_dag.py for tasks to queue
[2026-03-27T10:16:07.098+0000] {logging_mixin.py:188} INFO - [2026-03-27T10:16:07.098+0000] {dagbag.py:540} INFO - Filling up the DagBag from /home/airflow/.local/lib/python3.8/site-packages/airflow/example_dags/tutorial_dag.py
[2026-03-27T10:16:07.102+0000] {processor.py:840} INFO - DAG(s) 'tutorial_dag' retrieved from /home/airflow/.local/lib/python3.8/site-packages/airflow/example_dags/tutorial_dag.py
[2026-03-27T10:16:07.119+0000] {logging_mixin.py:188} INFO - [2026-03-27T10:16:07.119+0000] {dag.py:3047} INFO - Sync 1 DAGs
[2026-03-27T10:16:07.128+0000] {logging_mixin.py:188} INFO - [2026-03-27T10:16:07.128+0000] {dag.py:3834} INFO - Setting next_dagrun for tutorial_dag to None, run_after=None
[2026-03-27T10:16:07.145+0000] {processor.py:183} INFO - Processing /home/airflow/.local/lib/python3.8/site-packages/airflow/example_dags/tutorial_dag.py took 0.053 seconds
[2026-03-27T10:16:37.623+0000] {processor.py:161} INFO - Started process (PID=233) to work on /home/airflow/.local/lib/python3.8/site-packages/airflow/example_dags/tutorial_dag.py
[2026-03-27T10:16:37.624+0000] {processor.py:830} INFO - Processing file /home/airflow/.local/lib/python3.8/site-packages/airflow/example_dags/tutorial_dag.py for tasks to queue
[2026-03-27T10:16:37.626+0000] {logging_mixin.py:188} INFO - [2026-03-27T10:16:37.626+0000] {dagbag.py:540} INFO - Filling up the DagBag from /home/airflow/.local/lib/python3.8/site-packages/airflow/example_dags/tutorial_dag.py
[2026-03-27T10:16:37.632+0000] {processor.py:840} INFO - DAG(s) 'tutorial_dag' retrieved from /home/airflow/.local/lib/python3.8/site-packages/airflow/example_dags/tutorial_dag.py
[2026-03-27T10:16:37.648+0000] {logging_mixin.py:188} INFO - [2026-03-27T10:16:37.648+0000] {dag.py:3047} INFO - Sync 1 DAGs
[2026-03-27T10:16:37.656+0000] {logging_mixin.py:188} INFO - [2026-03-27T10:16:37.656+0000] {dag.py:3834} INFO - Setting next_dagrun for tutorial_dag to None, run_after=None
[2026-03-27T10:16:37.673+0000] {processor.py:183} INFO - Processing /home/airflow/.local/lib/python3.8/site-packages/airflow/example_dags/tutorial_dag.py took 0.052 seconds
[2026-03-27T10:17:08.329+0000] {processor.py:161} INFO - Started process (PID=289) to work on /home/airflow/.local/lib/python3.8/site-packages/airflow/example_dags/tutorial_dag.py
[2026-03-27T10:17:08.330+0000] {processor.py:830} INFO - Processing file /home/airflow/.local/lib/python3.8/site-packages/airflow/example_dags/tutorial_dag.py for tasks to queue
[2026-03-27T10:17:08.333+0000] {logging_mixin.py:188} INFO - [2026-03-27T10:17:08.333+0000] {dagbag.py:540} INFO - Filling up the DagBag from /home/airflow/.local/lib/python3.8/site-packages/airflow/example_dags/tutorial_dag.py
[2026-03-27T10:17:08.341+0000] {processor.py:840} INFO - DAG(s) 'tutorial_dag' retrieved from /home/airflow/.local/lib/python3.8/site-packages/airflow/example_dags/tutorial_dag.py
[2026-03-27T10:17:08.373+0000] {logging_mixin.py:188} INFO - [2026-03-27T10:17:08.372+0000] {dag.py:3047} INFO - Sync 1 DAGs
[2026-03-27T10:17:08.385+0000] {logging_mixin.py:188} INFO - [2026-03-27T10:17:08.384+0000] {dag.py:3834} INFO - Setting next_dagrun for tutorial_dag to None, run_after=None
[2026-03-27T10:17:08.415+0000] {processor.py:183} INFO - Processing /home/airflow/.local/lib/python3.8/site-packages/airflow/example_dags/tutorial_dag.py took 0.090 seconds
[2026-03-27T10:17:38.912+0000] {processor.py:161} INFO - Started process (PID=351) to work on /home/airflow/.local/lib/python3.8/site-packages/airflow/example_dags/tutorial_dag.py
[2026-03-27T10:17:38.913+0000] {processor.py:830} INFO - Processing file /home/airflow/.local/lib/python3.8/site-packages/airflow/example_dags/tutorial_dag.py for tasks to queue
[2026-03-27T10:17:38.915+0000] {logging_mixin.py:188} INFO - [2026-03-27T10:17:38.915+0000] {dagbag.py:540} INFO - Filling up the DagBag from /home/airflow/.local/lib/python3.8/site-packages/airflow/example_dags/tutorial_dag.py
[2026-03-27T10:17:38.921+0000] {processor.py:840} INFO - DAG(s) 'tutorial_dag' retrieved from /home/airflow/.local/lib/python3.8/site-packages/airflow/example_dags/tutorial_dag.py
[2026-03-27T10:17:38.950+0000] {logging_mixin.py:188} INFO - [2026-03-27T10:17:38.950+0000] {dag.py:3047} INFO - Sync 1 DAGs
[2026-03-27T10:17:38.959+0000] {logging_mixin.py:188} INFO - [2026-03-27T10:17:38.959+0000] {dag.py:3834} INFO - Setting next_dagrun for tutorial_dag to None, run_after=None
[2026-03-27T10:17:38.974+0000] {processor.py:183} INFO - Processing /home/airflow/.local/lib/python3.8/site-packages/airflow/example_dags/tutorial_dag.py took 0.067 seconds
[2026-03-27T10:18:09.551+0000] {processor.py:161} INFO - Started process (PID=407) to work on /home/airflow/.local/lib/python3.8/site-packages/airflow/example_dags/tutorial_dag.py
[2026-03-27T10:18:09.552+0000] {processor.py:830} INFO - Processing file /home/airflow/.local/lib/python3.8/site-packages/airflow/example_dags/tutorial_dag.py for tasks to queue
[2026-03-27T10:18:09.554+0000] {logging_mixin.py:188} INFO - [2026-03-27T10:18:09.554+0000] {dagbag.py:540} INFO - Filling up the DagBag from /home/airflow/.local/lib/python3.8/site-packages/airflow/example_dags/tutorial_dag.py
[2026-03-27T10:18:09.558+0000] {processor.py:840} INFO - DAG(s) 'tutorial_dag' retrieved from /home/airflow/.local/lib/python3.8/site-packages/airflow/example_dags/tutorial_dag.py
[2026-03-27T10:18:09.576+0000] {logging_mixin.py:188} INFO - [2026-03-27T10:18:09.575+0000] {dag.py:3047} INFO - Sync 1 DAGs
[2026-03-27T10:18:09.585+0000] {logging_mixin.py:188} INFO - [2026-03-27T10:18:09.585+0000] {dag.py:3834} INFO - Setting next_dagrun for tutorial_dag to None, run_after=None
[2026-03-27T10:18:09.599+0000] {processor.py:183} INFO - Processing /home/airflow/.local/lib/python3.8/site-packages/airflow/example_dags/tutorial_dag.py took 0.052 seconds
[2026-03-27T10:18:39.693+0000] {processor.py:161} INFO - Started process (PID=463) to work on /home/airflow/.local/lib/python3.8/site-packages/airflow/example_dags/tutorial_dag.py
[2026-03-27T10:18:39.695+0000] {processor.py:830} INFO - Processing file /home/airflow/.local/lib/python3.8/site-packages/airflow/example_dags/tutorial_dag.py for tasks to queue
[2026-03-27T10:18:39.697+0000] {logging_mixin.py:188} INFO - [2026-03-27T10:18:39.697+0000] {dagbag.py:540} INFO - Filling up the DagBag from /home/airflow/.local/lib/python3.8/site-packages/airflow/example_dags/tutorial_dag.py
[2026-03-27T10:18:39.702+0000] {processor.py:840} INFO - DAG(s) 'tutorial_dag' retrieved from /home/airflow/.local/lib/python3.8/site-packages/airflow/example_dags/tutorial_dag.py
[2026-03-27T10:18:39.718+0000] {logging_mixin.py:188} INFO - [2026-03-27T10:18:39.717+0000] {dag.py:3047} INFO - Sync 1 DAGs
[2026-03-27T10:18:39.726+0000] {logging_mixin.py:188} INFO - [2026-03-27T10:18:39.726+0000] {dag.py:3834} INFO - Setting next_dagrun for tutorial_dag to None, run_after=None
[2026-03-27T10:18:39.740+0000] {processor.py:183} INFO - Processing /home/airflow/.local/lib/python3.8/site-packages/airflow/example_dags/tutorial_dag.py took 0.050 seconds
[2026-03-27T10:19:09.970+0000] {processor.py:161} INFO - Started process (PID=519) to work on /home/airflow/.local/lib/python3.8/site-packages/airflow/example_dags/tutorial_dag.py
[2026-03-27T10:19:09.971+0000] {processor.py:830} INFO - Processing file /home/airflow/.local/lib/python3.8/site-packages/airflow/example_dags/tutorial_dag.py for tasks to queue
[2026-03-27T10:19:09.974+0000] {logging_mixin.py:188} INFO - [2026-03-27T10:19:09.973+0000] {dagbag.py:540} INFO - Filling up the DagBag from /home/airflow/.local/lib/python3.8/site-packages/airflow/example_dags/tutorial_dag.py
[2026-03-27T10:19:09.980+0000] {processor.py:840} INFO - DAG(s) 'tutorial_dag' retrieved from /home/airflow/.local/lib/python3.8/site-packages/airflow/example_dags/tutorial_dag.py
[2026-03-27T10:19:10.001+0000] {logging_mixin.py:188} INFO - [2026-03-27T10:19:10.001+0000] {dag.py:3047} INFO - Sync 1 DAGs
[2026-03-27T10:19:10.014+0000] {logging_mixin.py:188} INFO - [2026-03-27T10:19:10.014+0000] {dag.py:3834} INFO - Setting next_dagrun for tutorial_dag to None, run_after=None
[2026-03-27T10:19:10.037+0000] {processor.py:183} INFO - Processing /home/airflow/.local/lib/python3.8/site-packages/airflow/example_dags/tutorial_dag.py took 0.072 seconds
[2026-03-27T10:19:40.093+0000] {processor.py:161} INFO - Started process (PID=575) to work on /home/airflow/.local/lib/python3.8/site-packages/airflow/example_dags/tutorial_dag.py
[2026-03-27T10:19:40.094+0000] {processor.py:830} INFO - Processing file /home/airflow/.local/lib/python3.8/site-packages/airflow/example_dags/tutorial_dag.py for tasks to queue
[2026-03-27T10:19:40.096+0000] {logging_mixin.py:188} INFO - [2026-03-27T10:19:40.096+0000] {dagbag.py:540} INFO - Filling up the DagBag from /home/airflow/.local/lib/python3.8/site-packages/airflow/example_dags/tutorial_dag.py
[2026-03-27T10:19:40.101+0000] {processor.py:840} INFO - DAG(s) 'tutorial_dag' retrieved from /home/airflow/.local/lib/python3.8/site-packages/airflow/example_dags/tutorial_dag.py
[2026-03-27T10:19:40.115+0000] {logging_mixin.py:188} INFO - [2026-03-27T10:19:40.115+0000] {dag.py:3047} INFO - Sync 1 DAGs
[2026-03-27T10:19:40.124+0000] {logging_mixin.py:188} INFO - [2026-03-27T10:19:40.124+0000] {dag.py:3834} INFO - Setting next_dagrun for tutorial_dag to None, run_after=None
[2026-03-27T10:19:40.140+0000] {processor.py:183} INFO - Processing /home/airflow/.local/lib/python3.8/site-packages/airflow/example_dags/tutorial_dag.py took 0.050 seconds
[2026-03-27T10:20:10.771+0000] {processor.py:161} INFO - Started process (PID=631) to work on /home/airflow/.local/lib/python3.8/site-packages/airflow/example_dags/tutorial_dag.py
[2026-03-27T10:20:10.772+0000] {processor.py:830} INFO - Processing file /home/airflow/.local/lib/python3.8/site-packages/airflow/example_dags/tutorial_dag.py for tasks to queue
[2026-03-27T10:20:10.773+0000] {logging_mixin.py:188} INFO - [2026-03-27T10:20:10.773+0000] {dagbag.py:540} INFO - Filling up the DagBag from /home/airflow/.local/lib/python3.8/site-packages/airflow/example_dags/tutorial_dag.py
[2026-03-27T10:20:10.777+0000] {processor.py:840} INFO - DAG(s) 'tutorial_dag' retrieved from /home/airflow/.local/lib/python3.8/site-packages/airflow/example_dags/tutorial_dag.py
[2026-03-27T10:20:10.795+0000] {logging_mixin.py:188} INFO - [2026-03-27T10:20:10.795+0000] {dag.py:3047} INFO - Sync 1 DAGs
[2026-03-27T10:20:10.804+0000] {logging_mixin.py:188} INFO - [2026-03-27T10:20:10.804+0000] {dag.py:3834} INFO - Setting next_dagrun for tutorial_dag to None, run_after=None
[2026-03-27T10:20:10.819+0000] {processor.py:183} INFO - Processing /home/airflow/.local/lib/python3.8/site-packages/airflow/example_dags/tutorial_dag.py took 0.051 seconds
