[2026-03-30T04:15:35.150+0000] {taskinstance.py:1979} INFO - Dependencies all met for dep_context=non-requeueable deps ti=<TaskInstance: karaoke_pipeline.transformation_dbt manual__2026-03-30T04:14:04.900291+00:00 [queued]>
[2026-03-30T04:15:35.154+0000] {taskinstance.py:1979} INFO - Dependencies all met for dep_context=requeueable deps ti=<TaskInstance: karaoke_pipeline.transformation_dbt manual__2026-03-30T04:14:04.900291+00:00 [queued]>
[2026-03-30T04:15:35.155+0000] {taskinstance.py:2193} INFO - Starting attempt 1 of 2
[2026-03-30T04:15:35.164+0000] {taskinstance.py:2217} INFO - Executing <Task(BashOperator): transformation_dbt> on 2026-03-30 04:14:04.900291+00:00
[2026-03-30T04:15:35.169+0000] {standard_task_runner.py:60} INFO - Started process 275 to run task
[2026-03-30T04:15:35.171+0000] {standard_task_runner.py:87} INFO - Running: ['***', 'tasks', 'run', 'karaoke_pipeline', 'transformation_dbt', 'manual__2026-03-30T04:14:04.900291+00:00', '--job-id', '4', '--raw', '--subdir', 'DAGS_FOLDER/karaoke_pipeline.py', '--cfg-path', '/tmp/tmp_94n2uic']
[2026-03-30T04:15:35.173+0000] {standard_task_runner.py:88} INFO - Job 4: Subtask transformation_dbt
[2026-03-30T04:15:35.216+0000] {task_command.py:423} INFO - Running <TaskInstance: karaoke_pipeline.transformation_dbt manual__2026-03-30T04:14:04.900291+00:00 [running]> on host 07c60d1b7afd
[2026-03-30T04:15:35.268+0000] {taskinstance.py:2513} INFO - Exporting env vars: AIRFLOW_CTX_DAG_OWNER='karaoke_team' AIRFLOW_CTX_DAG_ID='karaoke_pipeline' AIRFLOW_CTX_TASK_ID='transformation_dbt' AIRFLOW_CTX_EXECUTION_DATE='2026-03-30T04:14:04.900291+00:00' AIRFLOW_CTX_TRY_NUMBER='1' AIRFLOW_CTX_DAG_RUN_ID='manual__2026-03-30T04:14:04.900291+00:00'
[2026-03-30T04:15:35.269+0000] {subprocess.py:63} INFO - Tmp dir root location: /tmp
[2026-03-30T04:15:35.270+0000] {subprocess.py:75} INFO - Running command: ['/usr/bin/bash', '-c', 'cd /opt/***/karaoke/warehouse && dbt run --profiles-dir /opt/***/karaoke/warehouse']
[2026-03-30T04:15:35.277+0000] {subprocess.py:86} INFO - Output:
[2026-03-30T04:15:36.494+0000] {subprocess.py:93} INFO - [0m04:15:36  Running with dbt=1.11.7
[2026-03-30T04:15:37.721+0000] {subprocess.py:93} INFO - [0m04:15:37  Registered adapter: bigquery=1.11.1
[2026-03-30T04:15:37.904+0000] {subprocess.py:93} INFO - [0m04:15:37  Unable to do partial parsing because profile has changed
[2026-03-30T04:15:38.733+0000] {subprocess.py:93} INFO - [0m04:15:38  [[33mWARNING[0m]: Configuration paths exist in your dbt_project.yml file which do not apply to any resources.
[2026-03-30T04:15:38.734+0000] {subprocess.py:93} INFO - There are 1 unused configuration paths:
[2026-03-30T04:15:38.734+0000] {subprocess.py:93} INFO - - models.warehouse.example
[2026-03-30T04:15:38.858+0000] {subprocess.py:93} INFO - [0m04:15:38  Found 3 models, 7 sources, 538 macros
[2026-03-30T04:15:38.860+0000] {subprocess.py:93} INFO - [0m04:15:38
[2026-03-30T04:15:38.861+0000] {subprocess.py:93} INFO - [0m04:15:38  Concurrency: 4 threads (target='dev')
[2026-03-30T04:15:38.862+0000] {subprocess.py:93} INFO - [0m04:15:38
[2026-03-30T04:15:40.304+0000] {subprocess.py:93} INFO - [0m04:15:40  1 of 3 START sql table model analytics_transform.tf_hoadon ..................... [RUN]
[2026-03-30T04:15:40.306+0000] {subprocess.py:93} INFO - [0m04:15:40  2 of 3 START sql table model analytics_transform.tf_hoadon_chitiethanghoa ...... [RUN]
[2026-03-30T04:15:40.308+0000] {subprocess.py:93} INFO - [0m04:15:40  3 of 3 START sql table model analytics_transform.tf_hoadon_combo ............... [RUN]
[2026-03-30T04:15:45.577+0000] {subprocess.py:93} INFO - [0m04:15:45  3 of 3 OK created sql table model analytics_transform.tf_hoadon_combo .......... [[32mCREATE TABLE (246.5k rows, 139.5 MiB processed)[0m in 5.26s]
[2026-03-30T04:15:45.879+0000] {subprocess.py:93} INFO - [0m04:15:45  1 of 3 OK created sql table model analytics_transform.tf_hoadon ................ [[32mCREATE TABLE (505.5k rows, 297.3 MiB processed)[0m in 5.57s]
[2026-03-30T04:15:47.954+0000] {subprocess.py:93} INFO - [0m04:15:47  2 of 3 OK created sql table model analytics_transform.tf_hoadon_chitiethanghoa . [[32mCREATE TABLE (2.7m rows, 2.7 GiB processed)[0m in 7.64s]
[2026-03-30T04:15:47.991+0000] {subprocess.py:93} INFO - [0m04:15:47
[2026-03-30T04:15:47.992+0000] {subprocess.py:93} INFO - [0m04:15:47  Finished running 3 table models in 0 hours 0 minutes and 9.13 seconds (9.13s).
[2026-03-30T04:15:48.053+0000] {subprocess.py:93} INFO - [0m04:15:48
[2026-03-30T04:15:48.054+0000] {subprocess.py:93} INFO - [0m04:15:48  [32mCompleted successfully[0m
[2026-03-30T04:15:48.054+0000] {subprocess.py:93} INFO - [0m04:15:48
[2026-03-30T04:15:48.055+0000] {subprocess.py:93} INFO - [0m04:15:48  Done. PASS=3 WARN=0 ERROR=0 SKIP=0 NO-OP=0 TOTAL=3
[2026-03-30T04:15:49.485+0000] {subprocess.py:97} INFO - Command exited with return code 0
[2026-03-30T04:15:49.508+0000] {taskinstance.py:1149} INFO - Marking task as SUCCESS. dag_id=karaoke_pipeline, task_id=transformation_dbt, execution_date=20260330T041404, start_date=20260330T041535, end_date=20260330T041549
[2026-03-30T04:15:49.563+0000] {local_task_job_runner.py:234} INFO - Task exited with return code 0
[2026-03-30T04:15:49.574+0000] {taskinstance.py:3312} INFO - 0 downstream tasks scheduled from follow-on schedule check
