[2026-03-30T05:01:18.112+0000] {taskinstance.py:1979} INFO - Dependencies all met for dep_context=non-requeueable deps ti=<TaskInstance: karaoke_pipeline.ingestion_pyodbc manual__2026-03-30T05:01:16.660871+00:00 [queued]>
[2026-03-30T05:01:18.117+0000] {taskinstance.py:1979} INFO - Dependencies all met for dep_context=requeueable deps ti=<TaskInstance: karaoke_pipeline.ingestion_pyodbc manual__2026-03-30T05:01:16.660871+00:00 [queued]>
[2026-03-30T05:01:18.118+0000] {taskinstance.py:2193} INFO - Starting attempt 1 of 2
[2026-03-30T05:01:18.129+0000] {taskinstance.py:2217} INFO - Executing <Task(BashOperator): ingestion_pyodbc> on 2026-03-30 05:01:16.660871+00:00
[2026-03-30T05:01:18.133+0000] {standard_task_runner.py:60} INFO - Started process 1313 to run task
[2026-03-30T05:01:18.136+0000] {standard_task_runner.py:87} INFO - Running: ['***', 'tasks', 'run', 'karaoke_pipeline', 'ingestion_pyodbc', 'manual__2026-03-30T05:01:16.660871+00:00', '--job-id', '5', '--raw', '--subdir', 'DAGS_FOLDER/karaoke_pipeline.py', '--cfg-path', '/tmp/tmpwfdrzmvp']
[2026-03-30T05:01:18.137+0000] {standard_task_runner.py:88} INFO - Job 5: Subtask ingestion_pyodbc
[2026-03-30T05:01:18.182+0000] {task_command.py:423} INFO - Running <TaskInstance: karaoke_pipeline.ingestion_pyodbc manual__2026-03-30T05:01:16.660871+00:00 [running]> on host 07c60d1b7afd
[2026-03-30T05:01:18.236+0000] {taskinstance.py:2513} INFO - Exporting env vars: AIRFLOW_CTX_DAG_OWNER='karaoke_team' AIRFLOW_CTX_DAG_ID='karaoke_pipeline' AIRFLOW_CTX_TASK_ID='ingestion_pyodbc' AIRFLOW_CTX_EXECUTION_DATE='2026-03-30T05:01:16.660871+00:00' AIRFLOW_CTX_TRY_NUMBER='1' AIRFLOW_CTX_DAG_RUN_ID='manual__2026-03-30T05:01:16.660871+00:00'
[2026-03-30T05:01:18.237+0000] {subprocess.py:63} INFO - Tmp dir root location: /tmp
[2026-03-30T05:01:18.238+0000] {subprocess.py:75} INFO - Running command: ['/usr/bin/bash', '-c', 'cd /opt/***/karaoke/ingestion && python el.py']
[2026-03-30T05:01:18.244+0000] {subprocess.py:86} INFO - Output:
[2026-03-30T05:01:19.059+0000] {subprocess.py:93} INFO - 2026-03-30 05:01:19,059 - INFO - --- Starting Free-Tier Compatible Pipeline ---
[2026-03-30T05:01:21.912+0000] {subprocess.py:93} INFO - 2026-03-30 05:01:21,912 - INFO - Incremental Load: Fetching dbo.HoaDon_ChiTietHangHoa where created_date > '2026-03-27 04:23:13.726'
[2026-03-30T05:01:22.148+0000] {subprocess.py:93} INFO - /opt/***/karaoke/ingestion/el.py:113: UserWarning: pandas only supports SQLAlchemy connectable (engine/connection) or database string URI or sqlite3 DBAPI2 connection. Other DBAPI2 objects are not tested. Please consider using SQLAlchemy.
[2026-03-30T05:01:22.148+0000] {subprocess.py:93} INFO -   chunk_iterator = pd.read_sql(sql_query, conn, chunksize=CHUNKSIZE)
[2026-03-30T05:01:22.903+0000] {subprocess.py:93} INFO - 2026-03-30 05:01:22,903 - INFO - Uploading chunk 1 (33320 rows) directly to caramel-spot-474502-p2.analytics_raw.raw_hoadon_chitiethanghoa...
[2026-03-30T05:01:38.796+0000] {subprocess.py:93} INFO - 2026-03-30 05:01:38,796 - INFO - 33320 out of 33320 rows loaded.
[2026-03-30T05:01:38.797+0000] {subprocess.py:93} INFO - 2026-03-30 05:01:38,796 - INFO - Chunk 1 uploaded successfully.
[2026-03-30T05:01:38.802+0000] {subprocess.py:93} INFO - 2026-03-30 05:01:38,802 - INFO - Successfully Appended 33320 rows to raw_hoadon_chitiethanghoa.
[2026-03-30T05:01:40.583+0000] {subprocess.py:93} INFO - 2026-03-30 05:01:40,583 - INFO - Incremental Load: Fetching dbo.CuaHang where created_date > '2026-03-30 04:14:13.136'
[2026-03-30T05:01:40.604+0000] {subprocess.py:93} INFO - /opt/***/karaoke/ingestion/el.py:113: UserWarning: pandas only supports SQLAlchemy connectable (engine/connection) or database string URI or sqlite3 DBAPI2 connection. Other DBAPI2 objects are not tested. Please consider using SQLAlchemy.
[2026-03-30T05:01:40.605+0000] {subprocess.py:93} INFO -   chunk_iterator = pd.read_sql(sql_query, conn, chunksize=CHUNKSIZE)
[2026-03-30T05:01:40.610+0000] {subprocess.py:93} INFO - 2026-03-30 05:01:40,610 - INFO - Uploading chunk 1 (2 rows) directly to caramel-spot-474502-p2.analytics_raw.raw_cuahang...
[2026-03-30T05:01:52.318+0000] {subprocess.py:93} INFO - 2026-03-30 05:01:52,318 - INFO - 2 out of 2 rows loaded.
[2026-03-30T05:01:52.319+0000] {subprocess.py:93} INFO - 2026-03-30 05:01:52,318 - INFO - Chunk 1 uploaded successfully.
[2026-03-30T05:01:52.319+0000] {subprocess.py:93} INFO - 2026-03-30 05:01:52,318 - INFO - Successfully Appended 2 rows to raw_cuahang.
[2026-03-30T05:01:54.249+0000] {subprocess.py:93} INFO - 2026-03-30 05:01:54,248 - INFO - Incremental Load: Fetching dbo.Ca where created_date > '2026-03-30 04:14:28.197'
[2026-03-30T05:01:54.276+0000] {subprocess.py:93} INFO - /opt/***/karaoke/ingestion/el.py:113: UserWarning: pandas only supports SQLAlchemy connectable (engine/connection) or database string URI or sqlite3 DBAPI2 connection. Other DBAPI2 objects are not tested. Please consider using SQLAlchemy.
[2026-03-30T05:01:54.277+0000] {subprocess.py:93} INFO -   chunk_iterator = pd.read_sql(sql_query, conn, chunksize=CHUNKSIZE)
[2026-03-30T05:01:54.289+0000] {subprocess.py:93} INFO - 2026-03-30 05:01:54,289 - INFO - Uploading chunk 1 (23 rows) directly to caramel-spot-474502-p2.analytics_raw.raw_ca...
[2026-03-30T05:02:00.466+0000] {subprocess.py:93} INFO - 2026-03-30 05:02:00,466 - INFO - 23 out of 23 rows loaded.
[2026-03-30T05:02:00.467+0000] {subprocess.py:93} INFO - 2026-03-30 05:02:00,466 - INFO - Chunk 1 uploaded successfully.
[2026-03-30T05:02:00.468+0000] {subprocess.py:93} INFO - 2026-03-30 05:02:00,467 - INFO - Successfully Appended 23 rows to raw_ca.
[2026-03-30T05:02:02.300+0000] {subprocess.py:93} INFO - 2026-03-30 05:02:02,300 - INFO - Incremental Load: Fetching dbo.HoaDon where created_date > '2026-03-30 04:14:41.864'
[2026-03-30T05:02:02.331+0000] {subprocess.py:93} INFO - /opt/***/karaoke/ingestion/el.py:113: UserWarning: pandas only supports SQLAlchemy connectable (engine/connection) or database string URI or sqlite3 DBAPI2 connection. Other DBAPI2 objects are not tested. Please consider using SQLAlchemy.
[2026-03-30T05:02:02.332+0000] {subprocess.py:93} INFO -   chunk_iterator = pd.read_sql(sql_query, conn, chunksize=CHUNKSIZE)
[2026-03-30T05:02:02.476+0000] {subprocess.py:93} INFO - 2026-03-30 05:02:02,476 - INFO - Uploading chunk 1 (63 rows) directly to caramel-spot-474502-p2.analytics_raw.raw_transactions...
[2026-03-30T05:02:15.639+0000] {subprocess.py:93} INFO - 2026-03-30 05:02:15,639 - INFO - 63 out of 63 rows loaded.
[2026-03-30T05:02:15.640+0000] {subprocess.py:93} INFO - 2026-03-30 05:02:15,639 - INFO - Chunk 1 uploaded successfully.
[2026-03-30T05:02:15.641+0000] {subprocess.py:93} INFO - 2026-03-30 05:02:15,639 - INFO - Successfully Appended 63 rows to raw_transactions.
[2026-03-30T05:02:17.453+0000] {subprocess.py:93} INFO - 2026-03-30 05:02:17,453 - INFO - Incremental Load: Fetching dbo.KhachHang where created_date > '2026-03-27 04:23:45.809'
[2026-03-30T05:02:17.472+0000] {subprocess.py:93} INFO - /opt/***/karaoke/ingestion/el.py:113: UserWarning: pandas only supports SQLAlchemy connectable (engine/connection) or database string URI or sqlite3 DBAPI2 connection. Other DBAPI2 objects are not tested. Please consider using SQLAlchemy.
[2026-03-30T05:02:17.473+0000] {subprocess.py:93} INFO -   chunk_iterator = pd.read_sql(sql_query, conn, chunksize=CHUNKSIZE)
[2026-03-30T05:02:17.546+0000] {subprocess.py:93} INFO - 2026-03-30 05:02:17,546 - INFO - Uploading chunk 1 (2397 rows) directly to caramel-spot-474502-p2.analytics_raw.raw_customer...
[2026-03-30T05:02:30.294+0000] {subprocess.py:93} INFO - 2026-03-30 05:02:30,294 - INFO - 2397 out of 2397 rows loaded.
[2026-03-30T05:02:30.295+0000] {subprocess.py:93} INFO - 2026-03-30 05:02:30,294 - INFO - Chunk 1 uploaded successfully.
[2026-03-30T05:02:30.295+0000] {subprocess.py:93} INFO - 2026-03-30 05:02:30,295 - INFO - Successfully Appended 2397 rows to raw_customer.
[2026-03-30T05:02:32.049+0000] {subprocess.py:93} INFO - 2026-03-30 05:02:32,048 - INFO - Incremental Load: Fetching dbo.HangHoa where created_date > '2026-03-27 07:26:45.323'
[2026-03-30T05:02:32.077+0000] {subprocess.py:93} INFO - /opt/***/karaoke/ingestion/el.py:113: UserWarning: pandas only supports SQLAlchemy connectable (engine/connection) or database string URI or sqlite3 DBAPI2 connection. Other DBAPI2 objects are not tested. Please consider using SQLAlchemy.
[2026-03-30T05:02:32.077+0000] {subprocess.py:93} INFO -   chunk_iterator = pd.read_sql(sql_query, conn, chunksize=CHUNKSIZE)
[2026-03-30T05:02:32.087+0000] {subprocess.py:93} INFO - 2026-03-30 05:02:32,087 - INFO - Successfully Appended 0 rows to raw_hanghoa.
[2026-03-30T05:02:33.831+0000] {subprocess.py:93} INFO - 2026-03-30 05:02:33,830 - INFO - Incremental Load: Fetching dbo.HoaDon_Combo_HangHoa where created_date > '2026-03-27 07:30:41.040'
[2026-03-30T05:02:33.911+0000] {subprocess.py:93} INFO - 2026-03-30 05:02:33,911 - INFO - Uploading chunk 1 (2757 rows) directly to caramel-spot-474502-p2.analytics_raw.raw_hoadon_combo_hanghoa...
[2026-03-30T05:02:45.820+0000] {subprocess.py:93} INFO - 2026-03-30 05:02:45,820 - INFO - 2757 out of 2757 rows loaded.
[2026-03-30T05:02:45.821+0000] {subprocess.py:93} INFO - 2026-03-30 05:02:45,820 - INFO - Chunk 1 uploaded successfully.
[2026-03-30T05:02:45.821+0000] {subprocess.py:93} INFO - 2026-03-30 05:02:45,820 - INFO - Successfully Appended 2757 rows to raw_hoadon_combo_hanghoa.
[2026-03-30T05:02:47.572+0000] {subprocess.py:93} INFO - 2026-03-30 05:02:47,572 - INFO - Incremental Load: Fetching dbo.HoaDon_GiamGia where created_date > '2026-03-30 04:15:09.624'
[2026-03-30T05:02:47.669+0000] {subprocess.py:93} INFO - /opt/***/karaoke/ingestion/el.py:113: UserWarning: pandas only supports SQLAlchemy connectable (engine/connection) or database string URI or sqlite3 DBAPI2 connection. Other DBAPI2 objects are not tested. Please consider using SQLAlchemy.
[2026-03-30T05:02:47.670+0000] {subprocess.py:93} INFO -   chunk_iterator = pd.read_sql(sql_query, conn, chunksize=CHUNKSIZE)
[2026-03-30T05:02:47.802+0000] {subprocess.py:93} INFO - 2026-03-30 05:02:47,801 - INFO - Uploading chunk 1 (27 rows) directly to caramel-spot-474502-p2.analytics_raw.raw_hoadon_giamgia...
[2026-03-30T05:03:00.408+0000] {subprocess.py:93} INFO - 2026-03-30 05:03:00,408 - INFO - 27 out of 27 rows loaded.
[2026-03-30T05:03:00.409+0000] {subprocess.py:93} INFO - 2026-03-30 05:03:00,408 - INFO - Chunk 1 uploaded successfully.
[2026-03-30T05:03:00.410+0000] {subprocess.py:93} INFO - 2026-03-30 05:03:00,408 - INFO - Successfully Appended 27 rows to raw_hoadon_giamgia.
[2026-03-30T05:03:00.513+0000] {subprocess.py:97} INFO - Command exited with return code 0
[2026-03-30T05:03:00.535+0000] {taskinstance.py:1149} INFO - Marking task as SUCCESS. dag_id=karaoke_pipeline, task_id=ingestion_pyodbc, execution_date=20260330T050116, start_date=20260330T050118, end_date=20260330T050300
[2026-03-30T05:03:00.560+0000] {local_task_job_runner.py:234} INFO - Task exited with return code 0
[2026-03-30T05:03:00.572+0000] {taskinstance.py:3312} INFO - 1 downstream tasks scheduled from follow-on schedule check
