[2026-03-30T05:03:01.441+0000] {taskinstance.py:1979} INFO - Dependencies all met for dep_context=non-requeueable deps ti=<TaskInstance: karaoke_pipeline.transformation_dbt manual__2026-03-30T05:01:16.660871+00:00 [queued]>
[2026-03-30T05:03:01.445+0000] {taskinstance.py:1979} INFO - Dependencies all met for dep_context=requeueable deps ti=<TaskInstance: karaoke_pipeline.transformation_dbt manual__2026-03-30T05:01:16.660871+00:00 [queued]>
[2026-03-30T05:03:01.446+0000] {taskinstance.py:2193} INFO - Starting attempt 1 of 2
[2026-03-30T05:03:01.455+0000] {taskinstance.py:2217} INFO - Executing <Task(BashOperator): transformation_dbt> on 2026-03-30 05:01:16.660871+00:00
[2026-03-30T05:03:01.460+0000] {standard_task_runner.py:60} INFO - Started process 1366 to run task
[2026-03-30T05:03:01.463+0000] {standard_task_runner.py:87} INFO - Running: ['***', 'tasks', 'run', 'karaoke_pipeline', 'transformation_dbt', 'manual__2026-03-30T05:01:16.660871+00:00', '--job-id', '6', '--raw', '--subdir', 'DAGS_FOLDER/karaoke_pipeline.py', '--cfg-path', '/tmp/tmpnpoo00fz']
[2026-03-30T05:03:01.464+0000] {standard_task_runner.py:88} INFO - Job 6: Subtask transformation_dbt
[2026-03-30T05:03:01.502+0000] {task_command.py:423} INFO - Running <TaskInstance: karaoke_pipeline.transformation_dbt manual__2026-03-30T05:01:16.660871+00:00 [running]> on host 07c60d1b7afd
[2026-03-30T05:03:01.553+0000] {taskinstance.py:2513} INFO - Exporting env vars: AIRFLOW_CTX_DAG_OWNER='karaoke_team' AIRFLOW_CTX_DAG_ID='karaoke_pipeline' AIRFLOW_CTX_TASK_ID='transformation_dbt' AIRFLOW_CTX_EXECUTION_DATE='2026-03-30T05:01:16.660871+00:00' AIRFLOW_CTX_TRY_NUMBER='1' AIRFLOW_CTX_DAG_RUN_ID='manual__2026-03-30T05:01:16.660871+00:00'
[2026-03-30T05:03:01.554+0000] {subprocess.py:63} INFO - Tmp dir root location: /tmp
[2026-03-30T05:03:01.555+0000] {subprocess.py:75} INFO - Running command: ['/usr/bin/bash', '-c', 'cd /opt/***/karaoke/warehouse && dbt run --profiles-dir /opt/***/karaoke/warehouse']
[2026-03-30T05:03:01.561+0000] {subprocess.py:86} INFO - Output:
[2026-03-30T05:03:02.856+0000] {subprocess.py:93} INFO - [0m05:03:02  Running with dbt=1.11.7
[2026-03-30T05:03:04.095+0000] {subprocess.py:93} INFO - [0m05:03:04  Registered adapter: bigquery=1.11.1
[2026-03-30T05:03:04.295+0000] {subprocess.py:93} INFO - [0m05:03:04  [[33mWARNING[0m]: Configuration paths exist in your dbt_project.yml file which do not apply to any resources.
[2026-03-30T05:03:04.295+0000] {subprocess.py:93} INFO - There are 1 unused configuration paths:
[2026-03-30T05:03:04.295+0000] {subprocess.py:93} INFO - - models.warehouse.example
[2026-03-30T05:03:04.421+0000] {subprocess.py:93} INFO - [0m05:03:04  Found 3 models, 7 sources, 538 macros
[2026-03-30T05:03:04.424+0000] {subprocess.py:93} INFO - [0m05:03:04
[2026-03-30T05:03:04.425+0000] {subprocess.py:93} INFO - [0m05:03:04  Concurrency: 4 threads (target='dev')
[2026-03-30T05:03:04.425+0000] {subprocess.py:93} INFO - [0m05:03:04
[2026-03-30T05:03:05.950+0000] {subprocess.py:93} INFO - [0m05:03:05  1 of 3 START sql table model analytics_transform.tf_hoadon ..................... [RUN]
[2026-03-30T05:03:05.950+0000] {subprocess.py:93} INFO - [0m05:03:05  2 of 3 START sql table model analytics_transform.tf_hoadon_chitiethanghoa ...... [RUN]
[2026-03-30T05:03:05.951+0000] {subprocess.py:93} INFO - [0m05:03:05  3 of 3 START sql table model analytics_transform.tf_hoadon_combo ............... [RUN]
[2026-03-30T05:03:10.928+0000] {subprocess.py:93} INFO - [0m05:03:10  3 of 3 OK created sql table model analytics_transform.tf_hoadon_combo .......... [[32mCREATE TABLE (249.0k rows, 139.9 MiB processed)[0m in 4.97s]
[2026-03-30T05:03:11.463+0000] {subprocess.py:93} INFO - [0m05:03:11  1 of 3 OK created sql table model analytics_transform.tf_hoadon ................ [[32mCREATE TABLE (505.6k rows, 297.3 MiB processed)[0m in 5.51s]
[2026-03-30T05:03:14.438+0000] {subprocess.py:93} INFO - [0m05:03:14  2 of 3 OK created sql table model analytics_transform.tf_hoadon_chitiethanghoa . [[32mCREATE TABLE (2.7m rows, 2.7 GiB processed)[0m in 8.48s]
[2026-03-30T05:03:14.481+0000] {subprocess.py:93} INFO - [0m05:03:14
[2026-03-30T05:03:14.482+0000] {subprocess.py:93} INFO - [0m05:03:14  Finished running 3 table models in 0 hours 0 minutes and 10.05 seconds (10.05s).
[2026-03-30T05:03:14.535+0000] {subprocess.py:93} INFO - [0m05:03:14
[2026-03-30T05:03:14.536+0000] {subprocess.py:93} INFO - [0m05:03:14  [32mCompleted successfully[0m
[2026-03-30T05:03:14.537+0000] {subprocess.py:93} INFO - [0m05:03:14
[2026-03-30T05:03:14.538+0000] {subprocess.py:93} INFO - [0m05:03:14  Done. PASS=3 WARN=0 ERROR=0 SKIP=0 NO-OP=0 TOTAL=3
[2026-03-30T05:03:15.961+0000] {subprocess.py:97} INFO - Command exited with return code 0
[2026-03-30T05:03:15.978+0000] {taskinstance.py:1149} INFO - Marking task as SUCCESS. dag_id=karaoke_pipeline, task_id=transformation_dbt, execution_date=20260330T050116, start_date=20260330T050301, end_date=20260330T050315
[2026-03-30T05:03:16.003+0000] {local_task_job_runner.py:234} INFO - Task exited with return code 0
[2026-03-30T05:03:16.013+0000] {taskinstance.py:3312} INFO - 0 downstream tasks scheduled from follow-on schedule check
