[2026-03-30T03:15:10.466+0000] {taskinstance.py:1979} INFO - Dependencies all met for dep_context=non-requeueable deps ti=<TaskInstance: karaoke_pipeline.ingestion_pyodbc manual__2026-03-30T02:57:50.038839+00:00 [queued]>
[2026-03-30T03:15:10.470+0000] {taskinstance.py:1979} INFO - Dependencies all met for dep_context=requeueable deps ti=<TaskInstance: karaoke_pipeline.ingestion_pyodbc manual__2026-03-30T02:57:50.038839+00:00 [queued]>
[2026-03-30T03:15:10.471+0000] {taskinstance.py:2193} INFO - Starting attempt 4 of 4
[2026-03-30T03:15:10.481+0000] {taskinstance.py:2217} INFO - Executing <Task(BashOperator): ingestion_pyodbc> on 2026-03-30 02:57:50.038839+00:00
[2026-03-30T03:15:10.485+0000] {standard_task_runner.py:60} INFO - Started process 351 to run task
[2026-03-30T03:15:10.488+0000] {standard_task_runner.py:87} INFO - Running: ['***', 'tasks', 'run', 'karaoke_pipeline', 'ingestion_pyodbc', 'manual__2026-03-30T02:57:50.038839+00:00', '--job-id', '12', '--raw', '--subdir', 'DAGS_FOLDER/karaoke_pipeline.py', '--cfg-path', '/tmp/tmp5vkksvjw']
[2026-03-30T03:15:10.490+0000] {standard_task_runner.py:88} INFO - Job 12: Subtask ingestion_pyodbc
[2026-03-30T03:15:10.540+0000] {task_command.py:423} INFO - Running <TaskInstance: karaoke_pipeline.ingestion_pyodbc manual__2026-03-30T02:57:50.038839+00:00 [running]> on host 90bc3f6be994
[2026-03-30T03:15:10.597+0000] {taskinstance.py:2513} INFO - Exporting env vars: AIRFLOW_CTX_DAG_OWNER='karaoke_team' AIRFLOW_CTX_DAG_ID='karaoke_pipeline' AIRFLOW_CTX_TASK_ID='ingestion_pyodbc' AIRFLOW_CTX_EXECUTION_DATE='2026-03-30T02:57:50.038839+00:00' AIRFLOW_CTX_TRY_NUMBER='4' AIRFLOW_CTX_DAG_RUN_ID='manual__2026-03-30T02:57:50.038839+00:00'
[2026-03-30T03:15:10.598+0000] {subprocess.py:63} INFO - Tmp dir root location: /tmp
[2026-03-30T03:15:10.598+0000] {subprocess.py:75} INFO - Running command: ['/usr/bin/bash', '-c', 'cd /opt/***/karaoke/ingestion && python el.py']
[2026-03-30T03:15:10.605+0000] {subprocess.py:86} INFO - Output:
[2026-03-30T03:15:11.311+0000] {subprocess.py:93} INFO - 2026-03-30 03:15:11,310 - INFO - --- Starting Free-Tier Compatible Pipeline ---
[2026-03-30T03:15:14.138+0000] {subprocess.py:93} INFO - 2026-03-30 03:15:14,138 - INFO - Incremental Load: Fetching dbo.HoaDon_ChiTietHangHoa where created_date > '2116-01-02 08:11:52.000'
[2026-03-30T03:15:14.162+0000] {subprocess.py:93} INFO - 2026-03-30 03:15:14,162 - ERROR - Failed to process raw_hoadon_chitiethanghoa: ('08001', '[08001] [Microsoft][ODBC Driver 18 for SQL Server]SSL Provider: [error:0A00014D:SSL routines::legacy sigalg disallowed or unsupported] (-1) (SQLDriverConnect)')
[2026-03-30T03:15:14.163+0000] {subprocess.py:93} INFO - Traceback (most recent call last):
[2026-03-30T03:15:14.164+0000] {subprocess.py:93} INFO -   File "/opt/***/karaoke/ingestion/el.py", line 175, in <module>
[2026-03-30T03:15:14.165+0000] {subprocess.py:93} INFO -     main()
[2026-03-30T03:15:14.166+0000] {subprocess.py:93} INFO -   File "/opt/***/karaoke/ingestion/el.py", line 172, in main
[2026-03-30T03:15:14.167+0000] {subprocess.py:93} INFO -     process_table(bigquery_client, table_config)
[2026-03-30T03:15:14.167+0000] {subprocess.py:93} INFO -   File "/opt/***/karaoke/ingestion/el.py", line 114, in process_table
[2026-03-30T03:15:14.168+0000] {subprocess.py:93} INFO -     with pyodbc.connect(conn_str, autocommit=True) as conn:
[2026-03-30T03:15:14.169+0000] {subprocess.py:93} INFO -          ^^^^^^^^^^^^^^^^^^^^^^^^^^^^^^^^^^^^^^^^^
[2026-03-30T03:15:14.169+0000] {subprocess.py:93} INFO - pyodbc.OperationalError: ('08001', '[08001] [Microsoft][ODBC Driver 18 for SQL Server]SSL Provider: [error:0A00014D:SSL routines::legacy sigalg disallowed or unsupported] (-1) (SQLDriverConnect)')
[2026-03-30T03:15:14.258+0000] {subprocess.py:97} INFO - Command exited with return code 1
[2026-03-30T03:15:14.265+0000] {taskinstance.py:2731} ERROR - Task failed with exception
Traceback (most recent call last):
  File "/home/airflow/.local/lib/python3.11/site-packages/airflow/models/taskinstance.py", line 444, in _execute_task
    result = _execute_callable(context=context, **execute_callable_kwargs)
             ^^^^^^^^^^^^^^^^^^^^^^^^^^^^^^^^^^^^^^^^^^^^^^^^^^^^^^^^^^^^^
  File "/home/airflow/.local/lib/python3.11/site-packages/airflow/models/taskinstance.py", line 414, in _execute_callable
    return execute_callable(context=context, **execute_callable_kwargs)
           ^^^^^^^^^^^^^^^^^^^^^^^^^^^^^^^^^^^^^^^^^^^^^^^^^^^^^^^^^^^^
  File "/home/airflow/.local/lib/python3.11/site-packages/airflow/operators/bash.py", line 212, in execute
    raise AirflowException(
airflow.exceptions.AirflowException: Bash command failed. The command returned a non-zero exit code 1.
[2026-03-30T03:15:14.268+0000] {taskinstance.py:1149} INFO - Marking task as FAILED. dag_id=karaoke_pipeline, task_id=ingestion_pyodbc, execution_date=20260330T025750, start_date=20260330T031510, end_date=20260330T031514
[2026-03-30T03:15:14.277+0000] {standard_task_runner.py:107} ERROR - Failed to execute job 12 for task ingestion_pyodbc (Bash command failed. The command returned a non-zero exit code 1.; 351)
[2026-03-30T03:15:14.283+0000] {local_task_job_runner.py:234} INFO - Task exited with return code 1
[2026-03-30T03:15:14.296+0000] {taskinstance.py:3312} INFO - 0 downstream tasks scheduled from follow-on schedule check
