[2026-03-30T02:44:35.631+0000] {taskinstance.py:1979} INFO - Dependencies all met for dep_context=non-requeueable deps ti=<TaskInstance: karaoke_pipeline.ingestion_pyodbc manual__2026-03-30T02:44:34.702415+00:00 [queued]>
[2026-03-30T02:44:35.636+0000] {taskinstance.py:1979} INFO - Dependencies all met for dep_context=requeueable deps ti=<TaskInstance: karaoke_pipeline.ingestion_pyodbc manual__2026-03-30T02:44:34.702415+00:00 [queued]>
[2026-03-30T02:44:35.636+0000] {taskinstance.py:2193} INFO - Starting attempt 1 of 2
[2026-03-30T02:44:35.645+0000] {taskinstance.py:2217} INFO - Executing <Task(BashOperator): ingestion_pyodbc> on 2026-03-30 02:44:34.702415+00:00
[2026-03-30T02:44:35.649+0000] {standard_task_runner.py:60} INFO - Started process 215 to run task
[2026-03-30T02:44:35.651+0000] {standard_task_runner.py:87} INFO - Running: ['***', 'tasks', 'run', 'karaoke_pipeline', 'ingestion_pyodbc', 'manual__2026-03-30T02:44:34.702415+00:00', '--job-id', '3', '--raw', '--subdir', 'DAGS_FOLDER/karaoke_pipeline.py', '--cfg-path', '/tmp/tmpp1dae9ev']
[2026-03-30T02:44:35.653+0000] {standard_task_runner.py:88} INFO - Job 3: Subtask ingestion_pyodbc
[2026-03-30T02:44:35.697+0000] {task_command.py:423} INFO - Running <TaskInstance: karaoke_pipeline.ingestion_pyodbc manual__2026-03-30T02:44:34.702415+00:00 [running]> on host 5ad3b0fdc2a5
[2026-03-30T02:44:35.768+0000] {taskinstance.py:2513} INFO - Exporting env vars: AIRFLOW_CTX_DAG_OWNER='karaoke_team' AIRFLOW_CTX_DAG_ID='karaoke_pipeline' AIRFLOW_CTX_TASK_ID='ingestion_pyodbc' AIRFLOW_CTX_EXECUTION_DATE='2026-03-30T02:44:34.702415+00:00' AIRFLOW_CTX_TRY_NUMBER='1' AIRFLOW_CTX_DAG_RUN_ID='manual__2026-03-30T02:44:34.702415+00:00'
[2026-03-30T02:44:35.770+0000] {subprocess.py:63} INFO - Tmp dir root location: /tmp
[2026-03-30T02:44:35.772+0000] {subprocess.py:75} INFO - Running command: ['/usr/bin/bash', '-c', 'cd /opt/***/karaoke/ingestion && python el.py']
[2026-03-30T02:44:35.784+0000] {subprocess.py:86} INFO - Output:
[2026-03-30T02:44:37.304+0000] {subprocess.py:93} INFO - 2026-03-30 02:44:37,304 - INFO - --- Starting Free-Tier Compatible Pipeline ---
[2026-03-30T02:44:40.198+0000] {subprocess.py:93} INFO - 2026-03-30 02:44:40,198 - INFO - Incremental Load: Fetching dbo.HoaDon_ChiTietHangHoa where created_date > '2116-01-02 08:11:52.000'
[2026-03-30T02:44:40.274+0000] {subprocess.py:93} INFO - 2026-03-30 02:44:40,274 - ERROR - Failed to process raw_hoadon_chitiethanghoa: ('08001', '[08001] [Microsoft][ODBC Driver 18 for SQL Server]SSL Provider: [error:0A00014D:SSL routines::legacy sigalg disallowed or unsupported] (-1) (SQLDriverConnect)')
[2026-03-30T02:44:40.275+0000] {subprocess.py:93} INFO - Traceback (most recent call last):
[2026-03-30T02:44:40.275+0000] {subprocess.py:93} INFO -   File "/opt/***/karaoke/ingestion/el.py", line 175, in <module>
[2026-03-30T02:44:40.276+0000] {subprocess.py:93} INFO -     main()
[2026-03-30T02:44:40.276+0000] {subprocess.py:93} INFO -   File "/opt/***/karaoke/ingestion/el.py", line 172, in main
[2026-03-30T02:44:40.277+0000] {subprocess.py:93} INFO -     process_table(bigquery_client, table_config)
[2026-03-30T02:44:40.277+0000] {subprocess.py:93} INFO -   File "/opt/***/karaoke/ingestion/el.py", line 114, in process_table
[2026-03-30T02:44:40.278+0000] {subprocess.py:93} INFO -     with pyodbc.connect(conn_str, autocommit=True) as conn:
[2026-03-30T02:44:40.278+0000] {subprocess.py:93} INFO -          ^^^^^^^^^^^^^^^^^^^^^^^^^^^^^^^^^^^^^^^^^
[2026-03-30T02:44:40.279+0000] {subprocess.py:93} INFO - pyodbc.OperationalError: ('08001', '[08001] [Microsoft][ODBC Driver 18 for SQL Server]SSL Provider: [error:0A00014D:SSL routines::legacy sigalg disallowed or unsupported] (-1) (SQLDriverConnect)')
[2026-03-30T02:44:40.367+0000] {subprocess.py:97} INFO - Command exited with return code 1
[2026-03-30T02:44:40.374+0000] {taskinstance.py:2731} ERROR - Task failed with exception
Traceback (most recent call last):
  File "/home/airflow/.local/lib/python3.11/site-packages/airflow/models/taskinstance.py", line 444, in _execute_task
    result = _execute_callable(context=context, **execute_callable_kwargs)
             ^^^^^^^^^^^^^^^^^^^^^^^^^^^^^^^^^^^^^^^^^^^^^^^^^^^^^^^^^^^^^
  File "/home/airflow/.local/lib/python3.11/site-packages/airflow/models/taskinstance.py", line 414, in _execute_callable
    return execute_callable(context=context, **execute_callable_kwargs)
           ^^^^^^^^^^^^^^^^^^^^^^^^^^^^^^^^^^^^^^^^^^^^^^^^^^^^^^^^^^^^
  File "/home/airflow/.local/lib/python3.11/site-packages/airflow/operators/bash.py", line 212, in execute
    raise AirflowException(
airflow.exceptions.AirflowException: Bash command failed. The command returned a non-zero exit code 1.
[2026-03-30T02:44:40.377+0000] {taskinstance.py:1149} INFO - Marking task as UP_FOR_RETRY. dag_id=karaoke_pipeline, task_id=ingestion_pyodbc, execution_date=20260330T024434, start_date=20260330T024435, end_date=20260330T024440
[2026-03-30T02:44:40.386+0000] {standard_task_runner.py:107} ERROR - Failed to execute job 3 for task ingestion_pyodbc (Bash command failed. The command returned a non-zero exit code 1.; 215)
[2026-03-30T02:44:40.402+0000] {local_task_job_runner.py:234} INFO - Task exited with return code 1
[2026-03-30T02:44:40.416+0000] {taskinstance.py:3312} INFO - 0 downstream tasks scheduled from follow-on schedule check
