[2026-03-30T03:40:20.335+0000] {taskinstance.py:1979} INFO - Dependencies all met for dep_context=non-requeueable deps ti=<TaskInstance: karaoke_pipeline.ingestion_pyodbc manual__2026-03-30T03:35:14.187611+00:00 [queued]>
[2026-03-30T03:40:20.340+0000] {taskinstance.py:1979} INFO - Dependencies all met for dep_context=requeueable deps ti=<TaskInstance: karaoke_pipeline.ingestion_pyodbc manual__2026-03-30T03:35:14.187611+00:00 [queued]>
[2026-03-30T03:40:20.340+0000] {taskinstance.py:2193} INFO - Starting attempt 2 of 2
[2026-03-30T03:40:20.349+0000] {taskinstance.py:2217} INFO - Executing <Task(BashOperator): ingestion_pyodbc> on 2026-03-30 03:35:14.187611+00:00
[2026-03-30T03:40:20.353+0000] {standard_task_runner.py:60} INFO - Started process 352 to run task
[2026-03-30T03:40:20.356+0000] {standard_task_runner.py:87} INFO - Running: ['***', 'tasks', 'run', 'karaoke_pipeline', 'ingestion_pyodbc', 'manual__2026-03-30T03:35:14.187611+00:00', '--job-id', '4', '--raw', '--subdir', 'DAGS_FOLDER/karaoke_pipeline.py', '--cfg-path', '/tmp/tmp1c7yf7ta']
[2026-03-30T03:40:20.358+0000] {standard_task_runner.py:88} INFO - Job 4: Subtask ingestion_pyodbc
[2026-03-30T03:40:20.424+0000] {task_command.py:423} INFO - Running <TaskInstance: karaoke_pipeline.ingestion_pyodbc manual__2026-03-30T03:35:14.187611+00:00 [running]> on host 49af6395b29d
[2026-03-30T03:40:20.670+0000] {taskinstance.py:2513} INFO - Exporting env vars: AIRFLOW_CTX_DAG_OWNER='karaoke_team' AIRFLOW_CTX_DAG_ID='karaoke_pipeline' AIRFLOW_CTX_TASK_ID='ingestion_pyodbc' AIRFLOW_CTX_EXECUTION_DATE='2026-03-30T03:35:14.187611+00:00' AIRFLOW_CTX_TRY_NUMBER='2' AIRFLOW_CTX_DAG_RUN_ID='manual__2026-03-30T03:35:14.187611+00:00'
[2026-03-30T03:40:20.673+0000] {subprocess.py:63} INFO - Tmp dir root location: /tmp
[2026-03-30T03:40:20.675+0000] {subprocess.py:75} INFO - Running command: ['/usr/bin/bash', '-c', 'cd /opt/***/karaoke/ingestion && python el.py']
[2026-03-30T03:40:20.695+0000] {subprocess.py:86} INFO - Output:
[2026-03-30T03:40:21.968+0000] {subprocess.py:93} INFO - 2026-03-30 03:40:21,968 - INFO - --- Starting Free-Tier Compatible Pipeline ---
[2026-03-30T03:40:24.640+0000] {subprocess.py:93} INFO - 2026-03-30 03:40:24,640 - INFO - Incremental Load: Fetching dbo.HoaDon_ChiTietHangHoa where created_date > '2116-01-02 08:11:52.000'
[2026-03-30T03:40:24.662+0000] {subprocess.py:93} INFO - 2026-03-30 03:40:24,662 - ERROR - Failed to process raw_hoadon_chitiethanghoa: ('08001', '[08001] [Microsoft][ODBC Driver 18 for SQL Server]SSL Provider: [error:0A00014D:SSL routines::legacy sigalg disallowed or unsupported] (-1) (SQLDriverConnect)')
[2026-03-30T03:40:24.664+0000] {subprocess.py:93} INFO - Traceback (most recent call last):
[2026-03-30T03:40:24.664+0000] {subprocess.py:93} INFO -   File "/opt/***/karaoke/ingestion/el.py", line 175, in <module>
[2026-03-30T03:40:24.666+0000] {subprocess.py:93} INFO -     main()
[2026-03-30T03:40:24.666+0000] {subprocess.py:93} INFO -   File "/opt/***/karaoke/ingestion/el.py", line 172, in main
[2026-03-30T03:40:24.668+0000] {subprocess.py:93} INFO -     process_table(bigquery_client, table_config)
[2026-03-30T03:40:24.668+0000] {subprocess.py:93} INFO -   File "/opt/***/karaoke/ingestion/el.py", line 114, in process_table
[2026-03-30T03:40:24.670+0000] {subprocess.py:93} INFO -     with pyodbc.connect(conn_str, autocommit=True) as conn:
[2026-03-30T03:40:24.670+0000] {subprocess.py:93} INFO -          ^^^^^^^^^^^^^^^^^^^^^^^^^^^^^^^^^^^^^^^^^
[2026-03-30T03:40:24.671+0000] {subprocess.py:93} INFO - pyodbc.OperationalError: ('08001', '[08001] [Microsoft][ODBC Driver 18 for SQL Server]SSL Provider: [error:0A00014D:SSL routines::legacy sigalg disallowed or unsupported] (-1) (SQLDriverConnect)')
[2026-03-30T03:40:24.850+0000] {subprocess.py:97} INFO - Command exited with return code 1
[2026-03-30T03:40:24.860+0000] {taskinstance.py:2731} ERROR - Task failed with exception
Traceback (most recent call last):
  File "/home/airflow/.local/lib/python3.11/site-packages/airflow/models/taskinstance.py", line 444, in _execute_task
    result = _execute_callable(context=context, **execute_callable_kwargs)
             ^^^^^^^^^^^^^^^^^^^^^^^^^^^^^^^^^^^^^^^^^^^^^^^^^^^^^^^^^^^^^
  File "/home/airflow/.local/lib/python3.11/site-packages/airflow/models/taskinstance.py", line 414, in _execute_callable
    return execute_callable(context=context, **execute_callable_kwargs)
           ^^^^^^^^^^^^^^^^^^^^^^^^^^^^^^^^^^^^^^^^^^^^^^^^^^^^^^^^^^^^
  File "/home/airflow/.local/lib/python3.11/site-packages/airflow/operators/bash.py", line 212, in execute
    raise AirflowException(
airflow.exceptions.AirflowException: Bash command failed. The command returned a non-zero exit code 1.
[2026-03-30T03:40:24.863+0000] {taskinstance.py:1149} INFO - Marking task as FAILED. dag_id=karaoke_pipeline, task_id=ingestion_pyodbc, execution_date=20260330T033514, start_date=20260330T034020, end_date=20260330T034024
[2026-03-30T03:40:24.877+0000] {standard_task_runner.py:107} ERROR - Failed to execute job 4 for task ingestion_pyodbc (Bash command failed. The command returned a non-zero exit code 1.; 352)
[2026-03-30T03:40:24.907+0000] {local_task_job_runner.py:234} INFO - Task exited with return code 1
[2026-03-30T03:40:24.923+0000] {taskinstance.py:3312} INFO - 0 downstream tasks scheduled from follow-on schedule check
